2023-12-07 19:31:58 [scrapy] DEBUG: Crawled (200) <GET https://www.evomag.ro/robots.txt> (referer: None)
2023-12-07 19:31:58 [scrapy] DEBUG: Crawled (803) <GET https://www.evomag.ro/telefoane-tablete-accesorii-telefoane/samsung/> (referer: None)
2023-12-07 19:31:58 [scrapy] INFO: Ignoring response <803 https://www.evomag.ro/telefoane-tablete-accesorii-telefoane/samsung/>: HTTP status code is not handled or not allowed
2023-12-07 19:31:58 [scrapy] INFO: Closing spider (finished)
2023-12-07 19:31:58 [scrapy] INFO: Dumping Scrapy stats:
{'downloader/request_bytes': 484,
 'downloader/request_count': 2,
 'downloader/request_method_count/GET': 2,
 'downloader/response_bytes': 1501,
 'downloader/response_count': 2,
 'downloader/response_status_count/200': 1,
 'downloader/response_status_count/803': 1,
 'elapsed_time_seconds': 0.371,
 'finish_reason': 'finished',
 'finish_time': datetime.datetime(2023, 12, 7, 17, 31, 58, 663367, tzinfo=datetime.timezone.utc),
 'httpcompression/response_bytes': 627,
 'httpcompression/response_count': 1,
 'httperror/response_ignored_count': 1,
 'httperror/response_ignored_status_count/803': 1,
 'log_count/DEBUG': 2,
 'log_count/INFO': 8,
 'response_received_count': 2,
 'robotstxt/request_count': 1,
 'robotstxt/response_count': 1,
 'robotstxt/response_status_count/200': 1,
 'scheduler/dequeued': 1,
 'scheduler/dequeued/memory': 1,
 'scheduler/enqueued': 1,
 'scheduler/enqueued/memory': 1,
 'start_time': datetime.datetime(2023, 12, 7, 17, 31, 58, 292367, tzinfo=datetime.timezone.utc)}
2023-12-07 19:31:58 [scrapy] INFO: Spider closed (finished)
