2023-12-09 16:17:23 [scrapy] DEBUG: Crawled (200) <GET https://www.evomag.ro/robots.txt> (referer: None)
2023-12-09 16:17:23 [scrapy] DEBUG: Crawled (200) <GET https://www.evomag.ro/telefoane-tablete-accesorii-telefoane/samsung/> (referer: None)
2023-12-09 16:17:23 [scrapy] DEBUG: Scraped from <200 https://www.evomag.ro/telefoane-tablete-accesorii-telefoane/samsung/>
{'title': 'Telefon Mobil Samsung Galaxy A54, Procesor Exynos 1380 Octa-Core, Super AMOLED touchscreen 6.4", 8GB RAM, 256GB Flash, Camera Tripla 50+12+5MP, Wi-Fi, 5G, Dual Sim, Android ,Negru', 'link': 'https://www.evomag.ro/telefoane-tablete-accesorii-telefoane/samsung-telefon-mobil-samsung-galaxy-a54-procesor-exynos-1380-octa-core-super-amoled-touchscreen-6.4-8gb-ram-256gb-flash-camera-tripla-50-12-5mp-wi-fi-5g-dual-sim-android-negru-4085498.html', 'price': '1.849', 'photo': 'https://static3.evomag.ro/img?file=products%2F4096%2F4096381%2Fcartela-sim-prepay-vodafone-646dd58bd0f50.JPG&width=90&extend=white'}
2023-12-09 16:17:23 [scrapy] DEBUG: Scraped from <200 https://www.evomag.ro/telefoane-tablete-accesorii-telefoane/samsung/>
{'title': 'Telefon Mobil Samsung Galaxy A54, Procesor Exynos 1380 Octa-Core, Super AMOLED touchscreen 6.4", 8GB RAM, 128GB Flash, Camera Tripla 50+12+5MP, Wi-Fi, 5G, Dual Sim, Android ,Negru', 'link': 'https://www.evomag.ro/telefoane-tablete-accesorii-telefoane/samsung-telefon-mobil-samsung-galaxy-a54-procesor-exynos-1380-octa-core-super-amoled-touchscreen-6.4-8gb-ram-128gb-flash-camera-tripla-50-12-5mp-wi-fi-5g-dual-sim-android-negru-4085494.html', 'price': '1.785', 'photo': 'https://static3.evomag.ro/img?file=products%2F4085%2F4085494%2Fsmartphone-641b095f59a05.JPG&height=150&extend=white'}
2023-12-09 16:17:23 [scrapy] DEBUG: Scraped from <200 https://www.evomag.ro/telefoane-tablete-accesorii-telefoane/samsung/>
{'title': 'Telefon Mobil Samsung Galaxy A54, Procesor Exynos 1380 Octa-Core, Super AMOLED touchscreen 6.4", 8GB RAM, 128GB Flash, Camera Tripla 50+12+5MP, Wi-Fi, 5G, Dual Sim, Android ,Verde', 'link': 'https://www.evomag.ro/telefoane-tablete-accesorii-telefoane/samsung-telefon-mobil-samsung-galaxy-a54-procesor-exynos-1380-octa-core-super-amoled-touchscreen-6.4-8gb-ram-128gb-flash-camera-tripla-50-12-5mp-wi-fi-5g-dual-sim-android-verde-4085492.html', 'price': '1.785', 'photo': 'https://static3.evomag.ro/img?file=products%2F4085%2F4085492%2Fsmartphone-641b08e12bd5b.JPG&height=150&extend=white'}
2023-12-09 16:17:23 [scrapy] DEBUG: Scraped from <200 https://www.evomag.ro/telefoane-tablete-accesorii-telefoane/samsung/>
{'title': 'Telefon Mobil Samsung Galaxy A54, Procesor Exynos 1380 Octa-Core, Super AMOLED touchscreen 6.4", 8GB RAM, 128GB Flash, Camera Tripla 50+12+5MP, Wi-Fi, 5G, Dual Sim, Android ,Alb', 'link': 'https://www.evomag.ro/telefoane-tablete-accesorii-telefoane/samsung-telefon-mobil-samsung-galaxy-a54-procesor-exynos-1380-octa-core-super-amoled-touchscreen-6.4-8gb-ram-128gb-flash-camera-tripla-50-12-5mp-wi-fi-5g-dual-sim-android-alb-4085495.html', 'price': '1.785', 'photo': 'https://static3.evomag.ro/img?file=products%2F4085%2F4085495%2Fsmartphone-641b099d457a8.JPG&height=150&extend=white'}
2023-12-09 16:17:23 [scrapy] DEBUG: Scraped from <200 https://www.evomag.ro/telefoane-tablete-accesorii-telefoane/samsung/>
{'title': 'Telefon Mobil Samsung Galaxy A54, Procesor Exynos 1380 Octa-Core, Super AMOLED touchscreen 6.4", 8GB RAM, 128GB Flash, Camera Tripla 50+12+5MP, Wi-Fi, 5G, Dual Sim, Android ,Violet', 'link': 'https://www.evomag.ro/telefoane-tablete-accesorii-telefoane/samsung-telefon-mobil-samsung-galaxy-a54-procesor-exynos-1380-octa-core-super-amoled-touchscreen-6.4-8gb-ram-128gb-flash-camera-tripla-50-12-5mp-wi-fi-5g-dual-sim-android-violet-4085493.html', 'price': '1.785', 'photo': 'https://static3.evomag.ro/img?file=products%2F4085%2F4085493%2Fsmartphone-641b092e63f19.JPG&height=150&extend=white'}
2023-12-09 16:17:23 [scrapy] INFO: Closing spider (finished)
2023-12-09 16:17:23 [scrapy] INFO: Dumping Scrapy stats:
{'downloader/request_bytes': 484,
 'downloader/request_count': 2,
 'downloader/request_method_count/GET': 2,
 'downloader/response_bytes': 68338,
 'downloader/response_count': 2,
 'downloader/response_status_count/200': 2,
 'elapsed_time_seconds': 0.345472,
 'finish_reason': 'finished',
 'finish_time': datetime.datetime(2023, 12, 9, 14, 17, 23, 985951, tzinfo=datetime.timezone.utc),
 'httpcompression/response_bytes': 532376,
 'httpcompression/response_count': 2,
 'item_scraped_count': 5,
 'log_count/DEBUG': 7,
 'log_count/INFO': 7,
 'response_received_count': 2,
 'robotstxt/request_count': 1,
 'robotstxt/response_count': 1,
 'robotstxt/response_status_count/200': 1,
 'scheduler/dequeued': 1,
 'scheduler/dequeued/memory': 1,
 'scheduler/enqueued': 1,
 'scheduler/enqueued/memory': 1,
 'start_time': datetime.datetime(2023, 12, 9, 14, 17, 23, 640479, tzinfo=datetime.timezone.utc)}
2023-12-09 16:17:23 [scrapy] INFO: Spider closed (finished)
