2023-12-09 16:18:48 [scrapy] DEBUG: Crawled (200) <GET https://www.evomag.ro/robots.txt> (referer: None)
2023-12-09 16:18:48 [scrapy] DEBUG: Crawled (803) <GET https://www.evomag.ro/telefoane-tablete-accesorii-telefoane/apple/> (referer: None)
2023-12-09 16:18:48 [scrapy] INFO: Ignoring response <803 https://www.evomag.ro/telefoane-tablete-accesorii-telefoane/apple/>: HTTP status code is not handled or not allowed
2023-12-09 16:18:48 [scrapy] INFO: Closing spider (finished)
2023-12-09 16:18:48 [scrapy] INFO: Dumping Scrapy stats:
{'downloader/request_bytes': 482,
 'downloader/request_count': 2,
 'downloader/request_method_count/GET': 2,
 'downloader/response_bytes': 1502,
 'downloader/response_count': 2,
 'downloader/response_status_count/200': 1,
 'downloader/response_status_count/803': 1,
 'elapsed_time_seconds': 0.448348,
 'finish_reason': 'finished',
 'finish_time': datetime.datetime(2023, 12, 9, 14, 18, 48, 722442, tzinfo=datetime.timezone.utc),
 'httpcompression/response_bytes': 627,
 'httpcompression/response_count': 1,
 'httperror/response_ignored_count': 1,
 'httperror/response_ignored_status_count/803': 1,
 'log_count/DEBUG': 2,
 'log_count/INFO': 8,
 'response_received_count': 2,
 'robotstxt/request_count': 1,
 'robotstxt/response_count': 1,
 'robotstxt/response_status_count/200': 1,
 'scheduler/dequeued': 1,
 'scheduler/dequeued/memory': 1,
 'scheduler/enqueued': 1,
 'scheduler/enqueued/memory': 1,
 'start_time': datetime.datetime(2023, 12, 9, 14, 18, 48, 274094, tzinfo=datetime.timezone.utc)}
2023-12-09 16:18:48 [scrapy] INFO: Spider closed (finished)
