2023-12-06 18:15:12 [scrapy] DEBUG: Crawled (200) <GET https://www.flanco.ro/robots.txt> (referer: None)
2023-12-06 18:15:12 [scrapy] DEBUG: Crawled (200) <GET https://altex.ro/robots.txt> (referer: None)
2023-12-06 18:15:12 [scrapy] DEBUG: Crawled (200) <GET https://mediagalaxy.ro/robots.txt> (referer: None)
2023-12-06 18:15:12 [scrapy] DEBUG: Crawled (200) <GET https://flip.ro/robots.txt> (referer: None)
2023-12-06 18:15:13 [scrapy] DEBUG: Crawled (200) <GET https://www.flanco.ro/telefoane-tablete/smartphone/filtre/brand/samsung.html> (referer: None)
2023-12-06 18:15:13 [scrapy] DEBUG: Crawled (200) <GET https://mediagalaxy.ro/telefoane/cpl/filtru/in-stoc-5182/in-stoc/brand-3334/samsung/model-8071/galaxy-s23-ultra/> (referer: None)
2023-12-06 18:15:13 [scrapy] DEBUG: Crawled (200) <GET https://altex.ro/telefoane/cpl/filtru/in-stoc-5182/in-stoc/brand-3334/samsung/model-8071/galaxy-s23-ultra/> (referer: None)
2023-12-06 18:15:13 [scrapy] DEBUG: Scraped from <200 https://mediagalaxy.ro/telefoane/cpl/filtru/in-stoc-5182/in-stoc/brand-3334/samsung/model-8071/galaxy-s23-ultra/>
{'name': 'Telefon SAMSUNG Galaxy S23 Ultra 5G, 256GB, 8GB RAM, Dual SIM, Phantom Black', 'price': '5.099', 'link': 'https://mediagalaxy.ro/telefon-samsung-galaxy-s23-ultra-5g-256gb-8gb-ram-dual-sim-phantom-black/cpd/SMTS23U2BK/', 'photo': 'https://lcdn.mediagalaxy.ro/resize/media/catalog/product/t/e/16fa6a9aef7ffd6209d5fd9338ffa0b1/telefon_samsung_galaxy_s23_ultra_phantom_black_01_d653fc35.jpg'}
2023-12-06 18:15:13 [scrapy] DEBUG: Scraped from <200 https://mediagalaxy.ro/telefoane/cpl/filtru/in-stoc-5182/in-stoc/brand-3334/samsung/model-8071/galaxy-s23-ultra/>
{'name': 'Telefon SAMSUNG Galaxy S23 Ultra 5G, 256GB, 8GB RAM, Dual SIM, Green', 'price': '5.179', 'link': 'https://mediagalaxy.ro/telefon-samsung-galaxy-s23-ultra-5g-256gb-8gb-ram-dual-sim-green/cpd/SMTS23U2GR/', 'photo': 'https://lcdn.mediagalaxy.ro/resize/media/catalog/product/t/e/16fa6a9aef7ffd6209d5fd9338ffa0b1/telefon_samsung_galaxy_s23_ultra_green_01_971ddec7.jpg'}
2023-12-06 18:15:13 [scrapy] DEBUG: Scraped from <200 https://mediagalaxy.ro/telefoane/cpl/filtru/in-stoc-5182/in-stoc/brand-3334/samsung/model-8071/galaxy-s23-ultra/>
{'name': 'Telefon SAMSUNG Galaxy S23 Ultra 5G, 1TB, 12GB RAM, Dual SIM, Phantom Black', 'price': '7.099', 'link': 'https://mediagalaxy.ro/telefon-samsung-galaxy-s23-ultra-5g-1tb-12gb-ram-dual-sim-phantom-black/cpd/SMTS23U1TBBK/', 'photo': 'https://lcdn.mediagalaxy.ro/resize/media/catalog/product/t/e/16fa6a9aef7ffd6209d5fd9338ffa0b1/telefon_samsung_galaxy_s23_ultra_phantom_black_01_d653fc35.jpg'}
2023-12-06 18:15:13 [scrapy] DEBUG: Scraped from <200 https://mediagalaxy.ro/telefoane/cpl/filtru/in-stoc-5182/in-stoc/brand-3334/samsung/model-8071/galaxy-s23-ultra/>
{'name': 'Telefon SAMSUNG Galaxy S23 Ultra 5G, 512GB, 12GB RAM, Dual SIM, Phantom Black', 'price': '6.199', 'link': 'https://mediagalaxy.ro/telefon-samsung-galaxy-s23-ultra-5g-512gb-12gb-ram-dual-sim-phantom-black/cpd/SMTS23U5BK/', 'photo': 'https://lcdn.mediagalaxy.ro/resize/media/catalog/product/t/e/16fa6a9aef7ffd6209d5fd9338ffa0b1/telefon_samsung_galaxy_s23_ultra_phantom_black_01_d653fc35.jpg'}
2023-12-06 18:15:13 [scrapy] DEBUG: Scraped from <200 https://altex.ro/telefoane/cpl/filtru/in-stoc-5182/in-stoc/brand-3334/samsung/model-8071/galaxy-s23-ultra/>
{'name': 'Telefon SAMSUNG Galaxy S23 Ultra 5G, 512GB, 12GB RAM, Dual SIM, Phantom Black', 'price': '6.199', 'link': 'https://altex.ro/telefon-samsung-galaxy-s23-ultra-5g-512gb-12gb-ram-dual-sim-phantom-black/cpd/SMTS23U5BK/', 'photo': 'https://lcdn.altex.ro/resize/media/catalog/product/t/e/16fa6a9aef7ffd6209d5fd9338ffa0b1/telefon_samsung_galaxy_s23_ultra_phantom_black_01_d653fc35.jpg'}
2023-12-06 18:15:13 [scrapy] DEBUG: Scraped from <200 https://altex.ro/telefoane/cpl/filtru/in-stoc-5182/in-stoc/brand-3334/samsung/model-8071/galaxy-s23-ultra/>
{'name': 'Telefon SAMSUNG Galaxy S23 Ultra 5G, 256GB, 8GB RAM, Dual SIM, Phantom Black', 'price': '5.099', 'link': 'https://altex.ro/telefon-samsung-galaxy-s23-ultra-5g-256gb-8gb-ram-dual-sim-phantom-black/cpd/SMTS23U2BK/', 'photo': 'https://lcdn.altex.ro/resize/media/catalog/product/t/e/16fa6a9aef7ffd6209d5fd9338ffa0b1/telefon_samsung_galaxy_s23_ultra_phantom_black_01_d653fc35.jpg'}
2023-12-06 18:15:13 [scrapy] DEBUG: Scraped from <200 https://altex.ro/telefoane/cpl/filtru/in-stoc-5182/in-stoc/brand-3334/samsung/model-8071/galaxy-s23-ultra/>
{'name': 'Telefon SAMSUNG Galaxy S23 Ultra 5G, 1TB, 12GB RAM, Dual SIM, Phantom Black', 'price': '7.099', 'link': 'https://altex.ro/telefon-samsung-galaxy-s23-ultra-5g-1tb-12gb-ram-dual-sim-phantom-black/cpd/SMTS23U1TBBK/', 'photo': 'https://lcdn.altex.ro/resize/media/catalog/product/t/e/16fa6a9aef7ffd6209d5fd9338ffa0b1/telefon_samsung_galaxy_s23_ultra_phantom_black_01_d653fc35.jpg'}
2023-12-06 18:15:13 [scrapy] DEBUG: Scraped from <200 https://altex.ro/telefoane/cpl/filtru/in-stoc-5182/in-stoc/brand-3334/samsung/model-8071/galaxy-s23-ultra/>
{'name': 'Telefon SAMSUNG Galaxy S23 Ultra 5G, 256GB, 8GB RAM, Dual SIM, Green', 'price': '5.179', 'link': 'https://altex.ro/telefon-samsung-galaxy-s23-ultra-5g-256gb-8gb-ram-dual-sim-green/cpd/SMTS23U2GR/', 'photo': 'https://lcdn.altex.ro/resize/media/catalog/product/t/e/16fa6a9aef7ffd6209d5fd9338ffa0b1/telefon_samsung_galaxy_s23_ultra_green_01_971ddec7.jpg'}
2023-12-06 18:15:13 [scrapy] DEBUG: Crawled (200) <GET https://flip.ro/magazin/samsung/?modelType=Telefoane> (referer: None)
2023-12-06 18:15:13 [scrapy] DEBUG: Scraped from <200 https://flip.ro/magazin/samsung/?modelType=Telefoane>
{'name': 'Samsung Galaxy S23 Ultra 5G Dual Sim, 512 GB, Phantom Black ', 'price': '4.869', 'link': 'https://flip.ro/magazin/samsung/telefon-mobil-samsung-galaxy-s23-ultra-5g-dual-sim-512gb-phantom-black/75239565/?shape=Ca%20nou', 'photo': None}
2023-12-06 18:15:13 [scrapy] DEBUG: Scraped from <200 https://flip.ro/magazin/samsung/?modelType=Telefoane>
{'name': 'Samsung Galaxy S23 Ultra 5G Dual Sim, 512 GB, Green ', 'price': '4.869', 'link': 'https://flip.ro/magazin/samsung/telefon-mobil-samsung-galaxy-s23-ultra-5g-dual-sim-512gb-green/75239571/?shape=Ca%20nou', 'photo': None}
2023-12-06 18:15:13 [scrapy] DEBUG: Scraped from <200 https://flip.ro/magazin/samsung/?modelType=Telefoane>
{'name': 'Samsung Galaxy S23 Ultra 5G Dual Sim, 1 TB, Green ', 'price': '6.039', 'link': 'https://flip.ro/magazin/samsung/telefon-mobil-samsung-galaxy-s23-ultra-5g-dual-sim-1tb-green/75239572/?shape=Ca%20nou', 'photo': None}
2023-12-06 18:15:13 [scrapy] INFO: Closing spider (finished)
2023-12-06 18:15:13 [scrapy] INFO: Dumping Scrapy stats:
{'downloader/request_bytes': 2000,
 'downloader/request_count': 8,
 'downloader/request_method_count/GET': 8,
 'downloader/response_bytes': 399852,
 'downloader/response_count': 8,
 'downloader/response_status_count/200': 8,
 'elapsed_time_seconds': 1.04207,
 'finish_reason': 'finished',
 'finish_time': datetime.datetime(2023, 12, 6, 16, 15, 13, 775130, tzinfo=datetime.timezone.utc),
 'httpcompression/response_bytes': 2950422,
 'httpcompression/response_count': 7,
 'item_scraped_count': 11,
 'log_count/DEBUG': 19,
 'log_count/INFO': 7,
 'response_received_count': 8,
 'robotstxt/request_count': 4,
 'robotstxt/response_count': 4,
 'robotstxt/response_status_count/200': 4,
 'scheduler/dequeued': 4,
 'scheduler/dequeued/memory': 4,
 'scheduler/enqueued': 4,
 'scheduler/enqueued/memory': 4,
 'start_time': datetime.datetime(2023, 12, 6, 16, 15, 12, 733060, tzinfo=datetime.timezone.utc)}
2023-12-06 18:15:13 [scrapy] INFO: Spider closed (finished)
