2023-12-09 15:49:01 [scrapy] DEBUG: Crawled (200) <GET https://www.evomag.ro/robots.txt> (referer: None)
2023-12-09 15:49:01 [scrapy] DEBUG: Crawled (200) <GET https://mediagalaxy.ro/robots.txt> (referer: None)
2023-12-09 15:49:01 [scrapy] DEBUG: Crawled (200) <GET https://www.flanco.ro/robots.txt> (referer: None)
2023-12-09 15:49:01 [scrapy] DEBUG: Crawled (200) <GET https://altex.ro/robots.txt> (referer: None)
2023-12-09 15:49:01 [scrapy] DEBUG: Crawled (200) <GET https://flip.ro/robots.txt> (referer: None)
2023-12-09 15:49:01 [scrapy] DEBUG: Crawled (803) <GET https://www.evomag.ro/telefoane-tablete-accesorii-telefoane/samsung/> (referer: None)
2023-12-09 15:49:01 [scrapy] INFO: Ignoring response <803 https://www.evomag.ro/telefoane-tablete-accesorii-telefoane/samsung/>: HTTP status code is not handled or not allowed
2023-12-09 15:49:01 [scrapy] DEBUG: Crawled (200) <GET https://altex.ro/telefoane/cpl/filtru/in-stoc-5182/in-stoc/brand-3334/samsung/> (referer: None)
2023-12-09 15:49:01 [scrapy] DEBUG: Crawled (200) <GET https://mediagalaxy.ro/telefoane/cpl/filtru/in-stoc-5182/in-stoc/brand-3334/samsung/> (referer: None)
2023-12-09 15:49:01 [scrapy] DEBUG: Scraped from <200 https://altex.ro/telefoane/cpl/filtru/in-stoc-5182/in-stoc/brand-3334/samsung/>
{'name': 'Telefon SAMSUNG Galaxy S23 Ultra 5G, 256GB, 8GB RAM, Dual SIM, Phantom Black', 'price': '6.949', 'link': 'https://altex.ro/telefon-samsung-galaxy-s23-ultra-5g-256gb-8gb-ram-dual-sim-phantom-black/cpd/SMTS23U2BK/', 'photo': 'https://lcdn.altex.ro/resize/media/catalog/product/t/e/16fa6a9aef7ffd6209d5fd9338ffa0b1/telefon_samsung_galaxy_s23_ultra_phantom_black_01_d653fc35.jpg'}
2023-12-09 15:49:01 [scrapy] DEBUG: Scraped from <200 https://altex.ro/telefoane/cpl/filtru/in-stoc-5182/in-stoc/brand-3334/samsung/>
{'name': 'Telefon SAMSUNG Galaxy S23 Ultra 5G, 512GB, 12GB RAM, Dual SIM, Phantom Black', 'price': '7.799', 'link': 'https://altex.ro/telefon-samsung-galaxy-s23-ultra-5g-512gb-12gb-ram-dual-sim-phantom-black/cpd/SMTS23U5BK/', 'photo': 'https://lcdn.altex.ro/resize/media/catalog/product/t/e/16fa6a9aef7ffd6209d5fd9338ffa0b1/telefon_samsung_galaxy_s23_ultra_phantom_black_01_d653fc35.jpg'}
2023-12-09 15:49:01 [scrapy] DEBUG: Scraped from <200 https://altex.ro/telefoane/cpl/filtru/in-stoc-5182/in-stoc/brand-3334/samsung/>
{'name': 'Telefon SAMSUNG Galaxy S23 Ultra 5G, 256GB, 8GB RAM, Dual SIM, Green', 'price': '6.949', 'link': 'https://altex.ro/telefon-samsung-galaxy-s23-ultra-5g-256gb-8gb-ram-dual-sim-green/cpd/SMTS23U2GR/', 'photo': 'https://lcdn.altex.ro/resize/media/catalog/product/t/e/16fa6a9aef7ffd6209d5fd9338ffa0b1/telefon_samsung_galaxy_s23_ultra_green_01_971ddec7.jpg'}
2023-12-09 15:49:01 [scrapy] DEBUG: Scraped from <200 https://altex.ro/telefoane/cpl/filtru/in-stoc-5182/in-stoc/brand-3334/samsung/>
{'name': 'Telefon SAMSUNG Galaxy S23 Ultra 5G, 1TB, 12GB RAM, Dual SIM, Phantom Black', 'price': '8.999', 'link': 'https://altex.ro/telefon-samsung-galaxy-s23-ultra-5g-1tb-12gb-ram-dual-sim-phantom-black/cpd/SMTS23U1TBBK/', 'photo': 'https://lcdn.altex.ro/resize/media/catalog/product/t/e/16fa6a9aef7ffd6209d5fd9338ffa0b1/telefon_samsung_galaxy_s23_ultra_phantom_black_01_d653fc35.jpg'}
2023-12-09 15:49:01 [scrapy] DEBUG: Scraped from <200 https://mediagalaxy.ro/telefoane/cpl/filtru/in-stoc-5182/in-stoc/brand-3334/samsung/>
{'name': 'Telefon SAMSUNG Galaxy S23 Ultra 5G, 256GB, 8GB RAM, Dual SIM, Phantom Black', 'price': '5.099', 'link': 'https://mediagalaxy.ro/telefon-samsung-galaxy-s23-ultra-5g-256gb-8gb-ram-dual-sim-phantom-black/cpd/SMTS23U2BK/', 'photo': 'https://lcdn.mediagalaxy.ro/resize/media/catalog/product/t/e/16fa6a9aef7ffd6209d5fd9338ffa0b1/telefon_samsung_galaxy_s23_ultra_phantom_black_01_d653fc35.jpg'}
2023-12-09 15:49:01 [scrapy] DEBUG: Scraped from <200 https://mediagalaxy.ro/telefoane/cpl/filtru/in-stoc-5182/in-stoc/brand-3334/samsung/>
{'name': 'Telefon SAMSUNG Galaxy S23 Ultra 5G, 256GB, 8GB RAM, Dual SIM, Green', 'price': '5.179', 'link': 'https://mediagalaxy.ro/telefon-samsung-galaxy-s23-ultra-5g-256gb-8gb-ram-dual-sim-green/cpd/SMTS23U2GR/', 'photo': 'https://lcdn.mediagalaxy.ro/resize/media/catalog/product/t/e/16fa6a9aef7ffd6209d5fd9338ffa0b1/telefon_samsung_galaxy_s23_ultra_green_01_971ddec7.jpg'}
2023-12-09 15:49:01 [scrapy] DEBUG: Scraped from <200 https://mediagalaxy.ro/telefoane/cpl/filtru/in-stoc-5182/in-stoc/brand-3334/samsung/>
{'name': 'Telefon SAMSUNG Galaxy S23 Ultra 5G, 1TB, 12GB RAM, Dual SIM, Phantom Black', 'price': '7.099', 'link': 'https://mediagalaxy.ro/telefon-samsung-galaxy-s23-ultra-5g-1tb-12gb-ram-dual-sim-phantom-black/cpd/SMTS23U1TBBK/', 'photo': 'https://lcdn.mediagalaxy.ro/resize/media/catalog/product/t/e/16fa6a9aef7ffd6209d5fd9338ffa0b1/telefon_samsung_galaxy_s23_ultra_phantom_black_01_d653fc35.jpg'}
2023-12-09 15:49:01 [scrapy] DEBUG: Scraped from <200 https://mediagalaxy.ro/telefoane/cpl/filtru/in-stoc-5182/in-stoc/brand-3334/samsung/>
{'name': 'Telefon SAMSUNG Galaxy S23 Ultra 5G, 512GB, 12GB RAM, Dual SIM, Phantom Black', 'price': '6.199', 'link': 'https://mediagalaxy.ro/telefon-samsung-galaxy-s23-ultra-5g-512gb-12gb-ram-dual-sim-phantom-black/cpd/SMTS23U5BK/', 'photo': 'https://lcdn.mediagalaxy.ro/resize/media/catalog/product/t/e/16fa6a9aef7ffd6209d5fd9338ffa0b1/telefon_samsung_galaxy_s23_ultra_phantom_black_01_d653fc35.jpg'}
2023-12-09 15:49:02 [scrapy] DEBUG: Crawled (200) <GET https://altex.ro/telefoane/cpl/filtru/in-stoc-5182/in-stoc/brand-3334/samsung/p/2/> (referer: https://altex.ro/telefoane/cpl/filtru/in-stoc-5182/in-stoc/brand-3334/samsung/)
2023-12-09 15:49:02 [scrapy] DEBUG: Crawled (200) <GET https://mediagalaxy.ro/telefoane/cpl/filtru/in-stoc-5182/in-stoc/brand-3334/samsung/p/2/> (referer: https://mediagalaxy.ro/telefoane/cpl/filtru/in-stoc-5182/in-stoc/brand-3334/samsung/)
2023-12-09 15:49:02 [scrapy] DEBUG: Crawled (200) <GET https://altex.ro/telefoane/cpl/filtru/in-stoc-5182/in-stoc/brand-3334/samsung/p/1/> (referer: https://altex.ro/telefoane/cpl/filtru/in-stoc-5182/in-stoc/brand-3334/samsung/p/2/)
2023-12-09 15:49:02 [scrapy] DEBUG: Crawled (200) <GET https://mediagalaxy.ro/telefoane/cpl/filtru/in-stoc-5182/in-stoc/brand-3334/samsung/p/1/> (referer: https://mediagalaxy.ro/telefoane/cpl/filtru/in-stoc-5182/in-stoc/brand-3334/samsung/p/2/)
2023-12-09 15:49:02 [scrapy] DEBUG: Scraped from <200 https://altex.ro/telefoane/cpl/filtru/in-stoc-5182/in-stoc/brand-3334/samsung/p/1/>
{'name': 'Telefon SAMSUNG Galaxy S23 Ultra 5G, 256GB, 8GB RAM, Dual SIM, Phantom Black', 'price': '6.949', 'link': 'https://altex.ro/telefon-samsung-galaxy-s23-ultra-5g-256gb-8gb-ram-dual-sim-phantom-black/cpd/SMTS23U2BK/', 'photo': 'https://lcdn.altex.ro/resize/media/catalog/product/t/e/16fa6a9aef7ffd6209d5fd9338ffa0b1/telefon_samsung_galaxy_s23_ultra_phantom_black_01_d653fc35.jpg'}
2023-12-09 15:49:02 [scrapy] DEBUG: Scraped from <200 https://mediagalaxy.ro/telefoane/cpl/filtru/in-stoc-5182/in-stoc/brand-3334/samsung/p/1/>
{'name': 'Telefon SAMSUNG Galaxy S23 Ultra 5G, 256GB, 8GB RAM, Dual SIM, Phantom Black', 'price': '5.099', 'link': 'https://mediagalaxy.ro/telefon-samsung-galaxy-s23-ultra-5g-256gb-8gb-ram-dual-sim-phantom-black/cpd/SMTS23U2BK/', 'photo': 'https://lcdn.mediagalaxy.ro/resize/media/catalog/product/t/e/16fa6a9aef7ffd6209d5fd9338ffa0b1/telefon_samsung_galaxy_s23_ultra_phantom_black_01_d653fc35.jpg'}
2023-12-09 15:49:02 [scrapy] DEBUG: Scraped from <200 https://altex.ro/telefoane/cpl/filtru/in-stoc-5182/in-stoc/brand-3334/samsung/p/1/>
{'name': 'Telefon SAMSUNG Galaxy S23 Ultra 5G, 512GB, 12GB RAM, Dual SIM, Phantom Black', 'price': '7.799', 'link': 'https://altex.ro/telefon-samsung-galaxy-s23-ultra-5g-512gb-12gb-ram-dual-sim-phantom-black/cpd/SMTS23U5BK/', 'photo': 'https://lcdn.altex.ro/resize/media/catalog/product/t/e/16fa6a9aef7ffd6209d5fd9338ffa0b1/telefon_samsung_galaxy_s23_ultra_phantom_black_01_d653fc35.jpg'}
2023-12-09 15:49:02 [scrapy] DEBUG: Scraped from <200 https://altex.ro/telefoane/cpl/filtru/in-stoc-5182/in-stoc/brand-3334/samsung/p/1/>
{'name': 'Telefon SAMSUNG Galaxy S23 Ultra 5G, 256GB, 8GB RAM, Dual SIM, Green', 'price': '6.949', 'link': 'https://altex.ro/telefon-samsung-galaxy-s23-ultra-5g-256gb-8gb-ram-dual-sim-green/cpd/SMTS23U2GR/', 'photo': 'https://lcdn.altex.ro/resize/media/catalog/product/t/e/16fa6a9aef7ffd6209d5fd9338ffa0b1/telefon_samsung_galaxy_s23_ultra_green_01_971ddec7.jpg'}
2023-12-09 15:49:02 [scrapy] DEBUG: Scraped from <200 https://mediagalaxy.ro/telefoane/cpl/filtru/in-stoc-5182/in-stoc/brand-3334/samsung/p/1/>
{'name': 'Telefon SAMSUNG Galaxy S23 Ultra 5G, 256GB, 8GB RAM, Dual SIM, Green', 'price': '5.179', 'link': 'https://mediagalaxy.ro/telefon-samsung-galaxy-s23-ultra-5g-256gb-8gb-ram-dual-sim-green/cpd/SMTS23U2GR/', 'photo': 'https://lcdn.mediagalaxy.ro/resize/media/catalog/product/t/e/16fa6a9aef7ffd6209d5fd9338ffa0b1/telefon_samsung_galaxy_s23_ultra_green_01_971ddec7.jpg'}
2023-12-09 15:49:02 [scrapy] DEBUG: Scraped from <200 https://mediagalaxy.ro/telefoane/cpl/filtru/in-stoc-5182/in-stoc/brand-3334/samsung/p/1/>
{'name': 'Telefon SAMSUNG Galaxy S23 Ultra 5G, 1TB, 12GB RAM, Dual SIM, Phantom Black', 'price': '7.099', 'link': 'https://mediagalaxy.ro/telefon-samsung-galaxy-s23-ultra-5g-1tb-12gb-ram-dual-sim-phantom-black/cpd/SMTS23U1TBBK/', 'photo': 'https://lcdn.mediagalaxy.ro/resize/media/catalog/product/t/e/16fa6a9aef7ffd6209d5fd9338ffa0b1/telefon_samsung_galaxy_s23_ultra_phantom_black_01_d653fc35.jpg'}
2023-12-09 15:49:02 [scrapy] DEBUG: Scraped from <200 https://mediagalaxy.ro/telefoane/cpl/filtru/in-stoc-5182/in-stoc/brand-3334/samsung/p/1/>
{'name': 'Telefon SAMSUNG Galaxy S23 Ultra 5G, 512GB, 12GB RAM, Dual SIM, Phantom Black', 'price': '6.199', 'link': 'https://mediagalaxy.ro/telefon-samsung-galaxy-s23-ultra-5g-512gb-12gb-ram-dual-sim-phantom-black/cpd/SMTS23U5BK/', 'photo': 'https://lcdn.mediagalaxy.ro/resize/media/catalog/product/t/e/16fa6a9aef7ffd6209d5fd9338ffa0b1/telefon_samsung_galaxy_s23_ultra_phantom_black_01_d653fc35.jpg'}
2023-12-09 15:49:02 [scrapy] DEBUG: Filtered duplicate request: <GET https://mediagalaxy.ro/telefoane/cpl/filtru/in-stoc-5182/in-stoc/brand-3334/samsung/p/2/> - no more duplicates will be shown (see DUPEFILTER_DEBUG to show all duplicates)
2023-12-09 15:49:02 [scrapy] DEBUG: Scraped from <200 https://altex.ro/telefoane/cpl/filtru/in-stoc-5182/in-stoc/brand-3334/samsung/p/1/>
{'name': 'Telefon SAMSUNG Galaxy S23 Ultra 5G, 1TB, 12GB RAM, Dual SIM, Phantom Black', 'price': '8.999', 'link': 'https://altex.ro/telefon-samsung-galaxy-s23-ultra-5g-1tb-12gb-ram-dual-sim-phantom-black/cpd/SMTS23U1TBBK/', 'photo': 'https://lcdn.altex.ro/resize/media/catalog/product/t/e/16fa6a9aef7ffd6209d5fd9338ffa0b1/telefon_samsung_galaxy_s23_ultra_phantom_black_01_d653fc35.jpg'}
2023-12-09 15:49:03 [scrapy] DEBUG: Crawled (200) <GET https://flip.ro/magazin/samsung/?modelType=Telefoane> (referer: None)
2023-12-09 15:49:03 [scrapy] DEBUG: Crawled (200) <GET https://www.flanco.ro/telefoane-tablete/smartphone/filtre/brand/samsung.html> (referer: None)
2023-12-09 15:49:03 [scrapy] INFO: Closing spider (finished)
2023-12-09 15:49:03 [scrapy] INFO: Dumping Scrapy stats:
{'downloader/request_bytes': 7104,
 'downloader/request_count': 14,
 'downloader/request_method_count/GET': 14,
 'downloader/response_bytes': 875413,
 'downloader/response_count': 14,
 'downloader/response_status_count/200': 13,
 'downloader/response_status_count/803': 1,
 'dupefilter/filtered': 2,
 'elapsed_time_seconds': 2.397719,
 'finish_reason': 'finished',
 'finish_time': datetime.datetime(2023, 12, 9, 13, 49, 3, 740234, tzinfo=datetime.timezone.utc),
 'httpcompression/response_bytes': 7925309,
 'httpcompression/response_count': 12,
 'httperror/response_ignored_count': 1,
 'httperror/response_ignored_status_count/803': 1,
 'item_scraped_count': 16,
 'log_count/DEBUG': 31,
 'log_count/INFO': 8,
 'request_depth_max': 3,
 'response_received_count': 14,
 'robotstxt/request_count': 5,
 'robotstxt/response_count': 5,
 'robotstxt/response_status_count/200': 5,
 'scheduler/dequeued': 9,
 'scheduler/dequeued/memory': 9,
 'scheduler/enqueued': 9,
 'scheduler/enqueued/memory': 9,
 'start_time': datetime.datetime(2023, 12, 9, 13, 49, 1, 342515, tzinfo=datetime.timezone.utc)}
2023-12-09 15:49:03 [scrapy] INFO: Spider closed (finished)
