2023-12-07 19:52:08 [scrapy] DEBUG: Crawled (200) <GET https://flip.ro/robots.txt> (referer: None)
2023-12-07 19:52:09 [scrapy] DEBUG: Crawled (200) <GET https://flip.ro/magazin/apple/?modelType=Telefoane> (referer: None)
2023-12-07 19:52:09 [scrapy] DEBUG: Scraped from <200 https://flip.ro/magazin/apple/?modelType=Telefoane>
{'name': 'Apple iPhone 14, 256 GB, Midnight ', 'price': '3.799', 'link': 'https://flip.ro/magazin/apple/telefon-mobil-apple-iphone-14-256gb-midnight/23916104/?shape=Ca%20nou', 'photo': 'https://cdn.flip.ro/device-images/apple_iphone-14_midnight_sell_mip@_320.jpg'}
2023-12-07 19:52:09 [scrapy] DEBUG: Scraped from <200 https://flip.ro/magazin/apple/?modelType=Telefoane>
{'name': 'Apple iPhone 14 Pro, 128 GB, Deep Purple ', 'price': '4.999', 'link': 'https://flip.ro/magazin/apple/telefon-mobil-apple-iphone-14-pro-128gb-deep-purple/14685853/?shape=Ca%20nou', 'photo': 'https://cdn.flip.ro/device-images/apple_iphone-14-pro_deep-purple_sell_mip@_320.jpg'}
2023-12-07 19:52:09 [scrapy] DEBUG: Scraped from <200 https://flip.ro/magazin/apple/?modelType=Telefoane>
{'name': 'Apple iPhone 14 Pro Max, 128 GB, Deep Purple ', 'price': '5.399', 'link': 'https://flip.ro/magazin/apple/telefon-mobil-apple-iphone-14-pro-max-128gb-deep-purple/14685869/?shape=Ca%20nou', 'photo': 'https://cdn.flip.ro/device-images/apple_iphone-14-pro-max_deep-purple_sell_mip@_320.jpg'}
2023-12-07 19:52:09 [scrapy] DEBUG: Scraped from <200 https://flip.ro/magazin/apple/?modelType=Telefoane>
{'name': 'Apple iPhone 14 Pro, 128 GB, Space Black ', 'price': '4.999', 'link': 'https://flip.ro/magazin/apple/telefon-mobil-apple-iphone-14-pro-128gb-space-black/14685850/?shape=Ca%20nou', 'photo': 'https://cdn.flip.ro/device-images/apple_iphone-14-pro_space-black_sell_mip@_320.jpg'}
2023-12-07 19:52:09 [scrapy] DEBUG: Scraped from <200 https://flip.ro/magazin/apple/?modelType=Telefoane>
{'name': 'Apple iPhone 14 Pro Max, 256 GB, Space Black ', 'price': '5.899', 'link': 'https://flip.ro/magazin/apple/telefon-mobil-apple-iphone-14-pro-max-256gb-space-black/14685870/?shape=Ca%20nou', 'photo': 'https://cdn.flip.ro/device-images/apple_iphone-14-pro-max_space-black_sell_mip@_320.jpg'}
2023-12-07 19:52:09 [scrapy] DEBUG: Scraped from <200 https://flip.ro/magazin/apple/?modelType=Telefoane>
{'name': 'Apple iPhone 14, 128 GB, Midnight ', 'price': '3.499', 'link': 'https://flip.ro/magazin/apple/telefon-mobil-apple-iphone-14-128gb-midnight/14685825/?shape=Ca%20nou', 'photo': 'https://cdn.flip.ro/device-images/apple_iphone-14_midnight_sell_mip@_320.jpg'}
2023-12-07 19:52:09 [scrapy] DEBUG: Scraped from <200 https://flip.ro/magazin/apple/?modelType=Telefoane>
{'name': 'Apple iPhone 14 Pro, 256 GB, Space Black ', 'price': '5.319', 'link': 'https://flip.ro/magazin/apple/telefon-mobil-apple-iphone-14-pro-256gb-space-black/14685854/?shape=Ca%20nou', 'photo': 'https://cdn.flip.ro/device-images/apple_iphone-14-pro_space-black_sell_mip@_320.jpg'}
2023-12-07 19:52:09 [scrapy] DEBUG: Scraped from <200 https://flip.ro/magazin/apple/?modelType=Telefoane>
{'name': 'Apple iPhone 14, 128 GB, Blue ', 'price': '3.499', 'link': 'https://flip.ro/magazin/apple/telefon-mobil-apple-iphone-14-128gb-blue/14685828/?shape=Ca%20nou', 'photo': 'https://cdn.flip.ro/device-images/apple_iphone-14_blue_sell_mip@_320.jpg'}
2023-12-07 19:52:09 [scrapy] INFO: Closing spider (finished)
2023-12-07 19:52:09 [scrapy] INFO: Dumping Scrapy stats:
{'downloader/request_bytes': 460,
 'downloader/request_count': 2,
 'downloader/request_method_count/GET': 2,
 'downloader/response_bytes': 137833,
 'downloader/response_count': 2,
 'downloader/response_status_count/200': 2,
 'elapsed_time_seconds': 1.102271,
 'finish_reason': 'finished',
 'finish_time': datetime.datetime(2023, 12, 7, 17, 52, 9, 559697, tzinfo=datetime.timezone.utc),
 'httpcompression/response_bytes': 634162,
 'httpcompression/response_count': 1,
 'item_scraped_count': 8,
 'log_count/DEBUG': 10,
 'log_count/INFO': 7,
 'response_received_count': 2,
 'robotstxt/request_count': 1,
 'robotstxt/response_count': 1,
 'robotstxt/response_status_count/200': 1,
 'scheduler/dequeued': 1,
 'scheduler/dequeued/memory': 1,
 'scheduler/enqueued': 1,
 'scheduler/enqueued/memory': 1,
 'start_time': datetime.datetime(2023, 12, 7, 17, 52, 8, 457426, tzinfo=datetime.timezone.utc)}
2023-12-07 19:52:09 [scrapy] INFO: Spider closed (finished)
