2023-12-06 12:20:12 [scrapy] DEBUG: Crawled (200) <GET https://www.flanco.ro/robots.txt> (referer: None)
2023-12-06 12:20:14 [scrapy] DEBUG: Crawled (200) <GET https://www.flanco.ro/telefoane-tablete/smartphone/filtre/brand/samsung.html> (referer: None)
2023-12-06 12:20:15 [scrapy] INFO: Closing spider (finished)
2023-12-06 12:20:15 [scrapy] INFO: Dumping Scrapy stats:
{'downloader/request_bytes': 492,
 'downloader/request_count': 2,
 'downloader/request_method_count/GET': 2,
 'downloader/response_bytes': 72126,
 'downloader/response_count': 2,
 'downloader/response_status_count/200': 2,
 'elapsed_time_seconds': 2.937465,
 'finish_reason': 'finished',
 'finish_time': datetime.datetime(2023, 12, 6, 10, 20, 15, 160902, tzinfo=datetime.timezone.utc),
 'httpcompression/response_bytes': 915635,
 'httpcompression/response_count': 2,
 'log_count/DEBUG': 2,
 'log_count/INFO': 7,
 'response_received_count': 2,
 'robotstxt/request_count': 1,
 'robotstxt/response_count': 1,
 'robotstxt/response_status_count/200': 1,
 'scheduler/dequeued': 1,
 'scheduler/dequeued/memory': 1,
 'scheduler/enqueued': 1,
 'scheduler/enqueued/memory': 1,
 'start_time': datetime.datetime(2023, 12, 6, 10, 20, 12, 223437, tzinfo=datetime.timezone.utc)}
2023-12-06 12:20:15 [scrapy] INFO: Spider closed (finished)
