2023-12-05 15:35:48 [scrapy] DEBUG: Crawled (200) <GET https://www.evomag.ro/robots.txt> (referer: None)
2023-12-05 15:35:49 [scrapy] DEBUG: Crawled (200) <GET https://www.evomag.ro/telefoane-tablete-accesorii-telefoane/samsung/> (referer: None)
2023-12-05 15:35:49 [scrapy] DEBUG: Scraped from <200 https://www.evomag.ro/telefoane-tablete-accesorii-telefoane/samsung/>
{'title': 'Telefon Mobil Samsung Galaxy S23 Ultra, Procesor Qualcomm SM8550 Snapdragon 8 Gen 2 Octa-Core, Dynamic AMOLED 2X 6.8, 8GB RAM, 256GB Flash, Camera Quad 200 + 10 + 10 + 12 MP, Wi-Fi, 5G, Dual SIM, Android (Negru)', 'link': 'https://www.evomag.ro/telefoane-tablete-accesorii-telefoane/samsung-telefon-mobil-samsung-galaxy-s23-ultra-procesor-qualcomm-sm8550-snapdragon-8-gen-2-octa-core-dynamic-amoled-2x-6.8-8gb-ram-256gb-flash-camera-quad-200-10-10-12-mp-wi-fi-5g-dual-sim-android-negru-4076498.html', 'price': '4.799,99 Lei'}
2023-12-05 15:35:49 [scrapy] DEBUG: Scraped from <200 https://www.evomag.ro/telefoane-tablete-accesorii-telefoane/samsung/>
{'title': 'Telefon Mobil Samsung Galaxy S23 Ultra, Procesor Qualcomm SM8550 Snapdragon 8 Gen 2 Octa-Core, Dynamic AMOLED 2X 6.8, 12GB RAM, 256GB Flash, Camera Quad 200 + 10 + 10 + 12 MP, Wi-Fi, 5G, Dual SIM, Android (Negru)', 'link': 'https://www.evomag.ro/telefoane-tablete-accesorii-telefoane/samsung-telefon-mobil-samsung-galaxy-s23-ultra-procesor-qualcomm-sm8550-snapdragon-8-gen-2-octa-core-dynamic-amoled-2x-6.8-12gb-ram-256gb-flash-camera-quad-200-10-10-12-mp-wi-fi-5g-dual-sim-android-negru-4076423.html', 'price': '5.099,99 Lei'}
2023-12-05 15:35:49 [scrapy] DEBUG: Scraped from <200 https://www.evomag.ro/telefoane-tablete-accesorii-telefoane/samsung/>
{'title': 'Telefon Mobil Samsung Galaxy S23 Ultra, Procesor Qualcomm SM8550 Snapdragon 8 Gen 2 Octa-Core, Dynamic AMOLED 2X 6.8, 8GB RAM, 256GB Flash, Camera Quad 200 + 10 + 10 + 12 MP, Wi-Fi, 5G, Dual SIM, Android (Verde)', 'link': 'https://www.evomag.ro/telefoane-tablete-accesorii-telefoane/samsung-telefon-mobil-samsung-galaxy-s23-ultra-procesor-qualcomm-sm8550-snapdragon-8-gen-2-octa-core-dynamic-amoled-2x-6.8-8gb-ram-256gb-flash-camera-quad-200-10-10-12-mp-wi-fi-5g-dual-sim-android-verde-4076497.html', 'price': '4.999,99 Lei'}
2023-12-05 15:35:49 [scrapy] INFO: Closing spider (finished)
2023-12-05 15:35:49 [scrapy] INFO: Dumping Scrapy stats:
{'downloader/request_bytes': 484,
 'downloader/request_count': 2,
 'downloader/request_method_count/GET': 2,
 'downloader/response_bytes': 65858,
 'downloader/response_count': 2,
 'downloader/response_status_count/200': 2,
 'elapsed_time_seconds': 0.374801,
 'finish_reason': 'finished',
 'finish_time': datetime.datetime(2023, 12, 5, 13, 35, 49, 254707, tzinfo=datetime.timezone.utc),
 'httpcompression/response_bytes': 503113,
 'httpcompression/response_count': 2,
 'item_scraped_count': 3,
 'log_count/DEBUG': 5,
 'log_count/INFO': 7,
 'response_received_count': 2,
 'robotstxt/request_count': 1,
 'robotstxt/response_count': 1,
 'robotstxt/response_status_count/200': 1,
 'scheduler/dequeued': 1,
 'scheduler/dequeued/memory': 1,
 'scheduler/enqueued': 1,
 'scheduler/enqueued/memory': 1,
 'start_time': datetime.datetime(2023, 12, 5, 13, 35, 48, 879906, tzinfo=datetime.timezone.utc)}
2023-12-05 15:35:49 [scrapy] INFO: Spider closed (finished)
