2023-12-09 15:49:38 [scrapy] DEBUG: Crawled (200) <GET https://flip.ro/robots.txt> (referer: None)
2023-12-09 15:49:39 [scrapy] DEBUG: Crawled (200) <GET https://www.evomag.ro/robots.txt> (referer: None)
2023-12-09 15:49:39 [scrapy] DEBUG: Crawled (200) <GET https://mediagalaxy.ro/robots.txt> (referer: None)
2023-12-09 15:49:39 [scrapy] DEBUG: Crawled (200) <GET https://www.flanco.ro/robots.txt> (referer: None)
2023-12-09 15:49:39 [scrapy] DEBUG: Crawled (200) <GET https://altex.ro/robots.txt> (referer: None)
2023-12-09 15:49:39 [scrapy] DEBUG: Crawled (200) <GET https://www.flanco.ro/telefoane-tablete/smartphone/filtre/brand/xiaomi.html> (referer: None)
2023-12-09 15:49:39 [scrapy] DEBUG: Crawled (200) <GET https://www.evomag.ro/telefoane-tablete-accesorii-telefoane/xiaomi/> (referer: None)
2023-12-09 15:49:39 [scrapy] DEBUG: Crawled (200) <GET https://flip.ro/magazin/xiaomi/?modelType=Telefoane> (referer: None)
2023-12-09 15:49:39 [scrapy] DEBUG: Crawled (200) <GET https://mediagalaxy.ro/telefoane/cpl/filtru/in-stoc-5182/in-stoc/brand-3334/xiaomi/> (referer: None)
2023-12-09 15:49:40 [scrapy] DEBUG: Crawled (200) <GET https://altex.ro/telefoane/cpl/filtru/in-stoc-5182/in-stoc/brand-3334/xiaomi/> (referer: None)
2023-12-09 15:49:40 [scrapy] INFO: Closing spider (finished)
2023-12-09 15:49:40 [scrapy] INFO: Dumping Scrapy stats:
{'downloader/request_bytes': 2423,
 'downloader/request_count': 10,
 'downloader/request_method_count/GET': 10,
 'downloader/response_bytes': 476635,
 'downloader/response_count': 10,
 'downloader/response_status_count/200': 10,
 'elapsed_time_seconds': 1.258525,
 'finish_reason': 'finished',
 'finish_time': datetime.datetime(2023, 12, 9, 13, 49, 40, 156877, tzinfo=datetime.timezone.utc),
 'httpcompression/response_bytes': 3702732,
 'httpcompression/response_count': 9,
 'log_count/DEBUG': 10,
 'log_count/INFO': 7,
 'response_received_count': 10,
 'robotstxt/request_count': 5,
 'robotstxt/response_count': 5,
 'robotstxt/response_status_count/200': 5,
 'scheduler/dequeued': 5,
 'scheduler/dequeued/memory': 5,
 'scheduler/enqueued': 5,
 'scheduler/enqueued/memory': 5,
 'start_time': datetime.datetime(2023, 12, 9, 13, 49, 38, 898352, tzinfo=datetime.timezone.utc)}
2023-12-09 15:49:40 [scrapy] INFO: Spider closed (finished)
