2023-12-12 14:00:31 [scrapy] DEBUG: Crawled (200) <GET https://www.flanco.ro/robots.txt> (referer: None)
2023-12-12 14:00:31 [scrapy] DEBUG: Crawled (200) <GET https://www.evomag.ro/robots.txt> (referer: None)
2023-12-12 14:00:31 [scrapy] DEBUG: Crawled (200) <GET https://mediagalaxy.ro/robots.txt> (referer: None)
2023-12-12 14:00:31 [scrapy] DEBUG: Crawled (200) <GET https://altex.ro/robots.txt> (referer: None)
2023-12-12 14:00:31 [scrapy] DEBUG: Crawled (803) <GET https://www.evomag.ro/telefoane-tablete-accesorii-telefoane/Xiaomi/> (referer: None)
2023-12-12 14:00:31 [scrapy] DEBUG: Crawled (200) <GET https://flip.ro/robots.txt> (referer: None)
2023-12-12 14:00:31 [scrapy] DEBUG: Redirecting (301) to <GET https://www.flanco.ro/telefoane-tablete/smartphone/filtre/brand/xiaomi.html> from <GET https://www.flanco.ro/telefoane-tablete/smartphone/filtre/brand/Xiaomi.html>
2023-12-12 14:00:31 [scrapy] INFO: Ignoring response <803 https://www.evomag.ro/telefoane-tablete-accesorii-telefoane/Xiaomi/>: HTTP status code is not handled or not allowed
2023-12-12 14:00:32 [scrapy] DEBUG: Crawled (200) <GET https://flip.ro/magazin/Xiaomi/?modelType=Telefoane> (referer: None)
2023-12-12 14:00:32 [scrapy] DEBUG: Crawled (200) <GET https://altex.ro/telefoane/cpl/filtru/in-stoc-5182/in-stoc/brand-3334/Xiaomi/> (referer: None)
2023-12-12 14:00:32 [scrapy] DEBUG: Crawled (200) <GET https://mediagalaxy.ro/telefoane/cpl/filtru/in-stoc-5182/in-stoc/brand-3334/Xiaomi/> (referer: None)
2023-12-12 14:00:33 [scrapy] DEBUG: Crawled (200) <GET https://www.flanco.ro/telefoane-tablete/smartphone/filtre/brand/xiaomi.html> (referer: None)
2023-12-12 14:00:34 [scrapy] DEBUG: Crawled (200) <GET https://mediagalaxy.ro/telefoane/cpl/filtru/in-stoc-5182/in-stoc/brand-3334/Xiaomi/p/2/> (referer: https://mediagalaxy.ro/telefoane/cpl/filtru/in-stoc-5182/in-stoc/brand-3334/Xiaomi/)
2023-12-12 14:00:34 [scrapy] DEBUG: Crawled (200) <GET https://altex.ro/telefoane/cpl/filtru/in-stoc-5182/in-stoc/brand-3334/Xiaomi/p/2/> (referer: https://altex.ro/telefoane/cpl/filtru/in-stoc-5182/in-stoc/brand-3334/Xiaomi/)
2023-12-12 14:00:35 [scrapy] DEBUG: Crawled (200) <GET https://mediagalaxy.ro/telefoane/cpl/filtru/in-stoc-5182/in-stoc/brand-3334/Xiaomi/p/3/> (referer: https://mediagalaxy.ro/telefoane/cpl/filtru/in-stoc-5182/in-stoc/brand-3334/Xiaomi/p/2/)
2023-12-12 14:00:37 [scrapy] DEBUG: Crawled (200) <GET https://altex.ro/telefoane/cpl/filtru/in-stoc-5182/in-stoc/brand-3334/Xiaomi/p/3/> (referer: https://altex.ro/telefoane/cpl/filtru/in-stoc-5182/in-stoc/brand-3334/Xiaomi/p/2/)
2023-12-12 14:00:37 [scrapy] DEBUG: Crawled (200) <GET https://mediagalaxy.ro/telefoane/cpl/filtru/in-stoc-5182/in-stoc/brand-3334/Xiaomi/p/4/> (referer: https://mediagalaxy.ro/telefoane/cpl/filtru/in-stoc-5182/in-stoc/brand-3334/Xiaomi/p/3/)
2023-12-12 14:00:38 [scrapy] DEBUG: Crawled (200) <GET https://mediagalaxy.ro/telefoane/cpl/filtru/in-stoc-5182/in-stoc/brand-3334/Xiaomi/p/5/> (referer: https://mediagalaxy.ro/telefoane/cpl/filtru/in-stoc-5182/in-stoc/brand-3334/Xiaomi/p/4/)
2023-12-12 14:00:40 [scrapy] DEBUG: Crawled (200) <GET https://mediagalaxy.ro/telefoane/cpl/filtru/in-stoc-5182/in-stoc/brand-3334/Xiaomi/p/6/> (referer: https://mediagalaxy.ro/telefoane/cpl/filtru/in-stoc-5182/in-stoc/brand-3334/Xiaomi/p/5/)
2023-12-12 14:00:40 [scrapy] DEBUG: Filtered duplicate request: <GET https://mediagalaxy.ro/telefoane/cpl/filtru/in-stoc-5182/in-stoc/brand-3334/Xiaomi/p/5/> - no more duplicates will be shown (see DUPEFILTER_DEBUG to show all duplicates)
2023-12-12 14:00:41 [scrapy] DEBUG: Crawled (200) <GET https://altex.ro/telefoane/cpl/filtru/in-stoc-5182/in-stoc/brand-3334/Xiaomi/p/4/> (referer: https://altex.ro/telefoane/cpl/filtru/in-stoc-5182/in-stoc/brand-3334/Xiaomi/p/3/)
2023-12-12 14:00:43 [scrapy] DEBUG: Crawled (200) <GET https://altex.ro/telefoane/cpl/filtru/in-stoc-5182/in-stoc/brand-3334/Xiaomi/p/5/> (referer: https://altex.ro/telefoane/cpl/filtru/in-stoc-5182/in-stoc/brand-3334/Xiaomi/p/4/)
2023-12-12 14:00:44 [scrapy] DEBUG: Crawled (200) <GET https://altex.ro/telefoane/cpl/filtru/in-stoc-5182/in-stoc/brand-3334/Xiaomi/p/6/> (referer: https://altex.ro/telefoane/cpl/filtru/in-stoc-5182/in-stoc/brand-3334/Xiaomi/p/5/)
2023-12-12 14:00:45 [scrapy] INFO: Closing spider (finished)
2023-12-12 14:00:45 [scrapy] INFO: Dumping Scrapy stats:
{'downloader/request_bytes': 14420,
 'downloader/request_count': 21,
 'downloader/request_method_count/GET': 21,
 'downloader/response_bytes': 1715002,
 'downloader/response_count': 21,
 'downloader/response_status_count/200': 19,
 'downloader/response_status_count/301': 1,
 'downloader/response_status_count/803': 1,
 'dupefilter/filtered': 2,
 'elapsed_time_seconds': 14.019585,
 'finish_reason': 'finished',
 'finish_time': datetime.datetime(2023, 12, 12, 12, 0, 45, 40757, tzinfo=datetime.timezone.utc),
 'httpcompression/response_bytes': 16707829,
 'httpcompression/response_count': 18,
 'httperror/response_ignored_count': 1,
 'httperror/response_ignored_status_count/803': 1,
 'log_count/DEBUG': 22,
 'log_count/INFO': 8,
 'request_depth_max': 6,
 'response_received_count': 20,
 'robotstxt/request_count': 5,
 'robotstxt/response_count': 5,
 'robotstxt/response_status_count/200': 5,
 'scheduler/dequeued': 16,
 'scheduler/dequeued/memory': 16,
 'scheduler/enqueued': 16,
 'scheduler/enqueued/memory': 16,
 'start_time': datetime.datetime(2023, 12, 12, 12, 0, 31, 21172, tzinfo=datetime.timezone.utc)}
2023-12-12 14:00:45 [scrapy] INFO: Spider closed (finished)
