2023-12-12 13:53:06 [scrapy] DEBUG: Crawled (200) <GET https://www.flanco.ro/robots.txt> (referer: None)
2023-12-12 13:53:06 [scrapy] DEBUG: Crawled (200) <GET https://www.evomag.ro/robots.txt> (referer: None)
2023-12-12 13:53:06 [scrapy] DEBUG: Crawled (200) <GET https://altex.ro/robots.txt> (referer: None)
2023-12-12 13:53:06 [scrapy] DEBUG: Crawled (803) <GET https://www.evomag.ro/telefoane-tablete-accesorii-telefoane/huawei/> (referer: None)
2023-12-12 13:53:06 [scrapy] DEBUG: Crawled (200) <GET https://mediagalaxy.ro/robots.txt> (referer: None)
2023-12-12 13:53:06 [scrapy] DEBUG: Crawled (200) <GET https://www.flanco.ro/telefoane-tablete/smartphone/filtre/brand/huawei.html> (referer: None)
2023-12-12 13:53:06 [scrapy] DEBUG: Crawled (200) <GET https://flip.ro/robots.txt> (referer: None)
2023-12-12 13:53:06 [scrapy] INFO: Ignoring response <803 https://www.evomag.ro/telefoane-tablete-accesorii-telefoane/huawei/>: HTTP status code is not handled or not allowed
2023-12-12 13:53:06 [scrapy] DEBUG: Crawled (200) <GET https://flip.ro/magazin/huawei/?modelType=Telefoane> (referer: None)
2023-12-12 13:53:07 [scrapy] DEBUG: Crawled (200) <GET https://mediagalaxy.ro/telefoane/cpl/filtru/in-stoc-5182/in-stoc/brand-3334/huawei/> (referer: None)
2023-12-12 13:53:08 [scrapy] DEBUG: Scraped from <200 https://mediagalaxy.ro/telefoane/cpl/filtru/in-stoc-5182/in-stoc/brand-3334/huawei/>
{'name': 'Telefon HUAWEI P60 Pro, 256GB, 8GB RAM, Dual SIM, Rococo Pearl', 'price': '5.099', 'link': 'https://mediagalaxy.ro/telefon-huawei-p60-pro-256gb-8gb-ram-dual-sim-rococo-pearl/cpd/SMTP60PRORO/', 'photo': 'https://lcdn.mediagalaxy.ro/resize/media/catalog/product/t/e/16fa6a9aef7ffd6209d5fd9338ffa0b1/telefon_huawei_p60_pro_rococo_pearl_01_a0369f0b.jpg'}
2023-12-12 13:53:08 [scrapy] DEBUG: Crawled (200) <GET https://altex.ro/telefoane/cpl/filtru/in-stoc-5182/in-stoc/brand-3334/huawei/> (referer: None)
2023-12-12 13:53:08 [scrapy] DEBUG: Scraped from <200 https://altex.ro/telefoane/cpl/filtru/in-stoc-5182/in-stoc/brand-3334/huawei/>
{'name': 'Telefon HUAWEI P60 Pro, 256GB, 8GB RAM, Dual SIM, Rococo Pearl', 'price': '5.099', 'link': 'https://altex.ro/telefon-huawei-p60-pro-256gb-8gb-ram-dual-sim-rococo-pearl/cpd/SMTP60PRORO/', 'photo': 'https://lcdn.altex.ro/resize/media/catalog/product/t/e/16fa6a9aef7ffd6209d5fd9338ffa0b1/telefon_huawei_p60_pro_rococo_pearl_01_a0369f0b.jpg'}
2023-12-12 13:53:08 [scrapy] INFO: Closing spider (finished)
2023-12-12 13:53:08 [scrapy] INFO: Dumping Scrapy stats:
{'downloader/request_bytes': 2423,
 'downloader/request_count': 10,
 'downloader/request_method_count/GET': 10,
 'downloader/response_bytes': 397112,
 'downloader/response_count': 10,
 'downloader/response_status_count/200': 9,
 'downloader/response_status_count/803': 1,
 'elapsed_time_seconds': 2.358846,
 'finish_reason': 'finished',
 'finish_time': datetime.datetime(2023, 12, 12, 11, 53, 8, 336853, tzinfo=datetime.timezone.utc),
 'httpcompression/response_bytes': 2873055,
 'httpcompression/response_count': 8,
 'httperror/response_ignored_count': 1,
 'httperror/response_ignored_status_count/803': 1,
 'item_scraped_count': 2,
 'log_count/DEBUG': 12,
 'log_count/INFO': 8,
 'response_received_count': 10,
 'robotstxt/request_count': 5,
 'robotstxt/response_count': 5,
 'robotstxt/response_status_count/200': 5,
 'scheduler/dequeued': 5,
 'scheduler/dequeued/memory': 5,
 'scheduler/enqueued': 5,
 'scheduler/enqueued/memory': 5,
 'start_time': datetime.datetime(2023, 12, 12, 11, 53, 5, 978007, tzinfo=datetime.timezone.utc)}
2023-12-12 13:53:08 [scrapy] INFO: Spider closed (finished)
