2023-12-07 19:21:13 [scrapy] DEBUG: Crawled (200) <GET https://altex.ro/robots.txt> (referer: None)
2023-12-07 19:21:13 [scrapy] DEBUG: Crawled (200) <GET https://www.flanco.ro/robots.txt> (referer: None)
2023-12-07 19:21:13 [scrapy] DEBUG: Crawled (200) <GET https://mediagalaxy.ro/robots.txt> (referer: None)
2023-12-07 19:21:13 [scrapy] DEBUG: Crawled (200) <GET https://flip.ro/robots.txt> (referer: None)
2023-12-07 19:21:13 [scrapy] DEBUG: Crawled (200) <GET https://www.evomag.ro/robots.txt> (referer: None)
2023-12-07 19:21:13 [scrapy] DEBUG: Crawled (200) <GET https://www.flanco.ro/telefoane-tablete/smartphone/filtre/brand/samsung.html> (referer: None)
2023-12-07 19:21:13 [scrapy] DEBUG: Crawled (200) <GET https://www.evomag.ro/telefoane-tablete-accesorii-telefoane/samsung/> (referer: None)
2023-12-07 19:21:14 [scrapy] DEBUG: Scraped from <200 https://www.flanco.ro/telefoane-tablete/smartphone/filtre/brand/samsung.html>
{'name': 'Telefon mobil Samsung Galaxy A54 5G, 128GB, 8GB, Dual SIM, Negru', 'price': '1.849,', 'link': 'https://www.flanco.ro/telefon-mobil-samsung-galaxy-a54-5g-128gb-8gb-dual-sim-negru.html', 'photo': 'https://www.flanco.ro/media/catalog/product/cache/3869290ebce25e2f88fbb249726321d7/t/e/telefon_mobil_samsung_galaxy_a54_negru.jpg'}
2023-12-07 19:21:14 [scrapy] DEBUG: Scraped from <200 https://www.flanco.ro/telefoane-tablete/smartphone/filtre/brand/samsung.html>
{'name': 'Telefon mobil Samsung Galaxy A54 5G, 128GB, 8GB, Dual SIM, Light Violet', 'price': '1.849,', 'link': 'https://www.flanco.ro/telefon-mobil-samsung-galaxy-a54-5g-128gb-8gb-dual-sim-light-violet.html', 'photo': 'https://www.flanco.ro/media/catalog/product/cache/3869290ebce25e2f88fbb249726321d7/t/e/telefon_mobil_samsung_galaxy_a54_5g_light_violet.jpg'}
2023-12-07 19:21:14 [scrapy] DEBUG: Scraped from <200 https://www.flanco.ro/telefoane-tablete/smartphone/filtre/brand/samsung.html>
{'name': 'Telefon mobil Samsung Galaxy A54 5G, 128GB, 8GB, Dual SIM, Light Green', 'price': '1.799,', 'link': 'https://www.flanco.ro/telefon-mobil-samsung-galaxy-a54-5g-128gb-8gb-dual-sim-light-green.html', 'photo': 'https://www.flanco.ro/media/catalog/product/cache/3869290ebce25e2f88fbb249726321d7/t/e/telefon_mobil_samsung_galaxy_a54_light_green.jpg'}
2023-12-07 19:21:14 [scrapy] DEBUG: Scraped from <200 https://www.flanco.ro/telefoane-tablete/smartphone/filtre/brand/samsung.html>
{'name': 'Telefon mobil Samsung Galaxy A54 5G, 256GB, 8GB, Dual SIM, Negru', 'price': '1.999,', 'link': 'https://www.flanco.ro/telefon-mobil-samsung-galaxy-a54-5g-256gb-8gb-dual-sim-negru.html', 'photo': 'https://www.flanco.ro/media/catalog/product/cache/3869290ebce25e2f88fbb249726321d7/t/e/telefon_mobil_samsung_galaxy_a54_negru_1.jpg'}
2023-12-07 19:21:14 [scrapy] DEBUG: Scraped from <200 https://www.flanco.ro/telefoane-tablete/smartphone/filtre/brand/samsung.html>
{'name': 'Telefon mobil Samsung Galaxy A54 5G, 128GB, 8GB, Dual SIM, Alb', 'price': '1.799,', 'link': 'https://www.flanco.ro/telefon-mobil-samsung-galaxy-a54-5g-128gb-8gb-dual-sim-alb.html', 'photo': 'https://www.flanco.ro/media/catalog/product/cache/3869290ebce25e2f88fbb249726321d7/t/e/telefon_mobil_samsung_galaxy_a54_5g_alb.jpg'}
2023-12-07 19:21:14 [scrapy] DEBUG: Scraped from <200 https://www.evomag.ro/telefoane-tablete-accesorii-telefoane/samsung/>
{'title': 'Telefon Mobil Samsung Galaxy A54, Procesor Exynos 1380 Octa-Core, Super AMOLED touchscreen 6.4", 8GB RAM, 256GB Flash, Camera Tripla 50+12+5MP, Wi-Fi, 5G, Dual Sim, Android (Negru)', 'link': 'https://www.evomag.ro/telefoane-tablete-accesorii-telefoane/samsung-telefon-mobil-samsung-galaxy-a54-procesor-exynos-1380-octa-core-super-amoled-touchscreen-6.4-8gb-ram-256gb-flash-camera-tripla-50-12-5mp-wi-fi-5g-dual-sim-android-negru-4085498.html', 'price': '1.849,99 Lei'}
2023-12-07 19:21:14 [scrapy] DEBUG: Crawled (200) <GET https://flip.ro/magazin/samsung/?modelType=Telefoane> (referer: None)
2023-12-07 19:21:15 [scrapy] DEBUG: Crawled (200) <GET https://mediagalaxy.ro/telefoane/cpl/filtru/in-stoc-5182/in-stoc/brand-3334/samsung/model-8071/galaxy-a54/> (referer: None)
2023-12-07 19:21:15 [scrapy] DEBUG: Scraped from <200 https://mediagalaxy.ro/telefoane/cpl/filtru/in-stoc-5182/in-stoc/brand-3334/samsung/model-8071/galaxy-a54/>
{'name': 'Telefon SAMSUNG Galaxy A54 5G, 256GB, 8GB RAM, Dual SIM, Awesome Graphite', 'price': '1.999', 'link': 'https://mediagalaxy.ro/telefon-samsung-galaxy-a54-5g-256gb-8gb-ram-dual-sim-awesome-graphite/cpd/SMTA542BK/', 'photo': 'https://lcdn.mediagalaxy.ro/resize/media/catalog/product/s/m/16fa6a9aef7ffd6209d5fd9338ffa0b1/smta541bk_5__aad84d40.jpg'}
2023-12-07 19:21:15 [scrapy] DEBUG: Scraped from <200 https://mediagalaxy.ro/telefoane/cpl/filtru/in-stoc-5182/in-stoc/brand-3334/samsung/model-8071/galaxy-a54/>
{'name': 'Telefon SAMSUNG Galaxy A54 5G, 128GB, 8GB RAM, Dual SIM, Awesome Graphite', 'price': '1.699', 'link': 'https://mediagalaxy.ro/telefon-samsung-galaxy-a54-5g-128gb-8gb-ram-dual-sim-awesome-graphite/cpd/SMTA541BK/', 'photo': 'https://lcdn.mediagalaxy.ro/resize/media/catalog/product/s/m/16fa6a9aef7ffd6209d5fd9338ffa0b1/smta541bk_5__aad84d40.jpg'}
2023-12-07 19:21:15 [scrapy] DEBUG: Scraped from <200 https://mediagalaxy.ro/telefoane/cpl/filtru/in-stoc-5182/in-stoc/brand-3334/samsung/model-8071/galaxy-a54/>
{'name': 'Telefon SAMSUNG Galaxy A54 5G, 256GB, 8GB RAM, Dual SIM, Awesome Violet', 'price': '1.999', 'link': 'https://mediagalaxy.ro/telefon-samsung-galaxy-a54-5g-256gb-8gb-ram-dual-sim-awesome-violet/cpd/SMTA542VI/', 'photo': 'https://lcdn.mediagalaxy.ro/resize/media/catalog/product/s/m/16fa6a9aef7ffd6209d5fd9338ffa0b1/smta541vi_5__d4b6518a.jpg'}
2023-12-07 19:21:15 [scrapy] DEBUG: Scraped from <200 https://mediagalaxy.ro/telefoane/cpl/filtru/in-stoc-5182/in-stoc/brand-3334/samsung/model-8071/galaxy-a54/>
{'name': 'Telefon SAMSUNG Galaxy A54 5G, 128GB, 8GB RAM, Dual SIM, Awesome Lime', 'price': '1.699', 'link': 'https://mediagalaxy.ro/telefon-samsung-galaxy-a54-5g-128gb-8gb-ram-dual-sim-awesome-lime/cpd/SMTA541GR/', 'photo': 'https://lcdn.mediagalaxy.ro/resize/media/catalog/product/s/m/16fa6a9aef7ffd6209d5fd9338ffa0b1/smta541gr_5__b5e90273.jpg'}
2023-12-07 19:21:15 [scrapy] DEBUG: Scraped from <200 https://mediagalaxy.ro/telefoane/cpl/filtru/in-stoc-5182/in-stoc/brand-3334/samsung/model-8071/galaxy-a54/>
{'name': 'Telefon SAMSUNG Galaxy A54 5G, 256GB, 8GB RAM, Dual SIM, Awesome Lime', 'price': '1.999', 'link': 'https://mediagalaxy.ro/telefon-samsung-galaxy-a54-5g-256gb-8gb-ram-dual-sim-awesome-lime/cpd/SMTA542GR/', 'photo': 'https://lcdn.mediagalaxy.ro/resize/media/catalog/product/s/m/16fa6a9aef7ffd6209d5fd9338ffa0b1/smta541gr_5__b5e90273.jpg'}
2023-12-07 19:21:15 [scrapy] DEBUG: Scraped from <200 https://mediagalaxy.ro/telefoane/cpl/filtru/in-stoc-5182/in-stoc/brand-3334/samsung/model-8071/galaxy-a54/>
{'name': 'Telefon SAMSUNG Galaxy A54 5G, 128GB, 8GB RAM, Dual SIM, Awesome White', 'price': '1.699', 'link': 'https://mediagalaxy.ro/telefon-samsung-galaxy-a54-5g-128gb-8gb-ram-dual-sim-awesome-white/cpd/SMTA541WH/', 'photo': 'https://lcdn.mediagalaxy.ro/resize/media/catalog/product/s/m/16fa6a9aef7ffd6209d5fd9338ffa0b1/smta541wh_5__b3e389be.jpg'}
2023-12-07 19:21:15 [scrapy] DEBUG: Crawled (200) <GET https://altex.ro/telefoane/cpl/filtru/in-stoc-5182/in-stoc/brand-3334/samsung/model-8071/galaxy-a54/> (referer: None)
2023-12-07 19:21:16 [scrapy] DEBUG: Scraped from <200 https://altex.ro/telefoane/cpl/filtru/in-stoc-5182/in-stoc/brand-3334/samsung/model-8071/galaxy-a54/>
{'name': 'Telefon SAMSUNG Galaxy A54 5G, 128GB, 8GB RAM, Dual SIM, Awesome Graphite', 'price': '1.699', 'link': 'https://altex.ro/telefon-samsung-galaxy-a54-5g-128gb-8gb-ram-dual-sim-awesome-graphite/cpd/SMTA541BK/', 'photo': 'https://lcdn.altex.ro/resize/media/catalog/product/s/m/16fa6a9aef7ffd6209d5fd9338ffa0b1/smta541bk_5__aad84d40.jpg'}
2023-12-07 19:21:16 [scrapy] DEBUG: Scraped from <200 https://altex.ro/telefoane/cpl/filtru/in-stoc-5182/in-stoc/brand-3334/samsung/model-8071/galaxy-a54/>
{'name': 'Telefon SAMSUNG Galaxy A54 5G, 256GB, 8GB RAM, Dual SIM, Awesome Graphite', 'price': '1.999', 'link': 'https://altex.ro/telefon-samsung-galaxy-a54-5g-256gb-8gb-ram-dual-sim-awesome-graphite/cpd/SMTA542BK/', 'photo': 'https://lcdn.altex.ro/resize/media/catalog/product/s/m/16fa6a9aef7ffd6209d5fd9338ffa0b1/smta541bk_5__aad84d40.jpg'}
2023-12-07 19:21:16 [scrapy] DEBUG: Scraped from <200 https://altex.ro/telefoane/cpl/filtru/in-stoc-5182/in-stoc/brand-3334/samsung/model-8071/galaxy-a54/>
{'name': 'Telefon SAMSUNG Galaxy A54 5G, 256GB, 8GB RAM, Dual SIM, Awesome Violet', 'price': '1.999', 'link': 'https://altex.ro/telefon-samsung-galaxy-a54-5g-256gb-8gb-ram-dual-sim-awesome-violet/cpd/SMTA542VI/', 'photo': 'https://lcdn.altex.ro/resize/media/catalog/product/s/m/16fa6a9aef7ffd6209d5fd9338ffa0b1/smta541vi_5__d4b6518a.jpg'}
2023-12-07 19:21:16 [scrapy] DEBUG: Scraped from <200 https://altex.ro/telefoane/cpl/filtru/in-stoc-5182/in-stoc/brand-3334/samsung/model-8071/galaxy-a54/>
{'name': 'Telefon SAMSUNG Galaxy A54 5G, 128GB, 8GB RAM, Dual SIM, Awesome Lime', 'price': '1.699', 'link': 'https://altex.ro/telefon-samsung-galaxy-a54-5g-128gb-8gb-ram-dual-sim-awesome-lime/cpd/SMTA541GR/', 'photo': 'https://lcdn.altex.ro/resize/media/catalog/product/s/m/16fa6a9aef7ffd6209d5fd9338ffa0b1/smta541gr_5__b5e90273.jpg'}
2023-12-07 19:21:16 [scrapy] DEBUG: Scraped from <200 https://altex.ro/telefoane/cpl/filtru/in-stoc-5182/in-stoc/brand-3334/samsung/model-8071/galaxy-a54/>
{'name': 'Telefon SAMSUNG Galaxy A54 5G, 256GB, 8GB RAM, Dual SIM, Awesome Lime', 'price': '1.999', 'link': 'https://altex.ro/telefon-samsung-galaxy-a54-5g-256gb-8gb-ram-dual-sim-awesome-lime/cpd/SMTA542GR/', 'photo': 'https://lcdn.altex.ro/resize/media/catalog/product/s/m/16fa6a9aef7ffd6209d5fd9338ffa0b1/smta541gr_5__b5e90273.jpg'}
2023-12-07 19:21:16 [scrapy] DEBUG: Scraped from <200 https://altex.ro/telefoane/cpl/filtru/in-stoc-5182/in-stoc/brand-3334/samsung/model-8071/galaxy-a54/>
{'name': 'Telefon SAMSUNG Galaxy A54 5G, 128GB, 8GB RAM, Dual SIM, Awesome White', 'price': '1.699', 'link': 'https://altex.ro/telefon-samsung-galaxy-a54-5g-128gb-8gb-ram-dual-sim-awesome-white/cpd/SMTA541WH/', 'photo': 'https://lcdn.altex.ro/resize/media/catalog/product/s/m/16fa6a9aef7ffd6209d5fd9338ffa0b1/smta541wh_5__b3e389be.jpg'}
2023-12-07 19:21:16 [scrapy] INFO: Closing spider (finished)
2023-12-07 19:21:16 [scrapy] INFO: Dumping Scrapy stats:
{'downloader/request_bytes': 2472,
 'downloader/request_count': 10,
 'downloader/request_method_count/GET': 10,
 'downloader/response_bytes': 478193,
 'downloader/response_count': 10,
 'downloader/response_status_count/200': 10,
 'elapsed_time_seconds': 2.521647,
 'finish_reason': 'finished',
 'finish_time': datetime.datetime(2023, 12, 7, 17, 21, 16, 109414, tzinfo=datetime.timezone.utc),
 'httpcompression/response_bytes': 3641877,
 'httpcompression/response_count': 9,
 'item_scraped_count': 18,
 'log_count/DEBUG': 28,
 'log_count/INFO': 7,
 'response_received_count': 10,
 'robotstxt/request_count': 5,
 'robotstxt/response_count': 5,
 'robotstxt/response_status_count/200': 5,
 'scheduler/dequeued': 5,
 'scheduler/dequeued/memory': 5,
 'scheduler/enqueued': 5,
 'scheduler/enqueued/memory': 5,
 'start_time': datetime.datetime(2023, 12, 7, 17, 21, 13, 587767, tzinfo=datetime.timezone.utc)}
2023-12-07 19:21:16 [scrapy] INFO: Spider closed (finished)
