2023-12-06 12:20:53 [scrapy] DEBUG: Crawled (200) <GET https://www.flanco.ro/robots.txt> (referer: None)
2023-12-06 12:20:53 [scrapy] DEBUG: Crawled (200) <GET https://www.flanco.ro/telefoane-tablete/smartphone/filtre/brand/apple.html> (referer: None)
2023-12-06 12:20:54 [scrapy] DEBUG: Scraped from <200 https://www.flanco.ro/telefoane-tablete/smartphone/filtre/brand/apple.html>
{'name': 'Telefon mobil Apple iPhone 14 5G, 128GB, Midnight', 'price': '4.899,', 'link': 'https://www.flanco.ro/telefon-mobil-apple-iphone-14-5g-128gb-midnight.html'}
2023-12-06 12:20:54 [scrapy] DEBUG: Scraped from <200 https://www.flanco.ro/telefoane-tablete/smartphone/filtre/brand/apple.html>
{'name': 'Telefon mobil Apple iPhone 14 5G, 128GB, Starlight', 'price': '4.899,', 'link': 'https://www.flanco.ro/telefon-mobil-apple-iphone-14-5g-128gb-starlight.html'}
2023-12-06 12:20:54 [scrapy] DEBUG: Scraped from <200 https://www.flanco.ro/telefoane-tablete/smartphone/filtre/brand/apple.html>
{'name': 'Telefon mobil Apple iPhone 14 5G, 128GB, Blue', 'price': '4.899,', 'link': 'https://www.flanco.ro/telefon-mobil-apple-iphone-14-5g-128gb-blue.html'}
2023-12-06 12:20:54 [scrapy] INFO: Closing spider (finished)
2023-12-06 12:20:54 [scrapy] INFO: Dumping Scrapy stats:
{'downloader/request_bytes': 490,
 'downloader/request_count': 2,
 'downloader/request_method_count/GET': 2,
 'downloader/response_bytes': 71654,
 'downloader/response_count': 2,
 'downloader/response_status_count/200': 2,
 'elapsed_time_seconds': 0.471819,
 'finish_reason': 'finished',
 'finish_time': datetime.datetime(2023, 12, 6, 10, 20, 54, 159297, tzinfo=datetime.timezone.utc),
 'httpcompression/response_bytes': 875977,
 'httpcompression/response_count': 2,
 'item_scraped_count': 3,
 'log_count/DEBUG': 5,
 'log_count/INFO': 7,
 'response_received_count': 2,
 'robotstxt/request_count': 1,
 'robotstxt/response_count': 1,
 'robotstxt/response_status_count/200': 1,
 'scheduler/dequeued': 1,
 'scheduler/dequeued/memory': 1,
 'scheduler/enqueued': 1,
 'scheduler/enqueued/memory': 1,
 'start_time': datetime.datetime(2023, 12, 6, 10, 20, 53, 687478, tzinfo=datetime.timezone.utc)}
2023-12-06 12:20:54 [scrapy] INFO: Spider closed (finished)
