2023-12-06 12:20:34 [scrapy] DEBUG: Crawled (200) <GET https://www.flanco.ro/robots.txt> (referer: None)
2023-12-06 12:20:34 [scrapy] DEBUG: Crawled (200) <GET https://www.flanco.ro/telefoane-tablete/smartphone/filtre/brand/samsung.html> (referer: None)
2023-12-06 12:20:34 [scrapy] DEBUG: Scraped from <200 https://www.flanco.ro/telefoane-tablete/smartphone/filtre/brand/samsung.html>
{'name': 'Telefon mobil Samsung Galaxy S23, 128GB, 8GB, Dual SIM, Phantom Black', 'price': '4.699,', 'link': 'https://www.flanco.ro/telefon-mobil-samsung-galaxy-s23-128gb-8gb-dual-sim-phantom-black.html'}
2023-12-06 12:20:34 [scrapy] DEBUG: Scraped from <200 https://www.flanco.ro/telefoane-tablete/smartphone/filtre/brand/samsung.html>
{'name': 'Telefon mobil Samsung Galaxy S23, 256GB, 8GB, Dual SIM, Phantom Black', 'price': '4.999,', 'link': 'https://www.flanco.ro/telefon-mobil-samsung-galaxy-s23-256gb-8gb-dual-sim-phantom-black.html'}
2023-12-06 12:20:34 [scrapy] DEBUG: Scraped from <200 https://www.flanco.ro/telefoane-tablete/smartphone/filtre/brand/samsung.html>
{'name': 'Telefon mobil Samsung Galaxy S23 Plus, 256GB, 8GB, Dual SIM, Phantom Black', 'price': '5.949,', 'link': 'https://www.flanco.ro/telefon-mobil-samsung-galaxy-s23plus-256gb-8gb-dual-sim-phantom-black.html'}
2023-12-06 12:20:34 [scrapy] INFO: Closing spider (finished)
2023-12-06 12:20:34 [scrapy] INFO: Dumping Scrapy stats:
{'downloader/request_bytes': 492,
 'downloader/request_count': 2,
 'downloader/request_method_count/GET': 2,
 'downloader/response_bytes': 71966,
 'downloader/response_count': 2,
 'downloader/response_status_count/200': 2,
 'elapsed_time_seconds': 0.564794,
 'finish_reason': 'finished',
 'finish_time': datetime.datetime(2023, 12, 6, 10, 20, 34, 600464, tzinfo=datetime.timezone.utc),
 'httpcompression/response_bytes': 915635,
 'httpcompression/response_count': 2,
 'item_scraped_count': 3,
 'log_count/DEBUG': 5,
 'log_count/INFO': 7,
 'response_received_count': 2,
 'robotstxt/request_count': 1,
 'robotstxt/response_count': 1,
 'robotstxt/response_status_count/200': 1,
 'scheduler/dequeued': 1,
 'scheduler/dequeued/memory': 1,
 'scheduler/enqueued': 1,
 'scheduler/enqueued/memory': 1,
 'start_time': datetime.datetime(2023, 12, 6, 10, 20, 34, 35670, tzinfo=datetime.timezone.utc)}
2023-12-06 12:20:34 [scrapy] INFO: Spider closed (finished)
