2023-12-15 17:30:22 [scrapy] DEBUG: Crawled (200) <GET https://www.evomag.ro/robots.txt> (referer: None)
2023-12-15 17:30:22 [scrapy] DEBUG: Crawled (200) <GET https://flip.ro/robots.txt> (referer: None)
2023-12-15 17:30:22 [scrapy] DEBUG: Crawled (200) <GET https://altex.ro/robots.txt> (referer: None)
2023-12-15 17:30:22 [scrapy] DEBUG: Crawled (200) <GET https://mediagalaxy.ro/robots.txt> (referer: None)
2023-12-15 17:30:22 [scrapy] DEBUG: Crawled (200) <GET https://www.evomag.ro/telefoane-tablete-accesorii-telefoane/samsung/> (referer: None)
2023-12-15 17:30:22 [scrapy] DEBUG: Scraped from <200 https://www.evomag.ro/telefoane-tablete-accesorii-telefoane/samsung/>
{'title': 'Telefon Mobil Samsung Galaxy S22, Procesor Exynos 2200 Octa-Core, Dynamic AMOLED 2X 6.1, 8GB RAM, 128GB Flash, Camera Tripla 12 + 50 + 10 MP, Wi-Fi, 5G, Dual SIM, Android, Alb', 'link': 'https://www.evomag.ro/telefoane-tablete-accesorii-telefoane/samsung-telefon-mobil-samsung-galaxy-s22-procesor-exynos-2200-octa-core-dynamic-amoled-2x-6.1-8gb-ram-128gb-flash-camera-tripla-12-50-10-mp-wi-fi-5g-dual-sim-android-alb-3844326.html', 'price': '2.849', 'photo': 'https://static3.evomag.ro/img?file=products%2F3844%2F3844326%2Ftelefon-mobil-samsung-galaxy-s-61fccce4ca88b.JPG&height=150&extend=white'}
2023-12-15 17:30:23 [scrapy] DEBUG: Crawled (200) <GET https://www.flanco.ro/robots.txt> (referer: None)
2023-12-15 17:30:23 [scrapy] DEBUG: Crawled (200) <GET https://flip.ro/magazin/samsung/?modelType=Telefoane> (referer: None)
2023-12-15 17:30:23 [scrapy] DEBUG: Scraped from <200 https://flip.ro/magazin/samsung/?modelType=Telefoane>
{'name': 'Samsung Galaxy S22 Plus 5G Dual Sim, 128 GB, Phantom Black ', 'price': '2.699', 'link': 'https://flip.ro/magazin/samsung/telefon-mobil-samsung-galaxy-s22-plus-5g-dual-sim-128gb-phantom-black/161079/?shape=Foarte%20bun', 'photo': 'https://cdn.flip.ro/device-images/samsung_galaxy-s22-plus-5g-dual-sim_phantom-black_sell_mip@_320.jpg'}
2023-12-15 17:30:23 [scrapy] DEBUG: Scraped from <200 https://flip.ro/magazin/samsung/?modelType=Telefoane>
{'name': 'Samsung Galaxy S22 Ultra 5G Dual Sim, 128 GB, Phantom Black ', 'price': '3.699', 'link': 'https://flip.ro/magazin/samsung/telefon-mobil-samsung-galaxy-s22-ultra-5g-dual-sim-128gb-phantom-black/161104/?shape=Ca%20nou', 'photo': 'https://cdn.flip.ro/device-images/samsung_galaxy-s22-ultra-5g-dual-sim_phantom-black_sell_mip@_320.jpg'}
2023-12-15 17:30:23 [scrapy] DEBUG: Scraped from <200 https://flip.ro/magazin/samsung/?modelType=Telefoane>
{'name': 'Samsung Galaxy S22 Plus 5G Dual Sim, 128 GB, Green ', 'price': '2.699', 'link': 'https://flip.ro/magazin/samsung/telefon-mobil-samsung-galaxy-s22-plus-5g-dual-sim-128gb-green/161080/?shape=Foarte%20bun', 'photo': 'https://cdn.flip.ro/device-images/samsung_galaxy-s22-plus-5g-dual-sim_green_sell_mip@_320.jpg'}
2023-12-15 17:30:23 [scrapy] DEBUG: Scraped from <200 https://flip.ro/magazin/samsung/?modelType=Telefoane>
{'name': 'Samsung Galaxy S22 Ultra 5G Dual Sim, 256 GB, Phantom Black ', 'price': '3.599', 'link': 'https://flip.ro/magazin/samsung/telefon-mobil-samsung-galaxy-s22-ultra-5g-dual-sim-256gb-phantom-black/161108/?shape=Foarte%20bun', 'photo': 'https://cdn.flip.ro/device-images/samsung_galaxy-s22-ultra-5g-dual-sim_phantom-black_sell_mip@_320.jpg'}
2023-12-15 17:30:23 [scrapy] DEBUG: Scraped from <200 https://flip.ro/magazin/samsung/?modelType=Telefoane>
{'name': 'Samsung Galaxy S22 5G Dual Sim, 128 GB, Phantom Black ', 'price': '2.159', 'link': 'https://flip.ro/magazin/samsung/telefon-mobil-samsung-galaxy-s22-5g-dual-sim-128gb-phantom-black/161063/?shape=Foarte%20bun', 'photo': 'https://cdn.flip.ro/device-images/samsung_galaxy-s22-5g-dual-sim_phantom-black_sell_mip@_320.jpg'}
2023-12-15 17:30:23 [scrapy] DEBUG: Scraped from <200 https://flip.ro/magazin/samsung/?modelType=Telefoane>
{'name': 'Samsung Galaxy S22 Plus 5G Dual Sim, 256 GB, Phantom White ', 'price': '2.899', 'link': 'https://flip.ro/magazin/samsung/telefon-mobil-samsung-galaxy-s22-plus-5g-dual-sim-256gb-phantom-white/161082/?shape=Foarte%20bun', 'photo': 'https://cdn.flip.ro/device-images/samsung_galaxy-s22-plus-5g-dual-sim_phantom-white_sell_mip@_320.jpg'}
2023-12-15 17:30:23 [scrapy] DEBUG: Scraped from <200 https://flip.ro/magazin/samsung/?modelType=Telefoane>
{'name': 'Samsung Galaxy S22 Plus 5G Dual Sim, 256 GB, Pink Gold ', 'price': '2.999', 'link': 'https://flip.ro/magazin/samsung/telefon-mobil-samsung-galaxy-s22-plus-5g-dual-sim-256gb-pink-gold/161085/?shape=Ca%20nou', 'photo': 'https://cdn.flip.ro/device-images/samsung_galaxy-s22-plus-5g-dual-sim_pink-gold_sell_mip@_320.jpg'}
2023-12-15 17:30:23 [scrapy] DEBUG: Scraped from <200 https://flip.ro/magazin/samsung/?modelType=Telefoane>
{'name': 'Samsung Galaxy S22 Ultra 5G Dual Sim, 256 GB, Burgundy ', 'price': '3.599', 'link': 'https://flip.ro/magazin/samsung/telefon-mobil-samsung-galaxy-s22-ultra-5g-dual-sim-256gb-burgundy/161106/?shape=Foarte%20bun', 'photo': 'https://cdn.flip.ro/device-images/samsung_galaxy-s22-ultra-5g-dual-sim_burgundy_sell_mip@_320.jpg'}
2023-12-15 17:30:23 [scrapy] DEBUG: Crawled (200) <GET https://mediagalaxy.ro/telefoane/cpl/filtru/in-stoc-5182/in-stoc/brand-3334/samsung/> (referer: None)
2023-12-15 17:30:24 [scrapy] DEBUG: Scraped from <200 https://mediagalaxy.ro/telefoane/cpl/filtru/in-stoc-5182/in-stoc/brand-3334/samsung/>
{'name': 'Telefon SAMSUNG Galaxy S22 5G, 256GB, 8GB, RAM, Dual SIM, Phantom Black', 'price': '3.099', 'link': 'https://mediagalaxy.ro/telefon-samsung-galaxy-s22-5g-256gb-8gb-ram-dual-sim-phantom-black/cpd/SMTS222BK/', 'photo': 'https://lcdn.mediagalaxy.ro/resize/media/catalog/product/T/e/16fa6a9aef7ffd6209d5fd9338ffa0b1/Telefon_SAMSUNG_Galaxy_S22_5G_256GB_8GB_RAM_Dual_SIM_Phantom_Black_5_.jpg'}
2023-12-15 17:30:24 [scrapy] DEBUG: Crawled (200) <GET https://mediagalaxy.ro/telefoane/cpl/filtru/in-stoc-5182/in-stoc/brand-3334/samsung/p/2/> (referer: https://mediagalaxy.ro/telefoane/cpl/filtru/in-stoc-5182/in-stoc/brand-3334/samsung/)
2023-12-15 17:30:25 [scrapy] DEBUG: Crawled (200) <GET https://altex.ro/telefoane/cpl/filtru/in-stoc-5182/in-stoc/brand-3334/samsung/> (referer: None)
2023-12-15 17:30:25 [scrapy] DEBUG: Scraped from <200 https://altex.ro/telefoane/cpl/filtru/in-stoc-5182/in-stoc/brand-3334/samsung/>
{'name': 'Telefon SAMSUNG Galaxy S22 5G, 256GB, 8GB, RAM, Dual SIM, Phantom Black', 'price': '3.099', 'link': 'https://altex.ro/telefon-samsung-galaxy-s22-5g-256gb-8gb-ram-dual-sim-phantom-black/cpd/SMTS222BK/', 'photo': 'https://lcdn.altex.ro/resize/media/catalog/product/T/e/16fa6a9aef7ffd6209d5fd9338ffa0b1/Telefon_SAMSUNG_Galaxy_S22_5G_256GB_8GB_RAM_Dual_SIM_Phantom_Black_5_.jpg'}
2023-12-15 17:30:25 [scrapy] DEBUG: Crawled (200) <GET https://www.flanco.ro/telefoane-tablete/smartphone/filtre/brand/samsung.html> (referer: None)
2023-12-15 17:30:25 [scrapy] DEBUG: Scraped from <200 https://www.flanco.ro/telefoane-tablete/smartphone/filtre/brand/samsung.html>
{'name': 'Telefon mobil Samsung Galaxy S22, 128GB, 8GB RAM, 5G, Dual SIM, Phantom Black', 'price': '3.099', 'link': 'https://www.flanco.ro/telefon-mobil-samsung-galaxy-s22-128gb-8gb-ram-5g-dual-sim-phantom-black.html', 'photo': 'https://www.flanco.ro/media/catalog/product/cache/3869290ebce25e2f88fbb249726321d7/t/e/telefon_samsung_galaxy_s22_5g_128gb_8gb_black_1_1.jpg'}
2023-12-15 17:30:25 [scrapy] DEBUG: Crawled (200) <GET https://mediagalaxy.ro/telefoane/cpl/filtru/in-stoc-5182/in-stoc/brand-3334/samsung/p/1/> (referer: https://mediagalaxy.ro/telefoane/cpl/filtru/in-stoc-5182/in-stoc/brand-3334/samsung/p/2/)
2023-12-15 17:30:25 [scrapy] DEBUG: Scraped from <200 https://mediagalaxy.ro/telefoane/cpl/filtru/in-stoc-5182/in-stoc/brand-3334/samsung/p/1/>
{'name': 'Telefon SAMSUNG Galaxy S22 5G, 256GB, 8GB, RAM, Dual SIM, Phantom Black', 'price': '3.099', 'link': 'https://mediagalaxy.ro/telefon-samsung-galaxy-s22-5g-256gb-8gb-ram-dual-sim-phantom-black/cpd/SMTS222BK/', 'photo': 'https://lcdn.mediagalaxy.ro/resize/media/catalog/product/T/e/16fa6a9aef7ffd6209d5fd9338ffa0b1/Telefon_SAMSUNG_Galaxy_S22_5G_256GB_8GB_RAM_Dual_SIM_Phantom_Black_5_.jpg'}
2023-12-15 17:30:26 [scrapy] DEBUG: Filtered duplicate request: <GET https://mediagalaxy.ro/telefoane/cpl/filtru/in-stoc-5182/in-stoc/brand-3334/samsung/p/2/> - no more duplicates will be shown (see DUPEFILTER_DEBUG to show all duplicates)
2023-12-15 17:30:29 [scrapy] DEBUG: Crawled (200) <GET https://altex.ro/telefoane/cpl/filtru/in-stoc-5182/in-stoc/brand-3334/samsung/p/2/> (referer: https://altex.ro/telefoane/cpl/filtru/in-stoc-5182/in-stoc/brand-3334/samsung/)
2023-12-15 17:30:31 [scrapy] DEBUG: Crawled (200) <GET https://altex.ro/telefoane/cpl/filtru/in-stoc-5182/in-stoc/brand-3334/samsung/p/1/> (referer: https://altex.ro/telefoane/cpl/filtru/in-stoc-5182/in-stoc/brand-3334/samsung/p/2/)
2023-12-15 17:30:32 [scrapy] DEBUG: Scraped from <200 https://altex.ro/telefoane/cpl/filtru/in-stoc-5182/in-stoc/brand-3334/samsung/p/1/>
{'name': 'Telefon SAMSUNG Galaxy S22 5G, 256GB, 8GB, RAM, Dual SIM, Phantom Black', 'price': '3.099', 'link': 'https://altex.ro/telefon-samsung-galaxy-s22-5g-256gb-8gb-ram-dual-sim-phantom-black/cpd/SMTS222BK/', 'photo': 'https://lcdn.altex.ro/resize/media/catalog/product/T/e/16fa6a9aef7ffd6209d5fd9338ffa0b1/Telefon_SAMSUNG_Galaxy_S22_5G_256GB_8GB_RAM_Dual_SIM_Phantom_Black_5_.jpg'}
2023-12-15 17:30:32 [scrapy] INFO: Closing spider (finished)
2023-12-15 17:30:32 [scrapy] INFO: Dumping Scrapy stats:
{'downloader/request_bytes': 7104,
 'downloader/request_count': 14,
 'downloader/request_method_count/GET': 14,
 'downloader/response_bytes': 949363,
 'downloader/response_count': 14,
 'downloader/response_status_count/200': 14,
 'dupefilter/filtered': 2,
 'elapsed_time_seconds': 9.378503,
 'finish_reason': 'finished',
 'finish_time': datetime.datetime(2023, 12, 15, 15, 30, 32, 43496, tzinfo=datetime.timezone.utc),
 'httpcompression/response_bytes': 8544663,
 'httpcompression/response_count': 13,
 'item_scraped_count': 14,
 'log_count/DEBUG': 29,
 'log_count/INFO': 7,
 'request_depth_max': 3,
 'response_received_count': 14,
 'robotstxt/request_count': 5,
 'robotstxt/response_count': 5,
 'robotstxt/response_status_count/200': 5,
 'scheduler/dequeued': 9,
 'scheduler/dequeued/memory': 9,
 'scheduler/enqueued': 9,
 'scheduler/enqueued/memory': 9,
 'start_time': datetime.datetime(2023, 12, 15, 15, 30, 22, 664993, tzinfo=datetime.timezone.utc)}
2023-12-15 17:30:32 [scrapy] INFO: Spider closed (finished)
