2023-12-09 15:53:53 [scrapy] DEBUG: Crawled (200) <GET https://mediagalaxy.ro/robots.txt> (referer: None)
2023-12-09 15:53:53 [scrapy] DEBUG: Crawled (200) <GET https://www.evomag.ro/robots.txt> (referer: None)
2023-12-09 15:53:53 [scrapy] DEBUG: Crawled (200) <GET https://www.flanco.ro/robots.txt> (referer: None)
2023-12-09 15:53:53 [scrapy] DEBUG: Crawled (200) <GET https://flip.ro/robots.txt> (referer: None)
2023-12-09 15:53:53 [scrapy] DEBUG: Crawled (803) <GET https://www.evomag.ro/telefoane-tablete-accesorii-telefoane/realme/> (referer: None)
2023-12-09 15:53:53 [scrapy] DEBUG: Crawled (200) <GET https://www.flanco.ro/telefoane-tablete/smartphone/filtre/brand/realme.html> (referer: None)
2023-12-09 15:53:53 [scrapy] INFO: Ignoring response <803 https://www.evomag.ro/telefoane-tablete-accesorii-telefoane/realme/>: HTTP status code is not handled or not allowed
2023-12-09 15:53:53 [scrapy] DEBUG: Crawled (200) <GET https://mediagalaxy.ro/telefoane/cpl/filtru/in-stoc-5182/in-stoc/brand-3334/realme/> (referer: None)
2023-12-09 15:53:53 [scrapy] DEBUG: Scraped from <200 https://mediagalaxy.ro/telefoane/cpl/filtru/in-stoc-5182/in-stoc/brand-3334/realme/>
{'name': 'Telefon REALME C55, 256GB, 8GB RAM, Dual SIM, Rainy Night', 'price': '879', 'link': 'https://mediagalaxy.ro/telefon-realme-c55-256gb-8gb-ram-dual-sim-rainy-night/cpd/SMTRLMC552RN/', 'photo': 'https://lcdn.mediagalaxy.ro/resize/media/catalog/product/r/e/16fa6a9aef7ffd6209d5fd9338ffa0b1/realme_c55_black_1d44a5cb.jpg'}
2023-12-09 15:53:53 [scrapy] DEBUG: Scraped from <200 https://mediagalaxy.ro/telefoane/cpl/filtru/in-stoc-5182/in-stoc/brand-3334/realme/>
{'name': 'Telefon REALME C55, 256GB, 8GB RAM, Dual SIM, Sunshower', 'price': '879', 'link': 'https://mediagalaxy.ro/telefon-realme-c55-256gb-8gb-ram-dual-sim-sunshower/cpd/SMTRLMC552SS/', 'photo': 'https://lcdn.mediagalaxy.ro/resize/media/catalog/product/t/e/16fa6a9aef7ffd6209d5fd9338ffa0b1/telefon_realme_c55_sunshower_1__3efe04dd.jpg'}
2023-12-09 15:53:53 [scrapy] DEBUG: Scraped from <200 https://mediagalaxy.ro/telefoane/cpl/filtru/in-stoc-5182/in-stoc/brand-3334/realme/>
{'name': 'Telefon REALME C55, 128GB, 6GB RAM, Dual SIM, Rainy Night', 'price': '849', 'link': 'https://mediagalaxy.ro/telefon-realme-c55-128gb-6gb-ram-dual-sim-rainy-night/cpd/SMTRLMC551RN/', 'photo': 'https://lcdn.mediagalaxy.ro/resize/media/catalog/product/r/e/16fa6a9aef7ffd6209d5fd9338ffa0b1/realme_c55_black_1d44a5cb.jpg'}
2023-12-09 15:53:53 [scrapy] DEBUG: Scraped from <200 https://mediagalaxy.ro/telefoane/cpl/filtru/in-stoc-5182/in-stoc/brand-3334/realme/>
{'name': 'Telefon REALME C55, 128GB, 6GB RAM, Dual SIM, Sunshower', 'price': '749', 'link': 'https://mediagalaxy.ro/telefon-realme-c55-128gb-6gb-ram-dual-sim-sunshower/cpd/SMTRLMC551SS/', 'photo': 'https://lcdn.mediagalaxy.ro/resize/media/catalog/product/t/e/16fa6a9aef7ffd6209d5fd9338ffa0b1/telefon_realme_c55_sunshower_1__3efe04dd.jpg'}
2023-12-09 15:53:53 [scrapy] DEBUG: Crawled (200) <GET https://flip.ro/magazin/realme/?modelType=Telefoane> (referer: None)
2023-12-09 15:53:55 [scrapy] DEBUG: Crawled (200) <GET https://altex.ro/robots.txt> (referer: None)
2023-12-09 15:53:55 [scrapy] DEBUG: Crawled (200) <GET https://altex.ro/telefoane/cpl/filtru/in-stoc-5182/in-stoc/brand-3334/realme/> (referer: None)
2023-12-09 15:53:55 [scrapy] DEBUG: Scraped from <200 https://altex.ro/telefoane/cpl/filtru/in-stoc-5182/in-stoc/brand-3334/realme/>
{'name': 'Telefon REALME C55, 256GB, 8GB RAM, Dual SIM, Sunshower', 'price': '1.099', 'link': 'https://altex.ro/telefon-realme-c55-256gb-8gb-ram-dual-sim-sunshower/cpd/SMTRLMC552SS/', 'photo': 'https://lcdn.altex.ro/resize/media/catalog/product/t/e/16fa6a9aef7ffd6209d5fd9338ffa0b1/telefon_realme_c55_sunshower_1__3efe04dd.jpg'}
2023-12-09 15:53:55 [scrapy] DEBUG: Scraped from <200 https://altex.ro/telefoane/cpl/filtru/in-stoc-5182/in-stoc/brand-3334/realme/>
{'name': 'Telefon REALME C55, 128GB, 6GB RAM, Dual SIM, Sunshower', 'price': '949', 'link': 'https://altex.ro/telefon-realme-c55-128gb-6gb-ram-dual-sim-sunshower/cpd/SMTRLMC551SS/', 'photo': 'https://lcdn.altex.ro/resize/media/catalog/product/t/e/16fa6a9aef7ffd6209d5fd9338ffa0b1/telefon_realme_c55_sunshower_1__3efe04dd.jpg'}
2023-12-09 15:53:55 [scrapy] DEBUG: Scraped from <200 https://altex.ro/telefoane/cpl/filtru/in-stoc-5182/in-stoc/brand-3334/realme/>
{'name': 'Telefon REALME C55, 256GB, 8GB RAM, Dual SIM, Rainy Night', 'price': '1.099', 'link': 'https://altex.ro/telefon-realme-c55-256gb-8gb-ram-dual-sim-rainy-night/cpd/SMTRLMC552RN/', 'photo': 'https://lcdn.altex.ro/resize/media/catalog/product/r/e/16fa6a9aef7ffd6209d5fd9338ffa0b1/realme_c55_black_1d44a5cb.jpg'}
2023-12-09 15:53:55 [scrapy] DEBUG: Scraped from <200 https://altex.ro/telefoane/cpl/filtru/in-stoc-5182/in-stoc/brand-3334/realme/>
{'name': 'Telefon REALME C55, 128GB, 6GB RAM, Dual SIM, Rainy Night', 'price': '949', 'link': 'https://altex.ro/telefon-realme-c55-128gb-6gb-ram-dual-sim-rainy-night/cpd/SMTRLMC551RN/', 'photo': 'https://lcdn.altex.ro/resize/media/catalog/product/r/e/16fa6a9aef7ffd6209d5fd9338ffa0b1/realme_c55_black_1d44a5cb.jpg'}
2023-12-09 15:53:55 [scrapy] INFO: Closing spider (finished)
2023-12-09 15:53:55 [scrapy] INFO: Dumping Scrapy stats:
{'downloader/request_bytes': 2423,
 'downloader/request_count': 10,
 'downloader/request_method_count/GET': 10,
 'downloader/response_bytes': 397238,
 'downloader/response_count': 10,
 'downloader/response_status_count/200': 9,
 'downloader/response_status_count/803': 1,
 'elapsed_time_seconds': 2.826051,
 'finish_reason': 'finished',
 'finish_time': datetime.datetime(2023, 12, 9, 13, 53, 55, 800491, tzinfo=datetime.timezone.utc),
 'httpcompression/response_bytes': 2764797,
 'httpcompression/response_count': 8,
 'httperror/response_ignored_count': 1,
 'httperror/response_ignored_status_count/803': 1,
 'item_scraped_count': 8,
 'log_count/DEBUG': 18,
 'log_count/INFO': 8,
 'response_received_count': 10,
 'robotstxt/request_count': 5,
 'robotstxt/response_count': 5,
 'robotstxt/response_status_count/200': 5,
 'scheduler/dequeued': 5,
 'scheduler/dequeued/memory': 5,
 'scheduler/enqueued': 5,
 'scheduler/enqueued/memory': 5,
 'start_time': datetime.datetime(2023, 12, 9, 13, 53, 52, 974440, tzinfo=datetime.timezone.utc)}
2023-12-09 15:53:55 [scrapy] INFO: Spider closed (finished)
