2023-12-05 15:32:13 [scrapy] DEBUG: Crawled (200) <GET https://www.evomag.ro/robots.txt> (referer: None)
2023-12-05 15:32:13 [scrapy] DEBUG: Crawled (200) <GET https://www.evomag.ro/telefoane-tablete-accesorii-telefoane/samsung/> (referer: None)
2023-12-05 15:32:14 [scrapy] DEBUG: Scraped from <200 https://www.evomag.ro/telefoane-tablete-accesorii-telefoane/samsung/>
{'title': 'Telefon Mobil Samsung Galaxy A54, Procesor Exynos 1380 Octa-Core, Super AMOLED touchscreen 6.4", 8GB RAM, 256GB Flash, Camera Tripla 50+12+5MP, Wi-Fi, 5G, Dual Sim, Android (Negru)', 'link': 'https://www.evomag.ro/telefoane-tablete-accesorii-telefoane/samsung-telefon-mobil-samsung-galaxy-a54-procesor-exynos-1380-octa-core-super-amoled-touchscreen-6.4-8gb-ram-256gb-flash-camera-tripla-50-12-5mp-wi-fi-5g-dual-sim-android-negru-4085498.html', 'price': '1.899,99 Lei'}
2023-12-05 15:32:14 [scrapy] DEBUG: Scraped from <200 https://www.evomag.ro/telefoane-tablete-accesorii-telefoane/samsung/>
{'title': 'Telefon Mobil Samsung Galaxy A54, Procesor Exynos 1380 Octa-Core, Super AMOLED touchscreen 6.4", 8GB RAM, 128GB Flash, Camera Tripla 50+12+5MP, Wi-Fi, 5G, Dual Sim, Android (Negru)', 'link': 'https://www.evomag.ro/telefoane-tablete-accesorii-telefoane/samsung-telefon-mobil-samsung-galaxy-a54-procesor-exynos-1380-octa-core-super-amoled-touchscreen-6.4-8gb-ram-128gb-flash-camera-tripla-50-12-5mp-wi-fi-5g-dual-sim-android-negru-4085494.html', 'price': '1.760,99 Lei'}
2023-12-05 15:32:14 [scrapy] INFO: Closing spider (finished)
2023-12-05 15:32:14 [scrapy] INFO: Dumping Scrapy stats:
{'downloader/request_bytes': 484,
 'downloader/request_count': 2,
 'downloader/request_method_count/GET': 2,
 'downloader/response_bytes': 66125,
 'downloader/response_count': 2,
 'downloader/response_status_count/200': 2,
 'elapsed_time_seconds': 0.457354,
 'finish_reason': 'finished',
 'finish_time': datetime.datetime(2023, 12, 5, 13, 32, 14, 189797, tzinfo=datetime.timezone.utc),
 'httpcompression/response_bytes': 503138,
 'httpcompression/response_count': 2,
 'item_scraped_count': 2,
 'log_count/DEBUG': 4,
 'log_count/INFO': 7,
 'response_received_count': 2,
 'robotstxt/request_count': 1,
 'robotstxt/response_count': 1,
 'robotstxt/response_status_count/200': 1,
 'scheduler/dequeued': 1,
 'scheduler/dequeued/memory': 1,
 'scheduler/enqueued': 1,
 'scheduler/enqueued/memory': 1,
 'start_time': datetime.datetime(2023, 12, 5, 13, 32, 13, 732443, tzinfo=datetime.timezone.utc)}
2023-12-05 15:32:14 [scrapy] INFO: Spider closed (finished)
