2023-12-05 13:03:11 [scrapy] DEBUG: Crawled (200) <GET https://altex.ro/robots.txt> (referer: None)
2023-12-05 13:03:11 [scrapy] DEBUG: Crawled (200) <GET https://mediagalaxy.ro/robots.txt> (referer: None)
2023-12-05 13:03:11 [scrapy] DEBUG: Crawled (200) <GET https://www.flanco.ro/robots.txt> (referer: None)
2023-12-05 13:03:12 [scrapy] DEBUG: Crawled (200) <GET https://www.evomag.ro/robots.txt> (referer: None)
2023-12-05 13:03:12 [scrapy] DEBUG: Crawled (803) <GET https://www.evomag.ro/telefoane-tablete-accesorii-telefoane/samsung/> (referer: None)
2023-12-05 13:03:12 [scrapy] DEBUG: Crawled (200) <GET https://www.flanco.ro/telefoane-tablete/smartphone/filtre/brand/samsung.html> (referer: None)
2023-12-05 13:03:12 [scrapy] DEBUG: Crawled (200) <GET https://flip.ro/robots.txt> (referer: None)
2023-12-05 13:03:12 [scrapy] INFO: Ignoring response <803 https://www.evomag.ro/telefoane-tablete-accesorii-telefoane/samsung/>: HTTP status code is not handled or not allowed
2023-12-05 13:03:12 [scrapy] DEBUG: Scraped from <200 https://www.flanco.ro/telefoane-tablete/smartphone/filtre/brand/samsung.html>
{'name': 'Telefon mobil Samsung Galaxy S23, 128GB, 8GB, Dual SIM, Phantom Black', 'price': '4.699,', 'link': 'https://www.flanco.ro/telefon-mobil-samsung-galaxy-s23-128gb-8gb-dual-sim-phantom-black.html'}
2023-12-05 13:03:12 [scrapy] DEBUG: Scraped from <200 https://www.flanco.ro/telefoane-tablete/smartphone/filtre/brand/samsung.html>
{'name': 'Telefon mobil Samsung Galaxy S23, 256GB, 8GB, Dual SIM, Phantom Black', 'price': '4.999,', 'link': 'https://www.flanco.ro/telefon-mobil-samsung-galaxy-s23-256gb-8gb-dual-sim-phantom-black.html'}
2023-12-05 13:03:12 [scrapy] DEBUG: Scraped from <200 https://www.flanco.ro/telefoane-tablete/smartphone/filtre/brand/samsung.html>
{'name': 'Telefon mobil Samsung Galaxy S23 Plus, 256GB, 8GB, Dual SIM, Phantom Black', 'price': '5.949,', 'link': 'https://www.flanco.ro/telefon-mobil-samsung-galaxy-s23plus-256gb-8gb-dual-sim-phantom-black.html'}
2023-12-05 13:03:12 [scrapy] DEBUG: Forbidden by robots.txt: <GET https://www.flanco.ro/telefoane-tablete/smartphone/filtre/brand/samsung/p/2.html>
2023-12-05 13:03:12 [scrapy] DEBUG: Crawled (200) <GET https://mediagalaxy.ro/telefoane/cpl/filtru/in-stoc-5182/in-stoc/brand-3334/samsung/model-8071/galaxy-s23/> (referer: None)
2023-12-05 13:03:12 [scrapy] DEBUG: Scraped from <200 https://mediagalaxy.ro/telefoane/cpl/filtru/in-stoc-5182/in-stoc/brand-3334/samsung/model-8071/galaxy-s23/>
{'name': 'Telefon SAMSUNG Galaxy S23 5G, 256GB, 8GB RAM, Dual SIM, Phantom Black', 'price': '3.399', 'link': 'https://mediagalaxy.ro/telefon-samsung-galaxy-s23-5g-256gb-8gb-ram-dual-sim-phantom-black/cpd/SMTS232BK/'}
2023-12-05 13:03:12 [scrapy] DEBUG: Crawled (200) <GET https://flip.ro/magazin/samsung/?modelType=Telefoane> (referer: None)
2023-12-05 13:03:12 [scrapy] DEBUG: Scraped from <200 https://flip.ro/magazin/samsung/?modelType=Telefoane>
{'name': 'Samsung Galaxy S23 Ultra 5G Dual Sim, 512 GB, Lavender ', 'price': '4.869', 'link': 'https://flip.ro/magazin/samsung/telefon-mobil-samsung-galaxy-s23-ultra-5g-dual-sim-512gb-lavender/75239574/?shape=Ca%20nou'}
2023-12-05 13:03:13 [scrapy] DEBUG: Scraped from <200 https://flip.ro/magazin/samsung/?modelType=Telefoane>
{'name': 'Samsung Galaxy S23 5G Dual Sim, 256 GB, Phantom Black ', 'price': '3.159', 'link': 'https://flip.ro/magazin/samsung/telefon-mobil-samsung-galaxy-s23-5g-dual-sim-256gb-phantom-black/75237219/?shape=Ca%20nou'}
2023-12-05 13:03:13 [scrapy] DEBUG: Scraped from <200 https://flip.ro/magazin/samsung/?modelType=Telefoane>
{'name': 'Samsung Galaxy S23 Ultra 5G Dual Sim, 1 TB, Cream ', 'price': '6.039', 'link': 'https://flip.ro/magazin/samsung/telefon-mobil-samsung-galaxy-s23-ultra-5g-dual-sim-1tb-cream/75239569/?shape=Ca%20nou'}
2023-12-05 13:03:13 [scrapy] DEBUG: Scraped from <200 https://flip.ro/magazin/samsung/?modelType=Telefoane>
{'name': 'Samsung Galaxy S23 Ultra 5G Dual Sim, 1 TB, Green ', 'price': '6.039', 'link': 'https://flip.ro/magazin/samsung/telefon-mobil-samsung-galaxy-s23-ultra-5g-dual-sim-1tb-green/75239572/?shape=Ca%20nou'}
2023-12-05 13:03:13 [scrapy] DEBUG: Crawled (200) <GET https://altex.ro/telefoane/cpl/filtru/in-stoc-5182/in-stoc/brand-3334/samsung/model-8071/galaxy-s23/> (referer: None)
2023-12-05 13:03:13 [scrapy] DEBUG: Scraped from <200 https://altex.ro/telefoane/cpl/filtru/in-stoc-5182/in-stoc/brand-3334/samsung/model-8071/galaxy-s23/>
{'name': 'Telefon SAMSUNG Galaxy S23 5G, 256GB, 8GB RAM, Dual SIM, Phantom Black', 'price': '3.399', 'link': 'https://altex.ro/telefon-samsung-galaxy-s23-5g-256gb-8gb-ram-dual-sim-phantom-black/cpd/SMTS232BK/'}
2023-12-05 13:03:13 [scrapy] INFO: Closing spider (finished)
2023-12-05 13:03:13 [scrapy] INFO: Dumping Scrapy stats:
{'downloader/exception_count': 1,
 'downloader/exception_type_count/scrapy.exceptions.IgnoreRequest': 1,
 'downloader/request_bytes': 2472,
 'downloader/request_count': 10,
 'downloader/request_method_count/GET': 10,
 'downloader/response_bytes': 392109,
 'downloader/response_count': 10,
 'downloader/response_status_count/200': 9,
 'downloader/response_status_count/803': 1,
 'elapsed_time_seconds': 1.902936,
 'finish_reason': 'finished',
 'finish_time': datetime.datetime(2023, 12, 5, 11, 3, 13, 749941, tzinfo=datetime.timezone.utc),
 'httpcompression/response_bytes': 2950955,
 'httpcompression/response_count': 8,
 'httperror/response_ignored_count': 1,
 'httperror/response_ignored_status_count/803': 1,
 'item_scraped_count': 9,
 'log_count/DEBUG': 20,
 'log_count/INFO': 8,
 'request_depth_max': 1,
 'response_received_count': 10,
 'robotstxt/forbidden': 1,
 'robotstxt/request_count': 5,
 'robotstxt/response_count': 5,
 'robotstxt/response_status_count/200': 5,
 'scheduler/dequeued': 6,
 'scheduler/dequeued/memory': 6,
 'scheduler/enqueued': 6,
 'scheduler/enqueued/memory': 6,
 'start_time': datetime.datetime(2023, 12, 5, 11, 3, 11, 847005, tzinfo=datetime.timezone.utc)}
2023-12-05 13:03:13 [scrapy] INFO: Spider closed (finished)
