2023-12-07 19:51:44 [scrapy] DEBUG: Crawled (200) <GET https://flip.ro/robots.txt> (referer: None)
2023-12-07 19:51:45 [scrapy] DEBUG: Crawled (200) <GET https://flip.ro/magazin/samsung/?modelType=Telefoane> (referer: None)
2023-12-07 19:51:45 [scrapy] DEBUG: Scraped from <200 https://flip.ro/magazin/samsung/?modelType=Telefoane>
{'name': 'Samsung Galaxy S23 Ultra 5G Dual Sim, 512 GB, Green ', 'price': '4.869', 'link': 'https://flip.ro/magazin/samsung/telefon-mobil-samsung-galaxy-s23-ultra-5g-dual-sim-512gb-green/75239571/?shape=Ca%20nou', 'photo': 'https://cdn.flip.ro/device-images/samsung_galaxy-s23-ultra-5g-dual-sim_green_sell_mip@_320.jpg'}
2023-12-07 19:51:45 [scrapy] DEBUG: Scraped from <200 https://flip.ro/magazin/samsung/?modelType=Telefoane>
{'name': 'Samsung Galaxy S23 Ultra 5G Dual Sim, 1 TB, Green ', 'price': '6.039', 'link': 'https://flip.ro/magazin/samsung/telefon-mobil-samsung-galaxy-s23-ultra-5g-dual-sim-1tb-green/75239572/?shape=Ca%20nou', 'photo': 'https://cdn.flip.ro/device-images/samsung_galaxy-s23-ultra-5g-dual-sim_green_sell_mip@_320.jpg'}
2023-12-07 19:51:45 [scrapy] INFO: Closing spider (finished)
2023-12-07 19:51:45 [scrapy] INFO: Dumping Scrapy stats:
{'downloader/request_bytes': 462,
 'downloader/request_count': 2,
 'downloader/request_method_count/GET': 2,
 'downloader/response_bytes': 138232,
 'downloader/response_count': 2,
 'downloader/response_status_count/200': 2,
 'elapsed_time_seconds': 1.887197,
 'finish_reason': 'finished',
 'finish_time': datetime.datetime(2023, 12, 7, 17, 51, 45, 887542, tzinfo=datetime.timezone.utc),
 'httpcompression/response_bytes': 636867,
 'httpcompression/response_count': 1,
 'item_scraped_count': 2,
 'log_count/DEBUG': 4,
 'log_count/INFO': 7,
 'response_received_count': 2,
 'robotstxt/request_count': 1,
 'robotstxt/response_count': 1,
 'robotstxt/response_status_count/200': 1,
 'scheduler/dequeued': 1,
 'scheduler/dequeued/memory': 1,
 'scheduler/enqueued': 1,
 'scheduler/enqueued/memory': 1,
 'start_time': datetime.datetime(2023, 12, 7, 17, 51, 44, 345, tzinfo=datetime.timezone.utc)}
2023-12-07 19:51:45 [scrapy] INFO: Spider closed (finished)
