2023-12-07 19:31:52 [scrapy] DEBUG: Crawled (200) <GET https://www.evomag.ro/robots.txt> (referer: None)
2023-12-07 19:31:52 [scrapy] DEBUG: Crawled (200) <GET https://www.evomag.ro/telefoane-tablete-accesorii-telefoane/apple/> (referer: None)
2023-12-07 19:31:52 [scrapy] DEBUG: Scraped from <200 https://www.evomag.ro/telefoane-tablete-accesorii-telefoane/apple/>
{'title': 'Telefon Mobil Apple iPhone 14, Super Retina XDR OLED 6.1", 128GB Flash, Camera Duala 12 + 12 MP, Wi-Fi, 5G, iOS (Alb)', 'link': 'https://www.evomag.ro/telefoane-tablete-accesorii-telefoane/apple-telefon-mobil-apple-iphone-14-super-retina-xdr-oled-6.1-128gb-flash-camera-duala-12-12-mp-wi-fi-5g-ios-alb-4003793.html', 'price': '3.799,99 Lei', 'photo': 'https://www.evomag.ro/upload/marketingCampaign/154/article_tag.png?1701969002'}
2023-12-07 19:31:52 [scrapy] DEBUG: Scraped from <200 https://www.evomag.ro/telefoane-tablete-accesorii-telefoane/apple/>
{'title': 'Telefon Mobil Apple iPhone 14 Pro Max, LTPO Super Retina XDR OLED 6.7", 512GB Flash, Camera Quad 48 + 12 + 12 MP + TOF 3D LiDAR, Wi-Fi, 5G, iOS (Auriu)', 'link': 'https://www.evomag.ro/telefoane-tablete-accesorii-telefoane/apple-telefon-mobil-apple-iphone-14-pro-max-ltpo-super-retina-xdr-oled-6.7-512gb-flash-camera-quad-48-12-12-mp-tof-3d-lidar-wi-fi-5g-ios-auriu-4003920.html', 'price': '6.999,99 Lei', 'photo': 'https://www.evomag.ro/upload/marketingCampaign/154/article_tag.png?1701969002'}
2023-12-07 19:31:52 [scrapy] DEBUG: Scraped from <200 https://www.evomag.ro/telefoane-tablete-accesorii-telefoane/apple/>
{'title': 'Telefon Mobil Apple iPhone 14 Plus, Super Retina XDR OLED 6.7", 128GB Flash, Camera Duala 12 + 12 MP, Wi-Fi, 5G, iOS (Rosu)', 'link': 'https://www.evomag.ro/telefoane-tablete-accesorii-telefoane/apple-telefon-mobil-apple-iphone-14-plus-super-retina-xdr-oled-6.7-128gb-flash-camera-duala-12-12-mp-wi-fi-5g-ios-rosu-4003883.html', 'price': '4.299,99 Lei', 'photo': 'https://www.evomag.ro/upload/marketingCampaign/154/article_tag.png?1701969002'}
2023-12-07 19:31:52 [scrapy] DEBUG: Scraped from <200 https://www.evomag.ro/telefoane-tablete-accesorii-telefoane/apple/>
{'title': 'Telefon Mobil Apple iPhone 14 Pro Max, LTPO Super Retina XDR OLED 6.7", 128GB Flash, Camera Quad 48 + 12 + 12 MP + TOF 3D LiDAR, Wi-Fi, 5G, iOS (Auriu)', 'link': 'https://www.evomag.ro/telefoane-tablete-accesorii-telefoane/apple-telefon-mobil-apple-iphone-14-pro-max-ltpo-super-retina-xdr-oled-6.7-128gb-flash-camera-quad-48-12-12-mp-tof-3d-lidar-wi-fi-5g-ios-auriu-4003912.html', 'price': '6.266,99 Lei', 'photo': 'https://static3.evomag.ro/img?file=products%2F4003%2F4003912%2Ftelefon-mobil-apple-iphone-14-63341c2449733.JPG&height=150&extend=white'}
2023-12-07 19:31:52 [scrapy] DEBUG: Scraped from <200 https://www.evomag.ro/telefoane-tablete-accesorii-telefoane/apple/>
{'title': 'Telefon Mobil Apple iPhone 14, Super Retina XDR OLED 6.1", 256GB Flash, Camera Duala 12 + 12 MP, Wi-Fi, 5G, iOS (Violet)', 'link': 'https://www.evomag.ro/telefoane-tablete-accesorii-telefoane/apple-telefon-mobil-apple-iphone-14-super-retina-xdr-oled-6.1-256gb-flash-camera-duala-12-12-mp-wi-fi-5g-ios-violet-4003795.html', 'price': '4.569,99 Lei', 'photo': 'https://static3.evomag.ro/img?file=products%2F4003%2F4003795%2Fapple-iphone-14-512gb-purple-63208902a5db5.JPG&height=150&extend=white'}
2023-12-07 19:31:52 [scrapy] DEBUG: Scraped from <200 https://www.evomag.ro/telefoane-tablete-accesorii-telefoane/apple/>
{'title': 'Telefon Mobil Apple iPhone 14 Pro, LTPO Super Retina XDR OLED 6.1", 256GB Flash, Camera Quad 48 + 12 + 12 MP + TOF 3D LiDAR, Wi-Fi, 5G, iOS (Violet)', 'link': 'https://www.evomag.ro/telefoane-tablete-accesorii-telefoane/apple-telefon-mobil-apple-iphone-14-pro-ltpo-super-retina-xdr-oled-6.1-256gb-flash-camera-quad-48-12-12-mp-tof-3d-lidar-wi-fi-5g-ios-violet-4003906.html', 'price': '6.266,99 Lei', 'photo': 'https://static3.evomag.ro/img?file=products%2F4003%2F4003906%2Ftelefon-mobil-apple-iphone-14-633421fe6866c.JPG&height=150&extend=white'}
2023-12-07 19:31:52 [scrapy] DEBUG: Scraped from <200 https://www.evomag.ro/telefoane-tablete-accesorii-telefoane/apple/>
{'title': 'Telefon Mobil Apple iPhone 14 Pro, LTPO Super Retina XDR OLED 6.1", 256GB Flash, Camera Quad 48 + 12 + 12 MP + TOF 3D LiDAR, Wi-Fi, 5G, iOS (Negru)', 'link': 'https://www.evomag.ro/telefoane-tablete-accesorii-telefoane/apple-telefon-mobil-apple-iphone-14-pro-ltpo-super-retina-xdr-oled-6.1-256gb-flash-camera-quad-48-12-12-mp-tof-3d-lidar-wi-fi-5g-ios-negru-4003900.html', 'price': '6.299,99 Lei', 'photo': 'https://static3.evomag.ro/img?file=products%2F4003%2F4003900%2Ftelefon-mobil-apple-iphone-14-63342a35f3128.JPG&height=150&extend=white'}
2023-12-07 19:31:52 [scrapy] DEBUG: Scraped from <200 https://www.evomag.ro/telefoane-tablete-accesorii-telefoane/apple/>
{'title': 'Telefon Mobil Apple iPhone 14 Pro, LTPO Super Retina XDR OLED 6.1", 512GB Flash, Camera Quad 48 + 12 + 12 MP + TOF 3D LiDAR, Wi-Fi, 5G, iOS (Violet)', 'link': 'https://www.evomag.ro/telefoane-tablete-accesorii-telefoane/apple-telefon-mobil-apple-iphone-14-pro-ltpo-super-retina-xdr-oled-6.1-512gb-flash-camera-quad-48-12-12-mp-tof-3d-lidar-wi-fi-5g-ios-violet-4003907.html', 'price': '6.599,99 Lei', 'photo': 'https://static3.evomag.ro/img?file=products%2F4003%2F4003907%2Ftelefon-mobil-apple-iphone-14-633421fe6866c.JPG&height=150&extend=white'}
2023-12-07 19:31:52 [scrapy] DEBUG: Scraped from <200 https://www.evomag.ro/telefoane-tablete-accesorii-telefoane/apple/>
{'title': 'Telefon Mobil Apple iPhone 14 Pro, LTPO Super Retina XDR OLED 6.1", 512GB Flash, Camera Quad 48 + 12 + 12 MP + TOF 3D LiDAR, Wi-Fi, 5G, iOS (Negru)', 'link': 'https://www.evomag.ro/telefoane-tablete-accesorii-telefoane/apple-telefon-mobil-apple-iphone-14-pro-ltpo-super-retina-xdr-oled-6.1-512gb-flash-camera-quad-48-12-12-mp-tof-3d-lidar-wi-fi-5g-ios-negru-4003901.html', 'price': '6.799,99 Lei', 'photo': 'https://static3.evomag.ro/img?file=products%2F4003%2F4003901%2Ftelefon-mobil-apple-iphone-14-63342a35f3128.JPG&height=150&extend=white'}
2023-12-07 19:31:52 [scrapy] DEBUG: Scraped from <200 https://www.evomag.ro/telefoane-tablete-accesorii-telefoane/apple/>
{'title': 'Telefon Mobil Apple iPhone 14, Super Retina XDR OLED 6.1", 128GB Flash, Camera Duala 12 + 12 MP, Wi-Fi, 5G, iOS (Albastru)', 'link': 'https://www.evomag.ro/telefoane-tablete-accesorii-telefoane/apple-telefon-mobil-apple-iphone-14-super-retina-xdr-oled-6.1-128gb-flash-camera-duala-12-12-mp-wi-fi-5g-ios-albastru-4003768.html', 'price': '3.799,99 Lei', 'photo': 'https://static3.evomag.ro/img?file=products%2F4003%2F4003768%2Fapple-iphone-14-512gb-blue-6320891ed24fe.JPG&height=150&extend=white'}
2023-12-07 19:31:52 [scrapy] DEBUG: Scraped from <200 https://www.evomag.ro/telefoane-tablete-accesorii-telefoane/apple/>
{'title': 'Telefon Mobil Apple iPhone 14 Plus, Super Retina XDR OLED 6.7", 128GB Flash, Camera Duala 12 + 12 MP, Wi-Fi, 5G, iOS (Albastru)', 'link': 'https://www.evomag.ro/telefoane-tablete-accesorii-telefoane/apple-telefon-mobil-apple-iphone-14-plus-super-retina-xdr-oled-6.7-128gb-flash-camera-duala-12-12-mp-wi-fi-5g-ios-albastru-4003797.html', 'price': '4.379,99 Lei', 'photo': 'https://static3.evomag.ro/img?file=products%2F4003%2F4003797%2Fapple-iphone-14-plus-512gb-blu-63208443a2857.JPG&height=150&extend=white'}
2023-12-07 19:31:52 [scrapy] DEBUG: Scraped from <200 https://www.evomag.ro/telefoane-tablete-accesorii-telefoane/apple/>
{'title': 'Telefon Mobil Apple iPhone 14, Super Retina XDR OLED 6.1", 128GB Flash, Camera Duala 12 + 12 MP, Wi-Fi, 5G, iOS (Negru)', 'link': 'https://www.evomag.ro/telefoane-tablete-accesorii-telefoane/apple-telefon-mobil-apple-iphone-14-super-retina-xdr-oled-6.1-128gb-flash-camera-duala-12-12-mp-wi-fi-5g-ios-negru-4003770.html', 'price': '3.799,99 Lei', 'photo': 'https://static3.evomag.ro/img?file=products%2F4003%2F4003770%2Ftelefon-mobil-apple-iphone-14-633412cc35d5c.JPG&height=150&extend=white'}
2023-12-07 19:31:52 [scrapy] INFO: Closing spider (finished)
2023-12-07 19:31:52 [scrapy] INFO: Dumping Scrapy stats:
{'downloader/request_bytes': 482,
 'downloader/request_count': 2,
 'downloader/request_method_count/GET': 2,
 'downloader/response_bytes': 60949,
 'downloader/response_count': 2,
 'downloader/response_status_count/200': 2,
 'elapsed_time_seconds': 0.670121,
 'finish_reason': 'finished',
 'finish_time': datetime.datetime(2023, 12, 7, 17, 31, 52, 564848, tzinfo=datetime.timezone.utc),
 'httpcompression/response_bytes': 469124,
 'httpcompression/response_count': 2,
 'item_scraped_count': 12,
 'log_count/DEBUG': 14,
 'log_count/INFO': 7,
 'response_received_count': 2,
 'robotstxt/request_count': 1,
 'robotstxt/response_count': 1,
 'robotstxt/response_status_count/200': 1,
 'scheduler/dequeued': 1,
 'scheduler/dequeued/memory': 1,
 'scheduler/enqueued': 1,
 'scheduler/enqueued/memory': 1,
 'start_time': datetime.datetime(2023, 12, 7, 17, 31, 51, 894727, tzinfo=datetime.timezone.utc)}
2023-12-07 19:31:52 [scrapy] INFO: Spider closed (finished)
