2023-12-05 13:21:13 [scrapy] DEBUG: Crawled (200) <GET https://www.flanco.ro/robots.txt> (referer: None)
2023-12-05 13:21:13 [scrapy] DEBUG: Crawled (200) <GET https://altex.ro/robots.txt> (referer: None)
2023-12-05 13:21:13 [scrapy] DEBUG: Crawled (200) <GET https://www.evomag.ro/robots.txt> (referer: None)
2023-12-05 13:21:13 [scrapy] DEBUG: Crawled (200) <GET https://mediagalaxy.ro/robots.txt> (referer: None)
2023-12-05 13:21:13 [scrapy] DEBUG: Crawled (200) <GET https://www.flanco.ro/telefoane-tablete/smartphone/filtre/brand/samsung.html> (referer: None)
2023-12-05 13:21:13 [scrapy] DEBUG: Crawled (803) <GET https://www.evomag.ro/telefoane-tablete-accesorii-telefoane/samsung/> (referer: None)
2023-12-05 13:21:13 [scrapy] DEBUG: Crawled (200) <GET https://flip.ro/robots.txt> (referer: None)
2023-12-05 13:21:13 [scrapy] DEBUG: Crawled (200) <GET https://altex.ro/telefoane/cpl/filtru/in-stoc-5182/in-stoc/brand-3334/samsung/model-8071/galaxy-a54/> (referer: None)
2023-12-05 13:21:13 [scrapy] DEBUG: Crawled (200) <GET https://mediagalaxy.ro/telefoane/cpl/filtru/in-stoc-5182/in-stoc/brand-3334/samsung/model-8071/galaxy-a54/> (referer: None)
2023-12-05 13:21:13 [scrapy] INFO: Ignoring response <803 https://www.evomag.ro/telefoane-tablete-accesorii-telefoane/samsung/>: HTTP status code is not handled or not allowed
2023-12-05 13:21:13 [scrapy] DEBUG: Scraped from <200 https://www.flanco.ro/telefoane-tablete/smartphone/filtre/brand/samsung.html>
{'name': 'Telefon mobil Samsung Galaxy A54 5G, 128GB, 8GB, Dual SIM, Negru', 'price': '2.399,', 'link': 'https://www.flanco.ro/telefon-mobil-samsung-galaxy-a54-5g-128gb-8gb-dual-sim-negru.html'}
2023-12-05 13:21:13 [scrapy] DEBUG: Scraped from <200 https://www.flanco.ro/telefoane-tablete/smartphone/filtre/brand/samsung.html>
{'name': 'Telefon mobil Samsung Galaxy A54 5G, 128GB, 8GB, Dual SIM, Light Violet', 'price': '2.399,', 'link': 'https://www.flanco.ro/telefon-mobil-samsung-galaxy-a54-5g-128gb-8gb-dual-sim-light-violet.html'}
2023-12-05 13:21:13 [scrapy] DEBUG: Scraped from <200 https://www.flanco.ro/telefoane-tablete/smartphone/filtre/brand/samsung.html>
{'name': 'Telefon mobil Samsung Galaxy A54 5G, 128GB, 8GB, Dual SIM, Light Green', 'price': '2.399,', 'link': 'https://www.flanco.ro/telefon-mobil-samsung-galaxy-a54-5g-128gb-8gb-dual-sim-light-green.html'}
2023-12-05 13:21:13 [scrapy] DEBUG: Scraped from <200 https://www.flanco.ro/telefoane-tablete/smartphone/filtre/brand/samsung.html>
{'name': 'Telefon mobil Samsung Galaxy A54 5G, 256GB, 8GB, Dual SIM, Negru', 'price': '2.599,', 'link': 'https://www.flanco.ro/telefon-mobil-samsung-galaxy-a54-5g-256gb-8gb-dual-sim-negru.html'}
2023-12-05 13:21:13 [scrapy] DEBUG: Scraped from <200 https://www.flanco.ro/telefoane-tablete/smartphone/filtre/brand/samsung.html>
{'name': 'Telefon mobil Samsung Galaxy A54 5G, 128GB, 8GB, Dual SIM, Alb', 'price': '2.399,', 'link': 'https://www.flanco.ro/telefon-mobil-samsung-galaxy-a54-5g-128gb-8gb-dual-sim-alb.html'}
2023-12-05 13:21:13 [scrapy] DEBUG: Forbidden by robots.txt: <GET https://www.flanco.ro/telefoane-tablete/smartphone/filtre/brand/samsung/p/2.html>
2023-12-05 13:21:13 [scrapy] DEBUG: Scraped from <200 https://altex.ro/telefoane/cpl/filtru/in-stoc-5182/in-stoc/brand-3334/samsung/model-8071/galaxy-a54/>
{'name': 'Telefon SAMSUNG Galaxy A54 5G, 128GB, 8GB RAM, Dual SIM, Awesome Graphite', 'price': '1.699', 'link': 'https://altex.ro/telefon-samsung-galaxy-a54-5g-128gb-8gb-ram-dual-sim-awesome-graphite/cpd/SMTA541BK/'}
2023-12-05 13:21:13 [scrapy] DEBUG: Scraped from <200 https://altex.ro/telefoane/cpl/filtru/in-stoc-5182/in-stoc/brand-3334/samsung/model-8071/galaxy-a54/>
{'name': 'Telefon SAMSUNG Galaxy A54 5G, 256GB, 8GB RAM, Dual SIM, Awesome Graphite', 'price': '1.999', 'link': 'https://altex.ro/telefon-samsung-galaxy-a54-5g-256gb-8gb-ram-dual-sim-awesome-graphite/cpd/SMTA542BK/'}
2023-12-05 13:21:13 [scrapy] DEBUG: Scraped from <200 https://altex.ro/telefoane/cpl/filtru/in-stoc-5182/in-stoc/brand-3334/samsung/model-8071/galaxy-a54/>
{'name': 'Telefon SAMSUNG Galaxy A54 5G, 256GB, 8GB RAM, Dual SIM, Awesome Violet', 'price': '1.999', 'link': 'https://altex.ro/telefon-samsung-galaxy-a54-5g-256gb-8gb-ram-dual-sim-awesome-violet/cpd/SMTA542VI/'}
2023-12-05 13:21:13 [scrapy] DEBUG: Scraped from <200 https://altex.ro/telefoane/cpl/filtru/in-stoc-5182/in-stoc/brand-3334/samsung/model-8071/galaxy-a54/>
{'name': 'Telefon SAMSUNG Galaxy A54 5G, 128GB, 8GB RAM, Dual SIM, Awesome Lime', 'price': '1.699', 'link': 'https://altex.ro/telefon-samsung-galaxy-a54-5g-128gb-8gb-ram-dual-sim-awesome-lime/cpd/SMTA541GR/'}
2023-12-05 13:21:13 [scrapy] DEBUG: Scraped from <200 https://altex.ro/telefoane/cpl/filtru/in-stoc-5182/in-stoc/brand-3334/samsung/model-8071/galaxy-a54/>
{'name': 'Telefon SAMSUNG Galaxy A54 5G, 128GB, 8GB RAM, Dual SIM, Awesome White', 'price': '1.699', 'link': 'https://altex.ro/telefon-samsung-galaxy-a54-5g-128gb-8gb-ram-dual-sim-awesome-white/cpd/SMTA541WH/'}
2023-12-05 13:21:13 [scrapy] DEBUG: Scraped from <200 https://altex.ro/telefoane/cpl/filtru/in-stoc-5182/in-stoc/brand-3334/samsung/model-8071/galaxy-a54/>
{'name': 'Telefon SAMSUNG Galaxy A54 5G, 256GB, 8GB RAM, Dual SIM, Awesome Lime', 'price': '1.999', 'link': 'https://altex.ro/telefon-samsung-galaxy-a54-5g-256gb-8gb-ram-dual-sim-awesome-lime/cpd/SMTA542GR/'}
2023-12-05 13:21:13 [scrapy] DEBUG: Scraped from <200 https://altex.ro/telefoane/cpl/filtru/in-stoc-5182/in-stoc/brand-3334/samsung/model-8071/galaxy-a54/>
{'name': 'Telefon SAMSUNG Galaxy A54 5G, 256GB, 8GB RAM, Dual SIM, Awesome White', 'price': '1.999', 'link': 'https://altex.ro/telefon-samsung-galaxy-a54-5g-256gb-8gb-ram-dual-sim-awesome-white/cpd/SMTA542WH/'}
2023-12-05 13:21:13 [scrapy] DEBUG: Scraped from <200 https://mediagalaxy.ro/telefoane/cpl/filtru/in-stoc-5182/in-stoc/brand-3334/samsung/model-8071/galaxy-a54/>
{'name': 'Telefon SAMSUNG Galaxy A54 5G, 256GB, 8GB RAM, Dual SIM, Awesome Graphite', 'price': '1.999', 'link': 'https://mediagalaxy.ro/telefon-samsung-galaxy-a54-5g-256gb-8gb-ram-dual-sim-awesome-graphite/cpd/SMTA542BK/'}
2023-12-05 13:21:13 [scrapy] DEBUG: Scraped from <200 https://mediagalaxy.ro/telefoane/cpl/filtru/in-stoc-5182/in-stoc/brand-3334/samsung/model-8071/galaxy-a54/>
{'name': 'Telefon SAMSUNG Galaxy A54 5G, 128GB, 8GB RAM, Dual SIM, Awesome Graphite', 'price': '1.699', 'link': 'https://mediagalaxy.ro/telefon-samsung-galaxy-a54-5g-128gb-8gb-ram-dual-sim-awesome-graphite/cpd/SMTA541BK/'}
2023-12-05 13:21:13 [scrapy] DEBUG: Scraped from <200 https://mediagalaxy.ro/telefoane/cpl/filtru/in-stoc-5182/in-stoc/brand-3334/samsung/model-8071/galaxy-a54/>
{'name': 'Telefon SAMSUNG Galaxy A54 5G, 128GB, 8GB RAM, Dual SIM, Awesome Lime', 'price': '1.699', 'link': 'https://mediagalaxy.ro/telefon-samsung-galaxy-a54-5g-128gb-8gb-ram-dual-sim-awesome-lime/cpd/SMTA541GR/'}
2023-12-05 13:21:13 [scrapy] DEBUG: Scraped from <200 https://mediagalaxy.ro/telefoane/cpl/filtru/in-stoc-5182/in-stoc/brand-3334/samsung/model-8071/galaxy-a54/>
{'name': 'Telefon SAMSUNG Galaxy A54 5G, 256GB, 8GB RAM, Dual SIM, Awesome Violet', 'price': '1.999', 'link': 'https://mediagalaxy.ro/telefon-samsung-galaxy-a54-5g-256gb-8gb-ram-dual-sim-awesome-violet/cpd/SMTA542VI/'}
2023-12-05 13:21:13 [scrapy] DEBUG: Scraped from <200 https://mediagalaxy.ro/telefoane/cpl/filtru/in-stoc-5182/in-stoc/brand-3334/samsung/model-8071/galaxy-a54/>
{'name': 'Telefon SAMSUNG Galaxy A54 5G, 256GB, 8GB RAM, Dual SIM, Awesome Lime', 'price': '1.999', 'link': 'https://mediagalaxy.ro/telefon-samsung-galaxy-a54-5g-256gb-8gb-ram-dual-sim-awesome-lime/cpd/SMTA542GR/'}
2023-12-05 13:21:13 [scrapy] DEBUG: Scraped from <200 https://mediagalaxy.ro/telefoane/cpl/filtru/in-stoc-5182/in-stoc/brand-3334/samsung/model-8071/galaxy-a54/>
{'name': 'Telefon SAMSUNG Galaxy A54 5G, 128GB, 8GB RAM, Dual SIM, Awesome White', 'price': '1.699', 'link': 'https://mediagalaxy.ro/telefon-samsung-galaxy-a54-5g-128gb-8gb-ram-dual-sim-awesome-white/cpd/SMTA541WH/'}
2023-12-05 13:21:13 [scrapy] DEBUG: Scraped from <200 https://mediagalaxy.ro/telefoane/cpl/filtru/in-stoc-5182/in-stoc/brand-3334/samsung/model-8071/galaxy-a54/>
{'name': 'Telefon SAMSUNG Galaxy A54 5G, 256GB, 8GB RAM, Dual SIM, Awesome White', 'price': '1.999', 'link': 'https://mediagalaxy.ro/telefon-samsung-galaxy-a54-5g-256gb-8gb-ram-dual-sim-awesome-white/cpd/SMTA542WH/'}
2023-12-05 13:21:14 [scrapy] DEBUG: Crawled (200) <GET https://flip.ro/magazin/samsung/?modelType=Telefoane> (referer: None)
2023-12-05 13:21:14 [scrapy] INFO: Closing spider (finished)
2023-12-05 13:21:14 [scrapy] INFO: Dumping Scrapy stats:
{'downloader/exception_count': 1,
 'downloader/exception_type_count/scrapy.exceptions.IgnoreRequest': 1,
 'downloader/request_bytes': 2472,
 'downloader/request_count': 10,
 'downloader/request_method_count/GET': 10,
 'downloader/response_bytes': 399074,
 'downloader/response_count': 10,
 'downloader/response_status_count/200': 9,
 'downloader/response_status_count/803': 1,
 'elapsed_time_seconds': 1.549634,
 'finish_reason': 'finished',
 'finish_time': datetime.datetime(2023, 12, 5, 11, 21, 14, 918763, tzinfo=datetime.timezone.utc),
 'httpcompression/response_bytes': 3087618,
 'httpcompression/response_count': 8,
 'httperror/response_ignored_count': 1,
 'httperror/response_ignored_status_count/803': 1,
 'item_scraped_count': 19,
 'log_count/DEBUG': 30,
 'log_count/INFO': 8,
 'request_depth_max': 1,
 'response_received_count': 10,
 'robotstxt/forbidden': 1,
 'robotstxt/request_count': 5,
 'robotstxt/response_count': 5,
 'robotstxt/response_status_count/200': 5,
 'scheduler/dequeued': 6,
 'scheduler/dequeued/memory': 6,
 'scheduler/enqueued': 6,
 'scheduler/enqueued/memory': 6,
 'start_time': datetime.datetime(2023, 12, 5, 11, 21, 13, 369129, tzinfo=datetime.timezone.utc)}
2023-12-05 13:21:14 [scrapy] INFO: Spider closed (finished)
