2023-12-09 16:17:26 [scrapy] DEBUG: Crawled (200) <GET https://www.evomag.ro/robots.txt> (referer: None)
2023-12-09 16:17:26 [scrapy] DEBUG: Crawled (200) <GET https://www.evomag.ro/telefoane-tablete-accesorii-telefoane/apple/> (referer: None)
2023-12-09 16:17:26 [scrapy] DEBUG: Scraped from <200 https://www.evomag.ro/telefoane-tablete-accesorii-telefoane/apple/>
{'title': 'Telefon Mobil Apple iPhone 13, Super Retina XDR OLED 6.1", 128GB Flash, Camera Duala 12 + 12 MP, Wi-Fi, 5G, iOS ,Negru', 'link': 'https://www.evomag.ro/telefoane-tablete-accesorii-telefoane/apple-telefon-mobil-apple-iphone-13-super-retina-xdr-oled-6.1-128gb-flash-camera-duala-12-12-mp-wi-fi-5g-ios-negru-3824451.html', 'price': '3.299', 'photo': 'https://static3.evomag.ro/img?file=products%2F4096%2F4096381%2Fcartela-sim-prepay-vodafone-646dd58bd0f50.JPG&width=90&extend=white'}
2023-12-09 16:17:26 [scrapy] DEBUG: Scraped from <200 https://www.evomag.ro/telefoane-tablete-accesorii-telefoane/apple/>
{'title': 'Telefon Mobil Apple iPhone 13, Super Retina XDR OLED 6.1", 128GB Flash, Camera Duala 12 + 12 MP, Wi-Fi, 5G, iOS ,Verde', 'link': 'https://www.evomag.ro/telefoane-tablete-accesorii-telefoane/apple-telefon-mobil-apple-iphone-13-super-retina-xdr-oled-6.1-128gb-flash-camera-duala-12-12-mp-wi-fi-5g-ios-verde-3856301.html', 'price': '3.299', 'photo': 'https://static3.evomag.ro/img?file=products%2F4096%2F4096381%2Fcartela-sim-prepay-vodafone-646dd58bd0f50.JPG&width=90&extend=white'}
2023-12-09 16:17:26 [scrapy] DEBUG: Scraped from <200 https://www.evomag.ro/telefoane-tablete-accesorii-telefoane/apple/>
{'title': 'Telefon Mobil Apple iPhone 13, Super Retina XDR OLED 6.1", 128GB Flash, Camera Duala 12 + 12 MP, Wi-Fi, 5G, iOS ,Albastru', 'link': 'https://www.evomag.ro/telefoane-tablete-accesorii-telefoane/apple-telefon-mobil-apple-iphone-13-super-retina-xdr-oled-6.1-128gb-flash-camera-duala-12-12-mp-wi-fi-5g-ios-albastru-3824450.html', 'price': '3.299', 'photo': 'https://static3.evomag.ro/img?file=products%2F4096%2F4096381%2Fcartela-sim-prepay-vodafone-646dd58bd0f50.JPG&width=90&extend=white'}
2023-12-09 16:17:26 [scrapy] DEBUG: Scraped from <200 https://www.evomag.ro/telefoane-tablete-accesorii-telefoane/apple/>
{'title': 'Telefon Mobil Apple iPhone 13, Super Retina XDR OLED 6.1", 256GB Flash, Camera Duala 12 + 12 MP, Wi-Fi, 5G, iOS ,Rosu', 'link': 'https://www.evomag.ro/telefoane-tablete-accesorii-telefoane/apple-telefon-mobil-apple-iphone-13-super-retina-xdr-oled-6.1-256gb-flash-camera-duala-12-12-mp-wi-fi-5g-ios-rosu-3824457.html', 'price': '3.676', 'photo': 'https://static3.evomag.ro/img?file=products%2F4096%2F4096381%2Fcartela-sim-prepay-vodafone-646dd58bd0f50.JPG&width=90&extend=white'}
2023-12-09 16:17:26 [scrapy] INFO: Closing spider (finished)
2023-12-09 16:17:26 [scrapy] INFO: Dumping Scrapy stats:
{'downloader/request_bytes': 482,
 'downloader/request_count': 2,
 'downloader/request_method_count/GET': 2,
 'downloader/response_bytes': 63365,
 'downloader/response_count': 2,
 'downloader/response_status_count/200': 2,
 'elapsed_time_seconds': 0.298821,
 'finish_reason': 'finished',
 'finish_time': datetime.datetime(2023, 12, 9, 14, 17, 26, 502252, tzinfo=datetime.timezone.utc),
 'httpcompression/response_bytes': 506814,
 'httpcompression/response_count': 2,
 'item_scraped_count': 4,
 'log_count/DEBUG': 6,
 'log_count/INFO': 7,
 'response_received_count': 2,
 'robotstxt/request_count': 1,
 'robotstxt/response_count': 1,
 'robotstxt/response_status_count/200': 1,
 'scheduler/dequeued': 1,
 'scheduler/dequeued/memory': 1,
 'scheduler/enqueued': 1,
 'scheduler/enqueued/memory': 1,
 'start_time': datetime.datetime(2023, 12, 9, 14, 17, 26, 203431, tzinfo=datetime.timezone.utc)}
2023-12-09 16:17:26 [scrapy] INFO: Spider closed (finished)
