2023-12-15 17:31:46 [scrapy] DEBUG: Crawled (200) <GET https://www.evomag.ro/robots.txt> (referer: None)
2023-12-15 17:31:46 [scrapy] DEBUG: Crawled (200) <GET https://mediagalaxy.ro/robots.txt> (referer: None)
2023-12-15 17:31:46 [scrapy] DEBUG: Crawled (803) <GET https://www.evomag.ro/telefoane-tablete-accesorii-telefoane/apple/> (referer: None)
2023-12-15 17:31:46 [scrapy] DEBUG: Crawled (200) <GET https://flip.ro/robots.txt> (referer: None)
2023-12-15 17:31:46 [scrapy] DEBUG: Crawled (200) <GET https://altex.ro/robots.txt> (referer: None)
2023-12-15 17:31:47 [scrapy] INFO: Ignoring response <803 https://www.evomag.ro/telefoane-tablete-accesorii-telefoane/apple/>: HTTP status code is not handled or not allowed
2023-12-15 17:31:47 [scrapy] DEBUG: Crawled (200) <GET https://mediagalaxy.ro/telefoane/cpl/filtru/in-stoc-5182/in-stoc/brand-3334/apple/> (referer: None)
2023-12-15 17:31:47 [scrapy] DEBUG: Crawled (200) <GET https://www.flanco.ro/robots.txt> (referer: None)
2023-12-15 17:31:47 [scrapy] DEBUG: Crawled (200) <GET https://altex.ro/telefoane/cpl/filtru/in-stoc-5182/in-stoc/brand-3334/apple/> (referer: None)
2023-12-15 17:31:47 [scrapy] DEBUG: Crawled (200) <GET https://mediagalaxy.ro/telefoane/cpl/filtru/in-stoc-5182/in-stoc/brand-3334/apple/p/2/> (referer: https://mediagalaxy.ro/telefoane/cpl/filtru/in-stoc-5182/in-stoc/brand-3334/apple/)
2023-12-15 17:31:47 [scrapy] DEBUG: Crawled (200) <GET https://altex.ro/telefoane/cpl/filtru/in-stoc-5182/in-stoc/brand-3334/apple/p/2/> (referer: https://altex.ro/telefoane/cpl/filtru/in-stoc-5182/in-stoc/brand-3334/apple/)
2023-12-15 17:31:47 [scrapy] DEBUG: Crawled (200) <GET https://www.flanco.ro/telefoane-tablete/smartphone/filtre/brand/apple.html> (referer: None)
2023-12-15 17:31:47 [scrapy] DEBUG: Crawled (200) <GET https://flip.ro/magazin/apple/?modelType=Telefoane> (referer: None)
2023-12-15 17:31:47 [scrapy] DEBUG: Crawled (200) <GET https://mediagalaxy.ro/telefoane/cpl/filtru/in-stoc-5182/in-stoc/brand-3334/apple/p/1/> (referer: https://mediagalaxy.ro/telefoane/cpl/filtru/in-stoc-5182/in-stoc/brand-3334/apple/p/2/)
2023-12-15 17:31:47 [scrapy] DEBUG: Crawled (200) <GET https://altex.ro/telefoane/cpl/filtru/in-stoc-5182/in-stoc/brand-3334/apple/p/1/> (referer: https://altex.ro/telefoane/cpl/filtru/in-stoc-5182/in-stoc/brand-3334/apple/p/2/)
2023-12-15 17:31:47 [scrapy] DEBUG: Filtered duplicate request: <GET https://mediagalaxy.ro/telefoane/cpl/filtru/in-stoc-5182/in-stoc/brand-3334/apple/p/2/> - no more duplicates will be shown (see DUPEFILTER_DEBUG to show all duplicates)
2023-12-15 17:31:47 [scrapy] INFO: Closing spider (finished)
2023-12-15 17:31:47 [scrapy] INFO: Dumping Scrapy stats:
{'downloader/request_bytes': 7078,
 'downloader/request_count': 14,
 'downloader/request_method_count/GET': 14,
 'downloader/response_bytes': 885659,
 'downloader/response_count': 14,
 'downloader/response_status_count/200': 13,
 'downloader/response_status_count/803': 1,
 'dupefilter/filtered': 2,
 'elapsed_time_seconds': 1.235708,
 'finish_reason': 'finished',
 'finish_time': datetime.datetime(2023, 12, 15, 15, 31, 47, 982503, tzinfo=datetime.timezone.utc),
 'httpcompression/response_bytes': 8258289,
 'httpcompression/response_count': 12,
 'httperror/response_ignored_count': 1,
 'httperror/response_ignored_status_count/803': 1,
 'log_count/DEBUG': 15,
 'log_count/INFO': 8,
 'request_depth_max': 3,
 'response_received_count': 14,
 'robotstxt/request_count': 5,
 'robotstxt/response_count': 5,
 'robotstxt/response_status_count/200': 5,
 'scheduler/dequeued': 9,
 'scheduler/dequeued/memory': 9,
 'scheduler/enqueued': 9,
 'scheduler/enqueued/memory': 9,
 'start_time': datetime.datetime(2023, 12, 15, 15, 31, 46, 746795, tzinfo=datetime.timezone.utc)}
2023-12-15 17:31:47 [scrapy] INFO: Spider closed (finished)
