2023-12-05 15:41:22 [scrapy] DEBUG: Crawled (200) <GET https://www.flanco.ro/robots.txt> (referer: None)
2023-12-05 15:41:25 [scrapy] DEBUG: Crawled (200) <GET https://www.flanco.ro/telefoane-tablete/smartphone/filtre/brand/samsung.html> (referer: None)
2023-12-05 15:41:25 [scrapy] DEBUG: Scraped from <200 https://www.flanco.ro/telefoane-tablete/smartphone/filtre/brand/samsung.html>
{'name': 'Telefon mobil Samsung Galaxy A54 5G, 128GB, 8GB, Dual SIM, Negru', 'price': ' lei', 'link': 'https://www.flanco.ro/telefon-mobil-samsung-galaxy-a54-5g-128gb-8gb-dual-sim-negru.html'}
2023-12-05 15:41:25 [scrapy] DEBUG: Scraped from <200 https://www.flanco.ro/telefoane-tablete/smartphone/filtre/brand/samsung.html>
{'name': 'Telefon mobil Samsung Galaxy A54 5G, 128GB, 8GB, Dual SIM, Light Violet', 'price': ' lei', 'link': 'https://www.flanco.ro/telefon-mobil-samsung-galaxy-a54-5g-128gb-8gb-dual-sim-light-violet.html'}
2023-12-05 15:41:25 [scrapy] DEBUG: Scraped from <200 https://www.flanco.ro/telefoane-tablete/smartphone/filtre/brand/samsung.html>
{'name': 'Telefon mobil Samsung Galaxy A54 5G, 128GB, 8GB, Dual SIM, Light Green', 'price': ' lei', 'link': 'https://www.flanco.ro/telefon-mobil-samsung-galaxy-a54-5g-128gb-8gb-dual-sim-light-green.html'}
2023-12-05 15:41:25 [scrapy] DEBUG: Scraped from <200 https://www.flanco.ro/telefoane-tablete/smartphone/filtre/brand/samsung.html>
{'name': 'Telefon mobil Samsung Galaxy A54 5G, 256GB, 8GB, Dual SIM, Negru', 'price': ' lei', 'link': 'https://www.flanco.ro/telefon-mobil-samsung-galaxy-a54-5g-256gb-8gb-dual-sim-negru.html'}
2023-12-05 15:41:25 [scrapy] DEBUG: Scraped from <200 https://www.flanco.ro/telefoane-tablete/smartphone/filtre/brand/samsung.html>
{'name': 'Telefon mobil Samsung Galaxy A54 5G, 128GB, 8GB, Dual SIM, Alb', 'price': ' lei', 'link': 'https://www.flanco.ro/telefon-mobil-samsung-galaxy-a54-5g-128gb-8gb-dual-sim-alb.html'}
2023-12-05 15:41:25 [scrapy] DEBUG: Forbidden by robots.txt: <GET https://www.flanco.ro/telefoane-tablete/smartphone/filtre/brand/samsung/p/2.html>
2023-12-05 15:41:25 [scrapy] INFO: Closing spider (finished)
2023-12-05 15:41:25 [scrapy] INFO: Dumping Scrapy stats:
{'downloader/exception_count': 1,
 'downloader/exception_type_count/scrapy.exceptions.IgnoreRequest': 1,
 'downloader/request_bytes': 492,
 'downloader/request_count': 2,
 'downloader/request_method_count/GET': 2,
 'downloader/response_bytes': 71510,
 'downloader/response_count': 2,
 'downloader/response_status_count/200': 2,
 'elapsed_time_seconds': 2.686826,
 'finish_reason': 'finished',
 'finish_time': datetime.datetime(2023, 12, 5, 13, 41, 25, 415189, tzinfo=datetime.timezone.utc),
 'httpcompression/response_bytes': 915300,
 'httpcompression/response_count': 2,
 'item_scraped_count': 5,
 'log_count/DEBUG': 8,
 'log_count/INFO': 7,
 'request_depth_max': 1,
 'response_received_count': 2,
 'robotstxt/forbidden': 1,
 'robotstxt/request_count': 1,
 'robotstxt/response_count': 1,
 'robotstxt/response_status_count/200': 1,
 'scheduler/dequeued': 2,
 'scheduler/dequeued/memory': 2,
 'scheduler/enqueued': 2,
 'scheduler/enqueued/memory': 2,
 'start_time': datetime.datetime(2023, 12, 5, 13, 41, 22, 728363, tzinfo=datetime.timezone.utc)}
2023-12-05 15:41:25 [scrapy] INFO: Spider closed (finished)
