2023-12-12 13:52:27 [scrapy] DEBUG: Crawled (200) <GET https://www.evomag.ro/robots.txt> (referer: None)
2023-12-12 13:52:27 [scrapy] DEBUG: Crawled (200) <GET https://www.flanco.ro/robots.txt> (referer: None)
2023-12-12 13:52:27 [scrapy] DEBUG: Crawled (803) <GET https://www.evomag.ro/telefoane-tablete-accesorii-telefoane/motorola/> (referer: None)
2023-12-12 13:52:27 [scrapy] DEBUG: Crawled (200) <GET https://mediagalaxy.ro/robots.txt> (referer: None)
2023-12-12 13:52:27 [scrapy] INFO: Ignoring response <803 https://www.evomag.ro/telefoane-tablete-accesorii-telefoane/motorola/>: HTTP status code is not handled or not allowed
2023-12-12 13:52:27 [scrapy] DEBUG: Crawled (200) <GET https://flip.ro/robots.txt> (referer: None)
2023-12-12 13:52:28 [scrapy] DEBUG: Crawled (200) <GET https://altex.ro/robots.txt> (referer: None)
2023-12-12 13:52:29 [scrapy] DEBUG: Crawled (200) <GET https://flip.ro/magazin/motorola/?modelType=Telefoane> (referer: None)
2023-12-12 13:52:29 [scrapy] DEBUG: Crawled (200) <GET https://www.flanco.ro/telefoane-tablete/smartphone/filtre/brand/motorola.html> (referer: None)
2023-12-12 13:52:29 [scrapy] DEBUG: Crawled (200) <GET https://mediagalaxy.ro/telefoane/cpl/filtru/in-stoc-5182/in-stoc/brand-3334/motorola/> (referer: None)
2023-12-12 13:52:29 [scrapy] DEBUG: Scraped from <200 https://www.flanco.ro/telefoane-tablete/smartphone/filtre/brand/motorola.html>
{'name': 'Telefon mobil Motorola Moto G72 4G, 128GB, 8GB RAM, Dual SIM, Meteorite Grey', 'price': '899', 'link': 'https://www.flanco.ro/telefon-mobil-motorola-moto-g72-4g-128gb-8gb-ram-dual-sim-meteorite-grey.html', 'photo': 'https://www.flanco.ro/media/catalog/product/cache/3869290ebce25e2f88fbb249726321d7/t/e/telefon_mobil_motorola_moto_g72_4g_128gb_8gb_ram_dual_sim_meteorite_grey.jpg'}
2023-12-12 13:52:29 [scrapy] DEBUG: Scraped from <200 https://www.flanco.ro/telefoane-tablete/smartphone/filtre/brand/motorola.html>
{'name': 'Telefon mobil Motorola Moto G72 4G, 128GB, 8GB RAM, Dual SIM, Polar Blue', 'price': '899', 'link': 'https://www.flanco.ro/telefon-mobil-motorola-moto-g72-4g-128gb-8gb-ram-dual-sim-polar-blue.html', 'photo': 'https://www.flanco.ro/media/catalog/product/cache/3869290ebce25e2f88fbb249726321d7/t/e/telefon_mobil_motorola_moto_g72_4g_128gb_8gb_ram_dual_sim_polar_blue.jpg'}
2023-12-12 13:52:29 [scrapy] DEBUG: Scraped from <200 https://www.flanco.ro/telefoane-tablete/smartphone/filtre/brand/motorola.html>
{'name': 'Telefon mobil Motorola Moto G72 4G, 128GB, 8GB RAM, Dual SIM, Bright White', 'price': '899', 'link': 'https://www.flanco.ro/telefon-mobil-motorola-moto-g72-4g-128gb-8gb-ram-dual-sim-bright-white.html', 'photo': 'https://www.flanco.ro/media/catalog/product/cache/3869290ebce25e2f88fbb249726321d7/t/e/telefon_mobil_motorola_moto_g72_4g_128gb_8gb_ram_dual_sim_bright_white.jpg'}
2023-12-12 13:52:29 [scrapy] DEBUG: Scraped from <200 https://mediagalaxy.ro/telefoane/cpl/filtru/in-stoc-5182/in-stoc/brand-3334/motorola/>
{'name': 'Telefon MOTOROLA Moto G72, 128GB, 8GB RAM, Dual SIM, Meteorite Black', 'price': '865', 'link': 'https://mediagalaxy.ro/telefon-motorola-moto-g72-128gb-8gb-ram-dual-sim-meteorite-black/cpd/SMTMOTOG72BK/', 'photo': 'https://lcdn.mediagalaxy.ro/resize/media/catalog/product/s/m/16fa6a9aef7ffd6209d5fd9338ffa0b1/smtmotog72bk_(2)_ec01804f.jpg'}
2023-12-12 13:52:31 [scrapy] DEBUG: Crawled (200) <GET https://altex.ro/telefoane/cpl/filtru/in-stoc-5182/in-stoc/brand-3334/motorola/> (referer: None)
2023-12-12 13:52:31 [scrapy] DEBUG: Scraped from <200 https://altex.ro/telefoane/cpl/filtru/in-stoc-5182/in-stoc/brand-3334/motorola/>
{'name': 'Telefon MOTOROLA Moto G72, 128GB, 8GB RAM, Dual SIM, Meteorite Black', 'price': '865', 'link': 'https://altex.ro/telefon-motorola-moto-g72-128gb-8gb-ram-dual-sim-meteorite-black/cpd/SMTMOTOG72BK/', 'photo': 'https://lcdn.altex.ro/resize/media/catalog/product/s/m/16fa6a9aef7ffd6209d5fd9338ffa0b1/smtmotog72bk_(2)_ec01804f.jpg'}
2023-12-12 13:52:31 [scrapy] INFO: Closing spider (finished)
2023-12-12 13:52:31 [scrapy] INFO: Dumping Scrapy stats:
{'downloader/request_bytes': 2433,
 'downloader/request_count': 10,
 'downloader/request_method_count/GET': 10,
 'downloader/response_bytes': 435769,
 'downloader/response_count': 10,
 'downloader/response_status_count/200': 9,
 'downloader/response_status_count/803': 1,
 'elapsed_time_seconds': 4.658569,
 'finish_reason': 'finished',
 'finish_time': datetime.datetime(2023, 12, 12, 11, 52, 31, 838537, tzinfo=datetime.timezone.utc),
 'httpcompression/response_bytes': 3555593,
 'httpcompression/response_count': 8,
 'httperror/response_ignored_count': 1,
 'httperror/response_ignored_status_count/803': 1,
 'item_scraped_count': 5,
 'log_count/DEBUG': 15,
 'log_count/INFO': 8,
 'response_received_count': 10,
 'robotstxt/request_count': 5,
 'robotstxt/response_count': 5,
 'robotstxt/response_status_count/200': 5,
 'scheduler/dequeued': 5,
 'scheduler/dequeued/memory': 5,
 'scheduler/enqueued': 5,
 'scheduler/enqueued/memory': 5,
 'start_time': datetime.datetime(2023, 12, 12, 11, 52, 27, 179968, tzinfo=datetime.timezone.utc)}
2023-12-12 13:52:31 [scrapy] INFO: Spider closed (finished)
