2023-12-02 15:03:19 [scrapy] DEBUG: Crawled (200) <GET https://mediagalaxy.ro/robots.txt> (referer: None)
2023-12-02 15:03:19 [scrapy] DEBUG: Crawled (200) <GET https://www.evomag.ro/robots.txt> (referer: None)
2023-12-02 15:03:19 [scrapy] DEBUG: Crawled (200) <GET https://www.flanco.ro/robots.txt> (referer: None)
2023-12-02 15:03:19 [scrapy] DEBUG: Crawled (200) <GET https://altex.ro/robots.txt> (referer: None)
2023-12-02 15:03:19 [scrapy] DEBUG: Crawled (200) <GET https://flip.ro/robots.txt> (referer: None)
2023-12-02 15:03:24 [scrapy] DEBUG: Crawled (200) <GET https://altex.ro/telefoane/cpl/filtru/in-stoc-5182/in-stoc/brand-3334/samsung/model-8071/galaxy-s23-ultra/> (referer: None)
2023-12-02 15:03:24 [scrapy] DEBUG: Scraped from <200 https://altex.ro/telefoane/cpl/filtru/in-stoc-5182/in-stoc/brand-3334/samsung/model-8071/galaxy-s23-ultra/>
{'name': 'Telefon SAMSUNG Galaxy S23 Ultra 5G, 512GB, 12GB RAM, Dual SIM, Green', 'price': '5.299', 'link': 'https://altex.ro/telefon-samsung-galaxy-s23-ultra-5g-512gb-12gb-ram-dual-sim-green/cpd/SMTS23U5GR/'}
2023-12-02 15:03:24 [scrapy] DEBUG: Scraped from <200 https://altex.ro/telefoane/cpl/filtru/in-stoc-5182/in-stoc/brand-3334/samsung/model-8071/galaxy-s23-ultra/>
{'name': 'Telefon SAMSUNG Galaxy S23 Ultra 5G, 512GB, 12GB RAM, Dual SIM, Phantom Black', 'price': '5.299', 'link': 'https://altex.ro/telefon-samsung-galaxy-s23-ultra-5g-512gb-12gb-ram-dual-sim-phantom-black/cpd/SMTS23U5BK/'}
2023-12-02 15:03:24 [scrapy] DEBUG: Scraped from <200 https://altex.ro/telefoane/cpl/filtru/in-stoc-5182/in-stoc/brand-3334/samsung/model-8071/galaxy-s23-ultra/>
{'name': 'Telefon SAMSUNG Galaxy S23 Ultra 5G, 256GB, 8GB RAM, Dual SIM, Phantom Black', 'price': '5.099', 'link': 'https://altex.ro/telefon-samsung-galaxy-s23-ultra-5g-256gb-8gb-ram-dual-sim-phantom-black/cpd/SMTS23U2BK/'}
2023-12-02 15:03:24 [scrapy] DEBUG: Scraped from <200 https://altex.ro/telefoane/cpl/filtru/in-stoc-5182/in-stoc/brand-3334/samsung/model-8071/galaxy-s23-ultra/>
{'name': 'Telefon SAMSUNG Galaxy S23 Ultra 5G, 1TB, 12GB RAM, Dual SIM, Phantom Black', 'price': '7.099', 'link': 'https://altex.ro/telefon-samsung-galaxy-s23-ultra-5g-1tb-12gb-ram-dual-sim-phantom-black/cpd/SMTS23U1TBBK/'}
2023-12-02 15:03:24 [scrapy] DEBUG: Scraped from <200 https://altex.ro/telefoane/cpl/filtru/in-stoc-5182/in-stoc/brand-3334/samsung/model-8071/galaxy-s23-ultra/>
{'name': 'Telefon SAMSUNG Galaxy S23 Ultra 5G, 256GB, 8GB RAM, Dual SIM, Lavender', 'price': '5.179', 'link': 'https://altex.ro/telefon-samsung-galaxy-s23-ultra-5g-256gb-8gb-ram-dual-sim-lavender/cpd/SMTS23U2PK/'}
2023-12-02 15:03:24 [scrapy] DEBUG: Scraped from <200 https://altex.ro/telefoane/cpl/filtru/in-stoc-5182/in-stoc/brand-3334/samsung/model-8071/galaxy-s23-ultra/>
{'name': 'Telefon SAMSUNG Galaxy S23 Ultra 5G, 256GB, 8GB RAM, Dual SIM, Green', 'price': '5.179', 'link': 'https://altex.ro/telefon-samsung-galaxy-s23-ultra-5g-256gb-8gb-ram-dual-sim-green/cpd/SMTS23U2GR/'}
2023-12-02 15:03:24 [scrapy] DEBUG: Crawled (200) <GET https://www.flanco.ro/telefoane-tablete/smartphone/filtre/brand/samsung.html> (referer: None)
2023-12-02 15:03:24 [scrapy] DEBUG: Forbidden by robots.txt: <GET https://www.flanco.ro/telefoane-tablete/smartphone/filtre/brand/samsung/p/2.html>
2023-12-02 15:03:25 [scrapy] DEBUG: Crawled (200) <GET https://mediagalaxy.ro/telefoane/cpl/filtru/in-stoc-5182/in-stoc/brand-3334/samsung/model-8071/galaxy-s23-ultra/> (referer: None)
2023-12-02 15:03:25 [scrapy] DEBUG: Scraped from <200 https://mediagalaxy.ro/telefoane/cpl/filtru/in-stoc-5182/in-stoc/brand-3334/samsung/model-8071/galaxy-s23-ultra/>
{'name': 'Telefon SAMSUNG Galaxy S23 Ultra 5G, 512GB, 12GB RAM, Dual SIM, Green', 'price': '5.299', 'link': 'https://mediagalaxy.ro/telefon-samsung-galaxy-s23-ultra-5g-512gb-12gb-ram-dual-sim-green/cpd/SMTS23U5GR/'}
2023-12-02 15:03:25 [scrapy] DEBUG: Scraped from <200 https://mediagalaxy.ro/telefoane/cpl/filtru/in-stoc-5182/in-stoc/brand-3334/samsung/model-8071/galaxy-s23-ultra/>
{'name': 'Telefon SAMSUNG Galaxy S23 Ultra 5G, 256GB, 8GB RAM, Dual SIM, Phantom Black', 'price': '5.099', 'link': 'https://mediagalaxy.ro/telefon-samsung-galaxy-s23-ultra-5g-256gb-8gb-ram-dual-sim-phantom-black/cpd/SMTS23U2BK/'}
2023-12-02 15:03:25 [scrapy] DEBUG: Scraped from <200 https://mediagalaxy.ro/telefoane/cpl/filtru/in-stoc-5182/in-stoc/brand-3334/samsung/model-8071/galaxy-s23-ultra/>
{'name': 'Telefon SAMSUNG Galaxy S23 Ultra 5G, 256GB, 8GB RAM, Dual SIM, Lavender', 'price': '5.179', 'link': 'https://mediagalaxy.ro/telefon-samsung-galaxy-s23-ultra-5g-256gb-8gb-ram-dual-sim-lavender/cpd/SMTS23U2PK/'}
2023-12-02 15:03:25 [scrapy] DEBUG: Scraped from <200 https://mediagalaxy.ro/telefoane/cpl/filtru/in-stoc-5182/in-stoc/brand-3334/samsung/model-8071/galaxy-s23-ultra/>
{'name': 'Telefon SAMSUNG Galaxy S23 Ultra 5G, 1TB, 12GB RAM, Dual SIM, Phantom Black', 'price': '7.099', 'link': 'https://mediagalaxy.ro/telefon-samsung-galaxy-s23-ultra-5g-1tb-12gb-ram-dual-sim-phantom-black/cpd/SMTS23U1TBBK/'}
2023-12-02 15:03:25 [scrapy] DEBUG: Scraped from <200 https://mediagalaxy.ro/telefoane/cpl/filtru/in-stoc-5182/in-stoc/brand-3334/samsung/model-8071/galaxy-s23-ultra/>
{'name': 'Telefon SAMSUNG Galaxy S23 Ultra 5G, 512GB, 12GB RAM, Dual SIM, Phantom Black', 'price': '5.299', 'link': 'https://mediagalaxy.ro/telefon-samsung-galaxy-s23-ultra-5g-512gb-12gb-ram-dual-sim-phantom-black/cpd/SMTS23U5BK/'}
2023-12-02 15:03:25 [scrapy] DEBUG: Scraped from <200 https://mediagalaxy.ro/telefoane/cpl/filtru/in-stoc-5182/in-stoc/brand-3334/samsung/model-8071/galaxy-s23-ultra/>
{'name': 'Telefon SAMSUNG Galaxy S23 Ultra 5G, 256GB, 8GB RAM, Dual SIM, Green', 'price': '5.179', 'link': 'https://mediagalaxy.ro/telefon-samsung-galaxy-s23-ultra-5g-256gb-8gb-ram-dual-sim-green/cpd/SMTS23U2GR/'}
2023-12-02 15:03:26 [scrapy] DEBUG: Crawled (803) <GET https://www.evomag.ro/telefoane-tablete-accesorii-telefoane/samsung/> (referer: None)
2023-12-02 15:03:26 [scrapy] INFO: Ignoring response <803 https://www.evomag.ro/telefoane-tablete-accesorii-telefoane/samsung/>: HTTP status code is not handled or not allowed
2023-12-02 15:03:26 [scrapy] DEBUG: Crawled (200) <GET https://flip.ro/magazin/samsung/?modelType=Telefoane> (referer: None)
2023-12-02 15:03:26 [scrapy] DEBUG: Scraped from <200 https://flip.ro/magazin/samsung/?modelType=Telefoane>
{'name': 'Samsung Galaxy S23 Ultra 5G Dual Sim, 1 TB, Green ', 'price': '6.039', 'link': 'https://flip.ro/magazin/samsung/telefon-mobil-samsung-galaxy-s23-ultra-5g-dual-sim-1tb-green/75239572/?shape=Ca%20nou'}
2023-12-02 15:03:26 [scrapy] INFO: Closing spider (finished)
2023-12-02 15:03:26 [scrapy] INFO: Dumping Scrapy stats:
{'downloader/exception_count': 1,
 'downloader/exception_type_count/scrapy.exceptions.IgnoreRequest': 1,
 'downloader/request_bytes': 2484,
 'downloader/request_count': 10,
 'downloader/request_method_count/GET': 10,
 'downloader/response_bytes': 388815,
 'downloader/response_count': 10,
 'downloader/response_status_count/200': 9,
 'downloader/response_status_count/803': 1,
 'elapsed_time_seconds': 7.453125,
 'finish_reason': 'finished',
 'finish_time': datetime.datetime(2023, 12, 2, 13, 3, 26, 914307, tzinfo=datetime.timezone.utc),
 'httpcompression/response_bytes': 2939205,
 'httpcompression/response_count': 8,
 'httperror/response_ignored_count': 1,
 'httperror/response_ignored_status_count/803': 1,
 'item_scraped_count': 13,
 'log_count/DEBUG': 24,
 'log_count/INFO': 8,
 'log_count/WARNING': 1,
 'request_depth_max': 1,
 'response_received_count': 10,
 'robotstxt/forbidden': 1,
 'robotstxt/request_count': 5,
 'robotstxt/response_count': 5,
 'robotstxt/response_status_count/200': 5,
 'scheduler/dequeued': 6,
 'scheduler/dequeued/memory': 6,
 'scheduler/enqueued': 6,
 'scheduler/enqueued/memory': 6,
 'start_time': datetime.datetime(2023, 12, 2, 13, 3, 19, 461182, tzinfo=datetime.timezone.utc)}
2023-12-02 15:03:26 [scrapy] INFO: Spider closed (finished)
