2023-12-09 15:36:34 [scrapy] DEBUG: Crawled (200) <GET https://altex.ro/robots.txt> (referer: None)
2023-12-09 15:36:34 [scrapy] DEBUG: Crawled (200) <GET https://mediagalaxy.ro/robots.txt> (referer: None)
2023-12-09 15:36:34 [scrapy] DEBUG: Crawled (200) <GET https://www.evomag.ro/robots.txt> (referer: None)
2023-12-09 15:36:34 [scrapy] DEBUG: Crawled (200) <GET https://www.flanco.ro/robots.txt> (referer: None)
2023-12-09 15:36:34 [scrapy] DEBUG: Crawled (803) <GET https://www.evomag.ro/telefoane-tablete-accesorii-telefoane/nokia/> (referer: None)
2023-12-09 15:36:34 [scrapy] DEBUG: Crawled (200) <GET https://flip.ro/robots.txt> (referer: None)
2023-12-09 15:36:34 [scrapy] DEBUG: Crawled (200) <GET https://www.flanco.ro/telefoane-tablete/smartphone/filtre/brand/nokia.html> (referer: None)
2023-12-09 15:36:34 [scrapy] INFO: Ignoring response <803 https://www.evomag.ro/telefoane-tablete-accesorii-telefoane/nokia/>: HTTP status code is not handled or not allowed
2023-12-09 15:36:34 [scrapy] DEBUG: Crawled (200) <GET https://mediagalaxy.ro/telefoane/cpl/filtru/in-stoc-5182/in-stoc/brand-3334/nokia/model-8071/105/> (referer: None)
2023-12-09 15:36:34 [scrapy] DEBUG: Crawled (200) <GET https://altex.ro/telefoane/cpl/filtru/in-stoc-5182/in-stoc/brand-3334/nokia/> (referer: None)
2023-12-09 15:36:34 [scrapy] DEBUG: Scraped from <200 https://mediagalaxy.ro/telefoane/cpl/filtru/in-stoc-5182/in-stoc/brand-3334/nokia/model-8071/105/>
{'name': 'Telefon mobil NOKIA 105 (2023), 32MB RAM, 2G, Dual SIM, Charcoal', 'price': '109', 'link': 'https://mediagalaxy.ro/telefon-mobil-nokia-105-2023-32mb-ram-2g-dual-sim-charcoal/cpd/GSMNO1052023CH/', 'photo': 'https://lcdn.mediagalaxy.ro/resize/media/catalog/product/t/e/16fa6a9aef7ffd6209d5fd9338ffa0b1/telefon_mobil_nokia_105_2023_charcoal_2_ff43e623.jpg'}
2023-12-09 15:36:34 [scrapy] DEBUG: Scraped from <200 https://mediagalaxy.ro/telefoane/cpl/filtru/in-stoc-5182/in-stoc/brand-3334/nokia/model-8071/105/>
{'name': 'Telefon mobil NOKIA 105 (2023), 32MB RAM, 2G, Dual SIM, Red', 'price': '129', 'link': 'https://mediagalaxy.ro/telefon-mobil-nokia-105-2023-32mb-ram-2g-dual-sim-red/cpd/GSMNO1052023RE/', 'photo': 'https://lcdn.mediagalaxy.ro/resize/media/catalog/product/t/e/16fa6a9aef7ffd6209d5fd9338ffa0b1/telefon_mobil_nokia_105_2023_red_3_403526ad.jpg'}
2023-12-09 15:36:34 [scrapy] DEBUG: Scraped from <200 https://mediagalaxy.ro/telefoane/cpl/filtru/in-stoc-5182/in-stoc/brand-3334/nokia/model-8071/105/>
{'name': 'Telefon mobil NOKIA 105 (2023), 32MB RAM, 2G, Dual SIM, Cyan', 'price': '129', 'link': 'https://mediagalaxy.ro/telefon-mobil-nokia-105-2023-32mb-ram-2g-dual-sim-cyan/cpd/GSMNO1052023CY/', 'photo': 'https://lcdn.mediagalaxy.ro/resize/media/catalog/product/t/e/16fa6a9aef7ffd6209d5fd9338ffa0b1/telefon_mobil_nokia_105_2023_cyan_1_06f6788c.jpg'}
2023-12-09 15:36:34 [scrapy] DEBUG: Scraped from <200 https://altex.ro/telefoane/cpl/filtru/in-stoc-5182/in-stoc/brand-3334/nokia/>
{'name': 'Telefon mobil NOKIA 105 (2023), 32MB RAM, 2G, Dual SIM, Charcoal', 'price': '129', 'link': 'https://altex.ro/telefon-mobil-nokia-105-2023-32mb-ram-2g-dual-sim-charcoal/cpd/GSMNO1052023CH/', 'photo': 'https://lcdn.altex.ro/resize/media/catalog/product/t/e/16fa6a9aef7ffd6209d5fd9338ffa0b1/telefon_mobil_nokia_105_2023_charcoal_2_ff43e623.jpg'}
2023-12-09 15:36:34 [scrapy] DEBUG: Scraped from <200 https://altex.ro/telefoane/cpl/filtru/in-stoc-5182/in-stoc/brand-3334/nokia/>
{'name': 'Telefon mobil NOKIA 105 (2023), 32MB RAM, 2G, Dual SIM, Red', 'price': '129', 'link': 'https://altex.ro/telefon-mobil-nokia-105-2023-32mb-ram-2g-dual-sim-red/cpd/GSMNO1052023RE/', 'photo': 'https://lcdn.altex.ro/resize/media/catalog/product/t/e/16fa6a9aef7ffd6209d5fd9338ffa0b1/telefon_mobil_nokia_105_2023_red_3_403526ad.jpg'}
2023-12-09 15:36:34 [scrapy] DEBUG: Scraped from <200 https://altex.ro/telefoane/cpl/filtru/in-stoc-5182/in-stoc/brand-3334/nokia/>
{'name': 'Telefon mobil NOKIA 105 (2023), 32MB RAM, 2G, Dual SIM, Cyan', 'price': '129', 'link': 'https://altex.ro/telefon-mobil-nokia-105-2023-32mb-ram-2g-dual-sim-cyan/cpd/GSMNO1052023CY/', 'photo': 'https://lcdn.altex.ro/resize/media/catalog/product/t/e/16fa6a9aef7ffd6209d5fd9338ffa0b1/telefon_mobil_nokia_105_2023_cyan_1_06f6788c.jpg'}
2023-12-09 15:36:34 [scrapy] DEBUG: Crawled (200) <GET https://flip.ro/magazin/nokia/?modelType=Telefoane> (referer: None)
2023-12-09 15:36:35 [scrapy] INFO: Closing spider (finished)
2023-12-09 15:36:35 [scrapy] INFO: Dumping Scrapy stats:
{'downloader/request_bytes': 2433,
 'downloader/request_count': 10,
 'downloader/request_method_count/GET': 10,
 'downloader/response_bytes': 418799,
 'downloader/response_count': 10,
 'downloader/response_status_count/200': 9,
 'downloader/response_status_count/803': 1,
 'elapsed_time_seconds': 1.061064,
 'finish_reason': 'finished',
 'finish_time': datetime.datetime(2023, 12, 9, 13, 36, 35, 27955, tzinfo=datetime.timezone.utc),
 'httpcompression/response_bytes': 3091932,
 'httpcompression/response_count': 8,
 'httperror/response_ignored_count': 1,
 'httperror/response_ignored_status_count/803': 1,
 'item_scraped_count': 6,
 'log_count/DEBUG': 16,
 'log_count/INFO': 8,
 'response_received_count': 10,
 'robotstxt/request_count': 5,
 'robotstxt/response_count': 5,
 'robotstxt/response_status_count/200': 5,
 'scheduler/dequeued': 5,
 'scheduler/dequeued/memory': 5,
 'scheduler/enqueued': 5,
 'scheduler/enqueued/memory': 5,
 'start_time': datetime.datetime(2023, 12, 9, 13, 36, 33, 966891, tzinfo=datetime.timezone.utc)}
2023-12-09 15:36:35 [scrapy] INFO: Spider closed (finished)
