2023-12-15 17:31:21 [scrapy] DEBUG: Crawled (200) <GET https://altex.ro/robots.txt> (referer: None)
2023-12-15 17:31:21 [scrapy] DEBUG: Crawled (200) <GET https://mediagalaxy.ro/robots.txt> (referer: None)
2023-12-15 17:31:21 [scrapy] DEBUG: Crawled (200) <GET https://www.evomag.ro/robots.txt> (referer: None)
2023-12-15 17:31:21 [scrapy] DEBUG: Crawled (803) <GET https://www.evomag.ro/telefoane-tablete-accesorii-telefoane/apple/> (referer: None)
2023-12-15 17:31:21 [scrapy] DEBUG: Crawled (200) <GET https://flip.ro/robots.txt> (referer: None)
2023-12-15 17:31:21 [scrapy] DEBUG: Crawled (200) <GET https://mediagalaxy.ro/telefoane/cpl/filtru/in-stoc-5182/in-stoc/brand-3334/apple/> (referer: None)
2023-12-15 17:31:21 [scrapy] INFO: Ignoring response <803 https://www.evomag.ro/telefoane-tablete-accesorii-telefoane/apple/>: HTTP status code is not handled or not allowed
2023-12-15 17:31:21 [scrapy] DEBUG: Crawled (200) <GET https://www.flanco.ro/robots.txt> (referer: None)
2023-12-15 17:31:21 [scrapy] DEBUG: Scraped from <200 https://mediagalaxy.ro/telefoane/cpl/filtru/in-stoc-5182/in-stoc/brand-3334/apple/>
{'name': 'Telefon APPLE iPhone 15 Pro Max 5G, 256GB, Natural Titanium', 'price': '7.199', 'link': 'https://mediagalaxy.ro/telefon-apple-iphone-15-pro-max-5g-256gb-natural-titanium/cpd/SMTIP15PM2NT/', 'photo': 'https://lcdn.mediagalaxy.ro/resize/media/catalog/product/i/p/16fa6a9aef7ffd6209d5fd9338ffa0b1/iphone_15_pro_max_natural_titanium_pdp_image_position_1_wwen_b40a535c.jpg'}
2023-12-15 17:31:21 [scrapy] DEBUG: Crawled (200) <GET https://altex.ro/telefoane/cpl/filtru/in-stoc-5182/in-stoc/brand-3334/apple/> (referer: None)
2023-12-15 17:31:21 [scrapy] DEBUG: Scraped from <200 https://mediagalaxy.ro/telefoane/cpl/filtru/in-stoc-5182/in-stoc/brand-3334/apple/>
{'name': 'Telefon APPLE iPhone 15 Pro Max 5G, 1TB, Natural Titanium', 'price': '9.689', 'link': 'https://mediagalaxy.ro/telefon-apple-iphone-15-pro-max-5g-1tb-natural-titanium/cpd/SMTIP15PM1TNT/', 'photo': 'https://lcdn.mediagalaxy.ro/resize/media/catalog/product/i/p/16fa6a9aef7ffd6209d5fd9338ffa0b1/iphone_15_pro_max_natural_titanium_pdp_image_position_1_wwen_b40a535c.jpg'}
2023-12-15 17:31:21 [scrapy] DEBUG: Scraped from <200 https://mediagalaxy.ro/telefoane/cpl/filtru/in-stoc-5182/in-stoc/brand-3334/apple/>
{'name': 'Telefon APPLE iPhone 15 Pro Max 5G, 512GB, Natural Titanium', 'price': '8.449', 'link': 'https://mediagalaxy.ro/telefon-apple-iphone-15-pro-max-5g-512gb-natural-titanium/cpd/SMTIP15PM5NT/', 'photo': 'https://lcdn.mediagalaxy.ro/resize/media/catalog/product/i/p/16fa6a9aef7ffd6209d5fd9338ffa0b1/iphone_15_pro_max_natural_titanium_pdp_image_position_1_wwen_b40a535c.jpg'}
2023-12-15 17:31:21 [scrapy] DEBUG: Scraped from <200 https://mediagalaxy.ro/telefoane/cpl/filtru/in-stoc-5182/in-stoc/brand-3334/apple/>
{'name': 'Telefon APPLE iPhone 15 Pro Max 5G, 512GB, Blue Titanium', 'price': '8.431', 'link': 'https://mediagalaxy.ro/telefon-apple-iphone-15-pro-max-5g-512gb-blue-titanium/cpd/SMTIP15PM5BL/', 'photo': 'https://lcdn.mediagalaxy.ro/resize/media/catalog/product/i/p/16fa6a9aef7ffd6209d5fd9338ffa0b1/iphone_15_pro_max_blue_titanium_pdp_image_position_1_wwen_5c0f07aa.jpg'}
2023-12-15 17:31:22 [scrapy] DEBUG: Crawled (200) <GET https://mediagalaxy.ro/telefoane/cpl/filtru/in-stoc-5182/in-stoc/brand-3334/apple/p/2/> (referer: https://mediagalaxy.ro/telefoane/cpl/filtru/in-stoc-5182/in-stoc/brand-3334/apple/)
2023-12-15 17:31:22 [scrapy] DEBUG: Scraped from <200 https://altex.ro/telefoane/cpl/filtru/in-stoc-5182/in-stoc/brand-3334/apple/>
{'name': 'Telefon APPLE iPhone 15 Pro Max 5G, 256GB, Natural Titanium', 'price': '7.199', 'link': 'https://altex.ro/telefon-apple-iphone-15-pro-max-5g-256gb-natural-titanium/cpd/SMTIP15PM2NT/', 'photo': 'https://lcdn.altex.ro/resize/media/catalog/product/i/p/16fa6a9aef7ffd6209d5fd9338ffa0b1/iphone_15_pro_max_natural_titanium_pdp_image_position_1_wwen_b40a535c.jpg'}
2023-12-15 17:31:22 [scrapy] DEBUG: Scraped from <200 https://altex.ro/telefoane/cpl/filtru/in-stoc-5182/in-stoc/brand-3334/apple/>
{'name': 'Telefon APPLE iPhone 15 Pro Max 5G, 512GB, Natural Titanium', 'price': '8.449', 'link': 'https://altex.ro/telefon-apple-iphone-15-pro-max-5g-512gb-natural-titanium/cpd/SMTIP15PM5NT/', 'photo': 'https://lcdn.altex.ro/resize/media/catalog/product/i/p/16fa6a9aef7ffd6209d5fd9338ffa0b1/iphone_15_pro_max_natural_titanium_pdp_image_position_1_wwen_b40a535c.jpg'}
2023-12-15 17:31:22 [scrapy] DEBUG: Scraped from <200 https://altex.ro/telefoane/cpl/filtru/in-stoc-5182/in-stoc/brand-3334/apple/>
{'name': 'Telefon APPLE iPhone 15 Pro Max 5G, 512GB, Blue Titanium', 'price': '8.431', 'link': 'https://altex.ro/telefon-apple-iphone-15-pro-max-5g-512gb-blue-titanium/cpd/SMTIP15PM5BL/', 'photo': 'https://lcdn.altex.ro/resize/media/catalog/product/i/p/16fa6a9aef7ffd6209d5fd9338ffa0b1/iphone_15_pro_max_blue_titanium_pdp_image_position_1_wwen_5c0f07aa.jpg'}
2023-12-15 17:31:22 [scrapy] DEBUG: Scraped from <200 https://altex.ro/telefoane/cpl/filtru/in-stoc-5182/in-stoc/brand-3334/apple/>
{'name': 'Telefon APPLE iPhone 15 Pro Max 5G, 1TB, Natural Titanium', 'price': '9.689', 'link': 'https://altex.ro/telefon-apple-iphone-15-pro-max-5g-1tb-natural-titanium/cpd/SMTIP15PM1TNT/', 'photo': 'https://lcdn.altex.ro/resize/media/catalog/product/i/p/16fa6a9aef7ffd6209d5fd9338ffa0b1/iphone_15_pro_max_natural_titanium_pdp_image_position_1_wwen_b40a535c.jpg'}
2023-12-15 17:31:22 [scrapy] DEBUG: Crawled (200) <GET https://mediagalaxy.ro/telefoane/cpl/filtru/in-stoc-5182/in-stoc/brand-3334/apple/p/1/> (referer: https://mediagalaxy.ro/telefoane/cpl/filtru/in-stoc-5182/in-stoc/brand-3334/apple/p/2/)
2023-12-15 17:31:22 [scrapy] DEBUG: Crawled (200) <GET https://altex.ro/telefoane/cpl/filtru/in-stoc-5182/in-stoc/brand-3334/apple/p/2/> (referer: https://altex.ro/telefoane/cpl/filtru/in-stoc-5182/in-stoc/brand-3334/apple/)
2023-12-15 17:31:22 [scrapy] DEBUG: Scraped from <200 https://mediagalaxy.ro/telefoane/cpl/filtru/in-stoc-5182/in-stoc/brand-3334/apple/p/1/>
{'name': 'Telefon APPLE iPhone 15 Pro Max 5G, 256GB, Natural Titanium', 'price': '7.199', 'link': 'https://mediagalaxy.ro/telefon-apple-iphone-15-pro-max-5g-256gb-natural-titanium/cpd/SMTIP15PM2NT/', 'photo': 'https://lcdn.mediagalaxy.ro/resize/media/catalog/product/i/p/16fa6a9aef7ffd6209d5fd9338ffa0b1/iphone_15_pro_max_natural_titanium_pdp_image_position_1_wwen_b40a535c.jpg'}
2023-12-15 17:31:22 [scrapy] DEBUG: Scraped from <200 https://mediagalaxy.ro/telefoane/cpl/filtru/in-stoc-5182/in-stoc/brand-3334/apple/p/1/>
{'name': 'Telefon APPLE iPhone 15 Pro Max 5G, 1TB, Natural Titanium', 'price': '9.689', 'link': 'https://mediagalaxy.ro/telefon-apple-iphone-15-pro-max-5g-1tb-natural-titanium/cpd/SMTIP15PM1TNT/', 'photo': 'https://lcdn.mediagalaxy.ro/resize/media/catalog/product/i/p/16fa6a9aef7ffd6209d5fd9338ffa0b1/iphone_15_pro_max_natural_titanium_pdp_image_position_1_wwen_b40a535c.jpg'}
2023-12-15 17:31:22 [scrapy] DEBUG: Scraped from <200 https://mediagalaxy.ro/telefoane/cpl/filtru/in-stoc-5182/in-stoc/brand-3334/apple/p/1/>
{'name': 'Telefon APPLE iPhone 15 Pro Max 5G, 512GB, Natural Titanium', 'price': '8.449', 'link': 'https://mediagalaxy.ro/telefon-apple-iphone-15-pro-max-5g-512gb-natural-titanium/cpd/SMTIP15PM5NT/', 'photo': 'https://lcdn.mediagalaxy.ro/resize/media/catalog/product/i/p/16fa6a9aef7ffd6209d5fd9338ffa0b1/iphone_15_pro_max_natural_titanium_pdp_image_position_1_wwen_b40a535c.jpg'}
2023-12-15 17:31:22 [scrapy] DEBUG: Scraped from <200 https://mediagalaxy.ro/telefoane/cpl/filtru/in-stoc-5182/in-stoc/brand-3334/apple/p/1/>
{'name': 'Telefon APPLE iPhone 15 Pro Max 5G, 512GB, Blue Titanium', 'price': '8.431', 'link': 'https://mediagalaxy.ro/telefon-apple-iphone-15-pro-max-5g-512gb-blue-titanium/cpd/SMTIP15PM5BL/', 'photo': 'https://lcdn.mediagalaxy.ro/resize/media/catalog/product/i/p/16fa6a9aef7ffd6209d5fd9338ffa0b1/iphone_15_pro_max_blue_titanium_pdp_image_position_1_wwen_5c0f07aa.jpg'}
2023-12-15 17:31:22 [scrapy] DEBUG: Filtered duplicate request: <GET https://mediagalaxy.ro/telefoane/cpl/filtru/in-stoc-5182/in-stoc/brand-3334/apple/p/2/> - no more duplicates will be shown (see DUPEFILTER_DEBUG to show all duplicates)
2023-12-15 17:31:22 [scrapy] DEBUG: Crawled (200) <GET https://altex.ro/telefoane/cpl/filtru/in-stoc-5182/in-stoc/brand-3334/apple/p/1/> (referer: https://altex.ro/telefoane/cpl/filtru/in-stoc-5182/in-stoc/brand-3334/apple/p/2/)
2023-12-15 17:31:22 [scrapy] DEBUG: Crawled (200) <GET https://flip.ro/magazin/apple/?modelType=Telefoane> (referer: None)
2023-12-15 17:31:22 [scrapy] DEBUG: Scraped from <200 https://altex.ro/telefoane/cpl/filtru/in-stoc-5182/in-stoc/brand-3334/apple/p/1/>
{'name': 'Telefon APPLE iPhone 15 Pro Max 5G, 256GB, Natural Titanium', 'price': '7.199', 'link': 'https://altex.ro/telefon-apple-iphone-15-pro-max-5g-256gb-natural-titanium/cpd/SMTIP15PM2NT/', 'photo': 'https://lcdn.altex.ro/resize/media/catalog/product/i/p/16fa6a9aef7ffd6209d5fd9338ffa0b1/iphone_15_pro_max_natural_titanium_pdp_image_position_1_wwen_b40a535c.jpg'}
2023-12-15 17:31:22 [scrapy] DEBUG: Scraped from <200 https://altex.ro/telefoane/cpl/filtru/in-stoc-5182/in-stoc/brand-3334/apple/p/1/>
{'name': 'Telefon APPLE iPhone 15 Pro Max 5G, 512GB, Natural Titanium', 'price': '8.449', 'link': 'https://altex.ro/telefon-apple-iphone-15-pro-max-5g-512gb-natural-titanium/cpd/SMTIP15PM5NT/', 'photo': 'https://lcdn.altex.ro/resize/media/catalog/product/i/p/16fa6a9aef7ffd6209d5fd9338ffa0b1/iphone_15_pro_max_natural_titanium_pdp_image_position_1_wwen_b40a535c.jpg'}
2023-12-15 17:31:22 [scrapy] DEBUG: Scraped from <200 https://altex.ro/telefoane/cpl/filtru/in-stoc-5182/in-stoc/brand-3334/apple/p/1/>
{'name': 'Telefon APPLE iPhone 15 Pro Max 5G, 512GB, Blue Titanium', 'price': '8.431', 'link': 'https://altex.ro/telefon-apple-iphone-15-pro-max-5g-512gb-blue-titanium/cpd/SMTIP15PM5BL/', 'photo': 'https://lcdn.altex.ro/resize/media/catalog/product/i/p/16fa6a9aef7ffd6209d5fd9338ffa0b1/iphone_15_pro_max_blue_titanium_pdp_image_position_1_wwen_5c0f07aa.jpg'}
2023-12-15 17:31:22 [scrapy] DEBUG: Scraped from <200 https://altex.ro/telefoane/cpl/filtru/in-stoc-5182/in-stoc/brand-3334/apple/p/1/>
{'name': 'Telefon APPLE iPhone 15 Pro Max 5G, 1TB, Natural Titanium', 'price': '9.689', 'link': 'https://altex.ro/telefon-apple-iphone-15-pro-max-5g-1tb-natural-titanium/cpd/SMTIP15PM1TNT/', 'photo': 'https://lcdn.altex.ro/resize/media/catalog/product/i/p/16fa6a9aef7ffd6209d5fd9338ffa0b1/iphone_15_pro_max_natural_titanium_pdp_image_position_1_wwen_b40a535c.jpg'}
2023-12-15 17:31:24 [scrapy] DEBUG: Crawled (200) <GET https://www.flanco.ro/telefoane-tablete/smartphone/filtre/brand/apple.html> (referer: None)
2023-12-15 17:31:24 [scrapy] ERROR: Spider error processing <GET https://www.flanco.ro/telefoane-tablete/smartphone/filtre/brand/apple.html> (referer: None)
Traceback (most recent call last):
  File "C:\Users\szekr\AppData\Local\Programs\Python\Python310\lib\site-packages\scrapy\utils\defer.py", line 279, in iter_errback
    yield next(it)
  File "C:\Users\szekr\AppData\Local\Programs\Python\Python310\lib\site-packages\scrapy\utils\python.py", line 350, in __next__
    return next(self.data)
  File "C:\Users\szekr\AppData\Local\Programs\Python\Python310\lib\site-packages\scrapy\utils\python.py", line 350, in __next__
    return next(self.data)
  File "C:\Users\szekr\AppData\Local\Programs\Python\Python310\lib\site-packages\scrapy\core\spidermw.py", line 106, in process_sync
    for r in iterable:
  File "C:\Users\szekr\AppData\Local\Programs\Python\Python310\lib\site-packages\scrapy\spidermiddlewares\offsite.py", line 28, in <genexpr>
    return (r for r in result or () if self._filter(r, spider))
  File "C:\Users\szekr\AppData\Local\Programs\Python\Python310\lib\site-packages\scrapy\core\spidermw.py", line 106, in process_sync
    for r in iterable:
  File "C:\Users\szekr\AppData\Local\Programs\Python\Python310\lib\site-packages\scrapy\spidermiddlewares\referer.py", line 352, in <genexpr>
    return (self._set_referer(r, response) for r in result or ())
  File "C:\Users\szekr\AppData\Local\Programs\Python\Python310\lib\site-packages\scrapy\core\spidermw.py", line 106, in process_sync
    for r in iterable:
  File "C:\Users\szekr\AppData\Local\Programs\Python\Python310\lib\site-packages\scrapy\spidermiddlewares\urllength.py", line 27, in <genexpr>
    return (r for r in result or () if self._filter(r, spider))
  File "C:\Users\szekr\AppData\Local\Programs\Python\Python310\lib\site-packages\scrapy\core\spidermw.py", line 106, in process_sync
    for r in iterable:
  File "C:\Users\szekr\AppData\Local\Programs\Python\Python310\lib\site-packages\scrapy\spidermiddlewares\depth.py", line 31, in <genexpr>
    return (r for r in result or () if self._filter(r, response, spider))
  File "C:\Users\szekr\AppData\Local\Programs\Python\Python310\lib\site-packages\scrapy\core\spidermw.py", line 106, in process_sync
    for r in iterable:
  File "D:\Facultate\Anul 3\Semestrul 1\TW\BestPrice\backend\scraper\scraper\spiders\phonespider.py", line 83, in parse_flanco
    "price": re.search("[0-9]*[.,]?[0-9]+",
  File "C:\Users\szekr\AppData\Local\Programs\Python\Python310\lib\re.py", line 200, in search
    return _compile(pattern, flags).search(string)
TypeError: expected string or bytes-like object
2023-12-15 17:31:24 [scrapy] INFO: Closing spider (finished)
2023-12-15 17:31:24 [scrapy] INFO: Dumping Scrapy stats:
{'downloader/request_bytes': 7078,
 'downloader/request_count': 14,
 'downloader/request_method_count/GET': 14,
 'downloader/response_bytes': 885821,
 'downloader/response_count': 14,
 'downloader/response_status_count/200': 13,
 'downloader/response_status_count/803': 1,
 'dupefilter/filtered': 2,
 'elapsed_time_seconds': 2.970878,
 'finish_reason': 'finished',
 'finish_time': datetime.datetime(2023, 12, 15, 15, 31, 24, 518240, tzinfo=datetime.timezone.utc),
 'httpcompression/response_bytes': 8258307,
 'httpcompression/response_count': 12,
 'httperror/response_ignored_count': 1,
 'httperror/response_ignored_status_count/803': 1,
 'item_scraped_count': 16,
 'log_count/DEBUG': 31,
 'log_count/ERROR': 1,
 'log_count/INFO': 8,
 'request_depth_max': 3,
 'response_received_count': 14,
 'robotstxt/request_count': 5,
 'robotstxt/response_count': 5,
 'robotstxt/response_status_count/200': 5,
 'scheduler/dequeued': 9,
 'scheduler/dequeued/memory': 9,
 'scheduler/enqueued': 9,
 'scheduler/enqueued/memory': 9,
 'spider_exceptions/TypeError': 1,
 'start_time': datetime.datetime(2023, 12, 15, 15, 31, 21, 547362, tzinfo=datetime.timezone.utc)}
2023-12-15 17:31:24 [scrapy] INFO: Spider closed (finished)
