2023-12-12 13:56:23 [scrapy] DEBUG: Crawled (200) <GET https://www.evomag.ro/robots.txt> (referer: None)
2023-12-12 13:56:23 [scrapy] DEBUG: Crawled (200) <GET https://www.flanco.ro/robots.txt> (referer: None)
2023-12-12 13:56:23 [scrapy] DEBUG: Crawled (200) <GET https://altex.ro/robots.txt> (referer: None)
2023-12-12 13:56:23 [scrapy] DEBUG: Crawled (803) <GET https://www.evomag.ro/telefoane-tablete-accesorii-telefoane/Redmi/> (referer: None)
2023-12-12 13:56:23 [scrapy] DEBUG: Crawled (200) <GET https://mediagalaxy.ro/robots.txt> (referer: None)
2023-12-12 13:56:23 [scrapy] DEBUG: Crawled (200) <GET https://flip.ro/robots.txt> (referer: None)
2023-12-12 13:56:23 [scrapy] INFO: Ignoring response <803 https://www.evomag.ro/telefoane-tablete-accesorii-telefoane/Redmi/>: HTTP status code is not handled or not allowed
2023-12-12 13:56:23 [scrapy] DEBUG: Redirecting (301) to <GET https://www.flanco.ro/telefoane-tablete/smartphone/filtre/brand/redmi.html> from <GET https://www.flanco.ro/telefoane-tablete/smartphone/filtre/brand/Redmi.html>
2023-12-12 13:56:23 [scrapy] DEBUG: Crawled (200) <GET https://flip.ro/magazin/Redmi/?modelType=Telefoane> (referer: None)
2023-12-12 13:56:23 [scrapy] DEBUG: Redirecting (301) to <GET https://www.flanco.ro/telefoane-tablete/smartphone/filtre.html> from <GET https://www.flanco.ro/telefoane-tablete/smartphone/filtre/brand/redmi.html>
2023-12-12 13:56:24 [scrapy] DEBUG: Redirecting (301) to <GET https://www.flanco.ro/telefoane-tablete/smartphone.html> from <GET https://www.flanco.ro/telefoane-tablete/smartphone/filtre.html>
2023-12-12 13:56:24 [scrapy] DEBUG: Crawled (200) <GET https://www.flanco.ro/telefoane-tablete/smartphone.html> (referer: None)
2023-12-12 13:56:24 [scrapy] DEBUG: Crawled (200) <GET https://mediagalaxy.ro/telefoane/cpl/filtru/in-stoc-5182/in-stoc/brand-3334/Redmi/> (referer: None)
2023-12-12 13:56:24 [scrapy] DEBUG: Scraped from <200 https://mediagalaxy.ro/telefoane/cpl/filtru/in-stoc-5182/in-stoc/brand-3334/Redmi/>
{'name': 'Telefon XIAOMI Redmi Note 12S, 256GB, 8GB RAM, Dual SIM, Onyx Black', 'price': '929', 'link': 'https://mediagalaxy.ro/telefon-xiaomi-redmi-note-12s-256gb-8gb-ram-dual-sim-onyx-black/cpd/SMTXRDNT12SBK/', 'photo': 'https://lcdn.mediagalaxy.ro/resize/media/catalog/product/r/e/16fa6a9aef7ffd6209d5fd9338ffa0b1/redmi_note_12s_black_1c973f2d.jpg'}
2023-12-12 13:56:25 [scrapy] DEBUG: Crawled (200) <GET https://altex.ro/telefoane/cpl/filtru/in-stoc-5182/in-stoc/brand-3334/Redmi/> (referer: None)
2023-12-12 13:56:25 [scrapy] DEBUG: Scraped from <200 https://altex.ro/telefoane/cpl/filtru/in-stoc-5182/in-stoc/brand-3334/Redmi/>
{'name': 'Telefon XIAOMI Redmi Note 12S, 256GB, 8GB RAM, Dual SIM, Onyx Black', 'price': '929', 'link': 'https://altex.ro/telefon-xiaomi-redmi-note-12s-256gb-8gb-ram-dual-sim-onyx-black/cpd/SMTXRDNT12SBK/', 'photo': 'https://lcdn.altex.ro/resize/media/catalog/product/r/e/16fa6a9aef7ffd6209d5fd9338ffa0b1/redmi_note_12s_black_1c973f2d.jpg'}
2023-12-12 13:56:25 [scrapy] DEBUG: Scraped from <200 https://altex.ro/telefoane/cpl/filtru/in-stoc-5182/in-stoc/brand-3334/Redmi/>
{'name': 'Telefon XIAOMI Redmi Note 12, 256GB, 8GB RAM, Dual SIM, Onyx Gray', 'price': '878', 'link': 'https://altex.ro/telefon-xiaomi-redmi-note-12-256gb-8gb-ram-dual-sim-onyx-gray/cpd/SMTXRDNT122GY/', 'photo': 'https://lcdn.altex.ro/resize/media/catalog/product/r/e/16fa6a9aef7ffd6209d5fd9338ffa0b1/redmi_note_12_gray_987e38e5.jpg'}
2023-12-12 13:56:26 [scrapy] DEBUG: Crawled (200) <GET https://altex.ro/telefoane/cpl/filtru/in-stoc-5182/in-stoc/brand-3334/Redmi/p/2/> (referer: https://altex.ro/telefoane/cpl/filtru/in-stoc-5182/in-stoc/brand-3334/Redmi/)
2023-12-12 13:56:26 [scrapy] DEBUG: Scraped from <200 https://altex.ro/telefoane/cpl/filtru/in-stoc-5182/in-stoc/brand-3334/Redmi/p/2/>
{'name': 'Telefon XIAOMI Redmi Note 12 Pro 5G, 256GB, 8GB RAM, Dual SIM, Midnight Black', 'price': '1.499', 'link': 'https://altex.ro/telefon-xiaomi-redmi-note-12-pro-5g-256gb-8gb-ram-dual-sim-midnight-black/cpd/SMTXIARDM12P8BK/', 'photo': 'https://lcdn.altex.ro/resize/media/catalog/product/r/e/16fa6a9aef7ffd6209d5fd9338ffa0b1/redmi_note_12_pro_5g_black_f4aed99a.jpg'}
2023-12-12 13:56:26 [scrapy] DEBUG: Scraped from <200 https://altex.ro/telefoane/cpl/filtru/in-stoc-5182/in-stoc/brand-3334/Redmi/p/2/>
{'name': 'Telefon XIAOMI Redmi Note 12S, 256GB, 8GB RAM, Dual SIM, Ice Blue', 'price': '929', 'link': 'https://altex.ro/telefon-xiaomi-redmi-note-12s-256gb-8gb-ram-dual-sim-ice-blue/cpd/SMTXRDNT12SBL/', 'photo': 'https://lcdn.altex.ro/resize/media/catalog/product/r/e/16fa6a9aef7ffd6209d5fd9338ffa0b1/redmi_note_12s_blue_05100398.jpg'}
2023-12-12 13:56:26 [scrapy] DEBUG: Scraped from <200 https://altex.ro/telefoane/cpl/filtru/in-stoc-5182/in-stoc/brand-3334/Redmi/p/2/>
{'name': 'Telefon XIAOMI Redmi Note 12 Pro+ 5G, 256GB, 8GB RAM, Dual SIM, Midnight Black', 'price': '1.749', 'link': 'https://altex.ro/telefon-xiaomi-redmi-note-12-pro-5g-256gb-8gb-ram-dual-sim-midnight-black/cpd/SMTXIARDM12PPBK/', 'photo': 'https://lcdn.altex.ro/resize/media/catalog/product/r/e/16fa6a9aef7ffd6209d5fd9338ffa0b1/redmi_note_12_pro_plus_5g_black__c8dbb4be.jpg'}
2023-12-12 13:56:26 [scrapy] DEBUG: Scraped from <200 https://altex.ro/telefoane/cpl/filtru/in-stoc-5182/in-stoc/brand-3334/Redmi/p/2/>
{'name': 'Telefon XIAOMI Redmi Note 12, 256GB, 8GB RAM, Dual SIM, Ice Blue', 'price': '899', 'link': 'https://altex.ro/telefon-xiaomi-redmi-note-12-256gb-8gb-ram-dual-sim-ice-blue/cpd/SMTXRDNT122BL/', 'photo': 'https://lcdn.altex.ro/resize/media/catalog/product/r/e/16fa6a9aef7ffd6209d5fd9338ffa0b1/redmi_note_12_blue_0b81be5d.jpg'}
2023-12-12 13:56:27 [scrapy] DEBUG: Crawled (200) <GET https://mediagalaxy.ro/telefoane/cpl/filtru/in-stoc-5182/in-stoc/brand-3334/Redmi/p/2/> (referer: https://mediagalaxy.ro/telefoane/cpl/filtru/in-stoc-5182/in-stoc/brand-3334/Redmi/)
2023-12-12 13:56:27 [scrapy] DEBUG: Scraped from <200 https://mediagalaxy.ro/telefoane/cpl/filtru/in-stoc-5182/in-stoc/brand-3334/Redmi/p/2/>
{'name': 'Telefon XIAOMI Redmi Note 12 Pro 5G, 256GB, 8GB RAM, Dual SIM, Midnight Black', 'price': '1.499', 'link': 'https://mediagalaxy.ro/telefon-xiaomi-redmi-note-12-pro-5g-256gb-8gb-ram-dual-sim-midnight-black/cpd/SMTXIARDM12P8BK/', 'photo': 'https://lcdn.mediagalaxy.ro/resize/media/catalog/product/r/e/16fa6a9aef7ffd6209d5fd9338ffa0b1/redmi_note_12_pro_5g_black_f4aed99a.jpg'}
2023-12-12 13:56:27 [scrapy] DEBUG: Scraped from <200 https://mediagalaxy.ro/telefoane/cpl/filtru/in-stoc-5182/in-stoc/brand-3334/Redmi/p/2/>
{'name': 'Telefon XIAOMI Redmi Note 12, 256GB, 8GB RAM, Dual SIM, Onyx Gray', 'price': '878', 'link': 'https://mediagalaxy.ro/telefon-xiaomi-redmi-note-12-256gb-8gb-ram-dual-sim-onyx-gray/cpd/SMTXRDNT122GY/', 'photo': 'https://lcdn.mediagalaxy.ro/resize/media/catalog/product/r/e/16fa6a9aef7ffd6209d5fd9338ffa0b1/redmi_note_12_gray_987e38e5.jpg'}
2023-12-12 13:56:28 [scrapy] DEBUG: Crawled (200) <GET https://altex.ro/telefoane/cpl/filtru/in-stoc-5182/in-stoc/brand-3334/Redmi/p/3/> (referer: https://altex.ro/telefoane/cpl/filtru/in-stoc-5182/in-stoc/brand-3334/Redmi/p/2/)
2023-12-12 13:56:28 [scrapy] DEBUG: Scraped from <200 https://altex.ro/telefoane/cpl/filtru/in-stoc-5182/in-stoc/brand-3334/Redmi/p/3/>
{'name': 'Telefon XIAOMI Redmi Note 12 Pro+ 5G, 256GB, 8GB RAM, Dual SIM, Sky Blue', 'price': '1.749', 'link': 'https://altex.ro/telefon-xiaomi-redmi-note-12-pro-5g-256gb-8gb-ram-dual-sim-sky-blue/cpd/SMTXIARDM12PPBL/', 'photo': 'https://lcdn.altex.ro/resize/media/catalog/product/r/e/16fa6a9aef7ffd6209d5fd9338ffa0b1/redmi_note_12_pro_plus_5g_blue_3e556581.jpg'}
2023-12-12 13:56:30 [scrapy] DEBUG: Crawled (200) <GET https://mediagalaxy.ro/telefoane/cpl/filtru/in-stoc-5182/in-stoc/brand-3334/Redmi/p/3/> (referer: https://mediagalaxy.ro/telefoane/cpl/filtru/in-stoc-5182/in-stoc/brand-3334/Redmi/p/2/)
2023-12-12 13:56:30 [scrapy] DEBUG: Scraped from <200 https://mediagalaxy.ro/telefoane/cpl/filtru/in-stoc-5182/in-stoc/brand-3334/Redmi/p/3/>
{'name': 'Telefon XIAOMI Redmi Note 12 Pro+ 5G, 256GB, 8GB RAM, Dual SIM, Midnight Black', 'price': '1.749', 'link': 'https://mediagalaxy.ro/telefon-xiaomi-redmi-note-12-pro-5g-256gb-8gb-ram-dual-sim-midnight-black/cpd/SMTXIARDM12PPBK/', 'photo': 'https://lcdn.mediagalaxy.ro/resize/media/catalog/product/r/e/16fa6a9aef7ffd6209d5fd9338ffa0b1/redmi_note_12_pro_plus_5g_black__c8dbb4be.jpg'}
2023-12-12 13:56:31 [scrapy] DEBUG: Crawled (200) <GET https://altex.ro/telefoane/cpl/filtru/in-stoc-5182/in-stoc/brand-3334/Redmi/p/4/> (referer: https://altex.ro/telefoane/cpl/filtru/in-stoc-5182/in-stoc/brand-3334/Redmi/p/3/)
2023-12-12 13:56:32 [scrapy] DEBUG: Crawled (200) <GET https://mediagalaxy.ro/telefoane/cpl/filtru/in-stoc-5182/in-stoc/brand-3334/Redmi/p/4/> (referer: https://mediagalaxy.ro/telefoane/cpl/filtru/in-stoc-5182/in-stoc/brand-3334/Redmi/p/3/)
2023-12-12 13:56:33 [scrapy] DEBUG: Crawled (200) <GET https://mediagalaxy.ro/telefoane/cpl/filtru/in-stoc-5182/in-stoc/brand-3334/Redmi/p/5/> (referer: https://mediagalaxy.ro/telefoane/cpl/filtru/in-stoc-5182/in-stoc/brand-3334/Redmi/p/4/)
2023-12-12 13:56:33 [scrapy] DEBUG: Crawled (200) <GET https://altex.ro/telefoane/cpl/filtru/in-stoc-5182/in-stoc/brand-3334/Redmi/p/5/> (referer: https://altex.ro/telefoane/cpl/filtru/in-stoc-5182/in-stoc/brand-3334/Redmi/p/4/)
2023-12-12 13:56:33 [scrapy] DEBUG: Scraped from <200 https://mediagalaxy.ro/telefoane/cpl/filtru/in-stoc-5182/in-stoc/brand-3334/Redmi/p/5/>
{'name': 'Telefon XIAOMI Redmi Note 12 Pro+ 5G, 256GB, 8GB RAM, Dual SIM, Sky Blue', 'price': '1.749', 'link': 'https://mediagalaxy.ro/telefon-xiaomi-redmi-note-12-pro-5g-256gb-8gb-ram-dual-sim-sky-blue/cpd/SMTXIARDM12PPBL/', 'photo': 'https://lcdn.mediagalaxy.ro/resize/media/catalog/product/r/e/16fa6a9aef7ffd6209d5fd9338ffa0b1/redmi_note_12_pro_plus_5g_blue_3e556581.jpg'}
2023-12-12 13:56:33 [scrapy] DEBUG: Scraped from <200 https://altex.ro/telefoane/cpl/filtru/in-stoc-5182/in-stoc/brand-3334/Redmi/p/5/>
{'name': 'Telefon XIAOMI Redmi Note 12, 64GB, 4GB RAM, Dual SIM, Onyx Gray', 'price': '719', 'link': 'https://altex.ro/telefon-xiaomi-redmi-note-12-64gb-4gb-ram-dual-sim-onyx-gray/cpd/SMTXRDNT1264GY/', 'photo': 'https://lcdn.altex.ro/resize/media/catalog/product/r/e/16fa6a9aef7ffd6209d5fd9338ffa0b1/redmi_note_12_gray_987e38e5.jpg'}
2023-12-12 13:56:34 [scrapy] DEBUG: Crawled (200) <GET https://mediagalaxy.ro/telefoane/cpl/filtru/in-stoc-5182/in-stoc/brand-3334/Redmi/p/6/> (referer: https://mediagalaxy.ro/telefoane/cpl/filtru/in-stoc-5182/in-stoc/brand-3334/Redmi/p/5/)
2023-12-12 13:56:34 [scrapy] DEBUG: Scraped from <200 https://mediagalaxy.ro/telefoane/cpl/filtru/in-stoc-5182/in-stoc/brand-3334/Redmi/p/6/>
{'name': 'Telefon XIAOMI Redmi Note 12S, 256GB, 8GB RAM, Dual SIM, Ice Blue', 'price': '929', 'link': 'https://mediagalaxy.ro/telefon-xiaomi-redmi-note-12s-256gb-8gb-ram-dual-sim-ice-blue/cpd/SMTXRDNT12SBL/', 'photo': 'https://lcdn.mediagalaxy.ro/resize/media/catalog/product/r/e/16fa6a9aef7ffd6209d5fd9338ffa0b1/redmi_note_12s_blue_05100398.jpg'}
2023-12-12 13:56:34 [scrapy] DEBUG: Scraped from <200 https://mediagalaxy.ro/telefoane/cpl/filtru/in-stoc-5182/in-stoc/brand-3334/Redmi/p/6/>
{'name': 'Telefon XIAOMI Redmi Note 12, 256GB, 8GB RAM, Dual SIM, Ice Blue', 'price': '899', 'link': 'https://mediagalaxy.ro/telefon-xiaomi-redmi-note-12-256gb-8gb-ram-dual-sim-ice-blue/cpd/SMTXRDNT122BL/', 'photo': 'https://lcdn.mediagalaxy.ro/resize/media/catalog/product/r/e/16fa6a9aef7ffd6209d5fd9338ffa0b1/redmi_note_12_blue_0b81be5d.jpg'}
2023-12-12 13:56:34 [scrapy] DEBUG: Scraped from <200 https://mediagalaxy.ro/telefoane/cpl/filtru/in-stoc-5182/in-stoc/brand-3334/Redmi/p/6/>
{'name': 'Telefon XIAOMI Redmi Note 12, 64GB, 4GB RAM, Dual SIM, Onyx Gray', 'price': '719', 'link': 'https://mediagalaxy.ro/telefon-xiaomi-redmi-note-12-64gb-4gb-ram-dual-sim-onyx-gray/cpd/SMTXRDNT1264GY/', 'photo': 'https://lcdn.mediagalaxy.ro/resize/media/catalog/product/r/e/16fa6a9aef7ffd6209d5fd9338ffa0b1/redmi_note_12_gray_987e38e5.jpg'}
2023-12-12 13:56:34 [scrapy] DEBUG: Scraped from <200 https://mediagalaxy.ro/telefoane/cpl/filtru/in-stoc-5182/in-stoc/brand-3334/Redmi/p/6/>
{'name': 'Telefon XIAOMI Redmi Note 12, 64GB, 4GB RAM, Dual SIM, Ice Blue', 'price': '706', 'link': 'https://mediagalaxy.ro/telefon-xiaomi-redmi-note-12-64gb-4gb-ram-dual-sim-ice-blue/cpd/SMTXRDNT1264BL/', 'photo': 'https://lcdn.mediagalaxy.ro/resize/media/catalog/product/r/e/16fa6a9aef7ffd6209d5fd9338ffa0b1/redmi_note_12_blue_0b81be5d.jpg'}
2023-12-12 13:56:34 [scrapy] DEBUG: Filtered duplicate request: <GET https://mediagalaxy.ro/telefoane/cpl/filtru/in-stoc-5182/in-stoc/brand-3334/Redmi/p/5/> - no more duplicates will be shown (see DUPEFILTER_DEBUG to show all duplicates)
2023-12-12 13:56:35 [scrapy] DEBUG: Crawled (200) <GET https://altex.ro/telefoane/cpl/filtru/in-stoc-5182/in-stoc/brand-3334/Redmi/p/6/> (referer: https://altex.ro/telefoane/cpl/filtru/in-stoc-5182/in-stoc/brand-3334/Redmi/p/5/)
2023-12-12 13:56:35 [scrapy] DEBUG: Scraped from <200 https://altex.ro/telefoane/cpl/filtru/in-stoc-5182/in-stoc/brand-3334/Redmi/p/6/>
{'name': 'Telefon XIAOMI Redmi Note 12, 64GB, 4GB RAM, Dual SIM, Ice Blue', 'price': '706', 'link': 'https://altex.ro/telefon-xiaomi-redmi-note-12-64gb-4gb-ram-dual-sim-ice-blue/cpd/SMTXRDNT1264BL/', 'photo': 'https://lcdn.altex.ro/resize/media/catalog/product/r/e/16fa6a9aef7ffd6209d5fd9338ffa0b1/redmi_note_12_blue_0b81be5d.jpg'}
2023-12-12 13:56:35 [scrapy] INFO: Closing spider (finished)
2023-12-12 13:56:35 [scrapy] INFO: Dumping Scrapy stats:
{'downloader/request_bytes': 14991,
 'downloader/request_count': 23,
 'downloader/request_method_count/GET': 23,
 'downloader/response_bytes': 1721550,
 'downloader/response_count': 23,
 'downloader/response_status_count/200': 19,
 'downloader/response_status_count/301': 3,
 'downloader/response_status_count/803': 1,
 'dupefilter/filtered': 2,
 'elapsed_time_seconds': 12.827544,
 'finish_reason': 'finished',
 'finish_time': datetime.datetime(2023, 12, 12, 11, 56, 35, 946714, tzinfo=datetime.timezone.utc),
 'httpcompression/response_bytes': 16566912,
 'httpcompression/response_count': 18,
 'httperror/response_ignored_count': 1,
 'httperror/response_ignored_status_count/803': 1,
 'item_scraped_count': 18,
 'log_count/DEBUG': 42,
 'log_count/INFO': 8,
 'request_depth_max': 6,
 'response_received_count': 20,
 'robotstxt/request_count': 5,
 'robotstxt/response_count': 5,
 'robotstxt/response_status_count/200': 5,
 'scheduler/dequeued': 18,
 'scheduler/dequeued/memory': 18,
 'scheduler/enqueued': 18,
 'scheduler/enqueued/memory': 18,
 'start_time': datetime.datetime(2023, 12, 12, 11, 56, 23, 119170, tzinfo=datetime.timezone.utc)}
2023-12-12 13:56:35 [scrapy] INFO: Spider closed (finished)
