2024-01-12 20:36:08 [scrapy] DEBUG: Crawled (200) <GET https://mediagalaxy.ro/robots.txt> (referer: None)
2024-01-12 20:36:08 [scrapy] DEBUG: Crawled (200) <GET https://altex.ro/robots.txt> (referer: None)
2024-01-12 20:36:08 [scrapy] DEBUG: Crawled (200) <GET https://www.evomag.ro/robots.txt> (referer: None)
2024-01-12 20:36:08 [scrapy] DEBUG: Crawled (200) <GET https://flip.ro/robots.txt> (referer: None)
2024-01-12 20:36:08 [scrapy] DEBUG: Crawled (200) <GET https://www.flanco.ro/robots.txt> (referer: None)
2024-01-12 20:36:08 [scrapy] DEBUG: Crawled (200) <GET https://altex.ro/telefoane/cpl/filtru/in-stoc-5182/in-stoc/brand-3334/huawei/> (referer: None)
2024-01-12 20:36:08 [scrapy] DEBUG: Crawled (200) <GET https://www.evomag.ro/telefoane-tablete-accesorii-telefoane/huawei/> (referer: None)
2024-01-12 20:36:08 [scrapy] DEBUG: Crawled (200) <GET https://www.flanco.ro/telefoane-tablete/smartphone/filtre/brand/huawei.html> (referer: None)
2024-01-12 20:36:08 [scrapy] DEBUG: Crawled (200) <GET https://mediagalaxy.ro/telefoane/cpl/filtru/in-stoc-5182/in-stoc/brand-3334/huawei/> (referer: None)
2024-01-12 20:36:08 [scrapy] DEBUG: Scraped from <200 https://www.flanco.ro/telefoane-tablete/smartphone/filtre/brand/huawei.html>
{'name': 'Telefon mobil Huawei nova Y70, 128 GB, 4 GB RAM, Midnight Black', 'price': '949', 'link': 'https://www.flanco.ro/telefon-mobil-huawei-nova-y70-128-gb-4-gb-ram-midnight-black.html', 'photo': 'https://www.flanco.ro/media/catalog/product/cache/3869290ebce25e2f88fbb249726321d7/t/e/telefon_huawei_nova_y70_ansamblu-badge_1.jpg'}
2024-01-12 20:36:09 [scrapy] DEBUG: Crawled (200) <GET https://flip.ro/magazin/huawei/?modelType=Telefoane> (referer: None)
2024-01-12 20:36:09 [scrapy] INFO: Closing spider (finished)
2024-01-12 20:36:09 [scrapy] INFO: Dumping Scrapy stats:
{'downloader/request_bytes': 2423,
 'downloader/request_count': 10,
 'downloader/request_method_count/GET': 10,
 'downloader/response_bytes': 445169,
 'downloader/response_count': 10,
 'downloader/response_status_count/200': 10,
 'elapsed_time_seconds': 1.050587,
 'finish_reason': 'finished',
 'finish_time': datetime.datetime(2024, 1, 12, 18, 36, 9, 338715, tzinfo=datetime.timezone.utc),
 'httpcompression/response_bytes': 3085171,
 'httpcompression/response_count': 9,
 'item_scraped_count': 1,
 'log_count/DEBUG': 11,
 'log_count/INFO': 7,
 'log_count/WARNING': 1,
 'response_received_count': 10,
 'robotstxt/request_count': 5,
 'robotstxt/response_count': 5,
 'robotstxt/response_status_count/200': 5,
 'scheduler/dequeued': 5,
 'scheduler/dequeued/memory': 5,
 'scheduler/enqueued': 5,
 'scheduler/enqueued/memory': 5,
 'start_time': datetime.datetime(2024, 1, 12, 18, 36, 8, 288128, tzinfo=datetime.timezone.utc)}
2024-01-12 20:36:09 [scrapy] INFO: Spider closed (finished)
