2024-01-15 10:57:56 [scrapy] DEBUG: Crawled (200) <GET https://altex.ro/robots.txt> (referer: None)
2024-01-15 10:57:56 [scrapy] DEBUG: Crawled (200) <GET https://www.flanco.ro/robots.txt> (referer: None)
2024-01-15 10:57:56 [scrapy] DEBUG: Crawled (200) <GET https://mediagalaxy.ro/robots.txt> (referer: None)
2024-01-15 10:57:56 [scrapy] DEBUG: Crawled (200) <GET https://www.evomag.ro/robots.txt> (referer: None)
2024-01-15 10:57:56 [scrapy] DEBUG: Crawled (200) <GET https://flip.ro/robots.txt> (referer: None)
2024-01-15 10:57:56 [scrapy] DEBUG: Crawled (200) <GET https://www.flanco.ro/telefoane-tablete/smartphone/filtre/brand/samsung.html> (referer: None)
2024-01-15 10:57:56 [scrapy] DEBUG: Crawled (200) <GET https://www.evomag.ro/telefoane-tablete-accesorii-telefoane/samsung/> (referer: None)
2024-01-15 10:57:57 [scrapy] ERROR: Spider error processing <GET https://www.evomag.ro/telefoane-tablete-accesorii-telefoane/samsung/> (referer: None)
Traceback (most recent call last):
  File "C:\Users\szekr\AppData\Local\Programs\Python\Python310\lib\site-packages\scrapy\utils\defer.py", line 279, in iter_errback
    yield next(it)
  File "C:\Users\szekr\AppData\Local\Programs\Python\Python310\lib\site-packages\scrapy\utils\python.py", line 350, in __next__
    return next(self.data)
  File "C:\Users\szekr\AppData\Local\Programs\Python\Python310\lib\site-packages\scrapy\utils\python.py", line 350, in __next__
    return next(self.data)
  File "C:\Users\szekr\AppData\Local\Programs\Python\Python310\lib\site-packages\scrapy\core\spidermw.py", line 106, in process_sync
    for r in iterable:
  File "C:\Users\szekr\AppData\Local\Programs\Python\Python310\lib\site-packages\scrapy\spidermiddlewares\offsite.py", line 28, in <genexpr>
    return (r for r in result or () if self._filter(r, spider))
  File "C:\Users\szekr\AppData\Local\Programs\Python\Python310\lib\site-packages\scrapy\core\spidermw.py", line 106, in process_sync
    for r in iterable:
  File "C:\Users\szekr\AppData\Local\Programs\Python\Python310\lib\site-packages\scrapy\spidermiddlewares\referer.py", line 352, in <genexpr>
    return (self._set_referer(r, response) for r in result or ())
  File "C:\Users\szekr\AppData\Local\Programs\Python\Python310\lib\site-packages\scrapy\core\spidermw.py", line 106, in process_sync
    for r in iterable:
  File "C:\Users\szekr\AppData\Local\Programs\Python\Python310\lib\site-packages\scrapy\spidermiddlewares\urllength.py", line 27, in <genexpr>
    return (r for r in result or () if self._filter(r, spider))
  File "C:\Users\szekr\AppData\Local\Programs\Python\Python310\lib\site-packages\scrapy\core\spidermw.py", line 106, in process_sync
    for r in iterable:
  File "C:\Users\szekr\AppData\Local\Programs\Python\Python310\lib\site-packages\scrapy\spidermiddlewares\depth.py", line 31, in <genexpr>
    return (r for r in result or () if self._filter(r, response, spider))
  File "C:\Users\szekr\AppData\Local\Programs\Python\Python310\lib\site-packages\scrapy\core\spidermw.py", line 106, in process_sync
    for r in iterable:
  File "D:\Facultate\Anul 3\Semestrul 1\TW\BestPrice\backend\scraper\scraper\spiders\phonespider.py", line 114, in parse_evomag
    photo = product.css(f"img[alt='{title}']::attr(src)").get()
  File "C:\Users\szekr\AppData\Local\Programs\Python\Python310\lib\site-packages\parsel\selector.py", line 683, in css
    return self.xpath(self._css2xpath(query))
  File "C:\Users\szekr\AppData\Local\Programs\Python\Python310\lib\site-packages\parsel\selector.py", line 687, in _css2xpath
    return _ctgroup[type]["_csstranslator"].css_to_xpath(query)
  File "C:\Users\szekr\AppData\Local\Programs\Python\Python310\lib\site-packages\parsel\csstranslator.py", line 152, in css_to_xpath
    return super().css_to_xpath(css, prefix)
  File "C:\Users\szekr\AppData\Local\Programs\Python\Python310\lib\site-packages\cssselect\xpath.py", line 224, in css_to_xpath
    for selector in parse(css)
  File "C:\Users\szekr\AppData\Local\Programs\Python\Python310\lib\site-packages\cssselect\parser.py", line 543, in parse
    return list(parse_selector_group(stream))
  File "C:\Users\szekr\AppData\Local\Programs\Python\Python310\lib\site-packages\cssselect\parser.py", line 558, in parse_selector_group
    yield Selector(*parse_selector(stream))
  File "C:\Users\szekr\AppData\Local\Programs\Python\Python310\lib\site-packages\cssselect\parser.py", line 567, in parse_selector
    result, pseudo_element = parse_simple_selector(stream)
  File "C:\Users\szekr\AppData\Local\Programs\Python\Python310\lib\site-packages\cssselect\parser.py", line 634, in parse_simple_selector
    result = parse_attrib(result, stream)
  File "C:\Users\szekr\AppData\Local\Programs\Python\Python310\lib\site-packages\cssselect\parser.py", line 795, in parse_attrib
    stream.skip_whitespace()
  File "C:\Users\szekr\AppData\Local\Programs\Python\Python310\lib\site-packages\cssselect\parser.py", line 1060, in skip_whitespace
    peek = self.peek()
  File "C:\Users\szekr\AppData\Local\Programs\Python\Python310\lib\site-packages\cssselect\parser.py", line 1040, in peek
    self.peeked = self.next_token()
  File "C:\Users\szekr\AppData\Local\Programs\Python\Python310\lib\site-packages\cssselect\parser.py", line 987, in tokenize
    raise SelectorSyntaxError("Invalid string at %s" % pos)
cssselect.parser.SelectorSyntaxError: Invalid string at 8
2024-01-15 10:57:57 [scrapy] DEBUG: Crawled (200) <GET https://mediagalaxy.ro/telefoane/cpl/filtru/in-stoc-5182/in-stoc/brand-3334/samsung/> (referer: None)
2024-01-15 10:57:57 [scrapy] DEBUG: Scraped from <200 https://mediagalaxy.ro/telefoane/cpl/filtru/in-stoc-5182/in-stoc/brand-3334/samsung/>
{'name': 'Telefon SAMSUNG Galaxy S23 Ultra 5G, 512GB, 12GB RAM, Dual SIM, Green', 'price': '5.299', 'link': 'https://mediagalaxy.ro/telefon-samsung-galaxy-s23-ultra-5g-512gb-12gb-ram-dual-sim-green/cpd/SMTS23U5GR/', 'photo': 'https://lcdn.mediagalaxy.ro/resize/media/catalog/product/t/e/16fa6a9aef7ffd6209d5fd9338ffa0b1/telefon_samsung_galaxy_s23_ultra_green_01_971ddec7.jpg'}
2024-01-15 10:57:57 [scrapy] DEBUG: Scraped from <200 https://mediagalaxy.ro/telefoane/cpl/filtru/in-stoc-5182/in-stoc/brand-3334/samsung/>
{'name': 'Telefon SAMSUNG Galaxy S23 Ultra 5G, 512GB, 12GB RAM, Dual SIM, Phantom Black', 'price': '6.199', 'link': 'https://mediagalaxy.ro/telefon-samsung-galaxy-s23-ultra-5g-512gb-12gb-ram-dual-sim-phantom-black/cpd/SMTS23U5BK/', 'photo': 'https://lcdn.mediagalaxy.ro/resize/media/catalog/product/t/e/16fa6a9aef7ffd6209d5fd9338ffa0b1/telefon_samsung_galaxy_s23_ultra_phantom_black_01_d653fc35.jpg'}
2024-01-15 10:57:57 [scrapy] DEBUG: Scraped from <200 https://mediagalaxy.ro/telefoane/cpl/filtru/in-stoc-5182/in-stoc/brand-3334/samsung/>
{'name': 'Telefon SAMSUNG Galaxy S23 Ultra 5G, 1TB, 12GB RAM, Dual SIM, Phantom Black', 'price': '8.499', 'link': 'https://mediagalaxy.ro/telefon-samsung-galaxy-s23-ultra-5g-1tb-12gb-ram-dual-sim-phantom-black/cpd/SMTS23U1TBBK/', 'photo': 'https://lcdn.mediagalaxy.ro/resize/media/catalog/product/t/e/16fa6a9aef7ffd6209d5fd9338ffa0b1/telefon_samsung_galaxy_s23_ultra_phantom_black_01_d653fc35.jpg'}
2024-01-15 10:57:57 [scrapy] DEBUG: Scraped from <200 https://mediagalaxy.ro/telefoane/cpl/filtru/in-stoc-5182/in-stoc/brand-3334/samsung/>
{'name': 'Telefon SAMSUNG Galaxy S23 Ultra 5G, 256GB, 8GB RAM, Dual SIM, Phantom Black', 'price': '5.099', 'link': 'https://mediagalaxy.ro/telefon-samsung-galaxy-s23-ultra-5g-256gb-8gb-ram-dual-sim-phantom-black/cpd/SMTS23U2BK/', 'photo': 'https://lcdn.mediagalaxy.ro/resize/media/catalog/product/t/e/16fa6a9aef7ffd6209d5fd9338ffa0b1/telefon_samsung_galaxy_s23_ultra_phantom_black_01_d653fc35.jpg'}
2024-01-15 10:57:57 [scrapy] DEBUG: Crawled (200) <GET https://flip.ro/magazin/samsung/?modelType=Telefoane> (referer: None)
2024-01-15 10:57:58 [scrapy] DEBUG: Scraped from <200 https://flip.ro/magazin/samsung/?modelType=Telefoane>
{'name': 'Samsung Galaxy S23 Ultra 5G Dual Sim, 512 GB, Phantom Black ', 'price': '4.519', 'link': 'https://flip.ro/magazin/samsung/telefon-mobil-samsung-galaxy-s23-ultra-5g-dual-sim-512gb-phantom-black/75239565/?shape=Excelent', 'photo': 'https://cdn.flip.ro/device-images/samsung_galaxy-s23-ultra-5g-dual-sim_phantom-black_sell_mip@_320.jpg'}
2024-01-15 10:57:58 [scrapy] DEBUG: Crawled (200) <GET https://altex.ro/telefoane/cpl/filtru/in-stoc-5182/in-stoc/brand-3334/samsung/> (referer: None)
2024-01-15 10:57:58 [scrapy] DEBUG: Scraped from <200 https://altex.ro/telefoane/cpl/filtru/in-stoc-5182/in-stoc/brand-3334/samsung/>
{'name': 'Telefon SAMSUNG Galaxy S23 Ultra 5G, 256GB, 8GB RAM, Dual SIM, Phantom Black', 'price': '5.099', 'link': 'https://altex.ro/telefon-samsung-galaxy-s23-ultra-5g-256gb-8gb-ram-dual-sim-phantom-black/cpd/SMTS23U2BK/', 'photo': 'https://lcdn.altex.ro/resize/media/catalog/product/t/e/16fa6a9aef7ffd6209d5fd9338ffa0b1/telefon_samsung_galaxy_s23_ultra_phantom_black_01_d653fc35.jpg'}
2024-01-15 10:57:58 [scrapy] DEBUG: Scraped from <200 https://altex.ro/telefoane/cpl/filtru/in-stoc-5182/in-stoc/brand-3334/samsung/>
{'name': 'Telefon SAMSUNG Galaxy S23 Ultra 5G, 512GB, 12GB RAM, Dual SIM, Phantom Black', 'price': '6.199', 'link': 'https://altex.ro/telefon-samsung-galaxy-s23-ultra-5g-512gb-12gb-ram-dual-sim-phantom-black/cpd/SMTS23U5BK/', 'photo': 'https://lcdn.altex.ro/resize/media/catalog/product/t/e/16fa6a9aef7ffd6209d5fd9338ffa0b1/telefon_samsung_galaxy_s23_ultra_phantom_black_01_d653fc35.jpg'}
2024-01-15 10:57:58 [scrapy] DEBUG: Scraped from <200 https://altex.ro/telefoane/cpl/filtru/in-stoc-5182/in-stoc/brand-3334/samsung/>
{'name': 'Telefon SAMSUNG Galaxy S23 Ultra 5G, 1TB, 12GB RAM, Dual SIM, Phantom Black', 'price': '8.499', 'link': 'https://altex.ro/telefon-samsung-galaxy-s23-ultra-5g-1tb-12gb-ram-dual-sim-phantom-black/cpd/SMTS23U1TBBK/', 'photo': 'https://lcdn.altex.ro/resize/media/catalog/product/t/e/16fa6a9aef7ffd6209d5fd9338ffa0b1/telefon_samsung_galaxy_s23_ultra_phantom_black_01_d653fc35.jpg'}
2024-01-15 10:57:58 [scrapy] DEBUG: Crawled (200) <GET https://mediagalaxy.ro/telefoane/cpl/filtru/in-stoc-5182/in-stoc/brand-3334/samsung/p/2/> (referer: https://mediagalaxy.ro/telefoane/cpl/filtru/in-stoc-5182/in-stoc/brand-3334/samsung/)
2024-01-15 10:57:59 [scrapy] DEBUG: Crawled (200) <GET https://mediagalaxy.ro/telefoane/cpl/filtru/in-stoc-5182/in-stoc/brand-3334/samsung/p/1/> (referer: https://mediagalaxy.ro/telefoane/cpl/filtru/in-stoc-5182/in-stoc/brand-3334/samsung/p/2/)
2024-01-15 10:57:59 [scrapy] DEBUG: Scraped from <200 https://mediagalaxy.ro/telefoane/cpl/filtru/in-stoc-5182/in-stoc/brand-3334/samsung/p/1/>
{'name': 'Telefon SAMSUNG Galaxy S23 Ultra 5G, 512GB, 12GB RAM, Dual SIM, Green', 'price': '5.299', 'link': 'https://mediagalaxy.ro/telefon-samsung-galaxy-s23-ultra-5g-512gb-12gb-ram-dual-sim-green/cpd/SMTS23U5GR/', 'photo': 'https://lcdn.mediagalaxy.ro/resize/media/catalog/product/t/e/16fa6a9aef7ffd6209d5fd9338ffa0b1/telefon_samsung_galaxy_s23_ultra_green_01_971ddec7.jpg'}
2024-01-15 10:57:59 [scrapy] DEBUG: Scraped from <200 https://mediagalaxy.ro/telefoane/cpl/filtru/in-stoc-5182/in-stoc/brand-3334/samsung/p/1/>
{'name': 'Telefon SAMSUNG Galaxy S23 Ultra 5G, 512GB, 12GB RAM, Dual SIM, Phantom Black', 'price': '6.199', 'link': 'https://mediagalaxy.ro/telefon-samsung-galaxy-s23-ultra-5g-512gb-12gb-ram-dual-sim-phantom-black/cpd/SMTS23U5BK/', 'photo': 'https://lcdn.mediagalaxy.ro/resize/media/catalog/product/t/e/16fa6a9aef7ffd6209d5fd9338ffa0b1/telefon_samsung_galaxy_s23_ultra_phantom_black_01_d653fc35.jpg'}
2024-01-15 10:57:59 [scrapy] DEBUG: Scraped from <200 https://mediagalaxy.ro/telefoane/cpl/filtru/in-stoc-5182/in-stoc/brand-3334/samsung/p/1/>
{'name': 'Telefon SAMSUNG Galaxy S23 Ultra 5G, 1TB, 12GB RAM, Dual SIM, Phantom Black', 'price': '8.499', 'link': 'https://mediagalaxy.ro/telefon-samsung-galaxy-s23-ultra-5g-1tb-12gb-ram-dual-sim-phantom-black/cpd/SMTS23U1TBBK/', 'photo': 'https://lcdn.mediagalaxy.ro/resize/media/catalog/product/t/e/16fa6a9aef7ffd6209d5fd9338ffa0b1/telefon_samsung_galaxy_s23_ultra_phantom_black_01_d653fc35.jpg'}
2024-01-15 10:57:59 [scrapy] DEBUG: Scraped from <200 https://mediagalaxy.ro/telefoane/cpl/filtru/in-stoc-5182/in-stoc/brand-3334/samsung/p/1/>
{'name': 'Telefon SAMSUNG Galaxy S23 Ultra 5G, 256GB, 8GB RAM, Dual SIM, Phantom Black', 'price': '5.099', 'link': 'https://mediagalaxy.ro/telefon-samsung-galaxy-s23-ultra-5g-256gb-8gb-ram-dual-sim-phantom-black/cpd/SMTS23U2BK/', 'photo': 'https://lcdn.mediagalaxy.ro/resize/media/catalog/product/t/e/16fa6a9aef7ffd6209d5fd9338ffa0b1/telefon_samsung_galaxy_s23_ultra_phantom_black_01_d653fc35.jpg'}
2024-01-15 10:57:59 [scrapy] DEBUG: Filtered duplicate request: <GET https://mediagalaxy.ro/telefoane/cpl/filtru/in-stoc-5182/in-stoc/brand-3334/samsung/p/2/> - no more duplicates will be shown (see DUPEFILTER_DEBUG to show all duplicates)
2024-01-15 10:58:00 [scrapy] DEBUG: Crawled (200) <GET https://altex.ro/telefoane/cpl/filtru/in-stoc-5182/in-stoc/brand-3334/samsung/p/2/> (referer: https://altex.ro/telefoane/cpl/filtru/in-stoc-5182/in-stoc/brand-3334/samsung/)
2024-01-15 10:58:00 [scrapy] DEBUG: Scraped from <200 https://altex.ro/telefoane/cpl/filtru/in-stoc-5182/in-stoc/brand-3334/samsung/p/2/>
{'name': 'Telefon SAMSUNG Galaxy S23 Ultra 5G, 512GB, 12GB RAM, Dual SIM, Green', 'price': '5.299', 'link': 'https://altex.ro/telefon-samsung-galaxy-s23-ultra-5g-512gb-12gb-ram-dual-sim-green/cpd/SMTS23U5GR/', 'photo': 'https://lcdn.altex.ro/resize/media/catalog/product/t/e/16fa6a9aef7ffd6209d5fd9338ffa0b1/telefon_samsung_galaxy_s23_ultra_green_01_971ddec7.jpg'}
2024-01-15 10:58:01 [scrapy] DEBUG: Crawled (200) <GET https://altex.ro/telefoane/cpl/filtru/in-stoc-5182/in-stoc/brand-3334/samsung/p/1/> (referer: https://altex.ro/telefoane/cpl/filtru/in-stoc-5182/in-stoc/brand-3334/samsung/p/2/)
2024-01-15 10:58:01 [scrapy] DEBUG: Scraped from <200 https://altex.ro/telefoane/cpl/filtru/in-stoc-5182/in-stoc/brand-3334/samsung/p/1/>
{'name': 'Telefon SAMSUNG Galaxy S23 Ultra 5G, 256GB, 8GB RAM, Dual SIM, Phantom Black', 'price': '5.099', 'link': 'https://altex.ro/telefon-samsung-galaxy-s23-ultra-5g-256gb-8gb-ram-dual-sim-phantom-black/cpd/SMTS23U2BK/', 'photo': 'https://lcdn.altex.ro/resize/media/catalog/product/t/e/16fa6a9aef7ffd6209d5fd9338ffa0b1/telefon_samsung_galaxy_s23_ultra_phantom_black_01_d653fc35.jpg'}
2024-01-15 10:58:01 [scrapy] DEBUG: Scraped from <200 https://altex.ro/telefoane/cpl/filtru/in-stoc-5182/in-stoc/brand-3334/samsung/p/1/>
{'name': 'Telefon SAMSUNG Galaxy S23 Ultra 5G, 512GB, 12GB RAM, Dual SIM, Phantom Black', 'price': '6.199', 'link': 'https://altex.ro/telefon-samsung-galaxy-s23-ultra-5g-512gb-12gb-ram-dual-sim-phantom-black/cpd/SMTS23U5BK/', 'photo': 'https://lcdn.altex.ro/resize/media/catalog/product/t/e/16fa6a9aef7ffd6209d5fd9338ffa0b1/telefon_samsung_galaxy_s23_ultra_phantom_black_01_d653fc35.jpg'}
2024-01-15 10:58:01 [scrapy] DEBUG: Scraped from <200 https://altex.ro/telefoane/cpl/filtru/in-stoc-5182/in-stoc/brand-3334/samsung/p/1/>
{'name': 'Telefon SAMSUNG Galaxy S23 Ultra 5G, 1TB, 12GB RAM, Dual SIM, Phantom Black', 'price': '8.499', 'link': 'https://altex.ro/telefon-samsung-galaxy-s23-ultra-5g-1tb-12gb-ram-dual-sim-phantom-black/cpd/SMTS23U1TBBK/', 'photo': 'https://lcdn.altex.ro/resize/media/catalog/product/t/e/16fa6a9aef7ffd6209d5fd9338ffa0b1/telefon_samsung_galaxy_s23_ultra_phantom_black_01_d653fc35.jpg'}
2024-01-15 10:58:01 [scrapy] INFO: Closing spider (finished)
2024-01-15 10:58:01 [scrapy] INFO: Dumping Scrapy stats:
{'downloader/request_bytes': 7104,
 'downloader/request_count': 14,
 'downloader/request_method_count/GET': 14,
 'downloader/response_bytes': 942205,
 'downloader/response_count': 14,
 'downloader/response_status_count/200': 14,
 'dupefilter/filtered': 2,
 'elapsed_time_seconds': 5.256924,
 'finish_reason': 'finished',
 'finish_time': datetime.datetime(2024, 1, 15, 8, 58, 1, 813500, tzinfo=datetime.timezone.utc),
 'httpcompression/response_bytes': 8517414,
 'httpcompression/response_count': 13,
 'item_scraped_count': 16,
 'log_count/DEBUG': 31,
 'log_count/ERROR': 1,
 'log_count/INFO': 7,
 'request_depth_max': 3,
 'response_received_count': 14,
 'robotstxt/request_count': 5,
 'robotstxt/response_count': 5,
 'robotstxt/response_status_count/200': 5,
 'scheduler/dequeued': 9,
 'scheduler/dequeued/memory': 9,
 'scheduler/enqueued': 9,
 'scheduler/enqueued/memory': 9,
 'spider_exceptions/SelectorSyntaxError': 1,
 'start_time': datetime.datetime(2024, 1, 15, 8, 57, 56, 556576, tzinfo=datetime.timezone.utc)}
2024-01-15 10:58:01 [scrapy] INFO: Spider closed (finished)
