2024-01-12 20:35:40 [scrapy] DEBUG: Crawled (200) <GET https://mediagalaxy.ro/robots.txt> (referer: None)
2024-01-12 20:35:40 [scrapy] DEBUG: Crawled (200) <GET https://altex.ro/robots.txt> (referer: None)
2024-01-12 20:35:40 [scrapy] DEBUG: Crawled (200) <GET https://www.evomag.ro/robots.txt> (referer: None)
2024-01-12 20:35:40 [scrapy] DEBUG: Crawled (200) <GET https://flip.ro/robots.txt> (referer: None)
2024-01-12 20:35:40 [scrapy] DEBUG: Crawled (200) <GET https://altex.ro/telefoane/cpl/filtru/in-stoc-5182/in-stoc/brand-3334/huawei/> (referer: None)
2024-01-12 20:35:40 [scrapy] DEBUG: Crawled (200) <GET https://www.evomag.ro/telefoane-tablete-accesorii-telefoane/huawei/> (referer: None)
2024-01-12 20:35:40 [scrapy] DEBUG: Crawled (200) <GET https://www.flanco.ro/robots.txt> (referer: None)
2024-01-12 20:35:40 [scrapy] DEBUG: Crawled (200) <GET https://mediagalaxy.ro/telefoane/cpl/filtru/in-stoc-5182/in-stoc/brand-3334/huawei/> (referer: None)
2024-01-12 20:35:40 [scrapy] DEBUG: Scraped from <200 https://www.evomag.ro/telefoane-tablete-accesorii-telefoane/huawei/>
{'title': 'Telefon Mobil Huawei Mate 50 Pro, Procesor Qualcomm SM8475 Snapdragon 8+ Gen 1 4G, OLED Capacitive touchscreen 6.74", 8GB RAM, 256GB Flash, Camera Tripla 50 + 64 + 13 MP, 4G, Wi-Fi, Dual SIM, EMUI, Argintiu', 'link': 'https://www.evomag.ro/telefoane-tablete-accesorii-telefoane/huawei-telefon-mobil-huawei-mate-50-pro-procesor-qualcomm-sm8475-snapdragon-8-gen-1-4g-oled-capacitive-touchscreen-6.74-8gb-ram-256gb-flash-camera-tripla-50-64-13-mp-4g-wi-fi-dual-sim-emui-argintiu-4026303.html', 'price': '3.533', 'photo': 'https://static3.evomag.ro/img?file=products%2F4026%2F4026303%2Ftelefon-mobil-huawei-mate-50-p-6347c0f39a63e.JPG&height=150&extend=white'}
2024-01-12 20:35:40 [scrapy] DEBUG: Crawled (200) <GET https://www.flanco.ro/telefoane-tablete/smartphone/filtre/brand/huawei.html> (referer: None)
2024-01-12 20:35:40 [scrapy] DEBUG: Crawled (200) <GET https://flip.ro/magazin/huawei/?modelType=Telefoane> (referer: None)
2024-01-12 20:35:41 [scrapy] INFO: Closing spider (finished)
2024-01-12 20:35:41 [scrapy] INFO: Dumping Scrapy stats:
{'downloader/request_bytes': 2423,
 'downloader/request_count': 10,
 'downloader/request_method_count/GET': 10,
 'downloader/response_bytes': 445186,
 'downloader/response_count': 10,
 'downloader/response_status_count/200': 10,
 'elapsed_time_seconds': 1.055504,
 'finish_reason': 'finished',
 'finish_time': datetime.datetime(2024, 1, 12, 18, 35, 41, 124471, tzinfo=datetime.timezone.utc),
 'httpcompression/response_bytes': 3085187,
 'httpcompression/response_count': 9,
 'item_scraped_count': 1,
 'log_count/DEBUG': 11,
 'log_count/INFO': 7,
 'log_count/WARNING': 1,
 'response_received_count': 10,
 'robotstxt/request_count': 5,
 'robotstxt/response_count': 5,
 'robotstxt/response_status_count/200': 5,
 'scheduler/dequeued': 5,
 'scheduler/dequeued/memory': 5,
 'scheduler/enqueued': 5,
 'scheduler/enqueued/memory': 5,
 'start_time': datetime.datetime(2024, 1, 12, 18, 35, 40, 68967, tzinfo=datetime.timezone.utc)}
2024-01-12 20:35:41 [scrapy] INFO: Spider closed (finished)
