2024-01-14 23:04:53 [scrapy] DEBUG: Crawled (200) <GET https://altex.ro/robots.txt> (referer: None)
2024-01-14 23:04:53 [scrapy] DEBUG: Crawled (200) <GET https://mediagalaxy.ro/robots.txt> (referer: None)
2024-01-14 23:04:53 [scrapy] DEBUG: Crawled (200) <GET https://www.evomag.ro/robots.txt> (referer: None)
2024-01-14 23:04:53 [scrapy] DEBUG: Crawled (200) <GET https://flip.ro/robots.txt> (referer: None)
2024-01-14 23:04:53 [scrapy] DEBUG: Crawled (803) <GET https://www.evomag.ro/telefoane-tablete-accesorii-telefoane/realme/> (referer: None)
2024-01-14 23:04:53 [scrapy] DEBUG: Crawled (200) <GET https://mediagalaxy.ro/telefoane/cpl/filtru/in-stoc-5182/in-stoc/brand-3334/realme/> (referer: None)
2024-01-14 23:04:53 [scrapy] DEBUG: Crawled (200) <GET https://altex.ro/telefoane/cpl/filtru/in-stoc-5182/in-stoc/brand-3334/realme/> (referer: None)
2024-01-14 23:04:53 [scrapy] DEBUG: Crawled (200) <GET https://www.flanco.ro/robots.txt> (referer: None)
2024-01-14 23:04:53 [scrapy] INFO: Ignoring response <803 https://www.evomag.ro/telefoane-tablete-accesorii-telefoane/realme/>: HTTP status code is not handled or not allowed
2024-01-14 23:04:53 [scrapy] DEBUG: Crawled (200) <GET https://www.flanco.ro/telefoane-tablete/smartphone/filtre/brand/realme.html> (referer: None)
2024-01-14 23:04:54 [scrapy] DEBUG: Crawled (200) <GET https://flip.ro/magazin/realme/?modelType=Telefoane> (referer: None)
2024-01-14 23:04:54 [scrapy] INFO: Closing spider (finished)
2024-01-14 23:04:54 [scrapy] INFO: Dumping Scrapy stats:
{'downloader/request_bytes': 2423,
 'downloader/request_count': 10,
 'downloader/request_method_count/GET': 10,
 'downloader/response_bytes': 384627,
 'downloader/response_count': 10,
 'downloader/response_status_count/200': 9,
 'downloader/response_status_count/803': 1,
 'elapsed_time_seconds': 1.232339,
 'finish_reason': 'finished',
 'finish_time': datetime.datetime(2024, 1, 14, 21, 4, 54, 252449, tzinfo=datetime.timezone.utc),
 'httpcompression/response_bytes': 2626692,
 'httpcompression/response_count': 8,
 'httperror/response_ignored_count': 1,
 'httperror/response_ignored_status_count/803': 1,
 'log_count/DEBUG': 10,
 'log_count/INFO': 8,
 'log_count/WARNING': 1,
 'response_received_count': 10,
 'robotstxt/request_count': 5,
 'robotstxt/response_count': 5,
 'robotstxt/response_status_count/200': 5,
 'scheduler/dequeued': 5,
 'scheduler/dequeued/memory': 5,
 'scheduler/enqueued': 5,
 'scheduler/enqueued/memory': 5,
 'start_time': datetime.datetime(2024, 1, 14, 21, 4, 53, 20110, tzinfo=datetime.timezone.utc)}
2024-01-14 23:04:54 [scrapy] INFO: Spider closed (finished)
