2023-12-08 20:30:22 [scrapy] DEBUG: Crawled (200) <GET https://www.evomag.ro/robots.txt> (referer: None)
2023-12-08 20:30:22 [scrapy] DEBUG: Redirecting (301) to <GET https://www.evomag.ro/telefoane-tablete-accesorii-tablete-si-accesorii-tablete/samsung/> from <GET https://www.evomag.ro/telefoane-tablete-accesorii-tablete-si-accesorii-tablete/samsung>
2023-12-08 20:30:22 [scrapy] DEBUG: Crawled (200) <GET https://www.evomag.ro/telefoane-tablete-accesorii-tablete-si-accesorii-tablete/samsung/> (referer: None)
2023-12-08 20:30:23 [scrapy] DEBUG: Scraped from <200 https://www.evomag.ro/telefoane-tablete-accesorii-tablete-si-accesorii-tablete/samsung/>
{'title': 'Tableta Samsung Galaxy Tab A8 X200, Procesor UNISOC Tiger T618, Ecran Capacitive touch screen 10.5", 4GB RAM, 128GB, 8MP, Wi-Fi, Bluetooth, Android 11 (Gri)', 'link': 'https://www.evomag.ro/telefoane-tablete-accesorii-tablete-si-accesorii-tablete/samsung-tableta-samsung-galaxy-tab-a8-x200-procesor-unisoc-tiger-t618-ecran-capacitive-touch-screen-10.5-4gb-ram-128gb-8mp-wi-fi-bluetooth-android-11-gri-3841759.html', 'price': '1.099,99 Lei', 'photo': 'https://static3.evomag.ro/img?file=products%2F4096%2F4096381%2Fcartela-sim-prepay-vodafone-646dd58bd0f50.JPG&width=90&extend=white'}
2023-12-08 20:30:23 [scrapy] DEBUG: Scraped from <200 https://www.evomag.ro/telefoane-tablete-accesorii-tablete-si-accesorii-tablete/samsung/>
{'title': 'Tableta Samsung Galaxy Tab A8 X200, Procesor UNISOC Tiger T618, Ecran Capacitive touch screen 10.5", 4GB RAM, 64GB, 8MP, Wi-Fi, Bluetooth, Android 11 (Gri)', 'link': 'https://www.evomag.ro/telefoane-tablete-accesorii-tablete-si-accesorii-tablete/samsung-tableta-samsung-galaxy-tab-a8-x200-procesor-unisoc-tiger-t618-ecran-capacitive-touch-screen-10.5-4gb-ram-64gb-8mp-wi-fi-bluetooth-android-11-gri-3840168.html', 'price': '982,99 Lei', 'photo': 'https://static3.evomag.ro/img?file=products%2F4096%2F4096381%2Fcartela-sim-prepay-vodafone-646dd58bd0f50.JPG&width=90&extend=white'}
2023-12-08 20:30:23 [scrapy] DEBUG: Scraped from <200 https://www.evomag.ro/telefoane-tablete-accesorii-tablete-si-accesorii-tablete/samsung/>
{'title': 'Tableta Samsung Galaxy Tab A8 X205, Procesor UNISOC Tiger T618, Ecran Capacitive touch screen 10.5", 4GB RAM, 64GB, 8MP, Wi-Fi, Bluetooth, 4G, Android 11 (Gri)', 'link': 'https://www.evomag.ro/telefoane-tablete-accesorii-tablete-si-accesorii-tablete/samsung-tableta-samsung-galaxy-tab-a8-x205-procesor-unisoc-tiger-t618-ecran-capacitive-touch-screen-10.5-4gb-ram-64gb-8mp-wi-fi-bluetooth-4g-android-11-gri-3842933.html', 'price': '1.684,99 Lei', 'photo': 'https://static3.evomag.ro/img?file=products%2F4096%2F4096381%2Fcartela-sim-prepay-vodafone-646dd58bd0f50.JPG&width=90&extend=white'}
2023-12-08 20:30:23 [scrapy] DEBUG: Scraped from <200 https://www.evomag.ro/telefoane-tablete-accesorii-tablete-si-accesorii-tablete/samsung/>
{'title': 'Tableta Samsung Galaxy Tab A8 X200, Procesor UNISOC Tiger T618, Ecran Capacitive touch screen 10.5", 3GB RAM, 32GB, 8MP, Wi-Fi, Bluetooth, Android 11 (Gri)', 'link': 'https://www.evomag.ro/telefoane-tablete-accesorii-tablete-si-accesorii-tablete/samsung-tableta-samsung-galaxy-tab-a8-x200-procesor-unisoc-tiger-t618-ecran-capacitive-touch-screen-10.5-3gb-ram-32gb-8mp-wi-fi-bluetooth-android-11-gri-3840165.html', 'price': '904,99 Lei', 'photo': 'https://static3.evomag.ro/img?file=products%2F4096%2F4096381%2Fcartela-sim-prepay-vodafone-646dd58bd0f50.JPG&width=90&extend=white'}
2023-12-08 20:30:23 [scrapy] DEBUG: Scraped from <200 https://www.evomag.ro/telefoane-tablete-accesorii-tablete-si-accesorii-tablete/samsung/>
{'title': 'Tableta Samsung Galaxy Tab A8 X205, Procesor UNISOC Tiger T618, Ecran Capacitive touch screen 10.5", 4GB RAM, 64GB, 8MP, Wi-Fi, Bluetooth, 4G, Android 11 (Roz-Auriu)', 'link': 'https://www.evomag.ro/telefoane-tablete-accesorii-tablete-si-accesorii-tablete/samsung-tableta-samsung-galaxy-tab-a8-x205-procesor-unisoc-tiger-t618-ecran-capacitive-touch-screen-10.5-4gb-ram-64gb-8mp-wi-fi-bluetooth-4g-android-11-roz-auriu-3913211.html', 'price': '1.133,99 Lei', 'photo': 'https://static3.evomag.ro/img?file=products%2F4096%2F4096381%2Fcartela-sim-prepay-vodafone-646dd58bd0f50.JPG&width=90&extend=white'}
2023-12-08 20:30:23 [scrapy] INFO: Closing spider (finished)
2023-12-08 20:30:23 [scrapy] INFO: Dumping Scrapy stats:
{'downloader/request_bytes': 781,
 'downloader/request_count': 3,
 'downloader/request_method_count/GET': 3,
 'downloader/response_bytes': 66769,
 'downloader/response_count': 3,
 'downloader/response_status_count/200': 2,
 'downloader/response_status_count/301': 1,
 'elapsed_time_seconds': 0.432883,
 'finish_reason': 'finished',
 'finish_time': datetime.datetime(2023, 12, 8, 18, 30, 23, 75748, tzinfo=datetime.timezone.utc),
 'httpcompression/response_bytes': 534466,
 'httpcompression/response_count': 2,
 'item_scraped_count': 5,
 'log_count/DEBUG': 8,
 'log_count/INFO': 7,
 'response_received_count': 2,
 'robotstxt/request_count': 1,
 'robotstxt/response_count': 1,
 'robotstxt/response_status_count/200': 1,
 'scheduler/dequeued': 2,
 'scheduler/dequeued/memory': 2,
 'scheduler/enqueued': 2,
 'scheduler/enqueued/memory': 2,
 'start_time': datetime.datetime(2023, 12, 8, 18, 30, 22, 642865, tzinfo=datetime.timezone.utc)}
2023-12-08 20:30:23 [scrapy] INFO: Spider closed (finished)
