2023-12-09 15:31:38 [scrapy] DEBUG: Crawled (200) <GET https://mediagalaxy.ro/robots.txt> (referer: None)
2023-12-09 15:31:38 [scrapy] DEBUG: Crawled (200) <GET https://altex.ro/robots.txt> (referer: None)
2023-12-09 15:31:38 [scrapy] DEBUG: Crawled (200) <GET https://www.flanco.ro/robots.txt> (referer: None)
2023-12-09 15:31:38 [scrapy] DEBUG: Crawled (200) <GET https://flip.ro/robots.txt> (referer: None)
2023-12-09 15:31:38 [scrapy] DEBUG: Crawled (200) <GET https://www.evomag.ro/robots.txt> (referer: None)
2023-12-09 15:31:38 [scrapy] DEBUG: Crawled (803) <GET https://www.evomag.ro/telefoane-tablete-accesorii-tablete-si-accesorii-tablete/samsung> (referer: None)
2023-12-09 15:31:39 [scrapy] DEBUG: Crawled (200) <GET https://www.flanco.ro/telefoane-tablete/tablete-si-accesorii/tablete-android/filtre/brand/samsung.html> (referer: None)
2023-12-09 15:31:39 [scrapy] INFO: Ignoring response <803 https://www.evomag.ro/telefoane-tablete-accesorii-tablete-si-accesorii-tablete/samsung>: HTTP status code is not handled or not allowed
2023-12-09 15:31:39 [scrapy] DEBUG: Crawled (200) <GET https://mediagalaxy.ro/tablete/cpl/filtru/in-stoc-5182/in-stoc/brand-3334/samsung/> (referer: None)
2023-12-09 15:31:39 [scrapy] DEBUG: Crawled (200) <GET https://altex.ro/tablete/cpl/filtru/in-stoc-5182/in-stoc/brand-3334/samsung/> (referer: None)
2023-12-09 15:31:39 [scrapy] DEBUG: Crawled (200) <GET https://flip.ro/magazin/samsung/?modelType=Tablete> (referer: None)
2023-12-09 15:31:39 [scrapy] INFO: Closing spider (finished)
2023-12-09 15:31:39 [scrapy] INFO: Dumping Scrapy stats:
{'downloader/request_bytes': 2466,
 'downloader/request_count': 10,
 'downloader/request_method_count/GET': 10,
 'downloader/response_bytes': 416161,
 'downloader/response_count': 10,
 'downloader/response_status_count/200': 9,
 'downloader/response_status_count/803': 1,
 'elapsed_time_seconds': 1.202118,
 'finish_reason': 'finished',
 'finish_time': datetime.datetime(2023, 12, 9, 13, 31, 39, 967329, tzinfo=datetime.timezone.utc),
 'httpcompression/response_bytes': 3163194,
 'httpcompression/response_count': 8,
 'httperror/response_ignored_count': 1,
 'httperror/response_ignored_status_count/803': 1,
 'log_count/DEBUG': 10,
 'log_count/INFO': 8,
 'response_received_count': 10,
 'robotstxt/request_count': 5,
 'robotstxt/response_count': 5,
 'robotstxt/response_status_count/200': 5,
 'scheduler/dequeued': 5,
 'scheduler/dequeued/memory': 5,
 'scheduler/enqueued': 5,
 'scheduler/enqueued/memory': 5,
 'start_time': datetime.datetime(2023, 12, 9, 13, 31, 38, 765211, tzinfo=datetime.timezone.utc)}
2023-12-09 15:31:39 [scrapy] INFO: Spider closed (finished)
