2023-12-08 19:12:16 [scrapy] DEBUG: Crawled (200) <GET https://altex.ro/robots.txt> (referer: None)
2023-12-08 19:12:16 [scrapy] DEBUG: Crawled (200) <GET https://altex.ro/tablete/cpl/filtru/in-stoc-5182/in-stoc/brand-3334/apple/> (referer: None)
2023-12-08 19:12:16 [scrapy] DEBUG: Crawled (200) <GET https://altex.ro/tablete/cpl/filtru/in-stoc-5182/in-stoc/brand-3334/apple/p/2/> (referer: https://altex.ro/tablete/cpl/filtru/in-stoc-5182/in-stoc/brand-3334/apple/)
2023-12-08 19:12:17 [scrapy] DEBUG: Crawled (200) <GET https://altex.ro/tablete/cpl/filtru/in-stoc-5182/in-stoc/brand-3334/apple/p/1/> (referer: https://altex.ro/tablete/cpl/filtru/in-stoc-5182/in-stoc/brand-3334/apple/p/2/)
2023-12-08 19:12:17 [scrapy] DEBUG: Filtered duplicate request: <GET https://altex.ro/tablete/cpl/filtru/in-stoc-5182/in-stoc/brand-3334/apple/p/2/> - no more duplicates will be shown (see DUPEFILTER_DEBUG to show all duplicates)
2023-12-08 19:12:17 [scrapy] INFO: Closing spider (finished)
2023-12-08 19:12:17 [scrapy] INFO: Dumping Scrapy stats:
{'downloader/request_bytes': 2779,
 'downloader/request_count': 4,
 'downloader/request_method_count/GET': 4,
 'downloader/response_bytes': 307849,
 'downloader/response_count': 4,
 'downloader/response_status_count/200': 4,
 'dupefilter/filtered': 1,
 'elapsed_time_seconds': 1.27116,
 'finish_reason': 'finished',
 'finish_time': datetime.datetime(2023, 12, 8, 17, 12, 17, 602505, tzinfo=datetime.timezone.utc),
 'httpcompression/response_bytes': 2840090,
 'httpcompression/response_count': 4,
 'log_count/DEBUG': 5,
 'log_count/INFO': 7,
 'request_depth_max': 3,
 'response_received_count': 4,
 'robotstxt/request_count': 1,
 'robotstxt/response_count': 1,
 'robotstxt/response_status_count/200': 1,
 'scheduler/dequeued': 3,
 'scheduler/dequeued/memory': 3,
 'scheduler/enqueued': 3,
 'scheduler/enqueued/memory': 3,
 'start_time': datetime.datetime(2023, 12, 8, 17, 12, 16, 331345, tzinfo=datetime.timezone.utc)}
2023-12-08 19:12:17 [scrapy] INFO: Spider closed (finished)
