2023-12-08 21:17:24 [scrapy] DEBUG: Crawled (200) <GET https://mediagalaxy.ro/robots.txt> (referer: None)
2023-12-08 21:17:24 [scrapy] DEBUG: Crawled (200) <GET https://altex.ro/robots.txt> (referer: None)
2023-12-08 21:17:24 [scrapy] DEBUG: Crawled (200) <GET https://mediagalaxy.ro/tablete/cpl/filtru/in-stoc-5182/in-stoc/brand-3334/samsung/> (referer: None)
2023-12-08 21:17:24 [scrapy] DEBUG: Crawled (200) <GET https://altex.ro/tablete/cpl/filtru/in-stoc-5182/in-stoc/brand-3334/samsung/> (referer: None)
2023-12-08 21:17:25 [scrapy] DEBUG: Scraped from <200 https://mediagalaxy.ro/tablete/cpl/filtru/in-stoc-5182/in-stoc/brand-3334/samsung/>
{'name': 'Tableta SAMSUNG Galaxy Tab A8, 10.5", 32GB, 3GB RAM, Wi-Fi, Dark Gray', 'price': '999', 'link': 'https://mediagalaxy.ro/tableta-samsung-galaxy-tab-a8-10-5-32gb-3gb-ram-wi-fi-dark-gray/cpd/TABX200NZAGY/', 'photo': 'https://lcdn.mediagalaxy.ro/resize/media/catalog/product/T/a/16fa6a9aef7ffd6209d5fd9338ffa0b1/Tableta_SAMSUNG_Galaxy_Tab_A8_Wi-Fi_10.5_32GB_3GB_RAM_Wi-Fi_Dark_Gray_2_.jpg'}
2023-12-08 21:17:25 [scrapy] DEBUG: Scraped from <200 https://altex.ro/tablete/cpl/filtru/in-stoc-5182/in-stoc/brand-3334/samsung/>
{'name': 'Tableta SAMSUNG Galaxy Tab A8, 10.5", 32GB, 3GB RAM, Wi-Fi, Dark Gray', 'price': '999', 'link': 'https://altex.ro/tableta-samsung-galaxy-tab-a8-10-5-32gb-3gb-ram-wi-fi-dark-gray/cpd/TABX200NZAGY/', 'photo': 'https://lcdn.altex.ro/resize/media/catalog/product/T/a/16fa6a9aef7ffd6209d5fd9338ffa0b1/Tableta_SAMSUNG_Galaxy_Tab_A8_Wi-Fi_10.5_32GB_3GB_RAM_Wi-Fi_Dark_Gray_2_.jpg'}
2023-12-08 21:17:25 [scrapy] DEBUG: Scraped from <200 https://mediagalaxy.ro/tablete/cpl/filtru/in-stoc-5182/in-stoc/brand-3334/samsung/>
{'name': 'Tableta SAMSUNG Galaxy Tab A8, 10.5", 32GB, 3GB RAM, Wi-Fi + 4G, Dark Gray', 'price': '1.149', 'link': 'https://mediagalaxy.ro/tableta-samsung-galaxy-tab-a8-10-5-32gb-3gb-ram-wi-fi-4g-dark-gray/cpd/TABX205NZGR/', 'photo': 'https://lcdn.mediagalaxy.ro/resize/media/catalog/product/T/a/16fa6a9aef7ffd6209d5fd9338ffa0b1/Tableta_SAMSUNG_Galaxy_Tab_A8_LTE_10.5_32GB_3GB_RAM_Wi-Fi_4G_Dark_Gray_10_.jpg'}
2023-12-08 21:17:25 [scrapy] DEBUG: Scraped from <200 https://mediagalaxy.ro/tablete/cpl/filtru/in-stoc-5182/in-stoc/brand-3334/samsung/>
{'name': 'Tableta SAMSUNG Galaxy Tab A8, 10.5", 32GB, 3GB RAM, Wi-Fi + 4G, Silver', 'price': '1.149', 'link': 'https://mediagalaxy.ro/tableta-samsung-galaxy-tab-a8-10-5-32gb-3gb-ram-wi-fi-4g-silver/cpd/TABX205NZSL/', 'photo': 'https://lcdn.mediagalaxy.ro/resize/media/catalog/product/T/a/16fa6a9aef7ffd6209d5fd9338ffa0b1/Tableta_SAMSUNG_Galaxy_Tab_A8_LTE_10.5_32GB_3GB_RAM_Wi-Fi_4G_Silver_3_.jpg'}
2023-12-08 21:17:25 [scrapy] DEBUG: Scraped from <200 https://mediagalaxy.ro/tablete/cpl/filtru/in-stoc-5182/in-stoc/brand-3334/samsung/>
{'name': 'Tableta SAMSUNG Galaxy Tab A8, 10.5", 32GB, 3GB RAM, Wi-Fi, Silver', 'price': '999', 'link': 'https://mediagalaxy.ro/tableta-samsung-galaxy-tab-a8-10-5-32gb-3gb-ram-wi-fi-silver/cpd/TABX200NZSIL/', 'photo': 'https://lcdn.mediagalaxy.ro/resize/media/catalog/product/T/a/16fa6a9aef7ffd6209d5fd9338ffa0b1/Tableta_SAMSUNG_Galaxy_Tab_A8_Wi-Fi_10.5_32GB_3GB_RAM_Wi-Fi_Silver_3_.jpg'}
2023-12-08 21:17:25 [scrapy] DEBUG: Scraped from <200 https://mediagalaxy.ro/tablete/cpl/filtru/in-stoc-5182/in-stoc/brand-3334/samsung/>
{'name': 'Tableta SAMSUNG Galaxy Tab A8, 10.5", 32GB, 3GB RAM, Wi-Fi + 4G, Pink Gold', 'price': '1.149', 'link': 'https://mediagalaxy.ro/tableta-samsung-galaxy-tab-a8-10-5-32gb-3gb-ram-wi-fi-4g-pink-gold/cpd/TABX205NIDGD/', 'photo': 'https://lcdn.mediagalaxy.ro/resize/media/catalog/product/T/a/16fa6a9aef7ffd6209d5fd9338ffa0b1/Tableta_SAMSUNG_Galaxy_Tab_A8_LTE_10.5_32GB_3GB_RAM_Wi-Fi_4G_Pink_Gold_8_.jpg'}
2023-12-08 21:17:25 [scrapy] DEBUG: Scraped from <200 https://altex.ro/tablete/cpl/filtru/in-stoc-5182/in-stoc/brand-3334/samsung/>
{'name': 'Tableta SAMSUNG Galaxy Tab A8, 10.5", 32GB, 3GB RAM, Wi-Fi + 4G, Dark Gray', 'price': '1.149', 'link': 'https://altex.ro/tableta-samsung-galaxy-tab-a8-10-5-32gb-3gb-ram-wi-fi-4g-dark-gray/cpd/TABX205NZGR/', 'photo': 'https://lcdn.altex.ro/resize/media/catalog/product/T/a/16fa6a9aef7ffd6209d5fd9338ffa0b1/Tableta_SAMSUNG_Galaxy_Tab_A8_LTE_10.5_32GB_3GB_RAM_Wi-Fi_4G_Dark_Gray_10_.jpg'}
2023-12-08 21:17:25 [scrapy] DEBUG: Scraped from <200 https://altex.ro/tablete/cpl/filtru/in-stoc-5182/in-stoc/brand-3334/samsung/>
{'name': 'Tableta SAMSUNG Galaxy Tab A8, 10.5", 32GB, 3GB RAM, Wi-Fi, Silver', 'price': '999', 'link': 'https://altex.ro/tableta-samsung-galaxy-tab-a8-10-5-32gb-3gb-ram-wi-fi-silver/cpd/TABX200NZSIL/', 'photo': 'https://lcdn.altex.ro/resize/media/catalog/product/T/a/16fa6a9aef7ffd6209d5fd9338ffa0b1/Tableta_SAMSUNG_Galaxy_Tab_A8_Wi-Fi_10.5_32GB_3GB_RAM_Wi-Fi_Silver_3_.jpg'}
2023-12-08 21:17:25 [scrapy] DEBUG: Scraped from <200 https://altex.ro/tablete/cpl/filtru/in-stoc-5182/in-stoc/brand-3334/samsung/>
{'name': 'Tableta SAMSUNG Galaxy Tab A8, 10.5", 32GB, 3GB RAM, Wi-Fi + 4G, Pink Gold', 'price': '1.149', 'link': 'https://altex.ro/tableta-samsung-galaxy-tab-a8-10-5-32gb-3gb-ram-wi-fi-4g-pink-gold/cpd/TABX205NIDGD/', 'photo': 'https://lcdn.altex.ro/resize/media/catalog/product/T/a/16fa6a9aef7ffd6209d5fd9338ffa0b1/Tableta_SAMSUNG_Galaxy_Tab_A8_LTE_10.5_32GB_3GB_RAM_Wi-Fi_4G_Pink_Gold_8_.jpg'}
2023-12-08 21:17:25 [scrapy] DEBUG: Scraped from <200 https://altex.ro/tablete/cpl/filtru/in-stoc-5182/in-stoc/brand-3334/samsung/>
{'name': 'Tableta SAMSUNG Galaxy Tab A8, 10.5", 32GB, 3GB RAM, Wi-Fi + 4G, Silver', 'price': '1.149', 'link': 'https://altex.ro/tableta-samsung-galaxy-tab-a8-10-5-32gb-3gb-ram-wi-fi-4g-silver/cpd/TABX205NZSL/', 'photo': 'https://lcdn.altex.ro/resize/media/catalog/product/T/a/16fa6a9aef7ffd6209d5fd9338ffa0b1/Tableta_SAMSUNG_Galaxy_Tab_A8_LTE_10.5_32GB_3GB_RAM_Wi-Fi_4G_Silver_3_.jpg'}
2023-12-08 21:17:25 [scrapy] INFO: Closing spider (finished)
2023-12-08 21:17:25 [scrapy] INFO: Dumping Scrapy stats:
{'downloader/request_bytes': 986,
 'downloader/request_count': 4,
 'downloader/request_method_count/GET': 4,
 'downloader/response_bytes': 212270,
 'downloader/response_count': 4,
 'downloader/response_status_count/200': 4,
 'elapsed_time_seconds': 0.626759,
 'finish_reason': 'finished',
 'finish_time': datetime.datetime(2023, 12, 8, 19, 17, 25, 254672, tzinfo=datetime.timezone.utc),
 'httpcompression/response_bytes': 1778322,
 'httpcompression/response_count': 4,
 'item_scraped_count': 10,
 'log_count/DEBUG': 14,
 'log_count/INFO': 7,
 'response_received_count': 4,
 'robotstxt/request_count': 2,
 'robotstxt/response_count': 2,
 'robotstxt/response_status_count/200': 2,
 'scheduler/dequeued': 2,
 'scheduler/dequeued/memory': 2,
 'scheduler/enqueued': 2,
 'scheduler/enqueued/memory': 2,
 'start_time': datetime.datetime(2023, 12, 8, 19, 17, 24, 627913, tzinfo=datetime.timezone.utc)}
2023-12-08 21:17:25 [scrapy] INFO: Spider closed (finished)
