2023-12-08 19:57:36 [scrapy] DEBUG: Crawled (200) <GET https://www.flanco.ro/robots.txt> (referer: None)
2023-12-08 19:57:36 [scrapy] DEBUG: Crawled (200) <GET https://www.flanco.ro/telefoane-tablete/tablete-si-accesorii/tablete-android/filtre/brand/samsung.html> (referer: None)
2023-12-08 19:57:37 [scrapy] DEBUG: Scraped from <200 https://www.flanco.ro/telefoane-tablete/tablete-si-accesorii/tablete-android/filtre/brand/samsung.html>
{'name': 'Tableta Samsung Galaxy Tab A8, 10.5", Octa Core, 32GB, 3GB RAM, 4G LTE, Silver', 'price': '1.249,', 'link': 'https://www.flanco.ro/tableta-samsung-galaxy-tab-a8-10-5-octa-core-32gb-3gb-ram-4g-lte-silver.html', 'photo': 'https://www.flanco.ro/media/catalog/product/cache/3869290ebce25e2f88fbb249726321d7/t/a/tableta_samsung_galaxy_tab_a8_10.5_inch_32gb_3gb_silver_2_1.jpg'}
2023-12-08 19:57:37 [scrapy] DEBUG: Scraped from <200 https://www.flanco.ro/telefoane-tablete/tablete-si-accesorii/tablete-android/filtre/brand/samsung.html>
{'name': 'Tableta Samsung Galaxy Tab A8, 10.5", Octa Core, 32GB, 3GB RAM, 4G LTE, Gray', 'price': '1.249,', 'link': 'https://www.flanco.ro/tableta-samsung-galaxy-tab-a8-10-5-octa-core-32gb-3gb-ram-4g-lte-gray.html', 'photo': 'https://www.flanco.ro/media/catalog/product/cache/3869290ebce25e2f88fbb249726321d7/t/a/tableta_samsung_galaxy_tab_a8_10.5_inch_32gb_3gb_wi-fi_gray_1_1.jpg'}
2023-12-08 19:57:37 [scrapy] DEBUG: Scraped from <200 https://www.flanco.ro/telefoane-tablete/tablete-si-accesorii/tablete-android/filtre/brand/samsung.html>
{'name': 'Tableta Samsung Galaxy Tab A8, 10.5", Octa Core, 32GB, 3GB RAM, Wi-Fi, Gray', 'price': '949,', 'link': 'https://www.flanco.ro/tableta-samsung-galaxy-tab-a8-10-5-octa-core-32gb-3gb-ram-wi-fi-gray.html', 'photo': 'https://www.flanco.ro/media/catalog/product/cache/3869290ebce25e2f88fbb249726321d7/t/a/tableta_samsung_galaxy_tab_a8_10.5_inch_32gb_3gb_wi-fi_gray_1.jpg'}
2023-12-08 19:57:37 [scrapy] DEBUG: Scraped from <200 https://www.flanco.ro/telefoane-tablete/tablete-si-accesorii/tablete-android/filtre/brand/samsung.html>
{'name': 'Tableta Samsung Galaxy Tab A8, 10.5", Octa Core, 32GB, 3GB RAM, Wi-Fi, Silver', 'price': '949,', 'link': 'https://www.flanco.ro/tableta-samsung-galaxy-tab-a8-10-5-octa-core-32gb-3gb-ram-wi-fi-silver.html', 'photo': 'https://www.flanco.ro/media/catalog/product/cache/3869290ebce25e2f88fbb249726321d7/t/a/tableta_samsung_galaxy_tab_a8_10.5_inch_32gb_3gb_silver_2.jpg'}
2023-12-08 19:57:37 [scrapy] INFO: Closing spider (finished)
2023-12-08 19:57:37 [scrapy] INFO: Dumping Scrapy stats:
{'downloader/request_bytes': 518,
 'downloader/request_count': 2,
 'downloader/request_method_count/GET': 2,
 'downloader/response_bytes': 72228,
 'downloader/response_count': 2,
 'downloader/response_status_count/200': 2,
 'elapsed_time_seconds': 0.47188,
 'finish_reason': 'finished',
 'finish_time': datetime.datetime(2023, 12, 8, 17, 57, 37, 170822, tzinfo=datetime.timezone.utc),
 'httpcompression/response_bytes': 894295,
 'httpcompression/response_count': 2,
 'item_scraped_count': 4,
 'log_count/DEBUG': 6,
 'log_count/INFO': 7,
 'response_received_count': 2,
 'robotstxt/request_count': 1,
 'robotstxt/response_count': 1,
 'robotstxt/response_status_count/200': 1,
 'scheduler/dequeued': 1,
 'scheduler/dequeued/memory': 1,
 'scheduler/enqueued': 1,
 'scheduler/enqueued/memory': 1,
 'start_time': datetime.datetime(2023, 12, 8, 17, 57, 36, 698942, tzinfo=datetime.timezone.utc)}
2023-12-08 19:57:37 [scrapy] INFO: Spider closed (finished)
