2023-12-08 20:36:58 [scrapy] DEBUG: Crawled (200) <GET https://www.evomag.ro/robots.txt> (referer: None)
2023-12-08 20:36:58 [scrapy] DEBUG: Redirecting (301) to <GET https://www.evomag.ro/telefoane-tablete-accesorii-tablete-si-accesorii-tablete/samsung/> from <GET https://www.evomag.ro/telefoane-tablete-accesorii-tablete-si-accesorii-tablete/samsung>
2023-12-08 20:36:58 [scrapy] DEBUG: Crawled (803) <GET https://www.evomag.ro/telefoane-tablete-accesorii-tablete-si-accesorii-tablete/samsung/> (referer: None)
2023-12-08 20:36:58 [scrapy] INFO: Ignoring response <803 https://www.evomag.ro/telefoane-tablete-accesorii-tablete-si-accesorii-tablete/samsung/>: HTTP status code is not handled or not allowed
2023-12-08 20:36:58 [scrapy] INFO: Closing spider (finished)
2023-12-08 20:36:58 [scrapy] INFO: Dumping Scrapy stats:
{'downloader/request_bytes': 781,
 'downloader/request_count': 3,
 'downloader/request_method_count/GET': 3,
 'downloader/response_bytes': 2113,
 'downloader/response_count': 3,
 'downloader/response_status_count/200': 1,
 'downloader/response_status_count/301': 1,
 'downloader/response_status_count/803': 1,
 'elapsed_time_seconds': 0.561249,
 'finish_reason': 'finished',
 'finish_time': datetime.datetime(2023, 12, 8, 18, 36, 58, 527724, tzinfo=datetime.timezone.utc),
 'httpcompression/response_bytes': 627,
 'httpcompression/response_count': 1,
 'httperror/response_ignored_count': 1,
 'httperror/response_ignored_status_count/803': 1,
 'log_count/DEBUG': 3,
 'log_count/INFO': 8,
 'response_received_count': 2,
 'robotstxt/request_count': 1,
 'robotstxt/response_count': 1,
 'robotstxt/response_status_count/200': 1,
 'scheduler/dequeued': 2,
 'scheduler/dequeued/memory': 2,
 'scheduler/enqueued': 2,
 'scheduler/enqueued/memory': 2,
 'start_time': datetime.datetime(2023, 12, 8, 18, 36, 57, 966475, tzinfo=datetime.timezone.utc)}
2023-12-08 20:36:58 [scrapy] INFO: Spider closed (finished)
