2023-12-09 15:21:27 [scrapy] DEBUG: Crawled (200) <GET https://altex.ro/robots.txt> (referer: None)
2023-12-09 15:21:27 [scrapy] DEBUG: Crawled (200) <GET https://mediagalaxy.ro/robots.txt> (referer: None)
2023-12-09 15:21:27 [scrapy] DEBUG: Crawled (200) <GET https://flip.ro/robots.txt> (referer: None)
2023-12-09 15:21:27 [scrapy] DEBUG: Crawled (200) <GET https://www.flanco.ro/robots.txt> (referer: None)
2023-12-09 15:21:27 [scrapy] DEBUG: Crawled (200) <GET https://www.evomag.ro/robots.txt> (referer: None)
2023-12-09 15:21:27 [scrapy] DEBUG: Crawled (803) <GET https://www.evomag.ro/telefoane-tablete-accesorii-tablete-si-accesorii-tablete/samsung> (referer: None)
2023-12-09 15:21:27 [scrapy] DEBUG: Crawled (200) <GET https://www.flanco.ro/telefoane-tablete/tablete-si-accesorii/tablete-android/filtre/brand/samsung.html> (referer: None)
2023-12-09 15:21:27 [scrapy] INFO: Ignoring response <803 https://www.evomag.ro/telefoane-tablete-accesorii-tablete-si-accesorii-tablete/samsung>: HTTP status code is not handled or not allowed
2023-12-09 15:21:27 [scrapy] DEBUG: Scraped from <200 https://www.flanco.ro/telefoane-tablete/tablete-si-accesorii/tablete-android/filtre/brand/samsung.html>
{'name': 'Tableta Samsung Galaxy Tab A8, 10.5", Octa Core, 32GB, 3GB RAM, 4G LTE, Silver', 'price': '1.249', 'link': 'https://www.flanco.ro/tableta-samsung-galaxy-tab-a8-10-5-octa-core-32gb-3gb-ram-4g-lte-silver.html', 'photo': 'https://www.flanco.ro/media/catalog/product/cache/3869290ebce25e2f88fbb249726321d7/t/a/tableta_samsung_galaxy_tab_a8_10.5_inch_32gb_3gb_silver_2_1.jpg'}
2023-12-09 15:21:27 [scrapy] DEBUG: Crawled (200) <GET https://altex.ro/tablete/cpl/filtru/in-stoc-5182/in-stoc/brand-3334/samsung/> (referer: None)
2023-12-09 15:21:27 [scrapy] DEBUG: Scraped from <200 https://www.flanco.ro/telefoane-tablete/tablete-si-accesorii/tablete-android/filtre/brand/samsung.html>
{'name': 'Tableta Samsung Galaxy Tab A8, 10.5", Octa Core, 32GB, 3GB RAM, 4G LTE, Gray', 'price': '1.249', 'link': 'https://www.flanco.ro/tableta-samsung-galaxy-tab-a8-10-5-octa-core-32gb-3gb-ram-4g-lte-gray.html', 'photo': 'https://www.flanco.ro/media/catalog/product/cache/3869290ebce25e2f88fbb249726321d7/t/a/tableta_samsung_galaxy_tab_a8_10.5_inch_32gb_3gb_wi-fi_gray_1_1.jpg'}
2023-12-09 15:21:27 [scrapy] DEBUG: Scraped from <200 https://www.flanco.ro/telefoane-tablete/tablete-si-accesorii/tablete-android/filtre/brand/samsung.html>
{'name': 'Tableta Samsung Galaxy Tab A8, 10.5", Octa Core, 32GB, 3GB RAM, Wi-Fi, Gray', 'price': '949', 'link': 'https://www.flanco.ro/tableta-samsung-galaxy-tab-a8-10-5-octa-core-32gb-3gb-ram-wi-fi-gray.html', 'photo': 'https://www.flanco.ro/media/catalog/product/cache/3869290ebce25e2f88fbb249726321d7/t/a/tableta_samsung_galaxy_tab_a8_10.5_inch_32gb_3gb_wi-fi_gray_1.jpg'}
2023-12-09 15:21:27 [scrapy] DEBUG: Scraped from <200 https://www.flanco.ro/telefoane-tablete/tablete-si-accesorii/tablete-android/filtre/brand/samsung.html>
{'name': 'Tableta Samsung Galaxy Tab A8, 10.5", Octa Core, 32GB, 3GB RAM, Wi-Fi, Silver', 'price': '949', 'link': 'https://www.flanco.ro/tableta-samsung-galaxy-tab-a8-10-5-octa-core-32gb-3gb-ram-wi-fi-silver.html', 'photo': 'https://www.flanco.ro/media/catalog/product/cache/3869290ebce25e2f88fbb249726321d7/t/a/tableta_samsung_galaxy_tab_a8_10.5_inch_32gb_3gb_silver_2.jpg'}
2023-12-09 15:21:27 [scrapy] DEBUG: Crawled (200) <GET https://mediagalaxy.ro/tablete/cpl/filtru/in-stoc-5182/in-stoc/brand-3334/samsung/> (referer: None)
2023-12-09 15:21:27 [scrapy] DEBUG: Scraped from <200 https://altex.ro/tablete/cpl/filtru/in-stoc-5182/in-stoc/brand-3334/samsung/>
{'name': 'Tableta SAMSUNG Galaxy Tab A8, 10.5", 32GB, 3GB RAM, Wi-Fi, Dark Gray', 'price': '999', 'link': 'https://altex.ro/tableta-samsung-galaxy-tab-a8-10-5-32gb-3gb-ram-wi-fi-dark-gray/cpd/TABX200NZAGY/', 'photo': 'https://lcdn.altex.ro/resize/media/catalog/product/T/a/16fa6a9aef7ffd6209d5fd9338ffa0b1/Tableta_SAMSUNG_Galaxy_Tab_A8_Wi-Fi_10.5_32GB_3GB_RAM_Wi-Fi_Dark_Gray_2_.jpg'}
2023-12-09 15:21:27 [scrapy] DEBUG: Scraped from <200 https://altex.ro/tablete/cpl/filtru/in-stoc-5182/in-stoc/brand-3334/samsung/>
{'name': 'Tableta SAMSUNG Galaxy Tab A8, 10.5", 32GB, 3GB RAM, Wi-Fi + 4G, Dark Gray', 'price': '1.149', 'link': 'https://altex.ro/tableta-samsung-galaxy-tab-a8-10-5-32gb-3gb-ram-wi-fi-4g-dark-gray/cpd/TABX205NZGR/', 'photo': 'https://lcdn.altex.ro/resize/media/catalog/product/T/a/16fa6a9aef7ffd6209d5fd9338ffa0b1/Tableta_SAMSUNG_Galaxy_Tab_A8_LTE_10.5_32GB_3GB_RAM_Wi-Fi_4G_Dark_Gray_10_.jpg'}
2023-12-09 15:21:27 [scrapy] DEBUG: Scraped from <200 https://altex.ro/tablete/cpl/filtru/in-stoc-5182/in-stoc/brand-3334/samsung/>
{'name': 'Tableta SAMSUNG Galaxy Tab A8, 10.5", 32GB, 3GB RAM, Wi-Fi, Silver', 'price': '999', 'link': 'https://altex.ro/tableta-samsung-galaxy-tab-a8-10-5-32gb-3gb-ram-wi-fi-silver/cpd/TABX200NZSIL/', 'photo': 'https://lcdn.altex.ro/resize/media/catalog/product/T/a/16fa6a9aef7ffd6209d5fd9338ffa0b1/Tableta_SAMSUNG_Galaxy_Tab_A8_Wi-Fi_10.5_32GB_3GB_RAM_Wi-Fi_Silver_3_.jpg'}
2023-12-09 15:21:27 [scrapy] DEBUG: Scraped from <200 https://altex.ro/tablete/cpl/filtru/in-stoc-5182/in-stoc/brand-3334/samsung/>
{'name': 'Tableta SAMSUNG Galaxy Tab A8, 10.5", 32GB, 3GB RAM, Wi-Fi + 4G, Pink Gold', 'price': '1.149', 'link': 'https://altex.ro/tableta-samsung-galaxy-tab-a8-10-5-32gb-3gb-ram-wi-fi-4g-pink-gold/cpd/TABX205NIDGD/', 'photo': 'https://lcdn.altex.ro/resize/media/catalog/product/T/a/16fa6a9aef7ffd6209d5fd9338ffa0b1/Tableta_SAMSUNG_Galaxy_Tab_A8_LTE_10.5_32GB_3GB_RAM_Wi-Fi_4G_Pink_Gold_8_.jpg'}
2023-12-09 15:21:27 [scrapy] DEBUG: Scraped from <200 https://altex.ro/tablete/cpl/filtru/in-stoc-5182/in-stoc/brand-3334/samsung/>
{'name': 'Tableta SAMSUNG Galaxy Tab A8, 10.5", 32GB, 3GB RAM, Wi-Fi + 4G, Silver', 'price': '1.149', 'link': 'https://altex.ro/tableta-samsung-galaxy-tab-a8-10-5-32gb-3gb-ram-wi-fi-4g-silver/cpd/TABX205NZSL/', 'photo': 'https://lcdn.altex.ro/resize/media/catalog/product/T/a/16fa6a9aef7ffd6209d5fd9338ffa0b1/Tableta_SAMSUNG_Galaxy_Tab_A8_LTE_10.5_32GB_3GB_RAM_Wi-Fi_4G_Silver_3_.jpg'}
2023-12-09 15:21:27 [scrapy] DEBUG: Scraped from <200 https://mediagalaxy.ro/tablete/cpl/filtru/in-stoc-5182/in-stoc/brand-3334/samsung/>
{'name': 'Tableta SAMSUNG Galaxy Tab A8, 10.5", 32GB, 3GB RAM, Wi-Fi + 4G, Silver', 'price': '1.149', 'link': 'https://mediagalaxy.ro/tableta-samsung-galaxy-tab-a8-10-5-32gb-3gb-ram-wi-fi-4g-silver/cpd/TABX205NZSL/', 'photo': 'https://lcdn.mediagalaxy.ro/resize/media/catalog/product/T/a/16fa6a9aef7ffd6209d5fd9338ffa0b1/Tableta_SAMSUNG_Galaxy_Tab_A8_LTE_10.5_32GB_3GB_RAM_Wi-Fi_4G_Silver_3_.jpg'}
2023-12-09 15:21:27 [scrapy] DEBUG: Scraped from <200 https://mediagalaxy.ro/tablete/cpl/filtru/in-stoc-5182/in-stoc/brand-3334/samsung/>
{'name': 'Tableta SAMSUNG Galaxy Tab A8, 10.5", 32GB, 3GB RAM, Wi-Fi, Dark Gray', 'price': '999', 'link': 'https://mediagalaxy.ro/tableta-samsung-galaxy-tab-a8-10-5-32gb-3gb-ram-wi-fi-dark-gray/cpd/TABX200NZAGY/', 'photo': 'https://lcdn.mediagalaxy.ro/resize/media/catalog/product/T/a/16fa6a9aef7ffd6209d5fd9338ffa0b1/Tableta_SAMSUNG_Galaxy_Tab_A8_Wi-Fi_10.5_32GB_3GB_RAM_Wi-Fi_Dark_Gray_2_.jpg'}
2023-12-09 15:21:27 [scrapy] DEBUG: Scraped from <200 https://mediagalaxy.ro/tablete/cpl/filtru/in-stoc-5182/in-stoc/brand-3334/samsung/>
{'name': 'Tableta SAMSUNG Galaxy Tab A8, 10.5", 32GB, 3GB RAM, Wi-Fi, Silver', 'price': '999', 'link': 'https://mediagalaxy.ro/tableta-samsung-galaxy-tab-a8-10-5-32gb-3gb-ram-wi-fi-silver/cpd/TABX200NZSIL/', 'photo': 'https://lcdn.mediagalaxy.ro/resize/media/catalog/product/T/a/16fa6a9aef7ffd6209d5fd9338ffa0b1/Tableta_SAMSUNG_Galaxy_Tab_A8_Wi-Fi_10.5_32GB_3GB_RAM_Wi-Fi_Silver_3_.jpg'}
2023-12-09 15:21:27 [scrapy] DEBUG: Scraped from <200 https://mediagalaxy.ro/tablete/cpl/filtru/in-stoc-5182/in-stoc/brand-3334/samsung/>
{'name': 'Tableta SAMSUNG Galaxy Tab A8, 10.5", 32GB, 3GB RAM, Wi-Fi + 4G, Dark Gray', 'price': '1.149', 'link': 'https://mediagalaxy.ro/tableta-samsung-galaxy-tab-a8-10-5-32gb-3gb-ram-wi-fi-4g-dark-gray/cpd/TABX205NZGR/', 'photo': 'https://lcdn.mediagalaxy.ro/resize/media/catalog/product/T/a/16fa6a9aef7ffd6209d5fd9338ffa0b1/Tableta_SAMSUNG_Galaxy_Tab_A8_LTE_10.5_32GB_3GB_RAM_Wi-Fi_4G_Dark_Gray_10_.jpg'}
2023-12-09 15:21:27 [scrapy] DEBUG: Scraped from <200 https://mediagalaxy.ro/tablete/cpl/filtru/in-stoc-5182/in-stoc/brand-3334/samsung/>
{'name': 'Tableta SAMSUNG Galaxy Tab A8, 10.5", 32GB, 3GB RAM, Wi-Fi + 4G, Pink Gold', 'price': '1.149', 'link': 'https://mediagalaxy.ro/tableta-samsung-galaxy-tab-a8-10-5-32gb-3gb-ram-wi-fi-4g-pink-gold/cpd/TABX205NIDGD/', 'photo': 'https://lcdn.mediagalaxy.ro/resize/media/catalog/product/T/a/16fa6a9aef7ffd6209d5fd9338ffa0b1/Tableta_SAMSUNG_Galaxy_Tab_A8_LTE_10.5_32GB_3GB_RAM_Wi-Fi_4G_Pink_Gold_8_.jpg'}
2023-12-09 15:21:28 [scrapy] DEBUG: Crawled (200) <GET https://flip.ro/magazin/samsung/?modelType=Tablete> (referer: None)
2023-12-09 15:21:28 [scrapy] INFO: Closing spider (finished)
2023-12-09 15:21:28 [scrapy] INFO: Dumping Scrapy stats:
{'downloader/request_bytes': 2466,
 'downloader/request_count': 10,
 'downloader/request_method_count/GET': 10,
 'downloader/response_bytes': 415994,
 'downloader/response_count': 10,
 'downloader/response_status_count/200': 9,
 'downloader/response_status_count/803': 1,
 'elapsed_time_seconds': 1.14958,
 'finish_reason': 'finished',
 'finish_time': datetime.datetime(2023, 12, 9, 13, 21, 28, 263008, tzinfo=datetime.timezone.utc),
 'httpcompression/response_bytes': 3163420,
 'httpcompression/response_count': 8,
 'httperror/response_ignored_count': 1,
 'httperror/response_ignored_status_count/803': 1,
 'item_scraped_count': 14,
 'log_count/DEBUG': 24,
 'log_count/INFO': 8,
 'response_received_count': 10,
 'robotstxt/request_count': 5,
 'robotstxt/response_count': 5,
 'robotstxt/response_status_count/200': 5,
 'scheduler/dequeued': 5,
 'scheduler/dequeued/memory': 5,
 'scheduler/enqueued': 5,
 'scheduler/enqueued/memory': 5,
 'start_time': datetime.datetime(2023, 12, 9, 13, 21, 27, 113428, tzinfo=datetime.timezone.utc)}
2023-12-09 15:21:28 [scrapy] INFO: Spider closed (finished)
