2023-12-08 19:58:35 [scrapy] DEBUG: Crawled (200) <GET https://www.flanco.ro/robots.txt> (referer: None)
2023-12-08 19:58:35 [scrapy] DEBUG: Crawled (200) <GET https://www.flanco.ro/telefoane-tablete/tablete-si-accesorii/tablete-ios.html> (referer: None)
2023-12-08 19:58:36 [scrapy] DEBUG: Scraped from <200 https://www.flanco.ro/telefoane-tablete/tablete-si-accesorii/tablete-ios.html>
{'name': 'Apple iPad 10 (2022), 10.9", 64 GB, Wi-Fi, Silver', 'price': '2.699,', 'link': 'https://www.flanco.ro/apple-ipad-10-2022-10-9-64-gb-wi-fi-silver.html', 'photo': 'https://www.flanco.ro/media/catalog/product/cache/3869290ebce25e2f88fbb249726321d7/i/p/ipad10_silver_wifi_fata-spate_1.jpg'}
2023-12-08 19:58:36 [scrapy] DEBUG: Scraped from <200 https://www.flanco.ro/telefoane-tablete/tablete-si-accesorii/tablete-ios.html>
{'name': 'Apple iPad 10 (2022), 10.9", 64 GB, Wi-Fi, Blue', 'price': '2.699,', 'link': 'https://www.flanco.ro/apple-ipad-10-2022-10-9-64-gb-wi-fi-blue.html', 'photo': 'https://www.flanco.ro/media/catalog/product/cache/3869290ebce25e2f88fbb249726321d7/i/p/ipad10_blue_wifi_fata-spate.jpg'}
2023-12-08 19:58:36 [scrapy] DEBUG: Scraped from <200 https://www.flanco.ro/telefoane-tablete/tablete-si-accesorii/tablete-ios.html>
{'name': 'Apple iPad 10 (2022), 10.9", 256 GB, Wi-Fi, Blue', 'price': '3.599,', 'link': 'https://www.flanco.ro/apple-ipad-10-2022-10-9-256-gb-wi-fi-blue.html', 'photo': 'https://www.flanco.ro/media/catalog/product/cache/3869290ebce25e2f88fbb249726321d7/i/p/ipad10_blue_wifi_fata-spate_1.jpg'}
2023-12-08 19:58:36 [scrapy] INFO: Closing spider (finished)
2023-12-08 19:58:36 [scrapy] INFO: Dumping Scrapy stats:
{'downloader/request_bytes': 493,
 'downloader/request_count': 2,
 'downloader/request_method_count/GET': 2,
 'downloader/response_bytes': 71053,
 'downloader/response_count': 2,
 'downloader/response_status_count/200': 2,
 'elapsed_time_seconds': 0.410585,
 'finish_reason': 'finished',
 'finish_time': datetime.datetime(2023, 12, 8, 17, 58, 36, 52269, tzinfo=datetime.timezone.utc),
 'httpcompression/response_bytes': 876598,
 'httpcompression/response_count': 2,
 'item_scraped_count': 3,
 'log_count/DEBUG': 5,
 'log_count/INFO': 7,
 'response_received_count': 2,
 'robotstxt/request_count': 1,
 'robotstxt/response_count': 1,
 'robotstxt/response_status_count/200': 1,
 'scheduler/dequeued': 1,
 'scheduler/dequeued/memory': 1,
 'scheduler/enqueued': 1,
 'scheduler/enqueued/memory': 1,
 'start_time': datetime.datetime(2023, 12, 8, 17, 58, 35, 641684, tzinfo=datetime.timezone.utc)}
2023-12-08 19:58:36 [scrapy] INFO: Spider closed (finished)
