2024-01-14 23:00:05 [scrapy] DEBUG: Crawled (200) <GET https://mediagalaxy.ro/robots.txt> (referer: None)
2024-01-14 23:00:05 [scrapy] DEBUG: Crawled (200) <GET https://altex.ro/robots.txt> (referer: None)
2024-01-14 23:00:05 [scrapy] DEBUG: Crawled (200) <GET https://flip.ro/robots.txt> (referer: None)
2024-01-14 23:00:05 [scrapy] DEBUG: Crawled (803) <GET https://www.evomag.ro/robots.txt> (referer: None)
2024-01-14 23:00:05 [scrapy] DEBUG: Crawled (803) <GET https://www.evomag.ro/telefoane-tablete-accesorii-tablete-si-accesorii-tablete/apple> (referer: None)
2024-01-14 23:00:05 [scrapy] DEBUG: Crawled (200) <GET https://altex.ro/tablete/cpl/filtru/in-stoc-5182/in-stoc/brand-3334/apple/> (referer: None)
2024-01-14 23:00:05 [scrapy] DEBUG: Crawled (200) <GET https://mediagalaxy.ro/tablete/cpl/filtru/in-stoc-5182/in-stoc/brand-3334/apple/> (referer: None)
2024-01-14 23:00:05 [scrapy] INFO: Ignoring response <803 https://www.evomag.ro/telefoane-tablete-accesorii-tablete-si-accesorii-tablete/apple>: HTTP status code is not handled or not allowed
2024-01-14 23:00:05 [scrapy] DEBUG: Scraped from <200 https://altex.ro/tablete/cpl/filtru/in-stoc-5182/in-stoc/brand-3334/apple/>
{'name': 'Tableta APPLE iPad 9 (2021), 10.2", 64GB, Wi-Fi, Space Grey', 'price': '1.898', 'link': 'https://altex.ro/tableta-apple-ipad-9-2021-10-2-64gb-wi-fi-space-grey/cpd/TABMK2K3HCA/', 'photo': 'https://lcdn.altex.ro/resize/media/catalog/product/T/a/16fa6a9aef7ffd6209d5fd9338ffa0b1/Tableta_APPLE_iPad_9_2023_10.2_Wi-Fi_Space_Grey.jpg'}
2024-01-14 23:00:05 [scrapy] DEBUG: Scraped from <200 https://mediagalaxy.ro/tablete/cpl/filtru/in-stoc-5182/in-stoc/brand-3334/apple/>
{'name': 'Tableta APPLE iPad 9 (2021), 10.2", 64GB, Wi-Fi, Space Grey', 'price': '1.898', 'link': 'https://mediagalaxy.ro/tableta-apple-ipad-9-2021-10-2-64gb-wi-fi-space-grey/cpd/TABMK2K3HCA/', 'photo': 'https://lcdn.mediagalaxy.ro/resize/media/catalog/product/T/a/16fa6a9aef7ffd6209d5fd9338ffa0b1/Tableta_APPLE_iPad_9_2023_10.2_Wi-Fi_Space_Grey.jpg'}
2024-01-14 23:00:05 [scrapy] DEBUG: Crawled (200) <GET https://www.flanco.ro/robots.txt> (referer: None)
2024-01-14 23:00:05 [scrapy] DEBUG: Scraped from <200 https://mediagalaxy.ro/tablete/cpl/filtru/in-stoc-5182/in-stoc/brand-3334/apple/>
{'name': 'Tableta APPLE iPad 9 (2021), 10.2", 256GB, Wi-Fi, Space Grey', 'price': '2.789', 'link': 'https://mediagalaxy.ro/tableta-apple-ipad-9-2021-10-2-256gb-wi-fi-space-grey/cpd/TABMK2N3HCA/', 'photo': 'https://lcdn.mediagalaxy.ro/resize/media/catalog/product/T/a/16fa6a9aef7ffd6209d5fd9338ffa0b1/Tableta_APPLE_iPad_9_2023_10.2_Wi-Fi_Space_Grey.jpg'}
2024-01-14 23:00:05 [scrapy] DEBUG: Crawled (200) <GET https://mediagalaxy.ro/tablete/cpl/filtru/in-stoc-5182/in-stoc/brand-3334/apple/p/2/> (referer: https://mediagalaxy.ro/tablete/cpl/filtru/in-stoc-5182/in-stoc/brand-3334/apple/)
2024-01-14 23:00:05 [scrapy] DEBUG: Crawled (200) <GET https://altex.ro/tablete/cpl/filtru/in-stoc-5182/in-stoc/brand-3334/apple/p/2/> (referer: https://altex.ro/tablete/cpl/filtru/in-stoc-5182/in-stoc/brand-3334/apple/)
2024-01-14 23:00:05 [scrapy] DEBUG: Scraped from <200 https://mediagalaxy.ro/tablete/cpl/filtru/in-stoc-5182/in-stoc/brand-3334/apple/p/2/>
{'name': 'Tableta APPLE iPad 9 (2021), 10.2", 256GB, Wi-Fi + 4G, Silver', 'price': '3.559', 'link': 'https://mediagalaxy.ro/tableta-apple-ipad-9-2021-10-2-256gb-wi-fi-4g-silver/cpd/TABMK4H3HCA/', 'photo': 'https://lcdn.mediagalaxy.ro/resize/media/catalog/product/T/a/16fa6a9aef7ffd6209d5fd9338ffa0b1/Tableta_APPLE_iPad_9_2022_10.2_Wi-Fi_4G_Silver.jpg'}
2024-01-14 23:00:05 [scrapy] DEBUG: Crawled (200) <GET https://www.flanco.ro/telefoane-tablete/tablete-si-accesorii/tablete-ios.html> (referer: None)
2024-01-14 23:00:05 [scrapy] DEBUG: Scraped from <200 https://mediagalaxy.ro/tablete/cpl/filtru/in-stoc-5182/in-stoc/brand-3334/apple/p/2/>
{'name': 'Tableta APPLE iPad 9 (2021), 10.2", 256GB, Wi-Fi + 4G, Space Grey', 'price': '3.499', 'link': 'https://mediagalaxy.ro/tableta-apple-ipad-9-2021-10-2-256gb-wi-fi-4g-space-grey/cpd/TABMK4E3HCA/', 'photo': 'https://lcdn.mediagalaxy.ro/resize/media/catalog/product/T/a/16fa6a9aef7ffd6209d5fd9338ffa0b1/Tableta_APPLE_iPad_9_2021_10.2_Wi-Fi_4G_Space_Grey.jpg'}
2024-01-14 23:00:05 [scrapy] DEBUG: Scraped from <200 https://mediagalaxy.ro/tablete/cpl/filtru/in-stoc-5182/in-stoc/brand-3334/apple/p/2/>
{'name': 'Tableta APPLE iPad 9 (2021), 10.2", 256GB, Wi-Fi, Silver', 'price': '2.899', 'link': 'https://mediagalaxy.ro/tableta-apple-ipad-9-2021-10-2-256gb-wi-fi-silver/cpd/TABMK2P3HCA/', 'photo': 'https://lcdn.mediagalaxy.ro/resize/media/catalog/product/T/a/16fa6a9aef7ffd6209d5fd9338ffa0b1/Tableta_APPLE_iPad_9_2021_10.2_Wi-Fi_Silver.jpg'}
2024-01-14 23:00:05 [scrapy] DEBUG: Scraped from <200 https://mediagalaxy.ro/tablete/cpl/filtru/in-stoc-5182/in-stoc/brand-3334/apple/p/2/>
{'name': 'Tableta APPLE iPad 9 (2021), 10.2", 64GB, Wi-Fi + 4G, Space Grey', 'price': '2.699', 'link': 'https://mediagalaxy.ro/tableta-apple-ipad-9-2021-10-2-64gb-wi-fi-4g-space-grey/cpd/TABMK473HCA/', 'photo': 'https://lcdn.mediagalaxy.ro/resize/media/catalog/product/T/a/16fa6a9aef7ffd6209d5fd9338ffa0b1/Tableta_APPLE_iPad_9_2021_10.2_Wi-Fi_4G_Space_Grey.jpg'}
2024-01-14 23:00:05 [scrapy] DEBUG: Scraped from <200 https://mediagalaxy.ro/tablete/cpl/filtru/in-stoc-5182/in-stoc/brand-3334/apple/p/2/>
{'name': 'Tableta APPLE iPad 9 (2021), 10.2", 64GB, Wi-Fi + 4G, Silver', 'price': '2.699', 'link': 'https://mediagalaxy.ro/tableta-apple-ipad-9-2021-10-2-64gb-wi-fi-4g-silver/cpd/TABMK493HCA/', 'photo': 'https://lcdn.mediagalaxy.ro/resize/media/catalog/product/T/a/16fa6a9aef7ffd6209d5fd9338ffa0b1/Tableta_APPLE_iPad_9_2022_10.2_Wi-Fi_4G_Silver.jpg'}
2024-01-14 23:00:05 [scrapy] DEBUG: Scraped from <200 https://altex.ro/tablete/cpl/filtru/in-stoc-5182/in-stoc/brand-3334/apple/p/2/>
{'name': 'Tableta APPLE iPad 9 (2021), 10.2", 256GB, Wi-Fi + 4G, Silver', 'price': '3.559', 'link': 'https://altex.ro/tableta-apple-ipad-9-2021-10-2-256gb-wi-fi-4g-silver/cpd/TABMK4H3HCA/', 'photo': 'https://lcdn.altex.ro/resize/media/catalog/product/T/a/16fa6a9aef7ffd6209d5fd9338ffa0b1/Tableta_APPLE_iPad_9_2022_10.2_Wi-Fi_4G_Silver.jpg'}
2024-01-14 23:00:05 [scrapy] DEBUG: Scraped from <200 https://altex.ro/tablete/cpl/filtru/in-stoc-5182/in-stoc/brand-3334/apple/p/2/>
{'name': 'Tableta APPLE iPad 9 (2021), 10.2", 256GB, Wi-Fi + 4G, Space Grey', 'price': '3.499', 'link': 'https://altex.ro/tableta-apple-ipad-9-2021-10-2-256gb-wi-fi-4g-space-grey/cpd/TABMK4E3HCA/', 'photo': 'https://lcdn.altex.ro/resize/media/catalog/product/T/a/16fa6a9aef7ffd6209d5fd9338ffa0b1/Tableta_APPLE_iPad_9_2021_10.2_Wi-Fi_4G_Space_Grey.jpg'}
2024-01-14 23:00:05 [scrapy] DEBUG: Scraped from <200 https://altex.ro/tablete/cpl/filtru/in-stoc-5182/in-stoc/brand-3334/apple/p/2/>
{'name': 'Tableta APPLE iPad 9 (2021), 10.2", 256GB, Wi-Fi, Silver', 'price': '2.899', 'link': 'https://altex.ro/tableta-apple-ipad-9-2021-10-2-256gb-wi-fi-silver/cpd/TABMK2P3HCA/', 'photo': 'https://lcdn.altex.ro/resize/media/catalog/product/T/a/16fa6a9aef7ffd6209d5fd9338ffa0b1/Tableta_APPLE_iPad_9_2021_10.2_Wi-Fi_Silver.jpg'}
2024-01-14 23:00:05 [scrapy] DEBUG: Scraped from <200 https://altex.ro/tablete/cpl/filtru/in-stoc-5182/in-stoc/brand-3334/apple/p/2/>
{'name': 'Tableta APPLE iPad 9 (2021), 10.2", 256GB, Wi-Fi, Space Grey', 'price': '2.789', 'link': 'https://altex.ro/tableta-apple-ipad-9-2021-10-2-256gb-wi-fi-space-grey/cpd/TABMK2N3HCA/', 'photo': 'https://lcdn.altex.ro/resize/media/catalog/product/T/a/16fa6a9aef7ffd6209d5fd9338ffa0b1/Tableta_APPLE_iPad_9_2023_10.2_Wi-Fi_Space_Grey.jpg'}
2024-01-14 23:00:05 [scrapy] DEBUG: Scraped from <200 https://altex.ro/tablete/cpl/filtru/in-stoc-5182/in-stoc/brand-3334/apple/p/2/>
{'name': 'Tableta APPLE iPad 9 (2021), 10.2", 64GB, Wi-Fi + 4G, Silver', 'price': '2.699', 'link': 'https://altex.ro/tableta-apple-ipad-9-2021-10-2-64gb-wi-fi-4g-silver/cpd/TABMK493HCA/', 'photo': 'https://lcdn.altex.ro/resize/media/catalog/product/T/a/16fa6a9aef7ffd6209d5fd9338ffa0b1/Tableta_APPLE_iPad_9_2022_10.2_Wi-Fi_4G_Silver.jpg'}
2024-01-14 23:00:05 [scrapy] DEBUG: Scraped from <200 https://altex.ro/tablete/cpl/filtru/in-stoc-5182/in-stoc/brand-3334/apple/p/2/>
{'name': 'Tableta APPLE iPad 9 (2021), 10.2", 64GB, Wi-Fi + 4G, Space Grey', 'price': '2.699', 'link': 'https://altex.ro/tableta-apple-ipad-9-2021-10-2-64gb-wi-fi-4g-space-grey/cpd/TABMK473HCA/', 'photo': 'https://lcdn.altex.ro/resize/media/catalog/product/T/a/16fa6a9aef7ffd6209d5fd9338ffa0b1/Tableta_APPLE_iPad_9_2021_10.2_Wi-Fi_4G_Space_Grey.jpg'}
2024-01-14 23:00:05 [scrapy] DEBUG: Crawled (200) <GET https://mediagalaxy.ro/tablete/cpl/filtru/in-stoc-5182/in-stoc/brand-3334/apple/p/1/> (referer: https://mediagalaxy.ro/tablete/cpl/filtru/in-stoc-5182/in-stoc/brand-3334/apple/p/2/)
2024-01-14 23:00:05 [scrapy] DEBUG: Scraped from <200 https://www.flanco.ro/telefoane-tablete/tablete-si-accesorii/tablete-ios.html>
{'name': 'Apple iPad 9 (2021), 10.2", 64GB, Wi-Fi, Space Gray', 'price': '1.949', 'link': 'https://www.flanco.ro/apple-ipad-9-2021-10-2-64gb-wi-fi-space-gray.html', 'photo': 'https://www.flanco.ro/media/catalog/product/cache/3869290ebce25e2f88fbb249726321d7/1/4/149035-1.jpg'}
2024-01-14 23:00:05 [scrapy] ERROR: Spider error processing <GET https://www.flanco.ro/telefoane-tablete/tablete-si-accesorii/tablete-ios.html> (referer: None)
Traceback (most recent call last):
  File "C:\Users\rober\AppData\Local\Programs\Python\Python312\Lib\site-packages\scrapy\utils\defer.py", line 279, in iter_errback
    yield next(it)
          ^^^^^^^^
  File "C:\Users\rober\AppData\Local\Programs\Python\Python312\Lib\site-packages\scrapy\utils\python.py", line 350, in __next__
    return next(self.data)
           ^^^^^^^^^^^^^^^
  File "C:\Users\rober\AppData\Local\Programs\Python\Python312\Lib\site-packages\scrapy\utils\python.py", line 350, in __next__
    return next(self.data)
           ^^^^^^^^^^^^^^^
  File "C:\Users\rober\AppData\Local\Programs\Python\Python312\Lib\site-packages\scrapy\core\spidermw.py", line 106, in process_sync
    for r in iterable:
  File "C:\Users\rober\AppData\Local\Programs\Python\Python312\Lib\site-packages\scrapy\spidermiddlewares\offsite.py", line 28, in <genexpr>
    return (r for r in result or () if self._filter(r, spider))
           ^^^^^^^^^^^^^^^^^^^^^^^^^^^^^^^^^^^^^^^^^^^^^^^^^^^^
  File "C:\Users\rober\AppData\Local\Programs\Python\Python312\Lib\site-packages\scrapy\core\spidermw.py", line 106, in process_sync
    for r in iterable:
  File "C:\Users\rober\AppData\Local\Programs\Python\Python312\Lib\site-packages\scrapy\spidermiddlewares\referer.py", line 352, in <genexpr>
    return (self._set_referer(r, response) for r in result or ())
           ^^^^^^^^^^^^^^^^^^^^^^^^^^^^^^^^^^^^^^^^^^^^^^^^^^^^^^
  File "C:\Users\rober\AppData\Local\Programs\Python\Python312\Lib\site-packages\scrapy\core\spidermw.py", line 106, in process_sync
    for r in iterable:
  File "C:\Users\rober\AppData\Local\Programs\Python\Python312\Lib\site-packages\scrapy\spidermiddlewares\urllength.py", line 27, in <genexpr>
    return (r for r in result or () if self._filter(r, spider))
           ^^^^^^^^^^^^^^^^^^^^^^^^^^^^^^^^^^^^^^^^^^^^^^^^^^^^
  File "C:\Users\rober\AppData\Local\Programs\Python\Python312\Lib\site-packages\scrapy\core\spidermw.py", line 106, in process_sync
    for r in iterable:
  File "C:\Users\rober\AppData\Local\Programs\Python\Python312\Lib\site-packages\scrapy\spidermiddlewares\depth.py", line 31, in <genexpr>
    return (r for r in result or () if self._filter(r, response, spider))
           ^^^^^^^^^^^^^^^^^^^^^^^^^^^^^^^^^^^^^^^^^^^^^^^^^^^^^^^^^^^^^^
  File "C:\Users\rober\AppData\Local\Programs\Python\Python312\Lib\site-packages\scrapy\core\spidermw.py", line 106, in process_sync
    for r in iterable:
  File "C:\Users\rober\Desktop\ProiectTW-latest\BestPrice\backend\scraper\scraper\spiders\tabletspider.py", line 129, in parse_flanco
    "price": re.search("[0-9]*[.,]?[0-9]+",
             ^^^^^^^^^^^^^^^^^^^^^^^^^^^^^^
  File "C:\Users\rober\AppData\Local\Programs\Python\Python312\Lib\re\__init__.py", line 177, in search
    return _compile(pattern, flags).search(string)
           ^^^^^^^^^^^^^^^^^^^^^^^^^^^^^^^^^^^^^^^
TypeError: expected string or bytes-like object, got 'NoneType'
2024-01-14 23:00:05 [scrapy] DEBUG: Crawled (200) <GET https://altex.ro/tablete/cpl/filtru/in-stoc-5182/in-stoc/brand-3334/apple/p/1/> (referer: https://altex.ro/tablete/cpl/filtru/in-stoc-5182/in-stoc/brand-3334/apple/p/2/)
2024-01-14 23:00:05 [scrapy] DEBUG: Crawled (200) <GET https://flip.ro/magazin/apple/?modelType=Tablete> (referer: None)
2024-01-14 23:00:05 [scrapy] DEBUG: Scraped from <200 https://mediagalaxy.ro/tablete/cpl/filtru/in-stoc-5182/in-stoc/brand-3334/apple/p/1/>
{'name': 'Tableta APPLE iPad 9 (2021), 10.2", 64GB, Wi-Fi, Space Grey', 'price': '1.898', 'link': 'https://mediagalaxy.ro/tableta-apple-ipad-9-2021-10-2-64gb-wi-fi-space-grey/cpd/TABMK2K3HCA/', 'photo': 'https://lcdn.mediagalaxy.ro/resize/media/catalog/product/T/a/16fa6a9aef7ffd6209d5fd9338ffa0b1/Tableta_APPLE_iPad_9_2023_10.2_Wi-Fi_Space_Grey.jpg'}
2024-01-14 23:00:05 [scrapy] DEBUG: Scraped from <200 https://mediagalaxy.ro/tablete/cpl/filtru/in-stoc-5182/in-stoc/brand-3334/apple/p/1/>
{'name': 'Tableta APPLE iPad 9 (2021), 10.2", 256GB, Wi-Fi, Space Grey', 'price': '2.789', 'link': 'https://mediagalaxy.ro/tableta-apple-ipad-9-2021-10-2-256gb-wi-fi-space-grey/cpd/TABMK2N3HCA/', 'photo': 'https://lcdn.mediagalaxy.ro/resize/media/catalog/product/T/a/16fa6a9aef7ffd6209d5fd9338ffa0b1/Tableta_APPLE_iPad_9_2023_10.2_Wi-Fi_Space_Grey.jpg'}
2024-01-14 23:00:05 [scrapy] DEBUG: Filtered duplicate request: <GET https://mediagalaxy.ro/tablete/cpl/filtru/in-stoc-5182/in-stoc/brand-3334/apple/p/2/> - no more duplicates will be shown (see DUPEFILTER_DEBUG to show all duplicates)
2024-01-14 23:00:06 [scrapy] DEBUG: Scraped from <200 https://altex.ro/tablete/cpl/filtru/in-stoc-5182/in-stoc/brand-3334/apple/p/1/>
{'name': 'Tableta APPLE iPad 9 (2021), 10.2", 64GB, Wi-Fi, Space Grey', 'price': '1.898', 'link': 'https://altex.ro/tableta-apple-ipad-9-2021-10-2-64gb-wi-fi-space-grey/cpd/TABMK2K3HCA/', 'photo': 'https://lcdn.altex.ro/resize/media/catalog/product/T/a/16fa6a9aef7ffd6209d5fd9338ffa0b1/Tableta_APPLE_iPad_9_2023_10.2_Wi-Fi_Space_Grey.jpg'}
2024-01-14 23:00:06 [scrapy] INFO: Closing spider (finished)
2024-01-14 23:00:06 [scrapy] INFO: Dumping Scrapy stats:
{'downloader/request_bytes': 7077,
 'downloader/request_count': 14,
 'downloader/request_method_count/GET': 14,
 'downloader/response_bytes': 801321,
 'downloader/response_count': 14,
 'downloader/response_status_count/200': 12,
 'downloader/response_status_count/803': 2,
 'dupefilter/filtered': 2,
 'elapsed_time_seconds': 1.199053,
 'finish_reason': 'finished',
 'finish_time': datetime.datetime(2024, 1, 14, 21, 0, 6, 78337, tzinfo=datetime.timezone.utc),
 'httpcompression/response_bytes': 6999846,
 'httpcompression/response_count': 11,
 'httperror/response_ignored_count': 1,
 'httperror/response_ignored_status_count/803': 1,
 'item_scraped_count': 18,
 'log_count/DEBUG': 34,
 'log_count/ERROR': 1,
 'log_count/INFO': 8,
 'log_count/WARNING': 1,
 'request_depth_max': 3,
 'response_received_count': 14,
 'robotstxt/request_count': 5,
 'robotstxt/response_count': 5,
 'robotstxt/response_status_count/200': 4,
 'robotstxt/response_status_count/803': 1,
 'scheduler/dequeued': 9,
 'scheduler/dequeued/memory': 9,
 'scheduler/enqueued': 9,
 'scheduler/enqueued/memory': 9,
 'spider_exceptions/TypeError': 1,
 'start_time': datetime.datetime(2024, 1, 14, 21, 0, 4, 879284, tzinfo=datetime.timezone.utc)}
2024-01-14 23:00:06 [scrapy] INFO: Spider closed (finished)
