2024-01-14 21:52:36 [scrapy] DEBUG: Crawled (200) <GET https://mediagalaxy.ro/robots.txt> (referer: None)
2024-01-14 21:52:36 [scrapy] DEBUG: Crawled (200) <GET https://www.evomag.ro/robots.txt> (referer: None)
2024-01-14 21:52:37 [scrapy] DEBUG: Crawled (200) <GET https://altex.ro/robots.txt> (referer: None)
2024-01-14 21:52:37 [scrapy] DEBUG: Crawled (803) <GET https://www.evomag.ro/telefoane-tablete-accesorii-tablete-si-accesorii-tablete/galaxy> (referer: None)
2024-01-14 21:52:37 [scrapy] DEBUG: Crawled (200) <GET https://flip.ro/robots.txt> (referer: None)
2024-01-14 21:52:37 [scrapy] DEBUG: Crawled (200) <GET https://www.flanco.ro/robots.txt> (referer: None)
2024-01-14 21:52:37 [scrapy] DEBUG: Crawled (200) <GET https://mediagalaxy.ro/tablete/cpl/filtru/in-stoc-5182/in-stoc/brand-3334/galaxy/> (referer: None)
2024-01-14 21:52:37 [scrapy] DEBUG: Crawled (200) <GET https://altex.ro/tablete/cpl/filtru/in-stoc-5182/in-stoc/brand-3334/galaxy/> (referer: None)
2024-01-14 21:52:37 [scrapy] INFO: Ignoring response <803 https://www.evomag.ro/telefoane-tablete-accesorii-tablete-si-accesorii-tablete/galaxy>: HTTP status code is not handled or not allowed
2024-01-14 21:52:37 [scrapy] DEBUG: Redirecting (301) to <GET https://www.flanco.ro/telefoane-tablete/tablete-si-accesorii/tablete-android/filtre.html> from <GET https://www.flanco.ro/telefoane-tablete/tablete-si-accesorii/tablete-android/filtre/brand/galaxy.html>
2024-01-14 21:52:37 [scrapy] DEBUG: Crawled (200) <GET https://flip.ro/magazin/galaxy/?modelType=Tablete> (referer: None)
2024-01-14 21:52:37 [scrapy] DEBUG: Redirecting (301) to <GET https://www.flanco.ro/telefoane-tablete/tablete-si-accesorii/tablete-android.html> from <GET https://www.flanco.ro/telefoane-tablete/tablete-si-accesorii/tablete-android/filtre.html>
2024-01-14 21:52:38 [scrapy] DEBUG: Crawled (200) <GET https://www.flanco.ro/telefoane-tablete/tablete-si-accesorii/tablete-android.html> (referer: None)
2024-01-14 21:52:38 [scrapy] INFO: Closing spider (finished)
2024-01-14 21:52:38 [scrapy] INFO: Dumping Scrapy stats:
{'downloader/request_bytes': 3110,
 'downloader/request_count': 12,
 'downloader/request_method_count/GET': 12,
 'downloader/response_bytes': 374615,
 'downloader/response_count': 12,
 'downloader/response_status_count/200': 9,
 'downloader/response_status_count/301': 2,
 'downloader/response_status_count/803': 1,
 'elapsed_time_seconds': 1.441686,
 'finish_reason': 'finished',
 'finish_time': datetime.datetime(2024, 1, 14, 19, 52, 38, 289830, tzinfo=datetime.timezone.utc),
 'httpcompression/response_bytes': 2443358,
 'httpcompression/response_count': 8,
 'httperror/response_ignored_count': 1,
 'httperror/response_ignored_status_count/803': 1,
 'log_count/DEBUG': 12,
 'log_count/INFO': 8,
 'log_count/WARNING': 1,
 'response_received_count': 10,
 'robotstxt/request_count': 5,
 'robotstxt/response_count': 5,
 'robotstxt/response_status_count/200': 5,
 'scheduler/dequeued': 7,
 'scheduler/dequeued/memory': 7,
 'scheduler/enqueued': 7,
 'scheduler/enqueued/memory': 7,
 'start_time': datetime.datetime(2024, 1, 14, 19, 52, 36, 848144, tzinfo=datetime.timezone.utc)}
2024-01-14 21:52:38 [scrapy] INFO: Spider closed (finished)
