2024-01-14 21:56:34 [scrapy] DEBUG: Crawled (200) <GET https://www.evomag.ro/robots.txt> (referer: None)
2024-01-14 21:56:34 [scrapy] DEBUG: Crawled (200) <GET https://altex.ro/robots.txt> (referer: None)
2024-01-14 21:56:35 [scrapy] DEBUG: Crawled (200) <GET https://mediagalaxy.ro/robots.txt> (referer: None)
2024-01-14 21:56:35 [scrapy] DEBUG: Crawled (803) <GET https://www.evomag.ro/telefoane-tablete-accesorii-tablete-si-accesorii-tablete/lenovo> (referer: None)
2024-01-14 21:56:35 [scrapy] DEBUG: Crawled (200) <GET https://flip.ro/robots.txt> (referer: None)
2024-01-14 21:56:35 [scrapy] INFO: Ignoring response <803 https://www.evomag.ro/telefoane-tablete-accesorii-tablete-si-accesorii-tablete/lenovo>: HTTP status code is not handled or not allowed
2024-01-14 21:56:35 [scrapy] DEBUG: Crawled (200) <GET https://www.flanco.ro/robots.txt> (referer: None)
2024-01-14 21:56:35 [scrapy] DEBUG: Crawled (200) <GET https://flip.ro/magazin/lenovo/?modelType=Tablete> (referer: None)
2024-01-14 21:56:35 [scrapy] DEBUG: Crawled (200) <GET https://altex.ro/tablete/cpl/filtru/in-stoc-5182/in-stoc/brand-3334/lenovo/> (referer: None)
2024-01-14 21:56:36 [scrapy] DEBUG: Scraped from <200 https://altex.ro/tablete/cpl/filtru/in-stoc-5182/in-stoc/brand-3334/lenovo/>
{'name': 'Tableta LENOVO Tab M10 3rd Gen, 10.1", 64GB, 4GB RAM, Wi-Fi, Storm Grey', 'price': '749', 'link': 'https://altex.ro/tableta-lenovo-tab-m10-3rd-gen-10-1-64gb-4gb-ram-wi-fi-storm-grey/cpd/TABM103RD64WIFI/', 'photo': 'https://lcdn.altex.ro/resize/media/catalog/product/T/a/16fa6a9aef7ffd6209d5fd9338ffa0b1/Tab_M10_3rd_Gen_CT1_01.jpg'}
2024-01-14 21:56:36 [scrapy] DEBUG: Scraped from <200 https://altex.ro/tablete/cpl/filtru/in-stoc-5182/in-stoc/brand-3334/lenovo/>
{'name': 'Tableta LENOVO Tab M10 HD (2nd Gen) TB-X306F, 10.1", 32GB, 3GB RAM, Wi-Fi, Iron Grey', 'price': '649', 'link': 'https://altex.ro/tableta-lenovo-tab-m10-hd-2nd-gen-tb-x306f-10-1-32gb-3gb-ram-wi-fi-iron-grey/cpd/TABM10HD2NDGR/', 'photo': 'https://lcdn.altex.ro/resize/media/catalog/product/t/a/16fa6a9aef7ffd6209d5fd9338ffa0b1/tableta_lenovo_tab_m10_hd_2nd_gen_tb_x306f_7__b77b5896.jpg'}
2024-01-14 21:56:36 [scrapy] DEBUG: Scraped from <200 https://altex.ro/tablete/cpl/filtru/in-stoc-5182/in-stoc/brand-3334/lenovo/>
{'name': 'Tableta LENOVO Tab M10 3rd Gen, 10.1", 32GB, 3GB RAM, Wi-Fi + 4G, Storm Grey', 'price': '849', 'link': 'https://altex.ro/tableta-lenovo-tab-m10-3rd-gen-10-1-32gb-3gb-ram-wi-fi-4g-storm-grey/cpd/TABM1032GB4GGR/', 'photo': 'https://lcdn.altex.ro/resize/media/catalog/product/T/a/16fa6a9aef7ffd6209d5fd9338ffa0b1/Tab_M10_3rd_Gen_CT1_01.jpg'}
2024-01-14 21:56:36 [scrapy] DEBUG: Crawled (200) <GET https://mediagalaxy.ro/tablete/cpl/filtru/in-stoc-5182/in-stoc/brand-3334/lenovo/> (referer: None)
2024-01-14 21:56:36 [scrapy] DEBUG: Scraped from <200 https://mediagalaxy.ro/tablete/cpl/filtru/in-stoc-5182/in-stoc/brand-3334/lenovo/>
{'name': 'Tableta LENOVO Tab M10 3rd Gen, 10.1", 64GB, 4GB RAM, Wi-Fi, Storm Grey', 'price': '749', 'link': 'https://mediagalaxy.ro/tableta-lenovo-tab-m10-3rd-gen-10-1-64gb-4gb-ram-wi-fi-storm-grey/cpd/TABM103RD64WIFI/', 'photo': 'https://lcdn.mediagalaxy.ro/resize/media/catalog/product/T/a/16fa6a9aef7ffd6209d5fd9338ffa0b1/Tab_M10_3rd_Gen_CT1_01.jpg'}
2024-01-14 21:56:36 [scrapy] DEBUG: Scraped from <200 https://mediagalaxy.ro/tablete/cpl/filtru/in-stoc-5182/in-stoc/brand-3334/lenovo/>
{'name': 'Tableta LENOVO Tab M10 3rd Gen, 10.1", 32GB, 3GB RAM, Wi-Fi + 4G, Storm Grey', 'price': '849', 'link': 'https://mediagalaxy.ro/tableta-lenovo-tab-m10-3rd-gen-10-1-32gb-3gb-ram-wi-fi-4g-storm-grey/cpd/TABM1032GB4GGR/', 'photo': 'https://lcdn.mediagalaxy.ro/resize/media/catalog/product/T/a/16fa6a9aef7ffd6209d5fd9338ffa0b1/Tab_M10_3rd_Gen_CT1_01.jpg'}
2024-01-14 21:56:36 [scrapy] DEBUG: Scraped from <200 https://mediagalaxy.ro/tablete/cpl/filtru/in-stoc-5182/in-stoc/brand-3334/lenovo/>
{'name': 'Tableta LENOVO Tab M10 HD (2nd Gen) TB-X306F, 10.1", 32GB, 3GB RAM, Wi-Fi, Iron Grey', 'price': '649', 'link': 'https://mediagalaxy.ro/tableta-lenovo-tab-m10-hd-2nd-gen-tb-x306f-10-1-32gb-3gb-ram-wi-fi-iron-grey/cpd/TABM10HD2NDGR/', 'photo': 'https://lcdn.mediagalaxy.ro/resize/media/catalog/product/t/a/16fa6a9aef7ffd6209d5fd9338ffa0b1/tableta_lenovo_tab_m10_hd_2nd_gen_tb_x306f_7__b77b5896.jpg'}
2024-01-14 21:56:37 [scrapy] DEBUG: Crawled (200) <GET https://www.flanco.ro/telefoane-tablete/tablete-si-accesorii/tablete-android/filtre/brand/lenovo.html> (referer: None)
2024-01-14 21:56:37 [scrapy] DEBUG: Scraped from <200 https://www.flanco.ro/telefoane-tablete/tablete-si-accesorii/tablete-android/filtre/brand/lenovo.html>
{'name': 'Tableta Lenovo Tab M10 (3rd Gen) TB328FU, Octa-Core, 4GB RAM, 64GB, Wi-Fi, Storm Grey', 'price': '699', 'link': 'https://www.flanco.ro/tableta-lenovo-tab-m10-3rd-gen-tb328fu-octa-core-4gb-ram-64gb-wi-fi-storm-grey.html', 'photo': 'https://www.flanco.ro/media/catalog/product/cache/3869290ebce25e2f88fbb249726321d7/t/a/tableta_lenovo_zaae0053gr_fata.jpg'}
2024-01-14 21:56:37 [scrapy] DEBUG: Scraped from <200 https://www.flanco.ro/telefoane-tablete/tablete-si-accesorii/tablete-android/filtre/brand/lenovo.html>
{'name': 'Tableta Lenovo Tab M10 Plus (3rd Gen) TB128XU, Octa-Core, 4GB RAM, 64GB, 4G, Storm Grey', 'price': '929', 'link': 'https://www.flanco.ro/tableta-lenovo-tab-m10-plus-3rd-gen-tb128xu-octa-core-4gb-ram-64gb-4g-storm-grey.html', 'photo': 'https://www.flanco.ro/media/catalog/product/cache/3869290ebce25e2f88fbb249726321d7/t/a/tableta_lenovo_zaan0180gr_fata.jpg'}
2024-01-14 21:56:37 [scrapy] DEBUG: Scraped from <200 https://www.flanco.ro/telefoane-tablete/tablete-si-accesorii/tablete-android/filtre/brand/lenovo.html>
{'name': 'Tableta Lenovo Tab M10 HD (2nd Gen), 10.1", Octa-Core, 64GB, 4GB RAM, 4G, Iron Grey', 'price': '859', 'link': 'https://www.flanco.ro/tableta-lenovo-tab-m10-hd-2nd-gen-10-1-octa-core-64gb-4gb-ram-4g-iron-grey.html', 'photo': 'https://www.flanco.ro/media/catalog/product/cache/3869290ebce25e2f88fbb249726321d7/1/4/148838-1.jpg'}
2024-01-14 21:56:37 [scrapy] ERROR: Spider error processing <GET https://www.flanco.ro/telefoane-tablete/tablete-si-accesorii/tablete-android/filtre/brand/lenovo.html> (referer: None)
Traceback (most recent call last):
  File "C:\Users\rober\AppData\Local\Programs\Python\Python312\Lib\site-packages\scrapy\utils\defer.py", line 279, in iter_errback
    yield next(it)
          ^^^^^^^^
  File "C:\Users\rober\AppData\Local\Programs\Python\Python312\Lib\site-packages\scrapy\utils\python.py", line 350, in __next__
    return next(self.data)
           ^^^^^^^^^^^^^^^
  File "C:\Users\rober\AppData\Local\Programs\Python\Python312\Lib\site-packages\scrapy\utils\python.py", line 350, in __next__
    return next(self.data)
           ^^^^^^^^^^^^^^^
  File "C:\Users\rober\AppData\Local\Programs\Python\Python312\Lib\site-packages\scrapy\core\spidermw.py", line 106, in process_sync
    for r in iterable:
  File "C:\Users\rober\AppData\Local\Programs\Python\Python312\Lib\site-packages\scrapy\spidermiddlewares\offsite.py", line 28, in <genexpr>
    return (r for r in result or () if self._filter(r, spider))
           ^^^^^^^^^^^^^^^^^^^^^^^^^^^^^^^^^^^^^^^^^^^^^^^^^^^^
  File "C:\Users\rober\AppData\Local\Programs\Python\Python312\Lib\site-packages\scrapy\core\spidermw.py", line 106, in process_sync
    for r in iterable:
  File "C:\Users\rober\AppData\Local\Programs\Python\Python312\Lib\site-packages\scrapy\spidermiddlewares\referer.py", line 352, in <genexpr>
    return (self._set_referer(r, response) for r in result or ())
           ^^^^^^^^^^^^^^^^^^^^^^^^^^^^^^^^^^^^^^^^^^^^^^^^^^^^^^
  File "C:\Users\rober\AppData\Local\Programs\Python\Python312\Lib\site-packages\scrapy\core\spidermw.py", line 106, in process_sync
    for r in iterable:
  File "C:\Users\rober\AppData\Local\Programs\Python\Python312\Lib\site-packages\scrapy\spidermiddlewares\urllength.py", line 27, in <genexpr>
    return (r for r in result or () if self._filter(r, spider))
           ^^^^^^^^^^^^^^^^^^^^^^^^^^^^^^^^^^^^^^^^^^^^^^^^^^^^
  File "C:\Users\rober\AppData\Local\Programs\Python\Python312\Lib\site-packages\scrapy\core\spidermw.py", line 106, in process_sync
    for r in iterable:
  File "C:\Users\rober\AppData\Local\Programs\Python\Python312\Lib\site-packages\scrapy\spidermiddlewares\depth.py", line 31, in <genexpr>
    return (r for r in result or () if self._filter(r, response, spider))
           ^^^^^^^^^^^^^^^^^^^^^^^^^^^^^^^^^^^^^^^^^^^^^^^^^^^^^^^^^^^^^^
  File "C:\Users\rober\AppData\Local\Programs\Python\Python312\Lib\site-packages\scrapy\core\spidermw.py", line 106, in process_sync
    for r in iterable:
  File "C:\Users\rober\Desktop\ProiectTW-latest\BestPrice\backend\scraper\scraper\spiders\tabletspider.py", line 129, in parse_flanco
    "price": re.search("[0-9]*[.,]?[0-9]+",
             ^^^^^^^^^^^^^^^^^^^^^^^^^^^^^^
  File "C:\Users\rober\AppData\Local\Programs\Python\Python312\Lib\re\__init__.py", line 177, in search
    return _compile(pattern, flags).search(string)
           ^^^^^^^^^^^^^^^^^^^^^^^^^^^^^^^^^^^^^^^
TypeError: expected string or bytes-like object, got 'NoneType'
2024-01-14 21:56:37 [scrapy] INFO: Closing spider (finished)
2024-01-14 21:56:37 [scrapy] INFO: Dumping Scrapy stats:
{'downloader/request_bytes': 2461,
 'downloader/request_count': 10,
 'downloader/request_method_count/GET': 10,
 'downloader/response_bytes': 394639,
 'downloader/response_count': 10,
 'downloader/response_status_count/200': 9,
 'downloader/response_status_count/803': 1,
 'elapsed_time_seconds': 3.064223,
 'finish_reason': 'finished',
 'finish_time': datetime.datetime(2024, 1, 14, 19, 56, 37, 904021, tzinfo=datetime.timezone.utc),
 'httpcompression/response_bytes': 2807972,
 'httpcompression/response_count': 8,
 'httperror/response_ignored_count': 1,
 'httperror/response_ignored_status_count/803': 1,
 'item_scraped_count': 9,
 'log_count/DEBUG': 19,
 'log_count/ERROR': 1,
 'log_count/INFO': 8,
 'log_count/WARNING': 1,
 'response_received_count': 10,
 'robotstxt/request_count': 5,
 'robotstxt/response_count': 5,
 'robotstxt/response_status_count/200': 5,
 'scheduler/dequeued': 5,
 'scheduler/dequeued/memory': 5,
 'scheduler/enqueued': 5,
 'scheduler/enqueued/memory': 5,
 'spider_exceptions/TypeError': 1,
 'start_time': datetime.datetime(2024, 1, 14, 19, 56, 34, 839798, tzinfo=datetime.timezone.utc)}
2024-01-14 21:56:37 [scrapy] INFO: Spider closed (finished)
