2024-01-14 21:51:54 [scrapy] DEBUG: Crawled (200) <GET https://mediagalaxy.ro/robots.txt> (referer: None)
2024-01-14 21:51:54 [scrapy] DEBUG: Crawled (200) <GET https://altex.ro/robots.txt> (referer: None)
2024-01-14 21:51:54 [scrapy] DEBUG: Crawled (200) <GET https://www.evomag.ro/robots.txt> (referer: None)
2024-01-14 21:51:55 [scrapy] DEBUG: Crawled (803) <GET https://www.evomag.ro/telefoane-tablete-accesorii-tablete-si-accesorii-tablete/galaxy> (referer: None)
2024-01-14 21:51:55 [scrapy] DEBUG: Crawled (200) <GET https://www.flanco.ro/robots.txt> (referer: None)
2024-01-14 21:51:55 [scrapy] DEBUG: Crawled (200) <GET https://flip.ro/robots.txt> (referer: None)
2024-01-14 21:51:55 [scrapy] INFO: Ignoring response <803 https://www.evomag.ro/telefoane-tablete-accesorii-tablete-si-accesorii-tablete/galaxy>: HTTP status code is not handled or not allowed
2024-01-14 21:51:55 [scrapy] DEBUG: Redirecting (301) to <GET https://www.flanco.ro/telefoane-tablete/tablete-si-accesorii/tablete-android/filtre.html> from <GET https://www.flanco.ro/telefoane-tablete/tablete-si-accesorii/tablete-android/filtre/brand/galaxy.html>
2024-01-14 21:51:55 [scrapy] DEBUG: Crawled (200) <GET https://mediagalaxy.ro/tablete/cpl/filtru/in-stoc-5182/in-stoc/brand-3334/galaxy/> (referer: None)
2024-01-14 21:51:55 [scrapy] DEBUG: Crawled (200) <GET https://altex.ro/tablete/cpl/filtru/in-stoc-5182/in-stoc/brand-3334/galaxy/> (referer: None)
2024-01-14 21:51:55 [scrapy] DEBUG: Redirecting (301) to <GET https://www.flanco.ro/telefoane-tablete/tablete-si-accesorii/tablete-android.html> from <GET https://www.flanco.ro/telefoane-tablete/tablete-si-accesorii/tablete-android/filtre.html>
2024-01-14 21:51:55 [scrapy] DEBUG: Crawled (200) <GET https://flip.ro/magazin/galaxy/?modelType=Tablete> (referer: None)
2024-01-14 21:51:57 [scrapy] DEBUG: Crawled (200) <GET https://www.flanco.ro/telefoane-tablete/tablete-si-accesorii/tablete-android.html> (referer: None)
2024-01-14 21:51:58 [scrapy] DEBUG: Scraped from <200 https://www.flanco.ro/telefoane-tablete/tablete-si-accesorii/tablete-android.html>
{'name': 'Tableta Samsung Galaxy Tab A8, 10.5", Octa Core, 32GB, 3GB RAM, 4G LTE, Silver', 'price': '1.249', 'link': 'https://www.flanco.ro/tableta-samsung-galaxy-tab-a8-10-5-octa-core-32gb-3gb-ram-4g-lte-silver.html', 'photo': 'https://www.flanco.ro/media/catalog/product/cache/3869290ebce25e2f88fbb249726321d7/t/a/tableta_samsung_galaxy_tab_a8_10.5_inch_32gb_3gb_silver_2_1.jpg'}
2024-01-14 21:51:58 [scrapy] INFO: Closing spider (finished)
2024-01-14 21:51:58 [scrapy] INFO: Dumping Scrapy stats:
{'downloader/request_bytes': 3110,
 'downloader/request_count': 12,
 'downloader/request_method_count/GET': 12,
 'downloader/response_bytes': 374584,
 'downloader/response_count': 12,
 'downloader/response_status_count/200': 9,
 'downloader/response_status_count/301': 2,
 'downloader/response_status_count/803': 1,
 'elapsed_time_seconds': 3.350728,
 'finish_reason': 'finished',
 'finish_time': datetime.datetime(2024, 1, 14, 19, 51, 58, 10615, tzinfo=datetime.timezone.utc),
 'httpcompression/response_bytes': 2443452,
 'httpcompression/response_count': 8,
 'httperror/response_ignored_count': 1,
 'httperror/response_ignored_status_count/803': 1,
 'item_scraped_count': 1,
 'log_count/DEBUG': 13,
 'log_count/INFO': 8,
 'log_count/WARNING': 1,
 'response_received_count': 10,
 'robotstxt/request_count': 5,
 'robotstxt/response_count': 5,
 'robotstxt/response_status_count/200': 5,
 'scheduler/dequeued': 7,
 'scheduler/dequeued/memory': 7,
 'scheduler/enqueued': 7,
 'scheduler/enqueued/memory': 7,
 'start_time': datetime.datetime(2024, 1, 14, 19, 51, 54, 659887, tzinfo=datetime.timezone.utc)}
2024-01-14 21:51:58 [scrapy] INFO: Spider closed (finished)
