2024-01-15 19:31:38 [scrapy] DEBUG: Crawled (200) <GET https://altex.ro/robots.txt> (referer: None)
2024-01-15 19:31:38 [scrapy] DEBUG: Crawled (200) <GET https://www.flanco.ro/robots.txt> (referer: None)
2024-01-15 19:31:38 [scrapy] DEBUG: Crawled (200) <GET https://mediagalaxy.ro/robots.txt> (referer: None)
2024-01-15 19:31:38 [scrapy] DEBUG: Crawled (200) <GET https://flip.ro/robots.txt> (referer: None)
2024-01-15 19:31:38 [scrapy] DEBUG: Crawled (200) <GET https://www.flanco.ro/telefoane-tablete/tablete-si-accesorii/tablete-android/filtre/brand/samsung.html> (referer: None)
2024-01-15 19:31:39 [scrapy] DEBUG: Crawled (200) <GET https://altex.ro/tablete/cpl/filtru/in-stoc-5182/in-stoc/brand-3334/samsung/> (referer: None)
2024-01-15 19:31:39 [scrapy] DEBUG: Crawled (200) <GET https://mediagalaxy.ro/tablete/cpl/filtru/in-stoc-5182/in-stoc/brand-3334/samsung/> (referer: None)
2024-01-15 19:31:39 [scrapy] DEBUG: Scraped from <200 https://www.flanco.ro/telefoane-tablete/tablete-si-accesorii/tablete-android/filtre/brand/samsung.html>
{'name': 'Tableta Samsung Galaxy Tab S8+, 12.4", Octa Core, 8GB RAM, 128GB, 5G, Gray', 'price': '4.699', 'link': 'https://www.flanco.ro/tableta-samsung-galaxy-tab-s8-12-4-octa-core-8gb-ram-128gb-5g-gray.html', 'photo': 'https://www.flanco.ro/media/catalog/product/cache/3869290ebce25e2f88fbb249726321d7/t/a/tableta_samsung_galaxy_tab_s8_12.4_inch_128gb_8gb_5g_gray_1.jpg'}
2024-01-15 19:31:39 [scrapy] DEBUG: Scraped from <200 https://www.flanco.ro/telefoane-tablete/tablete-si-accesorii/tablete-android/filtre/brand/samsung.html>
{'name': 'Tableta Samsung Galaxy Tab S8, 11", Octa Core, 128GB, 8GB RAM, 5G, Gray', 'price': '3.999', 'link': 'https://www.flanco.ro/tableta-samsung-galaxy-tab-s8-11-octa-core-128gb-8gb-ram-5g-gray.html', 'photo': 'https://www.flanco.ro/media/catalog/product/cache/3869290ebce25e2f88fbb249726321d7/t/a/tableta_samsung_galaxy_tab_s8_11_inch_128gb_8gb_5g_gray_1.jpg'}
2024-01-15 19:31:39 [scrapy] ERROR: Spider error processing <GET https://www.flanco.ro/telefoane-tablete/tablete-si-accesorii/tablete-android/filtre/brand/samsung.html> (referer: None)
Traceback (most recent call last):
  File "C:\Users\szekr\AppData\Local\Programs\Python\Python310\lib\site-packages\scrapy\utils\defer.py", line 279, in iter_errback
    yield next(it)
  File "C:\Users\szekr\AppData\Local\Programs\Python\Python310\lib\site-packages\scrapy\utils\python.py", line 350, in __next__
    return next(self.data)
  File "C:\Users\szekr\AppData\Local\Programs\Python\Python310\lib\site-packages\scrapy\utils\python.py", line 350, in __next__
    return next(self.data)
  File "C:\Users\szekr\AppData\Local\Programs\Python\Python310\lib\site-packages\scrapy\core\spidermw.py", line 106, in process_sync
    for r in iterable:
  File "C:\Users\szekr\AppData\Local\Programs\Python\Python310\lib\site-packages\scrapy\spidermiddlewares\offsite.py", line 28, in <genexpr>
    return (r for r in result or () if self._filter(r, spider))
  File "C:\Users\szekr\AppData\Local\Programs\Python\Python310\lib\site-packages\scrapy\core\spidermw.py", line 106, in process_sync
    for r in iterable:
  File "C:\Users\szekr\AppData\Local\Programs\Python\Python310\lib\site-packages\scrapy\spidermiddlewares\referer.py", line 352, in <genexpr>
    return (self._set_referer(r, response) for r in result or ())
  File "C:\Users\szekr\AppData\Local\Programs\Python\Python310\lib\site-packages\scrapy\core\spidermw.py", line 106, in process_sync
    for r in iterable:
  File "C:\Users\szekr\AppData\Local\Programs\Python\Python310\lib\site-packages\scrapy\spidermiddlewares\urllength.py", line 27, in <genexpr>
    return (r for r in result or () if self._filter(r, spider))
  File "C:\Users\szekr\AppData\Local\Programs\Python\Python310\lib\site-packages\scrapy\core\spidermw.py", line 106, in process_sync
    for r in iterable:
  File "C:\Users\szekr\AppData\Local\Programs\Python\Python310\lib\site-packages\scrapy\spidermiddlewares\depth.py", line 31, in <genexpr>
    return (r for r in result or () if self._filter(r, response, spider))
  File "C:\Users\szekr\AppData\Local\Programs\Python\Python310\lib\site-packages\scrapy\core\spidermw.py", line 106, in process_sync
    for r in iterable:
  File "D:\Facultate\Anul 3\Semestrul 1\TW\BestPrice\backend\scraper\scraper\spiders\tabletspider.py", line 129, in parse_flanco
    "price": re.search("[0-9]*[.,]?[0-9]+",
  File "C:\Users\szekr\AppData\Local\Programs\Python\Python310\lib\re.py", line 200, in search
    return _compile(pattern, flags).search(string)
TypeError: expected string or bytes-like object
2024-01-15 19:31:39 [scrapy] DEBUG: Crawled (200) <GET https://www.evomag.ro/robots.txt> (referer: None)
2024-01-15 19:31:39 [scrapy] DEBUG: Crawled (803) <GET https://www.evomag.ro/telefoane-tablete-accesorii-tablete-si-accesorii-tablete/samsung> (referer: None)
2024-01-15 19:31:39 [scrapy] INFO: Ignoring response <803 https://www.evomag.ro/telefoane-tablete-accesorii-tablete-si-accesorii-tablete/samsung>: HTTP status code is not handled or not allowed
2024-01-15 19:31:39 [scrapy] DEBUG: Crawled (200) <GET https://flip.ro/magazin/samsung/?modelType=Tablete> (referer: None)
2024-01-15 19:31:39 [scrapy] INFO: Closing spider (finished)
2024-01-15 19:31:39 [scrapy] INFO: Dumping Scrapy stats:
{'downloader/request_bytes': 2466,
 'downloader/request_count': 10,
 'downloader/request_method_count/GET': 10,
 'downloader/response_bytes': 413124,
 'downloader/response_count': 10,
 'downloader/response_status_count/200': 9,
 'downloader/response_status_count/803': 1,
 'elapsed_time_seconds': 0.799809,
 'finish_reason': 'finished',
 'finish_time': datetime.datetime(2024, 1, 15, 17, 31, 39, 445646, tzinfo=datetime.timezone.utc),
 'httpcompression/response_bytes': 3235608,
 'httpcompression/response_count': 8,
 'httperror/response_ignored_count': 1,
 'httperror/response_ignored_status_count/803': 1,
 'item_scraped_count': 2,
 'log_count/DEBUG': 12,
 'log_count/ERROR': 1,
 'log_count/INFO': 8,
 'response_received_count': 10,
 'robotstxt/request_count': 5,
 'robotstxt/response_count': 5,
 'robotstxt/response_status_count/200': 5,
 'scheduler/dequeued': 5,
 'scheduler/dequeued/memory': 5,
 'scheduler/enqueued': 5,
 'scheduler/enqueued/memory': 5,
 'spider_exceptions/TypeError': 1,
 'start_time': datetime.datetime(2024, 1, 15, 17, 31, 38, 645837, tzinfo=datetime.timezone.utc)}
2024-01-15 19:31:39 [scrapy] INFO: Spider closed (finished)
