2023-12-15 18:10:11 [scrapy] DEBUG: Crawled (200) <GET https://mediagalaxy.ro/robots.txt> (referer: None)
2023-12-15 18:10:11 [scrapy] DEBUG: Crawled (200) <GET https://altex.ro/robots.txt> (referer: None)
2023-12-15 18:10:11 [scrapy] DEBUG: Crawled (200) <GET https://www.evomag.ro/robots.txt> (referer: None)
2023-12-15 18:10:11 [scrapy] DEBUG: Crawled (803) <GET https://www.evomag.ro/portabile-laptopuri-notebook/ASUS/> (referer: None)
2023-12-15 18:10:11 [scrapy] DEBUG: Crawled (200) <GET https://mediagalaxy.ro/laptopuri/cpl/filtru/in-stoc-5182/in-stoc/brand-3334/ASUS/> (referer: None)
2023-12-15 18:10:11 [scrapy] DEBUG: Crawled (200) <GET https://altex.ro/laptopuri/cpl/filtru/in-stoc-5182/in-stoc/brand-3334/ASUS/> (referer: None)
2023-12-15 18:10:11 [scrapy] INFO: Ignoring response <803 https://www.evomag.ro/portabile-laptopuri-notebook/ASUS/>: HTTP status code is not handled or not allowed
2023-12-15 18:10:12 [scrapy] DEBUG: Scraped from <200 https://mediagalaxy.ro/laptopuri/cpl/filtru/in-stoc-5182/in-stoc/brand-3334/ASUS/>
{'name': 'Laptop ASUS VivoBook 16X K3604ZA-MB054, Intel Core i5-1235U pana la 4.4GHz, 16" WUXGA, 16GB, SSD 512GB, Intel Iris Xe Graphics, Free Dos, Cool Silver', 'price': '2.699', 'link': 'https://mediagalaxy.ro/laptop-asus-vivobook-16x-k3604za-mb054-intel-core-i5-1235u-pana-la-4-4ghz-16-wuxga-16gb-ssd-512gb-intel-iris-xe-graphics-free-dos-cool-silver/cpd/LAPK3604ZAMB054/', 'photo': 'https://lcdn.mediagalaxy.ro/resize/media/catalog/product/v/i/16fa6a9aef7ffd6209d5fd9338ffa0b1/vivobook_16x_k3604_m3604_cool_silver_05_non_fingerprint_non_backlit_1_f6004dd6.jpg'}
2023-12-15 18:10:12 [scrapy] DEBUG: Crawled (200) <GET https://www.flanco.ro/robots.txt> (referer: None)
2023-12-15 18:10:12 [scrapy] DEBUG: Scraped from <200 https://altex.ro/laptopuri/cpl/filtru/in-stoc-5182/in-stoc/brand-3334/ASUS/>
{'name': 'Laptop ASUS VivoBook 16X K3604ZA-MB054, Intel Core i5-1235U pana la 4.4GHz, 16" WUXGA, 16GB, SSD 512GB, Intel Iris Xe Graphics, Free Dos, Cool Silver', 'price': '2.699', 'link': 'https://altex.ro/laptop-asus-vivobook-16x-k3604za-mb054-intel-core-i5-1235u-pana-la-4-4ghz-16-wuxga-16gb-ssd-512gb-intel-iris-xe-graphics-free-dos-cool-silver/cpd/LAPK3604ZAMB054/', 'photo': 'https://lcdn.altex.ro/resize/media/catalog/product/v/i/16fa6a9aef7ffd6209d5fd9338ffa0b1/vivobook_16x_k3604_m3604_cool_silver_05_non_fingerprint_non_backlit_1_f6004dd6.jpg'}
2023-12-15 18:10:12 [scrapy] DEBUG: Crawled (200) <GET https://mediagalaxy.ro/laptopuri/cpl/filtru/in-stoc-5182/in-stoc/brand-3334/ASUS/p/2/> (referer: https://mediagalaxy.ro/laptopuri/cpl/filtru/in-stoc-5182/in-stoc/brand-3334/ASUS/)
2023-12-15 18:10:12 [scrapy] DEBUG: Crawled (200) <GET https://altex.ro/laptopuri/cpl/filtru/in-stoc-5182/in-stoc/brand-3334/ASUS/p/2/> (referer: https://altex.ro/laptopuri/cpl/filtru/in-stoc-5182/in-stoc/brand-3334/ASUS/)
2023-12-15 18:10:12 [scrapy] DEBUG: Crawled (200) <GET https://mediagalaxy.ro/laptopuri/cpl/filtru/in-stoc-5182/in-stoc/brand-3334/ASUS/p/3/> (referer: https://mediagalaxy.ro/laptopuri/cpl/filtru/in-stoc-5182/in-stoc/brand-3334/ASUS/p/2/)
2023-12-15 18:10:12 [scrapy] DEBUG: Redirecting (301) to <GET https://www.flanco.ro/laptop-it-tablete/laptop/filtre/brand/asus.html> from <GET https://www.flanco.ro/laptop-it-tablete/laptop/filtre/brand/ASUS.html>
2023-12-15 18:10:12 [scrapy] DEBUG: Crawled (200) <GET https://www.flanco.ro/laptop-it-tablete/laptop/filtre/brand/asus.html> (referer: None)
2023-12-15 18:10:12 [scrapy] DEBUG: Crawled (200) <GET https://mediagalaxy.ro/laptopuri/cpl/filtru/in-stoc-5182/in-stoc/brand-3334/ASUS/p/4/> (referer: https://mediagalaxy.ro/laptopuri/cpl/filtru/in-stoc-5182/in-stoc/brand-3334/ASUS/p/3/)
2023-12-15 18:10:12 [scrapy] DEBUG: Crawled (200) <GET https://altex.ro/laptopuri/cpl/filtru/in-stoc-5182/in-stoc/brand-3334/ASUS/p/3/> (referer: https://altex.ro/laptopuri/cpl/filtru/in-stoc-5182/in-stoc/brand-3334/ASUS/p/2/)
2023-12-15 18:10:12 [scrapy] DEBUG: Crawled (200) <GET https://mediagalaxy.ro/laptopuri/cpl/filtru/in-stoc-5182/in-stoc/brand-3334/ASUS/p/5/> (referer: https://mediagalaxy.ro/laptopuri/cpl/filtru/in-stoc-5182/in-stoc/brand-3334/ASUS/p/4/)
2023-12-15 18:10:13 [scrapy] DEBUG: Crawled (200) <GET https://mediagalaxy.ro/laptopuri/cpl/filtru/in-stoc-5182/in-stoc/brand-3334/ASUS/p/6/> (referer: https://mediagalaxy.ro/laptopuri/cpl/filtru/in-stoc-5182/in-stoc/brand-3334/ASUS/p/5/)
2023-12-15 18:10:13 [scrapy] DEBUG: Scraped from <200 https://mediagalaxy.ro/laptopuri/cpl/filtru/in-stoc-5182/in-stoc/brand-3334/ASUS/p/6/>
{'name': 'Laptop ASUS Vivobook 16X OLED K3604ZA-L2031, Intel Core i7-1260P pana la 4.7GHz, 15.6" 4K UHD, 16GB, SSD 512GB, Intel Iris Xe Graphics, Free Dos, Cool Silver', 'price': '5.399', 'link': 'https://mediagalaxy.ro/laptop-asus-vivobook-16x-oled-k3604za-l2031-intel-core-i7-1260p-pana-la-4-7ghz-15-6-4k-uhd-16gb-ssd-512gb-intel-iris-xe-graphics-free-dos-cool-silver/cpd/LAPK3604ZAL2031/', 'photo': 'https://lcdn.mediagalaxy.ro/resize/media/catalog/product/v/i/16fa6a9aef7ffd6209d5fd9338ffa0b1/vivobook_16x_k3604_m3604_cool_silver_05_non_fingerprint_non_backlit_1_f6004dd6.jpg'}
2023-12-15 18:10:13 [scrapy] DEBUG: Crawled (200) <GET https://altex.ro/laptopuri/cpl/filtru/in-stoc-5182/in-stoc/brand-3334/ASUS/p/4/> (referer: https://altex.ro/laptopuri/cpl/filtru/in-stoc-5182/in-stoc/brand-3334/ASUS/p/3/)
2023-12-15 18:10:13 [scrapy] DEBUG: Scraped from <200 https://mediagalaxy.ro/laptopuri/cpl/filtru/in-stoc-5182/in-stoc/brand-3334/ASUS/p/6/>
{'name': 'Laptop ASUS Vivobook 16X K3604ZA-MB052, Intel Core i7-1255U pana la 4.7GHz, 16" WUXGA, 16GB, SSD 512GB, Intel Iris Xe Graphics, Free Dos, Indie Black', 'price': '4.099', 'link': 'https://mediagalaxy.ro/laptop-asus-vivobook-16x-k3604za-mb052-intel-core-i7-1255u-pana-la-4-7ghz-16-wuxga-16gb-ssd-512gb-intel-iris-xe-graphics-free-dos-indie-black/cpd/LAPK3604ZAMB052/', 'photo': 'https://lcdn.mediagalaxy.ro/resize/media/catalog/product/v/i/16fa6a9aef7ffd6209d5fd9338ffa0b1/vivobook_16x_k3604z_k3604v_m3604y_product_photo_2k_indie_black_05_non_fingerprint_non_backlit_e95a5a01.jpg'}
2023-12-15 18:10:13 [scrapy] DEBUG: Scraped from <200 https://altex.ro/laptopuri/cpl/filtru/in-stoc-5182/in-stoc/brand-3334/ASUS/p/4/>
{'name': 'Laptop ASUS Vivobook 16X K3604ZA-MB027, Intel Core i5-1240P pana la 4.4GHz, 15.6" WUXGA, 16GB, SSD 512GB, Intel Iris Xe Graphics, Free Dos, Cool Silver', 'price': '2.849', 'link': 'https://altex.ro/laptop-asus-vivobook-16x-k3604za-mb027-intel-core-i5-1240p-pana-la-4-4ghz-15-6-wuxga-16gb-ssd-512gb-intel-iris-xe-graphics-free-dos-cool-silver/cpd/LAPK3604ZAMB027/', 'photo': 'https://lcdn.altex.ro/resize/media/catalog/product/v/i/16fa6a9aef7ffd6209d5fd9338ffa0b1/vivobook_16x_k3604_m3604_cool_silver_05_non_fingerprint_non_backlit_1_f6004dd6.jpg'}
2023-12-15 18:10:13 [scrapy] DEBUG: Crawled (200) <GET https://mediagalaxy.ro/laptopuri/cpl/filtru/in-stoc-5182/in-stoc/brand-3334/ASUS/p/7/> (referer: https://mediagalaxy.ro/laptopuri/cpl/filtru/in-stoc-5182/in-stoc/brand-3334/ASUS/p/6/)
2023-12-15 18:10:13 [scrapy] DEBUG: Scraped from <200 https://mediagalaxy.ro/laptopuri/cpl/filtru/in-stoc-5182/in-stoc/brand-3334/ASUS/p/7/>
{'name': 'Laptop ASUS Vivobook 16X K3604ZA-MB027, Intel Core i5-1240P pana la 4.4GHz, 15.6" WUXGA, 16GB, SSD 512GB, Intel Iris Xe Graphics, Free Dos, Cool Silver', 'price': '2.849', 'link': 'https://mediagalaxy.ro/laptop-asus-vivobook-16x-k3604za-mb027-intel-core-i5-1240p-pana-la-4-4ghz-15-6-wuxga-16gb-ssd-512gb-intel-iris-xe-graphics-free-dos-cool-silver/cpd/LAPK3604ZAMB027/', 'photo': 'https://lcdn.mediagalaxy.ro/resize/media/catalog/product/v/i/16fa6a9aef7ffd6209d5fd9338ffa0b1/vivobook_16x_k3604_m3604_cool_silver_05_non_fingerprint_non_backlit_1_f6004dd6.jpg'}
2023-12-15 18:10:13 [scrapy] DEBUG: Crawled (200) <GET https://altex.ro/laptopuri/cpl/filtru/in-stoc-5182/in-stoc/brand-3334/ASUS/p/5/> (referer: https://altex.ro/laptopuri/cpl/filtru/in-stoc-5182/in-stoc/brand-3334/ASUS/p/4/)
2023-12-15 18:10:13 [scrapy] DEBUG: Crawled (200) <GET https://mediagalaxy.ro/laptopuri/cpl/filtru/in-stoc-5182/in-stoc/brand-3334/ASUS/p/8/> (referer: https://mediagalaxy.ro/laptopuri/cpl/filtru/in-stoc-5182/in-stoc/brand-3334/ASUS/p/7/)
2023-12-15 18:10:13 [scrapy] DEBUG: Filtered duplicate request: <GET https://mediagalaxy.ro/laptopuri/cpl/filtru/in-stoc-5182/in-stoc/brand-3334/ASUS/p/7/> - no more duplicates will be shown (see DUPEFILTER_DEBUG to show all duplicates)
2023-12-15 18:10:13 [scrapy] DEBUG: Crawled (200) <GET https://altex.ro/laptopuri/cpl/filtru/in-stoc-5182/in-stoc/brand-3334/ASUS/p/6/> (referer: https://altex.ro/laptopuri/cpl/filtru/in-stoc-5182/in-stoc/brand-3334/ASUS/p/5/)
2023-12-15 18:10:14 [scrapy] DEBUG: Crawled (200) <GET https://altex.ro/laptopuri/cpl/filtru/in-stoc-5182/in-stoc/brand-3334/ASUS/p/7/> (referer: https://altex.ro/laptopuri/cpl/filtru/in-stoc-5182/in-stoc/brand-3334/ASUS/p/6/)
2023-12-15 18:10:14 [scrapy] DEBUG: Scraped from <200 https://altex.ro/laptopuri/cpl/filtru/in-stoc-5182/in-stoc/brand-3334/ASUS/p/7/>
{'name': 'Laptop ASUS Vivobook 16X OLED K3604ZA-L2031, Intel Core i7-1260P pana la 4.7GHz, 15.6" 4K UHD, 16GB, SSD 512GB, Intel Iris Xe Graphics, Free Dos, Cool Silver', 'price': '5.399', 'link': 'https://altex.ro/laptop-asus-vivobook-16x-oled-k3604za-l2031-intel-core-i7-1260p-pana-la-4-7ghz-15-6-4k-uhd-16gb-ssd-512gb-intel-iris-xe-graphics-free-dos-cool-silver/cpd/LAPK3604ZAL2031/', 'photo': 'https://lcdn.altex.ro/resize/media/catalog/product/v/i/16fa6a9aef7ffd6209d5fd9338ffa0b1/vivobook_16x_k3604_m3604_cool_silver_05_non_fingerprint_non_backlit_1_f6004dd6.jpg'}
2023-12-15 18:10:14 [scrapy] DEBUG: Scraped from <200 https://altex.ro/laptopuri/cpl/filtru/in-stoc-5182/in-stoc/brand-3334/ASUS/p/7/>
{'name': 'Laptop ASUS Vivobook 16X K3604ZA-MB052, Intel Core i7-1255U pana la 4.7GHz, 16" WUXGA, 16GB, SSD 512GB, Intel Iris Xe Graphics, Free Dos, Indie Black', 'price': '4.099', 'link': 'https://altex.ro/laptop-asus-vivobook-16x-k3604za-mb052-intel-core-i7-1255u-pana-la-4-7ghz-16-wuxga-16gb-ssd-512gb-intel-iris-xe-graphics-free-dos-indie-black/cpd/LAPK3604ZAMB052/', 'photo': 'https://lcdn.altex.ro/resize/media/catalog/product/v/i/16fa6a9aef7ffd6209d5fd9338ffa0b1/vivobook_16x_k3604z_k3604v_m3604y_product_photo_2k_indie_black_05_non_fingerprint_non_backlit_e95a5a01.jpg'}
2023-12-15 18:10:14 [scrapy] DEBUG: Crawled (200) <GET https://altex.ro/laptopuri/cpl/filtru/in-stoc-5182/in-stoc/brand-3334/ASUS/p/8/> (referer: https://altex.ro/laptopuri/cpl/filtru/in-stoc-5182/in-stoc/brand-3334/ASUS/p/7/)
2023-12-15 18:10:14 [scrapy] DEBUG: Crawled (200) <GET https://altex.ro/laptopuri/cpl/filtru/in-stoc-5182/in-stoc/brand-3334/ASUS/p/9/> (referer: https://altex.ro/laptopuri/cpl/filtru/in-stoc-5182/in-stoc/brand-3334/ASUS/p/8/)
2023-12-15 18:10:14 [scrapy] INFO: Closing spider (finished)
2023-12-15 18:10:14 [scrapy] INFO: Dumping Scrapy stats:
{'downloader/request_bytes': 19703,
 'downloader/request_count': 24,
 'downloader/request_method_count/GET': 24,
 'downloader/response_bytes': 2200777,
 'downloader/response_count': 24,
 'downloader/response_status_count/200': 22,
 'downloader/response_status_count/301': 1,
 'downloader/response_status_count/803': 1,
 'dupefilter/filtered': 2,
 'elapsed_time_seconds': 3.292737,
 'finish_reason': 'finished',
 'finish_time': datetime.datetime(2023, 12, 15, 16, 10, 14, 905641, tzinfo=datetime.timezone.utc),
 'httpcompression/response_bytes': 21479093,
 'httpcompression/response_count': 22,
 'httperror/response_ignored_count': 1,
 'httperror/response_ignored_status_count/803': 1,
 'item_scraped_count': 8,
 'log_count/DEBUG': 33,
 'log_count/INFO': 8,
 'request_depth_max': 9,
 'response_received_count': 23,
 'robotstxt/request_count': 4,
 'robotstxt/response_count': 4,
 'robotstxt/response_status_count/200': 4,
 'scheduler/dequeued': 20,
 'scheduler/dequeued/memory': 20,
 'scheduler/enqueued': 20,
 'scheduler/enqueued/memory': 20,
 'start_time': datetime.datetime(2023, 12, 15, 16, 10, 11, 612904, tzinfo=datetime.timezone.utc)}
2023-12-15 18:10:14 [scrapy] INFO: Spider closed (finished)
