2024-01-14 21:38:30 [scrapy] DEBUG: Crawled (200) <GET https://altex.ro/robots.txt> (referer: None)
2024-01-14 21:38:30 [scrapy] DEBUG: Crawled (200) <GET https://mediagalaxy.ro/robots.txt> (referer: None)
2024-01-14 21:38:30 [scrapy] DEBUG: Crawled (200) <GET https://www.evomag.ro/robots.txt> (referer: None)
2024-01-14 21:38:30 [scrapy] DEBUG: Crawled (200) <GET https://www.flanco.ro/robots.txt> (referer: None)
2024-01-14 21:38:30 [scrapy] DEBUG: Crawled (803) <GET https://www.evomag.ro/portabile-laptopuri-notebook/lenovo/> (referer: None)
2024-01-14 21:38:30 [scrapy] DEBUG: Crawled (200) <GET https://altex.ro/laptopuri/cpl/filtru/in-stoc-5182/in-stoc/brand-3334/lenovo/> (referer: None)
2024-01-14 21:38:31 [scrapy] DEBUG: Crawled (200) <GET https://mediagalaxy.ro/laptopuri/cpl/filtru/in-stoc-5182/in-stoc/brand-3334/lenovo/> (referer: None)
2024-01-14 21:38:31 [scrapy] INFO: Ignoring response <803 https://www.evomag.ro/portabile-laptopuri-notebook/lenovo/>: HTTP status code is not handled or not allowed
2024-01-14 21:38:31 [scrapy] DEBUG: Crawled (200) <GET https://www.flanco.ro/laptop-it-tablete/laptop/filtre/brand/lenovo.html> (referer: None)
2024-01-14 21:38:31 [scrapy] DEBUG: Scraped from <200 https://mediagalaxy.ro/laptopuri/cpl/filtru/in-stoc-5182/in-stoc/brand-3334/lenovo/>
{'name': 'Laptop Gaming LENOVO LOQ 15APH8, AMD Ryzen 5 7640HS pana la 5GHz, 15.6" FHD, 16GB, SSD 512GB, NVIDIA GeForce RTX 4060 8GB, Free DOS, Storm Grey', 'price': '5.099', 'link': 'https://mediagalaxy.ro/laptop-gaming-lenovo-loq-15aph8-amd-ryzen-5-7640hs-pana-la-5ghz-15-6-fhd-16gb-ssd-512gb-nvidia-geforce-rtx-4060-8gb-free-dos-storm-grey/cpd/LAP82XT0088RM/', 'photo': 'https://lcdn.mediagalaxy.ro/resize/media/catalog/product/l/e/16fa6a9aef7ffd6209d5fd9338ffa0b1/lenovo_loq_15aph8_1_7e3d0580.jpg'}
2024-01-14 21:38:31 [scrapy] DEBUG: Scraped from <200 https://altex.ro/laptopuri/cpl/filtru/in-stoc-5182/in-stoc/brand-3334/lenovo/>
{'name': 'Laptop Gaming LENOVO LOQ 15APH8, AMD Ryzen 5 7640HS pana la 5GHz, 15.6" FHD, 16GB, SSD 512GB, NVIDIA GeForce RTX 4060 8GB, Free DOS, Storm Grey', 'price': '5.099', 'link': 'https://altex.ro/laptop-gaming-lenovo-loq-15aph8-amd-ryzen-5-7640hs-pana-la-5ghz-15-6-fhd-16gb-ssd-512gb-nvidia-geforce-rtx-4060-8gb-free-dos-storm-grey/cpd/LAP82XT0088RM/', 'photo': 'https://lcdn.altex.ro/resize/media/catalog/product/l/e/16fa6a9aef7ffd6209d5fd9338ffa0b1/lenovo_loq_15aph8_1_7e3d0580.jpg'}
2024-01-14 21:38:31 [scrapy] DEBUG: Scraped from <200 https://mediagalaxy.ro/laptopuri/cpl/filtru/in-stoc-5182/in-stoc/brand-3334/lenovo/>
{'name': 'Laptop gaming LENOVO LOQ 15APH8, AMD Ryzen 5 7640HS pana la 5Ghz, 15.6" Full HD, 16GB, SSD 512GB, NVIDIA GeForce RTX 4060 8GB, Free DOS, gri', 'price': '5.199', 'link': 'https://mediagalaxy.ro/laptop-gaming-lenovo-loq-15aph8-amd-ryzen-5-7640hs-pana-la-5ghz-15-6-full-hd-16gb-ssd-512gb-nvidia-geforce-rtx-4060-8gb-free-dos-gri/cpd/LAP82XT00APRM/', 'photo': 'https://lcdn.mediagalaxy.ro/resize/media/catalog/product/l/a/16fa6a9aef7ffd6209d5fd9338ffa0b1/lap82xt00aprm_1_67f56f4b.jpg'}
2024-01-14 21:38:31 [scrapy] DEBUG: Scraped from <200 https://altex.ro/laptopuri/cpl/filtru/in-stoc-5182/in-stoc/brand-3334/lenovo/>
{'name': 'Laptop gaming LENOVO LOQ 15APH8, AMD Ryzen 5 7640HS pana la 5Ghz, 15.6" Full HD, 16GB, SSD 512GB, NVIDIA GeForce RTX 4060 8GB, Free DOS, gri', 'price': '5.199', 'link': 'https://altex.ro/laptop-gaming-lenovo-loq-15aph8-amd-ryzen-5-7640hs-pana-la-5ghz-15-6-full-hd-16gb-ssd-512gb-nvidia-geforce-rtx-4060-8gb-free-dos-gri/cpd/LAP82XT00APRM/', 'photo': 'https://lcdn.altex.ro/resize/media/catalog/product/l/a/16fa6a9aef7ffd6209d5fd9338ffa0b1/lap82xt00aprm_1_67f56f4b.jpg'}
2024-01-14 21:38:31 [scrapy] INFO: Closing spider (finished)
2024-01-14 21:38:31 [scrapy] INFO: Dumping Scrapy stats:
{'downloader/request_bytes': 1949,
 'downloader/request_count': 8,
 'downloader/request_method_count/GET': 8,
 'downloader/response_bytes': 321310,
 'downloader/response_count': 8,
 'downloader/response_status_count/200': 7,
 'downloader/response_status_count/803': 1,
 'elapsed_time_seconds': 0.666463,
 'finish_reason': 'finished',
 'finish_time': datetime.datetime(2024, 1, 14, 19, 38, 31, 350663, tzinfo=datetime.timezone.utc),
 'httpcompression/response_bytes': 3168875,
 'httpcompression/response_count': 7,
 'httperror/response_ignored_count': 1,
 'httperror/response_ignored_status_count/803': 1,
 'item_scraped_count': 4,
 'log_count/DEBUG': 12,
 'log_count/INFO': 8,
 'response_received_count': 8,
 'robotstxt/request_count': 4,
 'robotstxt/response_count': 4,
 'robotstxt/response_status_count/200': 4,
 'scheduler/dequeued': 4,
 'scheduler/dequeued/memory': 4,
 'scheduler/enqueued': 4,
 'scheduler/enqueued/memory': 4,
 'start_time': datetime.datetime(2024, 1, 14, 19, 38, 30, 684200, tzinfo=datetime.timezone.utc)}
2024-01-14 21:38:31 [scrapy] INFO: Spider closed (finished)
