2024-01-14 21:42:26 [scrapy] DEBUG: Crawled (200) <GET https://www.evomag.ro/robots.txt> (referer: None)
2024-01-14 21:42:26 [scrapy] DEBUG: Crawled (200) <GET https://mediagalaxy.ro/robots.txt> (referer: None)
2024-01-14 21:42:26 [scrapy] DEBUG: Crawled (200) <GET https://altex.ro/robots.txt> (referer: None)
2024-01-14 21:42:26 [scrapy] DEBUG: Crawled (803) <GET https://www.evomag.ro/portabile-laptopuri-notebook/acer/> (referer: None)
2024-01-14 21:42:26 [scrapy] DEBUG: Crawled (200) <GET https://altex.ro/laptopuri/cpl/filtru/in-stoc-5182/in-stoc/brand-3334/acer/> (referer: None)
2024-01-14 21:42:26 [scrapy] DEBUG: Crawled (200) <GET https://www.flanco.ro/robots.txt> (referer: None)
2024-01-14 21:42:26 [scrapy] DEBUG: Crawled (200) <GET https://mediagalaxy.ro/laptopuri/cpl/filtru/in-stoc-5182/in-stoc/brand-3334/acer/> (referer: None)
2024-01-14 21:42:26 [scrapy] INFO: Ignoring response <803 https://www.evomag.ro/portabile-laptopuri-notebook/acer/>: HTTP status code is not handled or not allowed
2024-01-14 21:42:26 [scrapy] DEBUG: Scraped from <200 https://altex.ro/laptopuri/cpl/filtru/in-stoc-5182/in-stoc/brand-3334/acer/>
{'name': 'Laptop ACER Aspire 3 A315-24P-R9WY, AMD Ryzen 5 7520U pana la 4.3GHz, 15.6" Full HD, 16GB, SSD 512GB, AMD Radeon 610M Graphics, Free Dos, argintiu', 'price': '2.249', 'link': 'https://altex.ro/laptop-acer-aspire-3-a315-24p-r9wy-amd-ryzen-5-7520u-pana-la-4-3ghz-15-6-full-hd-16gb-ssd-512gb-amd-radeon-610m-graphics-free-dos-argintiu/cpd/LAPNXKDEEX026/', 'photo': 'https://lcdn.altex.ro/resize/media/catalog/product/a/s/16fa6a9aef7ffd6209d5fd9338ffa0b1/aspire_3_a315_24p_silver_new_39133a3d.jpg'}
2024-01-14 21:42:26 [scrapy] DEBUG: Scraped from <200 https://altex.ro/laptopuri/cpl/filtru/in-stoc-5182/in-stoc/brand-3334/acer/>
{'name': 'Laptop ACER Aspire 3 A315-58-79PH, Intel Core i7-1165G7 pana la 4.7GHz, 15.6" Full HD, 16GB, SSD 512GB, Intel Iris Xe Graphics, Free DOS, argintiu', 'price': '2.499', 'link': 'https://altex.ro/laptop-acer-aspire-3-a315-58-79ph-intel-core-i7-1165g7-pana-la-4-7ghz-15-6-full-hd-16gb-ssd-512gb-intel-iris-xe-graphics-free-dos-argintiu/cpd/LAPNXADDEX02W/', 'photo': 'https://lcdn.altex.ro/resize/media/catalog/product/A/s/16fa6a9aef7ffd6209d5fd9338ffa0b1/Aspire-3-A315-58-silver-1.jpg'}
2024-01-14 21:42:26 [scrapy] DEBUG: Scraped from <200 https://mediagalaxy.ro/laptopuri/cpl/filtru/in-stoc-5182/in-stoc/brand-3334/acer/>
{'name': 'Laptop ACER Aspire 3 A315-24P-R9WY, AMD Ryzen 5 7520U pana la 4.3GHz, 15.6" Full HD, 16GB, SSD 512GB, AMD Radeon 610M Graphics, Free Dos, argintiu', 'price': '2.249', 'link': 'https://mediagalaxy.ro/laptop-acer-aspire-3-a315-24p-r9wy-amd-ryzen-5-7520u-pana-la-4-3ghz-15-6-full-hd-16gb-ssd-512gb-amd-radeon-610m-graphics-free-dos-argintiu/cpd/LAPNXKDEEX026/', 'photo': 'https://lcdn.mediagalaxy.ro/resize/media/catalog/product/a/s/16fa6a9aef7ffd6209d5fd9338ffa0b1/aspire_3_a315_24p_silver_new_39133a3d.jpg'}
2024-01-14 21:42:26 [scrapy] DEBUG: Crawled (200) <GET https://www.flanco.ro/laptop-it-tablete/laptop/filtre/brand/acer.html> (referer: None)
2024-01-14 21:42:26 [scrapy] DEBUG: Scraped from <200 https://mediagalaxy.ro/laptopuri/cpl/filtru/in-stoc-5182/in-stoc/brand-3334/acer/>
{'name': 'Laptop ACER Aspire 3 A315-58-79PH, Intel Core i7-1165G7 pana la 4.7GHz, 15.6" Full HD, 16GB, SSD 512GB, Intel Iris Xe Graphics, Free DOS, argintiu', 'price': '2.499', 'link': 'https://mediagalaxy.ro/laptop-acer-aspire-3-a315-58-79ph-intel-core-i7-1165g7-pana-la-4-7ghz-15-6-full-hd-16gb-ssd-512gb-intel-iris-xe-graphics-free-dos-argintiu/cpd/LAPNXADDEX02W/', 'photo': 'https://lcdn.mediagalaxy.ro/resize/media/catalog/product/A/s/16fa6a9aef7ffd6209d5fd9338ffa0b1/Aspire-3-A315-58-silver-1.jpg'}
2024-01-14 21:42:26 [scrapy] DEBUG: Crawled (200) <GET https://altex.ro/laptopuri/cpl/filtru/in-stoc-5182/in-stoc/brand-3334/acer/p/2/> (referer: https://altex.ro/laptopuri/cpl/filtru/in-stoc-5182/in-stoc/brand-3334/acer/)
2024-01-14 21:42:26 [scrapy] DEBUG: Crawled (200) <GET https://mediagalaxy.ro/laptopuri/cpl/filtru/in-stoc-5182/in-stoc/brand-3334/acer/p/2/> (referer: https://mediagalaxy.ro/laptopuri/cpl/filtru/in-stoc-5182/in-stoc/brand-3334/acer/)
2024-01-14 21:42:27 [scrapy] DEBUG: Crawled (200) <GET https://mediagalaxy.ro/laptopuri/cpl/filtru/in-stoc-5182/in-stoc/brand-3334/acer/p/1/> (referer: https://mediagalaxy.ro/laptopuri/cpl/filtru/in-stoc-5182/in-stoc/brand-3334/acer/p/2/)
2024-01-14 21:42:27 [scrapy] DEBUG: Crawled (200) <GET https://altex.ro/laptopuri/cpl/filtru/in-stoc-5182/in-stoc/brand-3334/acer/p/1/> (referer: https://altex.ro/laptopuri/cpl/filtru/in-stoc-5182/in-stoc/brand-3334/acer/p/2/)
2024-01-14 21:42:27 [scrapy] DEBUG: Scraped from <200 https://mediagalaxy.ro/laptopuri/cpl/filtru/in-stoc-5182/in-stoc/brand-3334/acer/p/1/>
{'name': 'Laptop ACER Aspire 3 A315-24P-R9WY, AMD Ryzen 5 7520U pana la 4.3GHz, 15.6" Full HD, 16GB, SSD 512GB, AMD Radeon 610M Graphics, Free Dos, argintiu', 'price': '2.249', 'link': 'https://mediagalaxy.ro/laptop-acer-aspire-3-a315-24p-r9wy-amd-ryzen-5-7520u-pana-la-4-3ghz-15-6-full-hd-16gb-ssd-512gb-amd-radeon-610m-graphics-free-dos-argintiu/cpd/LAPNXKDEEX026/', 'photo': 'https://lcdn.mediagalaxy.ro/resize/media/catalog/product/a/s/16fa6a9aef7ffd6209d5fd9338ffa0b1/aspire_3_a315_24p_silver_new_39133a3d.jpg'}
2024-01-14 21:42:27 [scrapy] DEBUG: Scraped from <200 https://mediagalaxy.ro/laptopuri/cpl/filtru/in-stoc-5182/in-stoc/brand-3334/acer/p/1/>
{'name': 'Laptop ACER Aspire 3 A315-58-79PH, Intel Core i7-1165G7 pana la 4.7GHz, 15.6" Full HD, 16GB, SSD 512GB, Intel Iris Xe Graphics, Free DOS, argintiu', 'price': '2.499', 'link': 'https://mediagalaxy.ro/laptop-acer-aspire-3-a315-58-79ph-intel-core-i7-1165g7-pana-la-4-7ghz-15-6-full-hd-16gb-ssd-512gb-intel-iris-xe-graphics-free-dos-argintiu/cpd/LAPNXADDEX02W/', 'photo': 'https://lcdn.mediagalaxy.ro/resize/media/catalog/product/A/s/16fa6a9aef7ffd6209d5fd9338ffa0b1/Aspire-3-A315-58-silver-1.jpg'}
2024-01-14 21:42:27 [scrapy] DEBUG: Filtered duplicate request: <GET https://mediagalaxy.ro/laptopuri/cpl/filtru/in-stoc-5182/in-stoc/brand-3334/acer/p/2/> - no more duplicates will be shown (see DUPEFILTER_DEBUG to show all duplicates)
2024-01-14 21:42:27 [scrapy] DEBUG: Scraped from <200 https://altex.ro/laptopuri/cpl/filtru/in-stoc-5182/in-stoc/brand-3334/acer/p/1/>
{'name': 'Laptop ACER Aspire 3 A315-24P-R9WY, AMD Ryzen 5 7520U pana la 4.3GHz, 15.6" Full HD, 16GB, SSD 512GB, AMD Radeon 610M Graphics, Free Dos, argintiu', 'price': '2.249', 'link': 'https://altex.ro/laptop-acer-aspire-3-a315-24p-r9wy-amd-ryzen-5-7520u-pana-la-4-3ghz-15-6-full-hd-16gb-ssd-512gb-amd-radeon-610m-graphics-free-dos-argintiu/cpd/LAPNXKDEEX026/', 'photo': 'https://lcdn.altex.ro/resize/media/catalog/product/a/s/16fa6a9aef7ffd6209d5fd9338ffa0b1/aspire_3_a315_24p_silver_new_39133a3d.jpg'}
2024-01-14 21:42:27 [scrapy] DEBUG: Scraped from <200 https://altex.ro/laptopuri/cpl/filtru/in-stoc-5182/in-stoc/brand-3334/acer/p/1/>
{'name': 'Laptop ACER Aspire 3 A315-58-79PH, Intel Core i7-1165G7 pana la 4.7GHz, 15.6" Full HD, 16GB, SSD 512GB, Intel Iris Xe Graphics, Free DOS, argintiu', 'price': '2.499', 'link': 'https://altex.ro/laptop-acer-aspire-3-a315-58-79ph-intel-core-i7-1165g7-pana-la-4-7ghz-15-6-full-hd-16gb-ssd-512gb-intel-iris-xe-graphics-free-dos-argintiu/cpd/LAPNXADDEX02W/', 'photo': 'https://lcdn.altex.ro/resize/media/catalog/product/A/s/16fa6a9aef7ffd6209d5fd9338ffa0b1/Aspire-3-A315-58-silver-1.jpg'}
2024-01-14 21:42:27 [scrapy] INFO: Closing spider (finished)
2024-01-14 21:42:27 [scrapy] INFO: Dumping Scrapy stats:
{'downloader/request_bytes': 6593,
 'downloader/request_count': 12,
 'downloader/request_method_count/GET': 12,
 'downloader/response_bytes': 761564,
 'downloader/response_count': 12,
 'downloader/response_status_count/200': 11,
 'downloader/response_status_count/803': 1,
 'dupefilter/filtered': 2,
 'elapsed_time_seconds': 1.234342,
 'finish_reason': 'finished',
 'finish_time': datetime.datetime(2024, 1, 14, 19, 42, 27, 449802, tzinfo=datetime.timezone.utc),
 'httpcompression/response_bytes': 7165593,
 'httpcompression/response_count': 11,
 'httperror/response_ignored_count': 1,
 'httperror/response_ignored_status_count/803': 1,
 'item_scraped_count': 8,
 'log_count/DEBUG': 21,
 'log_count/INFO': 8,
 'request_depth_max': 3,
 'response_received_count': 12,
 'robotstxt/request_count': 4,
 'robotstxt/response_count': 4,
 'robotstxt/response_status_count/200': 4,
 'scheduler/dequeued': 8,
 'scheduler/dequeued/memory': 8,
 'scheduler/enqueued': 8,
 'scheduler/enqueued/memory': 8,
 'start_time': datetime.datetime(2024, 1, 14, 19, 42, 26, 215460, tzinfo=datetime.timezone.utc)}
2024-01-14 21:42:27 [scrapy] INFO: Spider closed (finished)
