2024-01-14 22:07:04 [scrapy] DEBUG: Crawled (200) <GET https://altex.ro/robots.txt> (referer: None)
2024-01-14 22:07:04 [scrapy] DEBUG: Crawled (200) <GET https://www.evomag.ro/robots.txt> (referer: None)
2024-01-14 22:07:04 [scrapy] DEBUG: Crawled (200) <GET https://mediagalaxy.ro/robots.txt> (referer: None)
2024-01-14 22:07:04 [scrapy] DEBUG: Crawled (803) <GET https://www.evomag.ro/portabile-laptopuri-notebook/hp/> (referer: None)
2024-01-14 22:07:04 [scrapy] DEBUG: Crawled (200) <GET https://www.flanco.ro/robots.txt> (referer: None)
2024-01-14 22:07:04 [scrapy] DEBUG: Crawled (200) <GET https://altex.ro/laptopuri/cpl/filtru/in-stoc-5182/in-stoc/brand-3334/hp/> (referer: None)
2024-01-14 22:07:04 [scrapy] DEBUG: Crawled (200) <GET https://mediagalaxy.ro/laptopuri/cpl/filtru/in-stoc-5182/in-stoc/brand-3334/hp/> (referer: None)
2024-01-14 22:07:04 [scrapy] INFO: Ignoring response <803 https://www.evomag.ro/portabile-laptopuri-notebook/hp/>: HTTP status code is not handled or not allowed
2024-01-14 22:07:04 [scrapy] DEBUG: Scraped from <200 https://altex.ro/laptopuri/cpl/filtru/in-stoc-5182/in-stoc/brand-3334/hp/>
{'name': 'Laptop HP 15s-fq5051nq, Intel Core i5-1235U pana la 4.4GHz, 15.6" Full HD, 8GB, SSD 512GB, Intel Iris Xe Graphics, Free DOS, argintiu', 'price': '2.199', 'link': 'https://altex.ro/laptop-hp-15s-fq5051nq-intel-core-i5-1235u-pana-la-4-4ghz-15-6-full-hd-8gb-ssd-512gb-intel-iris-xe-graphics-free-dos-argintiu/cpd/LAP7K167EA/', 'photo': 'https://lcdn.altex.ro/resize/media/catalog/product/l/a/16fa6a9aef7ffd6209d5fd9338ffa0b1/lap7k167ea_1_022d0cc3.jpg'}
2024-01-14 22:07:04 [scrapy] DEBUG: Scraped from <200 https://altex.ro/laptopuri/cpl/filtru/in-stoc-5182/in-stoc/brand-3334/hp/>
{'name': 'Laptop HP 15s-fq2015nq, Intel Core i5-1155G7 pana la 4.5GHz, 15.6" Full HD, 8GB, SSD 512GB, Intel Iris Xe Graphics, Free DOS, negru', 'price': '1.899', 'link': 'https://altex.ro/laptop-hp-15s-fq2015nq-intel-core-i5-1155g7-pana-la-4-5ghz-15-6-full-hd-8gb-ssd-512gb-intel-iris-xe-graphics-free-dos-negru/cpd/LAP2L9W6EA/', 'photo': 'https://lcdn.altex.ro/resize/media/catalog/product/h/p/16fa6a9aef7ffd6209d5fd9338ffa0b1/hp_15s_fq_negru_1_4469511c.jpg'}
2024-01-14 22:07:04 [scrapy] DEBUG: Scraped from <200 https://altex.ro/laptopuri/cpl/filtru/in-stoc-5182/in-stoc/brand-3334/hp/>
{'name': 'Laptop HP 15s-fq2005nq, Intel Core i7-1165G7 pana la 4.7GHz, 15.6" Full HD, 8GB, SSD 512GB, Intel Iris Xe, Free Dos, argintiu', 'price': '2.499', 'link': 'https://altex.ro/laptop-hp-15s-fq2005nq-intel-core-i7-1165g7-pana-la-4-7ghz-15-6-full-hd-8gb-ssd-512gb-intel-iris-xe-free-dos-argintiu/cpd/LAP2L9V6EA/', 'photo': 'https://lcdn.altex.ro/resize/media/catalog/product/L/A/16fa6a9aef7ffd6209d5fd9338ffa0b1/LAP8PT32EA_1_10a7b419.jpg'}
2024-01-14 22:07:04 [scrapy] DEBUG: Scraped from <200 https://mediagalaxy.ro/laptopuri/cpl/filtru/in-stoc-5182/in-stoc/brand-3334/hp/>
{'name': 'Laptop HP 15s-fq5051nq, Intel Core i5-1235U pana la 4.4GHz, 15.6" Full HD, 8GB, SSD 512GB, Intel Iris Xe Graphics, Free DOS, argintiu', 'price': '2.199', 'link': 'https://mediagalaxy.ro/laptop-hp-15s-fq5051nq-intel-core-i5-1235u-pana-la-4-4ghz-15-6-full-hd-8gb-ssd-512gb-intel-iris-xe-graphics-free-dos-argintiu/cpd/LAP7K167EA/', 'photo': 'https://lcdn.mediagalaxy.ro/resize/media/catalog/product/l/a/16fa6a9aef7ffd6209d5fd9338ffa0b1/lap7k167ea_1_022d0cc3.jpg'}
2024-01-14 22:07:04 [scrapy] DEBUG: Scraped from <200 https://mediagalaxy.ro/laptopuri/cpl/filtru/in-stoc-5182/in-stoc/brand-3334/hp/>
{'name': 'Laptop HP 15s-fq2005nq, Intel Core i7-1165G7 pana la 4.7GHz, 15.6" Full HD, 8GB, SSD 512GB, Intel Iris Xe, Free Dos, argintiu', 'price': '2.499', 'link': 'https://mediagalaxy.ro/laptop-hp-15s-fq2005nq-intel-core-i7-1165g7-pana-la-4-7ghz-15-6-full-hd-8gb-ssd-512gb-intel-iris-xe-free-dos-argintiu/cpd/LAP2L9V6EA/', 'photo': 'https://lcdn.mediagalaxy.ro/resize/media/catalog/product/L/A/16fa6a9aef7ffd6209d5fd9338ffa0b1/LAP8PT32EA_1_10a7b419.jpg'}
2024-01-14 22:07:04 [scrapy] DEBUG: Scraped from <200 https://mediagalaxy.ro/laptopuri/cpl/filtru/in-stoc-5182/in-stoc/brand-3334/hp/>
{'name': 'Laptop HP 15s-fq2015nq, Intel Core i5-1155G7 pana la 4.5GHz, 15.6" Full HD, 8GB, SSD 512GB, Intel Iris Xe Graphics, Free DOS, negru', 'price': '1.899', 'link': 'https://mediagalaxy.ro/laptop-hp-15s-fq2015nq-intel-core-i5-1155g7-pana-la-4-5ghz-15-6-full-hd-8gb-ssd-512gb-intel-iris-xe-graphics-free-dos-negru/cpd/LAP2L9W6EA/', 'photo': 'https://lcdn.mediagalaxy.ro/resize/media/catalog/product/h/p/16fa6a9aef7ffd6209d5fd9338ffa0b1/hp_15s_fq_negru_1_4469511c.jpg'}
2024-01-14 22:07:04 [scrapy] DEBUG: Crawled (200) <GET https://www.flanco.ro/laptop-it-tablete/laptop/filtre/brand/hp.html> (referer: None)
2024-01-14 22:07:04 [scrapy] DEBUG: Scraped from <200 https://www.flanco.ro/laptop-it-tablete/laptop/filtre/brand/hp.html>
{'name': 'Laptop HP 15s-eq2022nq, 15.6", Full HD, IPS, AMD Ryzen 5 5500U, 8GB RAM, 512GB SSD, AMD Radeon Graphics, Free DOS, Spruce Blue', 'price': '1.799', 'link': 'https://www.flanco.ro/laptop-hp-15s-eq2022nq-15-6-full-hd-ips-amd-ryzen-5-5500u-8gb-ram-512gb-ssd-amd-radeon-graphics-free-dos-spruce-blue.html', 'photo': 'https://www.flanco.ro/media/catalog/product/cache/3869290ebce25e2f88fbb249726321d7/1/7/178236_p1_1.jpg'}
2024-01-14 22:07:04 [scrapy] DEBUG: Scraped from <200 https://www.flanco.ro/laptop-it-tablete/laptop/filtre/brand/hp.html>
{'name': 'Laptop HP 15s-fq5026nq, 15.6", Full HD, Intel Core i5-1235U, 16GB RAM, 512 SSD, Intel Iris Xe, Free DOS, Natural Silver', 'price': '2.099', 'link': 'https://www.flanco.ro/laptop-hp-15s-fq5026nq-15-6-full-hd-intel-core-i5-1235u-16gb-ram-512-ssd-intel-iris-xe-free-dos-natural-silver.html', 'photo': 'https://www.flanco.ro/media/catalog/product/cache/3869290ebce25e2f88fbb249726321d7/l/a/laptop_hp_15s-fq5026nq_01.jpg'}
2024-01-14 22:07:04 [scrapy] DEBUG: Scraped from <200 https://www.flanco.ro/laptop-it-tablete/laptop/filtre/brand/hp.html>
{'name': 'Laptop HP 15s-fq2009nq, 15.6", Full HD, Intel Core i7-1165G7, 8GB RAM, 256GB SSD, Intel Iris Xe, No OS, Negru-argintiu', 'price': '2.349', 'link': 'https://www.flanco.ro/laptop-hp-15s-fq2009nq-15-6-full-hd-intel-core-i7-1165g7-8gb-ram-256gb-ssd-intel-iris-xe-no-os-negru-argintiu.html', 'photo': 'https://www.flanco.ro/media/catalog/product/cache/3869290ebce25e2f88fbb249726321d7/l/a/laptop_hp_2l9w1ea_main.jpg'}
2024-01-14 22:07:04 [scrapy] DEBUG: Scraped from <200 https://www.flanco.ro/laptop-it-tablete/laptop/filtre/brand/hp.html>
{'name': 'Laptop HP 15s-fq5028nq, 15.6", Full HD, Intel Core i5-1235U, 8GB RAM, 512GB SSD M.2, Intel Iris Xe Graphics, FreeDOS, Pale Gold', 'price': '2.469', 'link': 'https://www.flanco.ro/laptop-hp-15s-fq5028nq-15-6-full-hd-intel-core-i5-1235u-8gb-ram-512gb-ssd-m-2-intel-iris-xe-graphics-freedos-pale-gold.html', 'photo': 'https://www.flanco.ro/media/catalog/product/cache/3869290ebce25e2f88fbb249726321d7/1/7/172994_p1_1.jpg'}
2024-01-14 22:07:04 [scrapy] DEBUG: Scraped from <200 https://www.flanco.ro/laptop-it-tablete/laptop/filtre/brand/hp.html>
{'name': 'Laptop HP 15s-eq2019nq, 15.6", Full HD, AMD Ryzen 7 5700U, 8GB RAM, 256GB SSD, AMD Radeon Graphics, No OS, Natural Silver', 'price': '2.999', 'link': 'https://www.flanco.ro/laptop-hp-15s-eq2019nq-15-6-full-hd-amd-ryzen-7-5700u-8gb-ram-256gb-ssd-amd-radeon-graphics-no-os-natural-silver.html', 'photo': 'https://www.flanco.ro/media/catalog/product/cache/3869290ebce25e2f88fbb249726321d7/l/a/laptop_hp_6m2e6ea_fata_1.jpg'}
2024-01-14 22:07:04 [scrapy] DEBUG: Scraped from <200 https://www.flanco.ro/laptop-it-tablete/laptop/filtre/brand/hp.html>
{'name': 'Laptop HP 15s-eq3018nq, 15.6", Full HD, AMD Ryzen 5 5625U, 8GB RAM, 512GB SSD, AMD Radeon Graphics, No OS, Natural Silver', 'price': '2.299', 'link': 'https://www.flanco.ro/laptop-hp-15s-eq3018nq-15-6-full-hd-amd-ryzen-5-5625u-8gb-ram-512gb-ssd-amd-radeon-graphics-no-os-natural-silver.html', 'photo': 'https://www.flanco.ro/media/catalog/product/cache/3869290ebce25e2f88fbb249726321d7/l/a/laptop_hp_6m2e6ea_fata.jpg'}
2024-01-14 22:07:04 [scrapy] DEBUG: Scraped from <200 https://www.flanco.ro/laptop-it-tablete/laptop/filtre/brand/hp.html>
{'name': 'Laptop HP 15s-fq5040nq, 15.6", Full HD, Intel Core i3-1215U, 8GB RAM, 256GB SSD, Intel UHD Graphics, No OS, Negru', 'price': '2.599', 'link': 'https://www.flanco.ro/laptop-hp-15s-fq5040nq-15-6-full-hd-intel-core-i3-1215u-8gb-ram-256gb-ssd-intel-uhd-graphics-no-os-negru.html', 'photo': 'https://www.flanco.ro/media/catalog/product/cache/3869290ebce25e2f88fbb249726321d7/1/5/155521_laptop_hp_main12.jpg'}
2024-01-14 22:07:04 [scrapy] DEBUG: Scraped from <200 https://www.flanco.ro/laptop-it-tablete/laptop/filtre/brand/hp.html>
{'name': 'Laptop HP 15s-eq1002nq, 15.6", Full HD, AMD Athlon Gold 3150U, 4GB RAM, 256GB SSD, AMD Radeon Graphics, No OS, Gri', 'price': '1.459', 'link': 'https://www.flanco.ro/laptop-hp-15s-eq1002nq-15-6-full-hd-amd-athlon-gold-3150u-4gb-ram-256gb-ssd-amd-radeon-graphics-no-os-gri.html', 'photo': 'https://www.flanco.ro/media/catalog/product/cache/3869290ebce25e2f88fbb249726321d7/l/a/laptop_hp_1v2h1ea_fata.jpg'}
2024-01-14 22:07:04 [scrapy] INFO: Closing spider (finished)
2024-01-14 22:07:04 [scrapy] INFO: Dumping Scrapy stats:
{'downloader/request_bytes': 1933,
 'downloader/request_count': 8,
 'downloader/request_method_count/GET': 8,
 'downloader/response_bytes': 307634,
 'downloader/response_count': 8,
 'downloader/response_status_count/200': 7,
 'downloader/response_status_count/803': 1,
 'elapsed_time_seconds': 0.832223,
 'finish_reason': 'finished',
 'finish_time': datetime.datetime(2024, 1, 14, 20, 7, 4, 972605, tzinfo=datetime.timezone.utc),
 'httpcompression/response_bytes': 2906555,
 'httpcompression/response_count': 7,
 'httperror/response_ignored_count': 1,
 'httperror/response_ignored_status_count/803': 1,
 'item_scraped_count': 14,
 'log_count/DEBUG': 22,
 'log_count/INFO': 8,
 'response_received_count': 8,
 'robotstxt/request_count': 4,
 'robotstxt/response_count': 4,
 'robotstxt/response_status_count/200': 4,
 'scheduler/dequeued': 4,
 'scheduler/dequeued/memory': 4,
 'scheduler/enqueued': 4,
 'scheduler/enqueued/memory': 4,
 'start_time': datetime.datetime(2024, 1, 14, 20, 7, 4, 140382, tzinfo=datetime.timezone.utc)}
2024-01-14 22:07:04 [scrapy] INFO: Spider closed (finished)
