2023-12-12 15:06:55 [scrapy] DEBUG: Crawled (200) <GET https://www.gsmarena.com/robots.txt> (referer: None)
2023-12-12 15:07:08 [scrapy] DEBUG: Crawled (200) <GET https://www.gsmarena.com/huawei-phones-58.php> (referer: None)
2023-12-12 15:07:17 [scrapy] DEBUG: Crawled (200) <GET https://www.gsmarena.com/huawei-phones-f-58-0-p2.php> (referer: https://www.gsmarena.com/huawei-phones-58.php)
2023-12-12 15:07:32 [scrapy] DEBUG: Crawled (200) <GET https://www.gsmarena.com/huawei-phones-f-58-0-p3.php> (referer: https://www.gsmarena.com/huawei-phones-f-58-0-p2.php)
2023-12-12 15:07:44 [scrapy] DEBUG: Crawled (200) <GET https://www.gsmarena.com/huawei-phones-f-58-0-p4.php> (referer: https://www.gsmarena.com/huawei-phones-f-58-0-p3.php)
2023-12-12 15:07:59 [scrapy] DEBUG: Crawled (200) <GET https://www.gsmarena.com/huawei-phones-f-58-0-p5.php> (referer: https://www.gsmarena.com/huawei-phones-f-58-0-p4.php)
2023-12-12 15:08:12 [scrapy] DEBUG: Crawled (200) <GET https://www.gsmarena.com/huawei_p30-9530.php> (referer: https://www.gsmarena.com/huawei-phones-f-58-0-p5.php)
2023-12-12 15:08:12 [scrapy] DEBUG: Scraped from <200 https://www.gsmarena.com/huawei_p30-9530.php>
{'deviceName': 'Huawei P30', 'released': 'Available. Released 2019, March 26', 'displayType': 'OLED, HDR10', 'displaySize': '6.1 inches, 91.3 cm', 'displayResolution': '1080 x 2340 pixels, 19.5:9 ratio (~422 ppi density)', 'operatingSystem': 'Android 9.0 (Pie), upgradable to Android 10, EMUI 10', 'chipset': 'Kirin 980 (7 nm)', 'cpu': 'Octa-core (2x2.6 GHz Cortex-A76 & 2x1.92 GHz Cortex-A76 & 4x1.8 GHz Cortex-A55)', 'gpu': 'Mali-G76 MP10', 'frontCamera': '40 MP, f/1.8, 27mm (wide), 1/1.7", PDAF, Laser AF \r\n8 MP, f/2.4, 80mm (telephoto), 1/4.0", PDAF, OIS, 3x optical zoom \r\n16 MP, f/2.2, 17mm (ultrawide), PDAF, Laser AF', 'backCamera': '32 MP, f/2.0, 26mm (wide), 1/2.8", 0.8µm', 'wlan': 'Wi-Fi 802.11 a/b/g/n/ac, dual-band, Wi-Fi Direct', 'bluetooth': '5.0, A2DP, aptX HD, LE', 'sensors': 'Fingerprint (under display, optical), accelerometer, gyro, proximity, compass, color spectrum', 'battery': 'Li-Po 3650 mAh, non-removable'}
2023-12-12 15:08:12 [scrapy] INFO: Closing spider (finished)
2023-12-12 15:08:12 [scrapy] INFO: Dumping Scrapy stats:
{'downloader/request_bytes': 2089,
 'downloader/request_count': 7,
 'downloader/request_method_count/GET': 7,
 'downloader/response_bytes': 69426,
 'downloader/response_count': 7,
 'downloader/response_status_count/200': 7,
 'elapsed_time_seconds': 78.007322,
 'finish_reason': 'finished',
 'finish_time': datetime.datetime(2023, 12, 12, 13, 8, 12, 985672, tzinfo=datetime.timezone.utc),
 'httpcompression/response_bytes': 233697,
 'httpcompression/response_count': 7,
 'item_scraped_count': 1,
 'log_count/DEBUG': 8,
 'log_count/INFO': 7,
 'request_depth_max': 5,
 'response_received_count': 7,
 'robotstxt/request_count': 1,
 'robotstxt/response_count': 1,
 'robotstxt/response_status_count/200': 1,
 'scheduler/dequeued': 6,
 'scheduler/dequeued/memory': 6,
 'scheduler/enqueued': 6,
 'scheduler/enqueued/memory': 6,
 'start_time': datetime.datetime(2023, 12, 12, 13, 6, 54, 978350, tzinfo=datetime.timezone.utc)}
2023-12-12 15:08:12 [scrapy] INFO: Spider closed (finished)
