2024-01-11 17:55:13 [scrapy] DEBUG: Crawled (200) <GET https://www.gsmarena.com/robots.txt> (referer: None)
2024-01-11 17:55:26 [scrapy] DEBUG: Retrying <GET https://www.gsmarena.com/samsung-phones-9.php> (failed 1 times): 429 Unknown Status
2024-01-11 17:55:39 [scrapy] DEBUG: Retrying <GET https://www.gsmarena.com/samsung-phones-9.php> (failed 2 times): 429 Unknown Status
2024-01-11 17:55:51 [scrapy] ERROR: Gave up retrying <GET https://www.gsmarena.com/samsung-phones-9.php> (failed 3 times): 429 Unknown Status
2024-01-11 17:55:51 [scrapy] DEBUG: Crawled (429) <GET https://www.gsmarena.com/samsung-phones-9.php> (referer: None)
2024-01-11 17:55:51 [scrapy] INFO: Ignoring response <429 https://www.gsmarena.com/samsung-phones-9.php>: HTTP status code is not handled or not allowed
2024-01-11 17:55:51 [scrapy] INFO: Closing spider (finished)
2024-01-11 17:55:51 [scrapy] INFO: Dumping Scrapy stats:
{'downloader/request_bytes': 938,
 'downloader/request_count': 4,
 'downloader/request_method_count/GET': 4,
 'downloader/response_bytes': 1768,
 'downloader/response_count': 4,
 'downloader/response_status_count/200': 1,
 'downloader/response_status_count/429': 3,
 'elapsed_time_seconds': 38.690668,
 'finish_reason': 'finished',
 'finish_time': datetime.datetime(2024, 1, 11, 15, 55, 51, 512943, tzinfo=datetime.timezone.utc),
 'httpcompression/response_bytes': 1022,
 'httpcompression/response_count': 1,
 'httperror/response_ignored_count': 1,
 'httperror/response_ignored_status_count/429': 1,
 'log_count/DEBUG': 19,
 'log_count/ERROR': 5,
 'log_count/INFO': 45,
 'response_received_count': 2,
 'retry/count': 2,
 'retry/max_reached': 1,
 'retry/reason_count/429 Unknown Status': 2,
 'robotstxt/request_count': 1,
 'robotstxt/response_count': 1,
 'robotstxt/response_status_count/200': 1,
 'scheduler/dequeued': 3,
 'scheduler/dequeued/memory': 3,
 'scheduler/enqueued': 3,
 'scheduler/enqueued/memory': 3,
 'start_time': datetime.datetime(2024, 1, 11, 15, 55, 12, 822275, tzinfo=datetime.timezone.utc)}
2024-01-11 17:55:51 [scrapy] INFO: Spider closed (finished)
