2024-01-11 17:20:09 [scrapy] DEBUG: Crawled (200) <GET https://www.gsmarena.com/robots.txt> (referer: None)
2024-01-11 17:20:24 [scrapy] DEBUG: Crawled (200) <GET https://www.gsmarena.com/samsung-phones-9.php> (referer: None)
2024-01-11 17:20:33 [scrapy] DEBUG: Crawled (200) <GET https://www.gsmarena.com/samsung_galaxy_s23-12082.php> (referer: https://www.gsmarena.com/samsung-phones-9.php)
2024-01-11 17:20:34 [scrapy] DEBUG: Scraped from <200 https://www.gsmarena.com/samsung_galaxy_s23-12082.php>
{'deviceName': 'Samsung Galaxy S23', 'released': 'Available. Released 2023, February 17', 'displayType': 'Dynamic AMOLED 2X, 120Hz, HDR10+, 1200 nits (HBM), 1750 nits (peak)', 'displaySize': '6.1 inches, 90.1 cm', 'displayResolution': '1080 x 2340 pixels, 19.5:9 ratio (~425 ppi density)', 'operatingSystem': 'Android 13, upgradable to Android 14, One UI 6', 'chipset': 'Qualcomm SM8550-AC Snapdragon 8 Gen 2 (4 nm)', 'cpu': 'Octa-core (1x3.36 GHz Cortex-X3 & 2x2.8 GHz Cortex-A715 & 2x2.8 GHz Cortex-A710 & 3x2.0 GHz Cortex-A510)', 'gpu': 'Adreno 740', 'frontCamera': '50 MP, f/1.8, 24mm (wide), 1/1.56", 1.0µm, Dual Pixel PDAF, OIS \r\n10 MP, f/2.4, 70mm (telephoto), 1/3.94", 1.0µm, PDAF, OIS, 3x optical zoom \r\n12 MP, f/2.2, 13mm, 120˚ (ultrawide), 1/2.55" 1.4µm, Super Steady video', 'backCamera': '12 MP, f/2.2, 26mm (wide), Dual Pixel PDAF', 'wlan': 'Wi-Fi 802.11 a/b/g/n/ac/6e, tri-band, Wi-Fi Direct', 'bluetooth': '5.3, A2DP, LE', 'sensors': 'Fingerprint (under display, ultrasonic), accelerometer, gyro, proximity, compass, barometer', 'battery': 'Li-Ion 3900 mAh, non-removable'}
2024-01-11 17:20:34 [scrapy] INFO: Closing spider (finished)
2024-01-11 17:20:34 [scrapy] INFO: Dumping Scrapy stats:
{'downloader/request_bytes': 787,
 'downloader/request_count': 3,
 'downloader/request_method_count/GET': 3,
 'downloader/response_bytes': 32422,
 'downloader/response_count': 3,
 'downloader/response_status_count/200': 3,
 'elapsed_time_seconds': 24.864159,
 'finish_reason': 'finished',
 'finish_time': datetime.datetime(2024, 1, 11, 15, 20, 34, 67043, tzinfo=datetime.timezone.utc),
 'httpcompression/response_bytes': 116980,
 'httpcompression/response_count': 3,
 'item_scraped_count': 1,
 'log_count/DEBUG': 4,
 'log_count/INFO': 7,
 'request_depth_max': 1,
 'response_received_count': 3,
 'robotstxt/request_count': 1,
 'robotstxt/response_count': 1,
 'robotstxt/response_status_count/200': 1,
 'scheduler/dequeued': 2,
 'scheduler/dequeued/memory': 2,
 'scheduler/enqueued': 2,
 'scheduler/enqueued/memory': 2,
 'start_time': datetime.datetime(2024, 1, 11, 15, 20, 9, 202884, tzinfo=datetime.timezone.utc)}
2024-01-11 17:20:34 [scrapy] INFO: Spider closed (finished)
