2023-11-08 19:46:27 [scrapy] DEBUG: Crawled (200) <GET https://altex.ro/robots.txt> (referer: None)
2023-11-08 19:46:27 [scrapy] DEBUG: Redirecting (301) to <GET https://altex.ro/telefon-huawei-p60-pro/> from <GET https://altex.ro/telefon-huawei-p60-pro>
2023-11-08 19:46:28 [scrapy] DEBUG: Crawled (404) <GET https://altex.ro/telefon-huawei-p60-pro/> (referer: None)
2023-11-08 19:46:28 [scrapy] INFO: Ignoring response <404 https://altex.ro/telefon-huawei-p60-pro/>: HTTP status code is not handled or not allowed
2023-11-08 19:46:28 [scrapy] INFO: Closing spider (finished)
2023-11-08 19:46:28 [scrapy] INFO: Dumping Scrapy stats:
{'downloader/request_bytes': 1472,
 'downloader/request_count': 3,
 'downloader/request_method_count/GET': 3,
 'downloader/response_bytes': 80861,
 'downloader/response_count': 3,
 'downloader/response_status_count/200': 1,
 'downloader/response_status_count/301': 1,
 'downloader/response_status_count/404': 1,
 'elapsed_time_seconds': 0.984615,
 'finish_reason': 'finished',
 'finish_time': datetime.datetime(2023, 11, 8, 17, 46, 28, 424707, tzinfo=datetime.timezone.utc),
 'httpcompression/response_bytes': 522155,
 'httpcompression/response_count': 2,
 'httperror/response_ignored_count': 1,
 'httperror/response_ignored_status_count/404': 1,
 'log_count/DEBUG': 3,
 'log_count/INFO': 8,
 'response_received_count': 2,
 'robotstxt/request_count': 1,
 'robotstxt/response_count': 1,
 'robotstxt/response_status_count/200': 1,
 'scheduler/dequeued': 2,
 'scheduler/dequeued/memory': 2,
 'scheduler/enqueued': 2,
 'scheduler/enqueued/memory': 2,
 'start_time': datetime.datetime(2023, 11, 8, 17, 46, 27, 440092, tzinfo=datetime.timezone.utc)}
2023-11-08 19:46:28 [scrapy] INFO: Spider closed (finished)
