2023-11-09 11:23:51 [scrapy] DEBUG: Crawled (200) <GET https://altex.ro/robots.txt> (referer: None)
2023-11-09 11:23:52 [scrapy] DEBUG: Crawled (200) <GET https://altex.ro/telefoane/cpl/filtru/in-stoc-5182/in-stoc/brand-3334/samsung/model-8071/galaxy-s22/> (referer: None)
2023-11-09 11:23:52 [scrapy] DEBUG: Scraped from <200 https://altex.ro/telefoane/cpl/filtru/in-stoc-5182/in-stoc/brand-3334/samsung/model-8071/galaxy-s22/>
{'name': 'Telefon SAMSUNG Galaxy S22 5G, 128GB, 8GB, RAM, Dual SIM, Phantom Black', 'price': '2.399', 'link': None}
2023-11-09 11:23:52 [scrapy] DEBUG: Scraped from <200 https://altex.ro/telefoane/cpl/filtru/in-stoc-5182/in-stoc/brand-3334/samsung/model-8071/galaxy-s22/>
{'name': 'Telefon SAMSUNG Galaxy S22 5G, 256GB, 8GB, RAM, Dual SIM, Green', 'price': '2.899', 'link': None}
2023-11-09 11:23:52 [scrapy] DEBUG: Scraped from <200 https://altex.ro/telefoane/cpl/filtru/in-stoc-5182/in-stoc/brand-3334/samsung/model-8071/galaxy-s22/>
{'name': 'Telefon SAMSUNG Galaxy S22 5G, 256GB, 8GB, RAM, Dual SIM, Phantom Black', 'price': '2.849', 'link': None}
2023-11-09 11:23:52 [scrapy] INFO: Closing spider (finished)
2023-11-09 11:23:52 [scrapy] INFO: Dumping Scrapy stats:
{'downloader/request_bytes': 511,
 'downloader/request_count': 2,
 'downloader/request_method_count/GET': 2,
 'downloader/response_bytes': 99962,
 'downloader/response_count': 2,
 'downloader/response_status_count/200': 2,
 'elapsed_time_seconds': 1.45068,
 'finish_reason': 'finished',
 'finish_time': datetime.datetime(2023, 11, 9, 9, 23, 52, 637624, tzinfo=datetime.timezone.utc),
 'httpcompression/response_bytes': 750786,
 'httpcompression/response_count': 2,
 'item_scraped_count': 3,
 'log_count/DEBUG': 5,
 'log_count/INFO': 7,
 'response_received_count': 2,
 'robotstxt/request_count': 1,
 'robotstxt/response_count': 1,
 'robotstxt/response_status_count/200': 1,
 'scheduler/dequeued': 1,
 'scheduler/dequeued/memory': 1,
 'scheduler/enqueued': 1,
 'scheduler/enqueued/memory': 1,
 'start_time': datetime.datetime(2023, 11, 9, 9, 23, 51, 186944, tzinfo=datetime.timezone.utc)}
2023-11-09 11:23:52 [scrapy] INFO: Spider closed (finished)
