2023-11-09 11:20:28 [scrapy] DEBUG: Crawled (200) <GET https://altex.ro/robots.txt> (referer: None)
2023-11-09 11:20:32 [scrapy] DEBUG: Crawled (200) <GET https://altex.ro/telefoane/cpl/filtru/in-stoc-5182/in-stoc/brand-3334/huawei/model-8071/huawei-p60-pro/> (referer: None)
2023-11-09 11:20:33 [scrapy] DEBUG: Scraped from <200 https://altex.ro/telefoane/cpl/filtru/in-stoc-5182/in-stoc/brand-3334/huawei/model-8071/huawei-p60-pro/>
{'name': 'Telefon HUAWEI P60 Pro, 256GB, 8GB RAM, Dual SIM, Rococo Pearl', 'price': '5.099', 'link': '/telefon-huawei-p60-pro-256gb-8gb-ram-dual-sim-rococo-pearl/cpd/SMTP60PRORO/'}
2023-11-09 11:20:33 [scrapy] DEBUG: Scraped from <200 https://altex.ro/telefoane/cpl/filtru/in-stoc-5182/in-stoc/brand-3334/huawei/model-8071/huawei-p60-pro/>
{'name': 'Telefon HUAWEI P60 Pro, 256GB, 8GB RAM, Dual SIM, Black', 'price': '4.656', 'link': '/telefon-huawei-p60-pro-256gb-8gb-ram-dual-sim-black/cpd/SMTP60PROBK/'}
2023-11-09 11:20:33 [scrapy] INFO: Closing spider (finished)
2023-11-09 11:20:33 [scrapy] INFO: Dumping Scrapy stats:
{'downloader/request_bytes': 514,
 'downloader/request_count': 2,
 'downloader/request_method_count/GET': 2,
 'downloader/response_bytes': 93313,
 'downloader/response_count': 2,
 'downloader/response_status_count/200': 2,
 'elapsed_time_seconds': 5.02847,
 'finish_reason': 'finished',
 'finish_time': datetime.datetime(2023, 11, 9, 9, 20, 33, 69522, tzinfo=datetime.timezone.utc),
 'httpcompression/response_bytes': 642831,
 'httpcompression/response_count': 2,
 'item_scraped_count': 2,
 'log_count/DEBUG': 4,
 'log_count/INFO': 7,
 'response_received_count': 2,
 'robotstxt/request_count': 1,
 'robotstxt/response_count': 1,
 'robotstxt/response_status_count/200': 1,
 'scheduler/dequeued': 1,
 'scheduler/dequeued/memory': 1,
 'scheduler/enqueued': 1,
 'scheduler/enqueued/memory': 1,
 'start_time': datetime.datetime(2023, 11, 9, 9, 20, 28, 41052, tzinfo=datetime.timezone.utc)}
2023-11-09 11:20:33 [scrapy] INFO: Spider closed (finished)
