2023-11-09 12:52:14 [scrapy] DEBUG: Crawled (200) <GET https://altex.ro/robots.txt> (referer: None)
2023-11-09 12:52:18 [scrapy] DEBUG: Crawled (200) <GET https://altex.ro/telefoane/cpl/filtru/in-stoc-5182/in-stoc/brand-3334/apple/model-8071/iphone-15/> (referer: None)
2023-11-09 12:52:19 [scrapy] DEBUG: Scraped from <200 https://altex.ro/telefoane/cpl/filtru/in-stoc-5182/in-stoc/brand-3334/apple/model-8071/iphone-15/>
{'name': 'Telefon APPLE iPhone 15 5G, 128GB, Black', 'price': '4.634', 'link': '/telefon-apple-iphone-15-5g-128gb-black/cpd/SMTIP151BK/'}
2023-11-09 12:52:19 [scrapy] DEBUG: Scraped from <200 https://altex.ro/telefoane/cpl/filtru/in-stoc-5182/in-stoc/brand-3334/apple/model-8071/iphone-15/>
{'name': 'Telefon APPLE iPhone 15 5G, 128GB, Blue', 'price': '4.634', 'link': '/telefon-apple-iphone-15-5g-128gb-blue/cpd/SMTIP151BL/'}
2023-11-09 12:52:19 [scrapy] DEBUG: Scraped from <200 https://altex.ro/telefoane/cpl/filtru/in-stoc-5182/in-stoc/brand-3334/apple/model-8071/iphone-15/>
{'name': 'Telefon APPLE iPhone 15 5G, 128GB, Pink', 'price': '4.689', 'link': '/telefon-apple-iphone-15-5g-128gb-pink/cpd/SMTIP151PK/'}
2023-11-09 12:52:19 [scrapy] DEBUG: Scraped from <200 https://altex.ro/telefoane/cpl/filtru/in-stoc-5182/in-stoc/brand-3334/apple/model-8071/iphone-15/>
{'name': 'Telefon APPLE iPhone 15 5G, 256GB, Black', 'price': '5.349', 'link': '/telefon-apple-iphone-15-5g-256gb-black/cpd/SMTIP152BK/'}
2023-11-09 12:52:19 [scrapy] DEBUG: Scraped from <200 https://altex.ro/telefoane/cpl/filtru/in-stoc-5182/in-stoc/brand-3334/apple/model-8071/iphone-15/>
{'name': 'Telefon APPLE iPhone 15 5G, 256GB, Pink', 'price': '5.349', 'link': '/telefon-apple-iphone-15-5g-256gb-pink/cpd/SMTIP152PK/'}
2023-11-09 12:52:19 [scrapy] DEBUG: Scraped from <200 https://altex.ro/telefoane/cpl/filtru/in-stoc-5182/in-stoc/brand-3334/apple/model-8071/iphone-15/>
{'name': 'Telefon APPLE iPhone 15 5G, 256GB, Blue', 'price': '5.349', 'link': '/telefon-apple-iphone-15-5g-256gb-blue/cpd/SMTIP152BL/'}
2023-11-09 12:52:19 [scrapy] DEBUG: Scraped from <200 https://altex.ro/telefoane/cpl/filtru/in-stoc-5182/in-stoc/brand-3334/apple/model-8071/iphone-15/>
{'name': 'Telefon APPLE iPhone 15 5G, 128GB, Green', 'price': '4.699', 'link': '/telefon-apple-iphone-15-5g-128gb-green/cpd/SMTIP151GR/'}
2023-11-09 12:52:19 [scrapy] DEBUG: Scraped from <200 https://altex.ro/telefoane/cpl/filtru/in-stoc-5182/in-stoc/brand-3334/apple/model-8071/iphone-15/>
{'name': 'Telefon APPLE iPhone 15 5G, 256GB, Green', 'price': '5.349', 'link': '/telefon-apple-iphone-15-5g-256gb-green/cpd/SMTIP152GR/'}
2023-11-09 12:52:19 [scrapy] DEBUG: Scraped from <200 https://altex.ro/telefoane/cpl/filtru/in-stoc-5182/in-stoc/brand-3334/apple/model-8071/iphone-15/>
{'name': 'Telefon APPLE iPhone 15 5G, 256GB, Yellow', 'price': '5.349', 'link': '/telefon-apple-iphone-15-5g-256gb-yellow/cpd/SMTIP152YL/'}
2023-11-09 12:52:19 [scrapy] DEBUG: Scraped from <200 https://altex.ro/telefoane/cpl/filtru/in-stoc-5182/in-stoc/brand-3334/apple/model-8071/iphone-15/>
{'name': 'Telefon APPLE iPhone 15 5G, 128GB, Yellow', 'price': '4.689', 'link': '/telefon-apple-iphone-15-5g-128gb-yellow/cpd/SMTIP151YL/'}
2023-11-09 12:52:19 [scrapy] INFO: Closing spider (finished)
2023-11-09 12:52:19 [scrapy] INFO: Dumping Scrapy stats:
{'downloader/request_bytes': 508,
 'downloader/request_count': 2,
 'downloader/request_method_count/GET': 2,
 'downloader/response_bytes': 102247,
 'downloader/response_count': 2,
 'downloader/response_status_count/200': 2,
 'elapsed_time_seconds': 4.445603,
 'finish_reason': 'finished',
 'finish_time': datetime.datetime(2023, 11, 9, 10, 52, 19, 64172, tzinfo=datetime.timezone.utc),
 'httpcompression/response_bytes': 820691,
 'httpcompression/response_count': 2,
 'item_scraped_count': 10,
 'log_count/DEBUG': 12,
 'log_count/INFO': 7,
 'response_received_count': 2,
 'robotstxt/request_count': 1,
 'robotstxt/response_count': 1,
 'robotstxt/response_status_count/200': 1,
 'scheduler/dequeued': 1,
 'scheduler/dequeued/memory': 1,
 'scheduler/enqueued': 1,
 'scheduler/enqueued/memory': 1,
 'start_time': datetime.datetime(2023, 11, 9, 10, 52, 14, 618569, tzinfo=datetime.timezone.utc)}
2023-11-09 12:52:19 [scrapy] INFO: Spider closed (finished)
