2023-11-09 11:24:31 [scrapy] DEBUG: Crawled (200) <GET https://altex.ro/robots.txt> (referer: None)
2023-11-09 11:24:35 [scrapy] DEBUG: Crawled (200) <GET https://altex.ro/telefoane/cpl/filtru/in-stoc-5182/in-stoc/brand-3334/apple/model-8071/iphone-14/> (referer: None)
2023-11-09 11:24:35 [scrapy] DEBUG: Scraped from <200 https://altex.ro/telefoane/cpl/filtru/in-stoc-5182/in-stoc/brand-3334/apple/model-8071/iphone-14/>
{'name': 'Telefon APPLE iPhone 14 5G, 128GB, Midnight', 'price': '3.949', 'link': '/telefon-apple-iphone-14-5g-128gb-midnight/cpd/SMTIP141MN/'}
2023-11-09 11:24:35 [scrapy] DEBUG: Scraped from <200 https://altex.ro/telefoane/cpl/filtru/in-stoc-5182/in-stoc/brand-3334/apple/model-8071/iphone-14/>
{'name': 'Telefon APPLE iPhone 14 5G, 128GB, Purple', 'price': '3.949', 'link': '/telefon-apple-iphone-14-5g-128gb-purple/cpd/SMTIP141PP/'}
2023-11-09 11:24:35 [scrapy] DEBUG: Scraped from <200 https://altex.ro/telefoane/cpl/filtru/in-stoc-5182/in-stoc/brand-3334/apple/model-8071/iphone-14/>
{'name': 'Telefon APPLE iPhone 14 5G, 256GB, Midnight', 'price': '4.599', 'link': '/telefon-apple-iphone-14-5g-256gb-midnight/cpd/SMTIP142MN/'}
2023-11-09 11:24:35 [scrapy] DEBUG: Scraped from <200 https://altex.ro/telefoane/cpl/filtru/in-stoc-5182/in-stoc/brand-3334/apple/model-8071/iphone-14/>
{'name': 'Telefon APPLE iPhone 14 5G, 256GB, Blue', 'price': '4.579', 'link': '/telefon-apple-iphone-14-5g-256gb-blue/cpd/SMTIP142BL/'}
2023-11-09 11:24:35 [scrapy] DEBUG: Scraped from <200 https://altex.ro/telefoane/cpl/filtru/in-stoc-5182/in-stoc/brand-3334/apple/model-8071/iphone-14/>
{'name': 'Telefon APPLE iPhone 14 5G, 256GB, (PRODUCT) Red', 'price': '4.578', 'link': '/telefon-apple-iphone-14-5g-256gb-product-red/cpd/SMTIP142RD/'}
2023-11-09 11:24:35 [scrapy] DEBUG: Scraped from <200 https://altex.ro/telefoane/cpl/filtru/in-stoc-5182/in-stoc/brand-3334/apple/model-8071/iphone-14/>
{'name': 'Telefon APPLE iPhone 14 5G, 512GB, Midnight', 'price': '6.779', 'link': None}
2023-11-09 11:24:35 [scrapy] DEBUG: Scraped from <200 https://altex.ro/telefoane/cpl/filtru/in-stoc-5182/in-stoc/brand-3334/apple/model-8071/iphone-14/>
{'name': 'Telefon APPLE iPhone 14 5G, 512GB, Blue', 'price': '6.250', 'link': None}
2023-11-09 11:24:35 [scrapy] DEBUG: Scraped from <200 https://altex.ro/telefoane/cpl/filtru/in-stoc-5182/in-stoc/brand-3334/apple/model-8071/iphone-14/>
{'name': 'Telefon APPLE iPhone 14 5G, 512GB, Purple', 'price': '5.999', 'link': '/telefon-apple-iphone-14-5g-512gb-purple/cpd/SMTIP145PP/'}
2023-11-09 11:24:35 [scrapy] DEBUG: Scraped from <200 https://altex.ro/telefoane/cpl/filtru/in-stoc-5182/in-stoc/brand-3334/apple/model-8071/iphone-14/>
{'name': 'Telefon APPLE iPhone 14 5G, 512GB (PRODUCT) Red', 'price': '5.388', 'link': '/telefon-apple-iphone-14-5g-512gb-product-red/cpd/SMTIP145RD/'}
2023-11-09 11:24:35 [scrapy] DEBUG: Scraped from <200 https://altex.ro/telefoane/cpl/filtru/in-stoc-5182/in-stoc/brand-3334/apple/model-8071/iphone-14/>
{'name': 'Telefon APPLE iPhone 14 5G, 256GB, Yellow', 'price': '4.864', 'link': '/telefon-apple-iphone-14-5g-256gb-yellow/cpd/SMTIP142YL/'}
2023-11-09 11:24:35 [scrapy] DEBUG: Scraped from <200 https://altex.ro/telefoane/cpl/filtru/in-stoc-5182/in-stoc/brand-3334/apple/model-8071/iphone-14/>
{'name': 'Telefon APPLE iPhone 14 5G, 256GB, Purple', 'price': '4.699', 'link': '/telefon-apple-iphone-14-5g-256gb-purple/cpd/SMTIP142PP/'}
2023-11-09 11:24:35 [scrapy] DEBUG: Scraped from <200 https://altex.ro/telefoane/cpl/filtru/in-stoc-5182/in-stoc/brand-3334/apple/model-8071/iphone-14/>
{'name': 'Telefon APPLE iPhone 14 5G, 256GB, Starlight', 'price': '4.599', 'link': '/telefon-apple-iphone-14-5g-256gb-starlight/cpd/SMTIP142ST/'}
2023-11-09 11:24:35 [scrapy] DEBUG: Scraped from <200 https://altex.ro/telefoane/cpl/filtru/in-stoc-5182/in-stoc/brand-3334/apple/model-8071/iphone-14/>
{'name': 'Telefon APPLE iPhone 14 5G, 128GB (PRODUCT) Red', 'price': '4.099', 'link': '/telefon-apple-iphone-14-5g-128gb-product-red/cpd/SMTIP141RD/'}
2023-11-09 11:24:35 [scrapy] DEBUG: Scraped from <200 https://altex.ro/telefoane/cpl/filtru/in-stoc-5182/in-stoc/brand-3334/apple/model-8071/iphone-14/>
{'name': 'Telefon APPLE iPhone 14 5G, 128GB, Yellow', 'price': '3.999', 'link': '/telefon-apple-iphone-14-5g-128gb-yellow/cpd/SMTIP141YL/'}
2023-11-09 11:24:35 [scrapy] DEBUG: Scraped from <200 https://altex.ro/telefoane/cpl/filtru/in-stoc-5182/in-stoc/brand-3334/apple/model-8071/iphone-14/>
{'name': 'Telefon APPLE iPhone 14 5G, 128GB, Blue', 'price': '3.849', 'link': '/telefon-apple-iphone-14-5g-128gb-blue/cpd/SMTIP141BL/'}
2023-11-09 11:24:35 [scrapy] DEBUG: Scraped from <200 https://altex.ro/telefoane/cpl/filtru/in-stoc-5182/in-stoc/brand-3334/apple/model-8071/iphone-14/>
{'name': 'Telefon APPLE iPhone 14 5G, 128GB, Starlight', 'price': '3.849', 'link': '/telefon-apple-iphone-14-5g-128gb-starlight/cpd/SMTIP141ST/'}
2023-11-09 11:24:35 [scrapy] INFO: Closing spider (finished)
2023-11-09 11:24:35 [scrapy] INFO: Dumping Scrapy stats:
{'downloader/request_bytes': 508,
 'downloader/request_count': 2,
 'downloader/request_method_count/GET': 2,
 'downloader/response_bytes': 104956,
 'downloader/response_count': 2,
 'downloader/response_status_count/200': 2,
 'elapsed_time_seconds': 4.849221,
 'finish_reason': 'finished',
 'finish_time': datetime.datetime(2023, 11, 9, 9, 24, 35, 553409, tzinfo=datetime.timezone.utc),
 'httpcompression/response_bytes': 879496,
 'httpcompression/response_count': 2,
 'item_scraped_count': 16,
 'log_count/DEBUG': 18,
 'log_count/INFO': 7,
 'response_received_count': 2,
 'robotstxt/request_count': 1,
 'robotstxt/response_count': 1,
 'robotstxt/response_status_count/200': 1,
 'scheduler/dequeued': 1,
 'scheduler/dequeued/memory': 1,
 'scheduler/enqueued': 1,
 'scheduler/enqueued/memory': 1,
 'start_time': datetime.datetime(2023, 11, 9, 9, 24, 30, 704188, tzinfo=datetime.timezone.utc)}
2023-11-09 11:24:35 [scrapy] INFO: Spider closed (finished)
