2023-11-08 19:42:30 [scrapy] DEBUG: Crawled (200) <GET https://altex.ro/robots.txt> (referer: None)
2023-11-08 19:42:32 [scrapy] DEBUG: Crawled (200) <GET https://altex.ro/telefoane/cpl/filtru/in-stoc-5182/in-stoc/brand-3334/huawei/> (referer: None)
2023-11-08 19:42:32 [scrapy] DEBUG: Scraped from <200 https://altex.ro/telefoane/cpl/filtru/in-stoc-5182/in-stoc/brand-3334/huawei/>
{'name': 'Telefon HUAWEI nova 11i, 128GB, 8GB RAM, Dual SIM, Starry Black', 'price': '1.174', 'link': '/telefon-huawei-nova-11i-128gb-8gb-ram-dual-sim-starry-black/cpd/SMTNOVA11IBK/'}
2023-11-08 19:42:32 [scrapy] DEBUG: Scraped from <200 https://altex.ro/telefoane/cpl/filtru/in-stoc-5182/in-stoc/brand-3334/huawei/>
{'name': 'Telefon HUAWEI P60 Pro, 256GB, 8GB RAM, Dual SIM, Rococo Pearl', 'price': '5.099', 'link': '/telefon-huawei-p60-pro-256gb-8gb-ram-dual-sim-rococo-pearl/cpd/SMTP60PRORO/'}
2023-11-08 19:42:32 [scrapy] DEBUG: Scraped from <200 https://altex.ro/telefoane/cpl/filtru/in-stoc-5182/in-stoc/brand-3334/huawei/>
{'name': 'Telefon HUAWEI P60 Pro, 256GB, 8GB RAM, Dual SIM, Black', 'price': '4.656', 'link': '/telefon-huawei-p60-pro-256gb-8gb-ram-dual-sim-black/cpd/SMTP60PROBK/'}
2023-11-08 19:42:32 [scrapy] DEBUG: Scraped from <200 https://altex.ro/telefoane/cpl/filtru/in-stoc-5182/in-stoc/brand-3334/huawei/>
{'name': 'Telefon HUAWEI nova 11, 256GB, 8GB RAM, Dual SIM, Green', 'price': '2.099', 'link': '/telefon-huawei-nova-11-256gb-8gb-ram-dual-sim-green/cpd/SMTNOVA11GR/'}
2023-11-08 19:42:32 [scrapy] DEBUG: Scraped from <200 https://altex.ro/telefoane/cpl/filtru/in-stoc-5182/in-stoc/brand-3334/huawei/>
{'name': 'Telefon HUAWEI nova 10 SE, 128GB, 8GB RAM, Dual SIM, Starry Black', 'price': '1.399', 'link': '/telefon-huawei-nova-10-se-128gb-8gb-ram-dual-sim-starry-black/cpd/SMTNOVA10SEBK/'}
2023-11-08 19:42:32 [scrapy] DEBUG: Scraped from <200 https://altex.ro/telefoane/cpl/filtru/in-stoc-5182/in-stoc/brand-3334/huawei/>
{'name': 'Telefon HUAWEI nova 11 Pro, 256GB, 8GB RAM, Dual SIM, Black', 'price': '2.599', 'link': '/telefon-huawei-nova-11-pro-256gb-8gb-ram-dual-sim-black/cpd/SMTNOVA11PBK/'}
2023-11-08 19:42:32 [scrapy] DEBUG: Scraped from <200 https://altex.ro/telefoane/cpl/filtru/in-stoc-5182/in-stoc/brand-3334/huawei/>
{'name': 'Telefon HUAWEI nova 10 SE, 128GB, 8GB RAM, Dual SIM, Mint Green', 'price': '1.249', 'link': '/telefon-huawei-nova-10-se-128gb-8gb-ram-dual-sim-mint-green/cpd/SMTNOVA10SEGR/'}
2023-11-08 19:42:32 [scrapy] DEBUG: Scraped from <200 https://altex.ro/telefoane/cpl/filtru/in-stoc-5182/in-stoc/brand-3334/huawei/>
{'name': 'Telefon HUAWEI nova 11i, 128GB, 8GB RAM, Dual SIM, Mint Green', 'price': '1.199', 'link': '/telefon-huawei-nova-11i-128gb-8gb-ram-dual-sim-mint-green/cpd/SMTNOVA11IGR/'}
2023-11-08 19:42:32 [scrapy] DEBUG: Scraped from <200 https://altex.ro/telefoane/cpl/filtru/in-stoc-5182/in-stoc/brand-3334/huawei/>
{'name': 'Telefon HUAWEI nova 11 Pro, 256GB, 8GB RAM, Dual SIM, Green', 'price': '2.599', 'link': '/telefon-huawei-nova-11-pro-256gb-8gb-ram-dual-sim-green/cpd/SMTNOVA11PGR/'}
2023-11-08 19:42:32 [scrapy] DEBUG: Scraped from <200 https://altex.ro/telefoane/cpl/filtru/in-stoc-5182/in-stoc/brand-3334/huawei/>
{'name': 'Telefon HUAWEI nova 11, 256GB, 8GB RAM, Dual SIM, Black', 'price': '2.099', 'link': '/telefon-huawei-nova-11-256gb-8gb-ram-dual-sim-black/cpd/SMTNOVA11BK/'}
2023-11-08 19:42:32 [scrapy] DEBUG: Scraped from <200 https://altex.ro/telefoane/cpl/filtru/in-stoc-5182/in-stoc/brand-3334/huawei/>
{'name': 'Telefon HUAWEI nova 10 SE, 128GB, 8GB RAM, Dual SIM, Starry Silver', 'price': '1.399', 'link': '/telefon-huawei-nova-10-se-128gb-8gb-ram-dual-sim-starry-silver/cpd/SMTNOVA10SESV/'}
2023-11-08 19:42:32 [scrapy] INFO: Closing spider (finished)
2023-11-08 19:42:32 [scrapy] INFO: Dumping Scrapy stats:
{'downloader/request_bytes': 488,
 'downloader/request_count': 2,
 'downloader/request_method_count/GET': 2,
 'downloader/response_bytes': 100393,
 'downloader/response_count': 2,
 'downloader/response_status_count/200': 2,
 'elapsed_time_seconds': 1.740726,
 'finish_reason': 'finished',
 'finish_time': datetime.datetime(2023, 11, 8, 17, 42, 32, 463187, tzinfo=datetime.timezone.utc),
 'httpcompression/response_bytes': 776320,
 'httpcompression/response_count': 2,
 'item_scraped_count': 11,
 'log_count/DEBUG': 13,
 'log_count/INFO': 7,
 'response_received_count': 2,
 'robotstxt/request_count': 1,
 'robotstxt/response_count': 1,
 'robotstxt/response_status_count/200': 1,
 'scheduler/dequeued': 1,
 'scheduler/dequeued/memory': 1,
 'scheduler/enqueued': 1,
 'scheduler/enqueued/memory': 1,
 'start_time': datetime.datetime(2023, 11, 8, 17, 42, 30, 722461, tzinfo=datetime.timezone.utc)}
2023-11-08 19:42:32 [scrapy] INFO: Spider closed (finished)
