2023-11-09 20:10:00 [scrapy] DEBUG: Crawled (200) <GET https://www.flanco.ro/robots.txt> (referer: None)
2023-11-09 20:10:00 [scrapy] DEBUG: Crawled (200) <GET https://altex.ro/robots.txt> (referer: None)
2023-11-09 20:10:00 [scrapy] DEBUG: Crawled (200) <GET https://www.flanco.ro/telefoane-tablete/smartphone/filtre/brand/samsung.html> (referer: None)
2023-11-09 20:10:00 [scrapy] DEBUG: Crawled (200) <GET https://altex.ro/telefoane/cpl/filtru/in-stoc-5182/in-stoc/brand-3334/samsung/model-8071/galaxy-s23/> (referer: None)
2023-11-09 20:10:00 [scrapy] DEBUG: Scraped from <200 https://www.flanco.ro/telefoane-tablete/smartphone/filtre/brand/samsung.html>
{'name': 'Telefon mobil Samsung Galaxy A04s DS LTE, 32GB, 3GB, Dual SIM, Verde', 'price': '649,', 'link': 'https://www.flanco.ro/telefon-mobil-samsung-galaxy-a04s-ds-lte-32gb-3gb-dual-sim-verde.html'}
2023-11-09 20:10:00 [scrapy] ERROR: Spider error processing <GET https://www.flanco.ro/telefoane-tablete/smartphone/filtre/brand/samsung.html> (referer: None)
Traceback (most recent call last):
  File "C:\Users\szekr\AppData\Local\Programs\Python\Python310\lib\site-packages\scrapy\utils\defer.py", line 279, in iter_errback
    yield next(it)
  File "C:\Users\szekr\AppData\Local\Programs\Python\Python310\lib\site-packages\scrapy\utils\python.py", line 350, in __next__
    return next(self.data)
  File "C:\Users\szekr\AppData\Local\Programs\Python\Python310\lib\site-packages\scrapy\utils\python.py", line 350, in __next__
    return next(self.data)
  File "C:\Users\szekr\AppData\Local\Programs\Python\Python310\lib\site-packages\scrapy\core\spidermw.py", line 106, in process_sync
    for r in iterable:
  File "C:\Users\szekr\AppData\Local\Programs\Python\Python310\lib\site-packages\scrapy\spidermiddlewares\offsite.py", line 28, in <genexpr>
    return (r for r in result or () if self._filter(r, spider))
  File "C:\Users\szekr\AppData\Local\Programs\Python\Python310\lib\site-packages\scrapy\core\spidermw.py", line 106, in process_sync
    for r in iterable:
  File "C:\Users\szekr\AppData\Local\Programs\Python\Python310\lib\site-packages\scrapy\spidermiddlewares\referer.py", line 352, in <genexpr>
    return (self._set_referer(r, response) for r in result or ())
  File "C:\Users\szekr\AppData\Local\Programs\Python\Python310\lib\site-packages\scrapy\core\spidermw.py", line 106, in process_sync
    for r in iterable:
  File "C:\Users\szekr\AppData\Local\Programs\Python\Python310\lib\site-packages\scrapy\spidermiddlewares\urllength.py", line 27, in <genexpr>
    return (r for r in result or () if self._filter(r, spider))
  File "C:\Users\szekr\AppData\Local\Programs\Python\Python310\lib\site-packages\scrapy\core\spidermw.py", line 106, in process_sync
    for r in iterable:
  File "C:\Users\szekr\AppData\Local\Programs\Python\Python310\lib\site-packages\scrapy\spidermiddlewares\depth.py", line 31, in <genexpr>
    return (r for r in result or () if self._filter(r, response, spider))
  File "C:\Users\szekr\AppData\Local\Programs\Python\Python310\lib\site-packages\scrapy\core\spidermw.py", line 106, in process_sync
    for r in iterable:
  File "D:\Facultate\Anul 3\Semestrul 1\TW\BestPrice\backend\scraper\scraper\spiders\altexspider.py", line 56, in parse_flanco
    next_page = response.css("a.action..next::attr(href)").get()
  File "C:\Users\szekr\AppData\Local\Programs\Python\Python310\lib\site-packages\scrapy\http\response\text.py", line 160, in css
    return self.selector.css(query)
  File "C:\Users\szekr\AppData\Local\Programs\Python\Python310\lib\site-packages\parsel\selector.py", line 683, in css
    return self.xpath(self._css2xpath(query))
  File "C:\Users\szekr\AppData\Local\Programs\Python\Python310\lib\site-packages\parsel\selector.py", line 687, in _css2xpath
    return _ctgroup[type]["_csstranslator"].css_to_xpath(query)
  File "C:\Users\szekr\AppData\Local\Programs\Python\Python310\lib\site-packages\parsel\csstranslator.py", line 152, in css_to_xpath
    return super().css_to_xpath(css, prefix)
  File "C:\Users\szekr\AppData\Local\Programs\Python\Python310\lib\site-packages\cssselect\xpath.py", line 224, in css_to_xpath
    for selector in parse(css)
  File "C:\Users\szekr\AppData\Local\Programs\Python\Python310\lib\site-packages\cssselect\parser.py", line 543, in parse
    return list(parse_selector_group(stream))
  File "C:\Users\szekr\AppData\Local\Programs\Python\Python310\lib\site-packages\cssselect\parser.py", line 558, in parse_selector_group
    yield Selector(*parse_selector(stream))
  File "C:\Users\szekr\AppData\Local\Programs\Python\Python310\lib\site-packages\cssselect\parser.py", line 567, in parse_selector
    result, pseudo_element = parse_simple_selector(stream)
  File "C:\Users\szekr\AppData\Local\Programs\Python\Python310\lib\site-packages\cssselect\parser.py", line 628, in parse_simple_selector
    result = Class(result, stream.next_ident())
  File "C:\Users\szekr\AppData\Local\Programs\Python\Python310\lib\site-packages\cssselect\parser.py", line 1047, in next_ident
    raise SelectorSyntaxError("Expected ident, got %s" % (next,))
cssselect.parser.SelectorSyntaxError: Expected ident, got <DELIM '.' at 9>
2023-11-09 20:10:01 [scrapy] DEBUG: Scraped from <200 https://altex.ro/telefoane/cpl/filtru/in-stoc-5182/in-stoc/brand-3334/samsung/model-8071/galaxy-s23/>
{'name': 'Telefon SAMSUNG Galaxy S23 5G, 256GB, 8GB RAM, Dual SIM, Phantom Black', 'price': '3.399', 'link': '/telefon-samsung-galaxy-s23-5g-256gb-8gb-ram-dual-sim-phantom-black/cpd/SMTS232BK/'}
2023-11-09 20:10:01 [scrapy] INFO: Closing spider (finished)
2023-11-09 20:10:01 [scrapy] INFO: Dumping Scrapy stats:
{'downloader/request_bytes': 1003,
 'downloader/request_count': 4,
 'downloader/request_method_count/GET': 4,
 'downloader/response_bytes': 174210,
 'downloader/response_count': 4,
 'downloader/response_status_count/200': 4,
 'elapsed_time_seconds': 0.430181,
 'finish_reason': 'finished',
 'finish_time': datetime.datetime(2023, 11, 9, 18, 10, 1, 33483, tzinfo=datetime.timezone.utc),
 'httpcompression/response_bytes': 1667359,
 'httpcompression/response_count': 4,
 'item_scraped_count': 2,
 'log_count/DEBUG': 6,
 'log_count/ERROR': 1,
 'log_count/INFO': 7,
 'response_received_count': 4,
 'robotstxt/request_count': 2,
 'robotstxt/response_count': 2,
 'robotstxt/response_status_count/200': 2,
 'scheduler/dequeued': 2,
 'scheduler/dequeued/memory': 2,
 'scheduler/enqueued': 2,
 'scheduler/enqueued/memory': 2,
 'spider_exceptions/SelectorSyntaxError': 1,
 'start_time': datetime.datetime(2023, 11, 9, 18, 10, 0, 603302, tzinfo=datetime.timezone.utc)}
2023-11-09 20:10:01 [scrapy] INFO: Spider closed (finished)
